Collecting package metadata (current_repodata.json): ...working... done
Solving environment: ...working... done


==> WARNING: A newer version of conda exists. <==
  current version: 4.10.3
  latest version: 23.1.0

Please update conda by running

    $ conda update -n base -c defaults conda



## Package Plan ##

  environment location: /usr/users/rattrapagemehdibenghali/benghali_meh/.conda/envs/clean_PGx_env

  added / updated specs:
    - python=3.8


The following packages will be downloaded:

    package                    |            build
    ---------------------------|-----------------
    wheel-0.38.4               |   py38h06a4308_0          63 KB
    ------------------------------------------------------------
                                           Total:          63 KB

The following NEW packages will be INSTALLED:

  _libgcc_mutex      pkgs/main/linux-64::_libgcc_mutex-0.1-main
  _openmp_mutex      pkgs/main/linux-64::_openmp_mutex-5.1-1_gnu
  ca-certificates    pkgs/main/linux-64::ca-certificates-2023.01.10-h06a4308_0
  certifi            pkgs/main/linux-64::certifi-2022.12.7-py38h06a4308_0
  ld_impl_linux-64   pkgs/main/linux-64::ld_impl_linux-64-2.38-h1181459_1
  libffi             pkgs/main/linux-64::libffi-3.4.2-h6a678d5_6
  libgcc-ng          pkgs/main/linux-64::libgcc-ng-11.2.0-h1234567_1
  libgomp            pkgs/main/linux-64::libgomp-11.2.0-h1234567_1
  libstdcxx-ng       pkgs/main/linux-64::libstdcxx-ng-11.2.0-h1234567_1
  ncurses            pkgs/main/linux-64::ncurses-6.4-h6a678d5_0
  openssl            pkgs/main/linux-64::openssl-1.1.1t-h7f8727e_0
  pip                pkgs/main/linux-64::pip-22.3.1-py38h06a4308_0
  python             pkgs/main/linux-64::python-3.8.16-h7a1cb2a_2
  readline           pkgs/main/linux-64::readline-8.2-h5eee18b_0
  setuptools         pkgs/main/linux-64::setuptools-65.6.3-py38h06a4308_0
  sqlite             pkgs/main/linux-64::sqlite-3.40.1-h5082296_0
  tk                 pkgs/main/linux-64::tk-8.6.12-h1ccaba5_0
  wheel              pkgs/main/linux-64::wheel-0.38.4-py38h06a4308_0
  xz                 pkgs/main/linux-64::xz-5.2.10-h5eee18b_1
  zlib               pkgs/main/linux-64::zlib-1.2.13-h5eee18b_0


Proceed ([y]/n)? 

Downloading and Extracting Packages
wheel-0.38.4         | 63 KB     |            |   0% wheel-0.38.4         | 63 KB     | #######5   |  76% wheel-0.38.4         | 63 KB     | ########## | 100% 
Preparing transaction: ...working... done
Verifying transaction: ...working... done
Executing transaction: ...working... done
#
# To activate this environment, use
#
#     $ conda activate clean_PGx_env
#
# To deactivate an active environment, use
#
#     $ conda deactivate

Collecting package metadata (current_repodata.json): ...working... done
Solving environment: ...working... done


==> WARNING: A newer version of conda exists. <==
  current version: 4.10.3
  latest version: 23.1.0

Please update conda by running

    $ conda update -n base -c defaults conda



## Package Plan ##

  environment location: /usr/users/rattrapagemehdibenghali/benghali_meh/.conda/envs/clean_PGx_env_latest_transformers

  added / updated specs:
    - python=3.8


The following NEW packages will be INSTALLED:

  _libgcc_mutex      pkgs/main/linux-64::_libgcc_mutex-0.1-main
  _openmp_mutex      pkgs/main/linux-64::_openmp_mutex-5.1-1_gnu
  ca-certificates    pkgs/main/linux-64::ca-certificates-2023.01.10-h06a4308_0
  certifi            pkgs/main/linux-64::certifi-2022.12.7-py38h06a4308_0
  ld_impl_linux-64   pkgs/main/linux-64::ld_impl_linux-64-2.38-h1181459_1
  libffi             pkgs/main/linux-64::libffi-3.4.2-h6a678d5_6
  libgcc-ng          pkgs/main/linux-64::libgcc-ng-11.2.0-h1234567_1
  libgomp            pkgs/main/linux-64::libgomp-11.2.0-h1234567_1
  libstdcxx-ng       pkgs/main/linux-64::libstdcxx-ng-11.2.0-h1234567_1
  ncurses            pkgs/main/linux-64::ncurses-6.4-h6a678d5_0
  openssl            pkgs/main/linux-64::openssl-1.1.1t-h7f8727e_0
  pip                pkgs/main/linux-64::pip-22.3.1-py38h06a4308_0
  python             pkgs/main/linux-64::python-3.8.16-h7a1cb2a_2
  readline           pkgs/main/linux-64::readline-8.2-h5eee18b_0
  setuptools         pkgs/main/linux-64::setuptools-65.6.3-py38h06a4308_0
  sqlite             pkgs/main/linux-64::sqlite-3.40.1-h5082296_0
  tk                 pkgs/main/linux-64::tk-8.6.12-h1ccaba5_0
  wheel              pkgs/main/linux-64::wheel-0.38.4-py38h06a4308_0
  xz                 pkgs/main/linux-64::xz-5.2.10-h5eee18b_1
  zlib               pkgs/main/linux-64::zlib-1.2.13-h5eee18b_0


Proceed ([y]/n)? 
Preparing transaction: ...working... done
Verifying transaction: ...working... done
Executing transaction: ...working... done
#
# To activate this environment, use
#
#     $ conda activate clean_PGx_env_latest_transformers
#
# To deactivate an active environment, use
#
#     $ conda deactivate

Collecting albumentations==1.1.0
  Using cached albumentations-1.1.0-py3-none-any.whl (102 kB)
Collecting deepcs==0.1.7
  Using cached deepcs-0.1.7-py3-none-any.whl
Collecting imageio==2.13.5
  Using cached imageio-2.13.5-py3-none-any.whl (3.3 MB)
Collecting matplotlib==3.3.1
  Using cached matplotlib-3.3.1-cp38-cp38-manylinux1_x86_64.whl (11.6 MB)
Collecting numpy>=1.19.2
  Using cached numpy-1.24.2-cp38-cp38-manylinux_2_17_x86_64.manylinux2014_x86_64.whl (17.3 MB)
Collecting opencv-python-headless==4.5.5.62
  Using cached opencv_python_headless-4.5.5.62-cp36-abi3-manylinux_2_17_x86_64.manylinux2014_x86_64.whl (47.7 MB)
Collecting pandas==1.1.5
  Using cached pandas-1.1.5-cp38-cp38-manylinux1_x86_64.whl (9.3 MB)
Collecting Pillow==8.4.0
  Using cached Pillow-8.4.0-cp38-cp38-manylinux_2_17_x86_64.manylinux2014_x86_64.whl (3.1 MB)
Collecting pytest==3.3.2
  Using cached pytest-3.3.2-py2.py3-none-any.whl (185 kB)
Collecting receptivefield==0.5.0
  Using cached receptivefield-0.5.0-py3-none-any.whl (363 kB)
Collecting scipy==1.8.0
  Using cached scipy-1.8.0-cp38-cp38-manylinux_2_17_x86_64.manylinux2014_x86_64.whl (41.6 MB)
Collecting tensorboard==2.6.0
  Using cached tensorboard-2.6.0-py3-none-any.whl (5.6 MB)
Collecting timm==0.4.12
  Using cached timm-0.4.12-py3-none-any.whl (376 kB)
Collecting tqdm==4.30.0
  Using cached tqdm-4.30.0-py2.py3-none-any.whl (47 kB)
Collecting protobuf==3.20.1
  Using cached protobuf-3.20.1-cp38-cp38-manylinux_2_5_x86_64.manylinux1_x86_64.whl (1.0 MB)
Collecting PyYAML
  Using cached PyYAML-6.0-cp38-cp38-manylinux_2_5_x86_64.manylinux1_x86_64.manylinux_2_12_x86_64.manylinux2010_x86_64.whl (701 kB)
Collecting qudida>=0.0.4
  Using cached qudida-0.0.4-py3-none-any.whl (3.5 kB)
Collecting scikit-image>=0.16.1
  Using cached scikit_image-0.19.3-cp38-cp38-manylinux_2_17_x86_64.manylinux2014_x86_64.whl (14.0 MB)
Requirement already satisfied: pip in /usr/users/rattrapagemehdibenghali/benghali_meh/.conda/envs/clean_PGx_env/lib/python3.8/site-packages (from deepcs==0.1.7->-r requirements_no_torch.txt (line 2)) (22.3.1)
Collecting torch>=1.5.0
  Using cached torch-1.13.1-cp38-cp38-manylinux1_x86_64.whl (887.4 MB)
Collecting packaging
  Using cached packaging-23.0-py3-none-any.whl (42 kB)
Collecting torchvision>=0.6
  Using cached torchvision-0.14.1-cp38-cp38-manylinux1_x86_64.whl (24.2 MB)
Collecting torchinfo>=0.0.9
  Using cached torchinfo-1.7.2-py3-none-any.whl (22 kB)
Collecting cycler>=0.10
  Using cached cycler-0.11.0-py3-none-any.whl (6.4 kB)
Collecting kiwisolver>=1.0.1
  Using cached kiwisolver-1.4.4-cp38-cp38-manylinux_2_5_x86_64.manylinux1_x86_64.whl (1.2 MB)
Collecting pyparsing!=2.0.4,!=2.1.2,!=2.1.6,>=2.0.3
  Using cached pyparsing-3.0.9-py3-none-any.whl (98 kB)
Requirement already satisfied: certifi>=2020.06.20 in /usr/users/rattrapagemehdibenghali/benghali_meh/.conda/envs/clean_PGx_env/lib/python3.8/site-packages (from matplotlib==3.3.1->-r requirements_no_torch.txt (line 4)) (2022.12.7)
Collecting python-dateutil>=2.1
  Using cached python_dateutil-2.8.2-py2.py3-none-any.whl (247 kB)
Collecting pytz>=2017.2
  Using cached pytz-2022.7.1-py2.py3-none-any.whl (499 kB)
Collecting pluggy<0.7,>=0.5
  Using cached pluggy-0.6.0-py3-none-any.whl (13 kB)
Collecting six>=1.10.0
  Using cached six-1.16.0-py2.py3-none-any.whl (11 kB)
Collecting attrs>=17.2.0
  Using cached attrs-22.2.0-py3-none-any.whl (60 kB)
Collecting py>=1.5.0
  Using cached py-1.11.0-py2.py3-none-any.whl (98 kB)
Requirement already satisfied: setuptools in /usr/users/rattrapagemehdibenghali/benghali_meh/.conda/envs/clean_PGx_env/lib/python3.8/site-packages (from pytest==3.3.2->-r requirements_no_torch.txt (line 9)) (65.6.3)
Collecting google-auth-oauthlib<0.5,>=0.4.1
  Using cached google_auth_oauthlib-0.4.6-py2.py3-none-any.whl (18 kB)
Requirement already satisfied: wheel>=0.26 in /usr/users/rattrapagemehdibenghali/benghali_meh/.conda/envs/clean_PGx_env/lib/python3.8/site-packages (from tensorboard==2.6.0->-r requirements_no_torch.txt (line 12)) (0.38.4)
Collecting grpcio>=1.24.3
  Using cached grpcio-1.51.1-cp38-cp38-manylinux_2_17_x86_64.manylinux2014_x86_64.whl (4.8 MB)
Collecting tensorboard-data-server<0.7.0,>=0.6.0
  Using cached tensorboard_data_server-0.6.1-py3-none-manylinux2010_x86_64.whl (4.9 MB)
Collecting markdown>=2.6.8
  Using cached Markdown-3.4.1-py3-none-any.whl (93 kB)
Collecting absl-py>=0.4
  Using cached absl_py-1.4.0-py3-none-any.whl (126 kB)
Collecting tensorboard-plugin-wit>=1.6.0
  Using cached tensorboard_plugin_wit-1.8.1-py3-none-any.whl (781 kB)
Collecting google-auth<2,>=1.6.3
  Using cached google_auth-1.35.0-py2.py3-none-any.whl (152 kB)
Collecting requests<3,>=2.21.0
  Using cached requests-2.28.2-py3-none-any.whl (62 kB)
Collecting werkzeug>=0.11.15
  Using cached Werkzeug-2.2.3-py3-none-any.whl (233 kB)
Collecting rsa<5,>=3.1.4
  Using cached rsa-4.9-py3-none-any.whl (34 kB)
Collecting cachetools<5.0,>=2.0.0
  Using cached cachetools-4.2.4-py3-none-any.whl (10 kB)
Collecting pyasn1-modules>=0.2.1
  Using cached pyasn1_modules-0.2.8-py2.py3-none-any.whl (155 kB)
Collecting requests-oauthlib>=0.7.0
  Using cached requests_oauthlib-1.3.1-py2.py3-none-any.whl (23 kB)
Collecting importlib-metadata>=4.4
  Using cached importlib_metadata-6.0.0-py3-none-any.whl (21 kB)
Collecting typing-extensions
  Using cached typing_extensions-4.5.0-py3-none-any.whl (27 kB)
Collecting scikit-learn>=0.19.1
  Using cached scikit_learn-1.2.1-cp38-cp38-manylinux_2_17_x86_64.manylinux2014_x86_64.whl (9.8 MB)
Collecting charset-normalizer<4,>=2
  Using cached charset_normalizer-3.0.1-cp38-cp38-manylinux_2_17_x86_64.manylinux2014_x86_64.whl (195 kB)
Collecting urllib3<1.27,>=1.21.1
  Using cached urllib3-1.26.14-py2.py3-none-any.whl (140 kB)
Collecting idna<4,>=2.5
  Using cached idna-3.4-py3-none-any.whl (61 kB)
Collecting PyWavelets>=1.1.1
  Using cached PyWavelets-1.4.1-cp38-cp38-manylinux_2_17_x86_64.manylinux2014_x86_64.whl (6.9 MB)
Collecting networkx>=2.2
  Using cached networkx-3.0-py3-none-any.whl (2.0 MB)
Collecting tifffile>=2019.7.26
  Using cached tifffile-2023.2.3-py3-none-any.whl (215 kB)
Collecting nvidia-cublas-cu11==11.10.3.66
  Using cached nvidia_cublas_cu11-11.10.3.66-py3-none-manylinux1_x86_64.whl (317.1 MB)
Collecting nvidia-cuda-runtime-cu11==11.7.99
  Using cached nvidia_cuda_runtime_cu11-11.7.99-py3-none-manylinux1_x86_64.whl (849 kB)
Collecting nvidia-cudnn-cu11==8.5.0.96
  Using cached nvidia_cudnn_cu11-8.5.0.96-2-py3-none-manylinux1_x86_64.whl (557.1 MB)
Collecting nvidia-cuda-nvrtc-cu11==11.7.99
  Using cached nvidia_cuda_nvrtc_cu11-11.7.99-2-py3-none-manylinux1_x86_64.whl (21.0 MB)
Collecting MarkupSafe>=2.1.1
  Using cached MarkupSafe-2.1.2-cp38-cp38-manylinux_2_17_x86_64.manylinux2014_x86_64.whl (25 kB)
Collecting zipp>=0.5
  Downloading zipp-3.14.0-py3-none-any.whl (6.7 kB)
Collecting pyasn1<0.5.0,>=0.4.6
  Using cached pyasn1-0.4.8-py2.py3-none-any.whl (77 kB)
Collecting oauthlib>=3.0.0
  Using cached oauthlib-3.2.2-py3-none-any.whl (151 kB)
Collecting threadpoolctl>=2.0.0
  Using cached threadpoolctl-3.1.0-py3-none-any.whl (14 kB)
Collecting joblib>=1.1.1
  Using cached joblib-1.2.0-py3-none-any.whl (297 kB)
Installing collected packages: tensorboard-plugin-wit, pytz, pyasn1, charset-normalizer, zipp, urllib3, typing-extensions, tqdm, torchinfo, threadpoolctl, tensorboard-data-server, six, rsa, PyYAML, pyparsing, pyasn1-modules, py, protobuf, pluggy, Pillow, packaging, oauthlib, nvidia-cuda-runtime-cu11, nvidia-cuda-nvrtc-cu11, nvidia-cublas-cu11, numpy, networkx, MarkupSafe, kiwisolver, joblib, idna, grpcio, cycler, cachetools, attrs, absl-py, werkzeug, tifffile, scipy, requests, PyWavelets, python-dateutil, pytest, opencv-python-headless, nvidia-cudnn-cu11, importlib-metadata, imageio, google-auth, torch, scikit-learn, scikit-image, requests-oauthlib, pandas, matplotlib, markdown, torchvision, receptivefield, qudida, google-auth-oauthlib, timm, tensorboard, deepcs, albumentations
Successfully installed MarkupSafe-2.1.2 Pillow-8.4.0 PyWavelets-1.4.1 PyYAML-6.0 absl-py-1.4.0 albumentations-1.1.0 attrs-22.2.0 cachetools-4.2.4 charset-normalizer-3.0.1 cycler-0.11.0 deepcs-0.1.7 google-auth-1.35.0 google-auth-oauthlib-0.4.6 grpcio-1.51.1 idna-3.4 imageio-2.13.5 importlib-metadata-6.0.0 joblib-1.2.0 kiwisolver-1.4.4 markdown-3.4.1 matplotlib-3.3.1 networkx-3.0 numpy-1.24.2 nvidia-cublas-cu11-11.10.3.66 nvidia-cuda-nvrtc-cu11-11.7.99 nvidia-cuda-runtime-cu11-11.7.99 nvidia-cudnn-cu11-8.5.0.96 oauthlib-3.2.2 opencv-python-headless-4.5.5.62 packaging-23.0 pandas-1.1.5 pluggy-0.6.0 protobuf-3.20.1 py-1.11.0 pyasn1-0.4.8 pyasn1-modules-0.2.8 pyparsing-3.0.9 pytest-3.3.2 python-dateutil-2.8.2 pytz-2022.7.1 qudida-0.0.4 receptivefield-0.5.0 requests-2.28.2 requests-oauthlib-1.3.1 rsa-4.9 scikit-image-0.19.3 scikit-learn-1.2.1 scipy-1.8.0 six-1.16.0 tensorboard-2.6.0 tensorboard-data-server-0.6.1 tensorboard-plugin-wit-1.8.1 threadpoolctl-3.1.0 tifffile-2023.2.3 timm-0.4.12 torch-1.13.1 torchinfo-1.7.2 torchvision-0.14.1 tqdm-4.30.0 typing-extensions-4.5.0 urllib3-1.26.14 werkzeug-2.2.3 zipp-3.14.0
Collecting albumentations==1.1.0
  Using cached albumentations-1.1.0-py3-none-any.whl (102 kB)
Collecting deepcs==0.1.7
  Using cached deepcs-0.1.7-py3-none-any.whl
Collecting imageio==2.13.5
  Using cached imageio-2.13.5-py3-none-any.whl (3.3 MB)
Collecting matplotlib==3.3.1
  Using cached matplotlib-3.3.1-cp38-cp38-manylinux1_x86_64.whl (11.6 MB)
Collecting numpy>=1.19.2
  Using cached numpy-1.24.2-cp38-cp38-manylinux_2_17_x86_64.manylinux2014_x86_64.whl (17.3 MB)
Collecting opencv-python-headless==4.5.5.62
  Using cached opencv_python_headless-4.5.5.62-cp36-abi3-manylinux_2_17_x86_64.manylinux2014_x86_64.whl (47.7 MB)
Collecting pandas==1.1.5
  Using cached pandas-1.1.5-cp38-cp38-manylinux1_x86_64.whl (9.3 MB)
Collecting Pillow==8.4.0
  Using cached Pillow-8.4.0-cp38-cp38-manylinux_2_17_x86_64.manylinux2014_x86_64.whl (3.1 MB)
Collecting pytest==3.3.2
  Using cached pytest-3.3.2-py2.py3-none-any.whl (185 kB)
Collecting receptivefield==0.5.0
  Using cached receptivefield-0.5.0-py3-none-any.whl (363 kB)
Collecting scipy==1.8.0
  Using cached scipy-1.8.0-cp38-cp38-manylinux_2_17_x86_64.manylinux2014_x86_64.whl (41.6 MB)
Collecting tensorboard==2.6.0
  Using cached tensorboard-2.6.0-py3-none-any.whl (5.6 MB)
Collecting timm==0.4.12
  Using cached timm-0.4.12-py3-none-any.whl (376 kB)
Collecting tqdm==4.30.0
  Using cached tqdm-4.30.0-py2.py3-none-any.whl (47 kB)
Collecting protobuf==3.20.1
  Using cached protobuf-3.20.1-cp38-cp38-manylinux_2_5_x86_64.manylinux1_x86_64.whl (1.0 MB)
Collecting qudida>=0.0.4
  Using cached qudida-0.0.4-py3-none-any.whl (3.5 kB)
Collecting PyYAML
  Using cached PyYAML-6.0-cp38-cp38-manylinux_2_5_x86_64.manylinux1_x86_64.manylinux_2_12_x86_64.manylinux2010_x86_64.whl (701 kB)
Collecting scikit-image>=0.16.1
  Using cached scikit_image-0.19.3-cp38-cp38-manylinux_2_17_x86_64.manylinux2014_x86_64.whl (14.0 MB)
Collecting torchvision>=0.6
  Using cached torchvision-0.14.1-cp38-cp38-manylinux1_x86_64.whl (24.2 MB)
Collecting torch>=1.5.0
  Using cached torch-1.13.1-cp38-cp38-manylinux1_x86_64.whl (887.4 MB)
Requirement already satisfied: pip in /usr/users/rattrapagemehdibenghali/benghali_meh/.conda/envs/clean_PGx_env_latest_transformers/lib/python3.8/site-packages (from deepcs==0.1.7->-r requirements_no_torch.txt (line 2)) (22.3.1)
Collecting torchinfo>=0.0.9
  Using cached torchinfo-1.7.2-py3-none-any.whl (22 kB)
Collecting packaging
  Using cached packaging-23.0-py3-none-any.whl (42 kB)
Collecting python-dateutil>=2.1
  Using cached python_dateutil-2.8.2-py2.py3-none-any.whl (247 kB)
Collecting kiwisolver>=1.0.1
  Using cached kiwisolver-1.4.4-cp38-cp38-manylinux_2_5_x86_64.manylinux1_x86_64.whl (1.2 MB)
Requirement already satisfied: certifi>=2020.06.20 in /usr/users/rattrapagemehdibenghali/benghali_meh/.conda/envs/clean_PGx_env_latest_transformers/lib/python3.8/site-packages (from matplotlib==3.3.1->-r requirements_no_torch.txt (line 4)) (2022.12.7)
Collecting cycler>=0.10
  Using cached cycler-0.11.0-py3-none-any.whl (6.4 kB)
Collecting pyparsing!=2.0.4,!=2.1.2,!=2.1.6,>=2.0.3
  Using cached pyparsing-3.0.9-py3-none-any.whl (98 kB)
Collecting pytz>=2017.2
  Using cached pytz-2022.7.1-py2.py3-none-any.whl (499 kB)
Requirement already satisfied: setuptools in /usr/users/rattrapagemehdibenghali/benghali_meh/.conda/envs/clean_PGx_env_latest_transformers/lib/python3.8/site-packages (from pytest==3.3.2->-r requirements_no_torch.txt (line 9)) (65.6.3)
Collecting attrs>=17.2.0
  Using cached attrs-22.2.0-py3-none-any.whl (60 kB)
Collecting pluggy<0.7,>=0.5
  Using cached pluggy-0.6.0-py3-none-any.whl (13 kB)
Collecting py>=1.5.0
  Using cached py-1.11.0-py2.py3-none-any.whl (98 kB)
Collecting six>=1.10.0
  Using cached six-1.16.0-py2.py3-none-any.whl (11 kB)
Requirement already satisfied: wheel>=0.26 in /usr/users/rattrapagemehdibenghali/benghali_meh/.conda/envs/clean_PGx_env_latest_transformers/lib/python3.8/site-packages (from tensorboard==2.6.0->-r requirements_no_torch.txt (line 12)) (0.38.4)
Collecting absl-py>=0.4
  Using cached absl_py-1.4.0-py3-none-any.whl (126 kB)
Collecting google-auth-oauthlib<0.5,>=0.4.1
  Using cached google_auth_oauthlib-0.4.6-py2.py3-none-any.whl (18 kB)
Collecting requests<3,>=2.21.0
  Using cached requests-2.28.2-py3-none-any.whl (62 kB)
Collecting google-auth<2,>=1.6.3
  Using cached google_auth-1.35.0-py2.py3-none-any.whl (152 kB)
Collecting tensorboard-data-server<0.7.0,>=0.6.0
  Using cached tensorboard_data_server-0.6.1-py3-none-manylinux2010_x86_64.whl (4.9 MB)
Collecting grpcio>=1.24.3
  Using cached grpcio-1.51.1-cp38-cp38-manylinux_2_17_x86_64.manylinux2014_x86_64.whl (4.8 MB)
Collecting markdown>=2.6.8
  Using cached Markdown-3.4.1-py3-none-any.whl (93 kB)
Collecting werkzeug>=0.11.15
  Using cached Werkzeug-2.2.3-py3-none-any.whl (233 kB)
Collecting tensorboard-plugin-wit>=1.6.0
  Using cached tensorboard_plugin_wit-1.8.1-py3-none-any.whl (781 kB)
Collecting cachetools<5.0,>=2.0.0
  Using cached cachetools-4.2.4-py3-none-any.whl (10 kB)
Collecting pyasn1-modules>=0.2.1
  Using cached pyasn1_modules-0.2.8-py2.py3-none-any.whl (155 kB)
Collecting rsa<5,>=3.1.4
  Using cached rsa-4.9-py3-none-any.whl (34 kB)
Collecting requests-oauthlib>=0.7.0
  Using cached requests_oauthlib-1.3.1-py2.py3-none-any.whl (23 kB)
Collecting importlib-metadata>=4.4
  Using cached importlib_metadata-6.0.0-py3-none-any.whl (21 kB)
Collecting scikit-learn>=0.19.1
  Using cached scikit_learn-1.2.1-cp38-cp38-manylinux_2_17_x86_64.manylinux2014_x86_64.whl (9.8 MB)
Collecting typing-extensions
  Using cached typing_extensions-4.5.0-py3-none-any.whl (27 kB)
Collecting urllib3<1.27,>=1.21.1
  Using cached urllib3-1.26.14-py2.py3-none-any.whl (140 kB)
Collecting charset-normalizer<4,>=2
  Using cached charset_normalizer-3.0.1-cp38-cp38-manylinux_2_17_x86_64.manylinux2014_x86_64.whl (195 kB)
Collecting idna<4,>=2.5
  Using cached idna-3.4-py3-none-any.whl (61 kB)
Collecting networkx>=2.2
  Using cached networkx-3.0-py3-none-any.whl (2.0 MB)
Collecting PyWavelets>=1.1.1
  Using cached PyWavelets-1.4.1-cp38-cp38-manylinux_2_17_x86_64.manylinux2014_x86_64.whl (6.9 MB)
Collecting tifffile>=2019.7.26
  Using cached tifffile-2023.2.3-py3-none-any.whl (215 kB)
Collecting nvidia-cuda-runtime-cu11==11.7.99
  Using cached nvidia_cuda_runtime_cu11-11.7.99-py3-none-manylinux1_x86_64.whl (849 kB)
Collecting nvidia-cudnn-cu11==8.5.0.96
  Using cached nvidia_cudnn_cu11-8.5.0.96-2-py3-none-manylinux1_x86_64.whl (557.1 MB)
Collecting nvidia-cublas-cu11==11.10.3.66
  Using cached nvidia_cublas_cu11-11.10.3.66-py3-none-manylinux1_x86_64.whl (317.1 MB)
Collecting nvidia-cuda-nvrtc-cu11==11.7.99
  Using cached nvidia_cuda_nvrtc_cu11-11.7.99-2-py3-none-manylinux1_x86_64.whl (21.0 MB)
Collecting MarkupSafe>=2.1.1
  Using cached MarkupSafe-2.1.2-cp38-cp38-manylinux_2_17_x86_64.manylinux2014_x86_64.whl (25 kB)
Collecting zipp>=0.5
  Using cached zipp-3.14.0-py3-none-any.whl (6.7 kB)
Collecting pyasn1<0.5.0,>=0.4.6
  Using cached pyasn1-0.4.8-py2.py3-none-any.whl (77 kB)
Collecting oauthlib>=3.0.0
  Using cached oauthlib-3.2.2-py3-none-any.whl (151 kB)
Collecting joblib>=1.1.1
  Using cached joblib-1.2.0-py3-none-any.whl (297 kB)
Collecting threadpoolctl>=2.0.0
  Using cached threadpoolctl-3.1.0-py3-none-any.whl (14 kB)
Installing collected packages: tensorboard-plugin-wit, pytz, pyasn1, charset-normalizer, zipp, urllib3, typing-extensions, tqdm, torchinfo, threadpoolctl, tensorboard-data-server, six, rsa, PyYAML, pyparsing, pyasn1-modules, py, protobuf, pluggy, Pillow, packaging, oauthlib, nvidia-cuda-runtime-cu11, nvidia-cuda-nvrtc-cu11, nvidia-cublas-cu11, numpy, networkx, MarkupSafe, kiwisolver, joblib, idna, grpcio, cycler, cachetools, attrs, absl-py, werkzeug, tifffile, scipy, requests, PyWavelets, python-dateutil, pytest, opencv-python-headless, nvidia-cudnn-cu11, importlib-metadata, imageio, google-auth, torch, scikit-learn, scikit-image, requests-oauthlib, pandas, matplotlib, markdown, torchvision, receptivefield, qudida, google-auth-oauthlib, timm, tensorboard, deepcs, albumentations
Successfully installed MarkupSafe-2.1.2 Pillow-8.4.0 PyWavelets-1.4.1 PyYAML-6.0 absl-py-1.4.0 albumentations-1.1.0 attrs-22.2.0 cachetools-4.2.4 charset-normalizer-3.0.1 cycler-0.11.0 deepcs-0.1.7 google-auth-1.35.0 google-auth-oauthlib-0.4.6 grpcio-1.51.1 idna-3.4 imageio-2.13.5 importlib-metadata-6.0.0 joblib-1.2.0 kiwisolver-1.4.4 markdown-3.4.1 matplotlib-3.3.1 networkx-3.0 numpy-1.24.2 nvidia-cublas-cu11-11.10.3.66 nvidia-cuda-nvrtc-cu11-11.7.99 nvidia-cuda-runtime-cu11-11.7.99 nvidia-cudnn-cu11-8.5.0.96 oauthlib-3.2.2 opencv-python-headless-4.5.5.62 packaging-23.0 pandas-1.1.5 pluggy-0.6.0 protobuf-3.20.1 py-1.11.0 pyasn1-0.4.8 pyasn1-modules-0.2.8 pyparsing-3.0.9 pytest-3.3.2 python-dateutil-2.8.2 pytz-2022.7.1 qudida-0.0.4 receptivefield-0.5.0 requests-2.28.2 requests-oauthlib-1.3.1 rsa-4.9 scikit-image-0.19.3 scikit-learn-1.2.1 scipy-1.8.0 six-1.16.0 tensorboard-2.6.0 tensorboard-data-server-0.6.1 tensorboard-plugin-wit-1.8.1 threadpoolctl-3.1.0 tifffile-2023.2.3 timm-0.4.12 torch-1.13.1 torchinfo-1.7.2 torchvision-0.14.1 tqdm-4.30.0 typing-extensions-4.5.0 urllib3-1.26.14 werkzeug-2.2.3 zipp-3.14.0
