Collecting package metadata (current_repodata.json): ...working... done
Solving environment: ...working... done


==> WARNING: A newer version of conda exists. <==
  current version: 4.10.3
  latest version: 23.1.0

Please update conda by running

    $ conda update -n base -c defaults conda



## Package Plan ##

  environment location: /usr/users/rattrapagemehdibenghali/benghali_meh/.conda/envs/PGx_env_37

  added / updated specs:
    - python=3.7


The following packages will be downloaded:

    package                    |            build
    ---------------------------|-----------------
    certifi-2022.12.7          |   py37h06a4308_0         150 KB
    pip-22.3.1                 |   py37h06a4308_0         2.7 MB
    python-3.7.16              |       h7a1cb2a_0        44.8 MB
    setuptools-65.6.3          |   py37h06a4308_0         1.1 MB
    ------------------------------------------------------------
                                           Total:        48.8 MB

The following NEW packages will be INSTALLED:

  _libgcc_mutex      pkgs/main/linux-64::_libgcc_mutex-0.1-main
  _openmp_mutex      pkgs/main/linux-64::_openmp_mutex-5.1-1_gnu
  ca-certificates    pkgs/main/linux-64::ca-certificates-2023.01.10-h06a4308_0
  certifi            pkgs/main/linux-64::certifi-2022.12.7-py37h06a4308_0
  ld_impl_linux-64   pkgs/main/linux-64::ld_impl_linux-64-2.38-h1181459_1
  libffi             pkgs/main/linux-64::libffi-3.4.2-h6a678d5_6
  libgcc-ng          pkgs/main/linux-64::libgcc-ng-11.2.0-h1234567_1
  libgomp            pkgs/main/linux-64::libgomp-11.2.0-h1234567_1
  libstdcxx-ng       pkgs/main/linux-64::libstdcxx-ng-11.2.0-h1234567_1
  ncurses            pkgs/main/linux-64::ncurses-6.4-h6a678d5_0
  openssl            pkgs/main/linux-64::openssl-1.1.1s-h7f8727e_0
  pip                pkgs/main/linux-64::pip-22.3.1-py37h06a4308_0
  python             pkgs/main/linux-64::python-3.7.16-h7a1cb2a_0
  readline           pkgs/main/linux-64::readline-8.2-h5eee18b_0
  setuptools         pkgs/main/linux-64::setuptools-65.6.3-py37h06a4308_0
  sqlite             pkgs/main/linux-64::sqlite-3.40.1-h5082296_0
  tk                 pkgs/main/linux-64::tk-8.6.12-h1ccaba5_0
  wheel              pkgs/main/noarch::wheel-0.37.1-pyhd3eb1b0_0
  xz                 pkgs/main/linux-64::xz-5.2.10-h5eee18b_1
  zlib               pkgs/main/linux-64::zlib-1.2.13-h5eee18b_0


Proceed ([y]/n)? 

Downloading and Extracting Packages
certifi-2022.12.7    | 150 KB    |            |   0% certifi-2022.12.7    | 150 KB    | ###2       |  32% certifi-2022.12.7    | 150 KB    | ########## | 100% certifi-2022.12.7    | 150 KB    | ########## | 100% 
setuptools-65.6.3    | 1.1 MB    |            |   0% setuptools-65.6.3    | 1.1 MB    | ########## | 100% setuptools-65.6.3    | 1.1 MB    | ########## | 100% 
pip-22.3.1           | 2.7 MB    |            |   0% pip-22.3.1           | 2.7 MB    | ########## | 100% pip-22.3.1           | 2.7 MB    | ########## | 100% 
python-3.7.16        | 44.8 MB   |            |   0% python-3.7.16        | 44.8 MB   | 5          |   5% python-3.7.16        | 44.8 MB   | #7         |  18% python-3.7.16        | 44.8 MB   | ###3       |  33% python-3.7.16        | 44.8 MB   | ####8      |  48% python-3.7.16        | 44.8 MB   | ######4    |  64% python-3.7.16        | 44.8 MB   | #######8   |  78% python-3.7.16        | 44.8 MB   | #########1 |  92% python-3.7.16        | 44.8 MB   | ########## | 100% 
Preparing transaction: ...working... done
Verifying transaction: ...working... done
Executing transaction: ...working... done
#
# To activate this environment, use
#
#     $ conda activate PGx_env_37
#
# To deactivate an active environment, use
#
#     $ conda deactivate

Looking in links: https://download.pytorch.org/whl/cu113/torch_stable.html
Collecting albumentations==1.1.0
  Using cached albumentations-1.1.0-py3-none-any.whl (102 kB)
Collecting deepcs==0.1.7
  Using cached deepcs-0.1.7.tar.gz (21 kB)
  Preparing metadata (setup.py): started
  Preparing metadata (setup.py): finished with status 'done'
Collecting imageio==2.13.5
  Using cached imageio-2.13.5-py3-none-any.whl (3.3 MB)
Collecting matplotlib==3.3.1
  Downloading matplotlib-3.3.1-cp37-cp37m-manylinux1_x86_64.whl (11.6 MB)
     ━━━━━━━━━━━━━━━━━━━━━━━━━━━━━━━━━━━━━━━━ 11.6/11.6 MB 36.7 MB/s eta 0:00:00
Collecting numpy>=1.19.2
  Downloading numpy-1.21.6-cp37-cp37m-manylinux_2_12_x86_64.manylinux2010_x86_64.whl (15.7 MB)
     ━━━━━━━━━━━━━━━━━━━━━━━━━━━━━━━━━━━━━━━━ 15.7/15.7 MB 30.9 MB/s eta 0:00:00
Collecting opencv-python-headless==4.5.5.62
  Using cached opencv_python_headless-4.5.5.62-cp36-abi3-manylinux_2_17_x86_64.manylinux2014_x86_64.whl (47.7 MB)
Collecting pandas==1.1.5
  Downloading pandas-1.1.5-cp37-cp37m-manylinux1_x86_64.whl (9.5 MB)
     ━━━━━━━━━━━━━━━━━━━━━━━━━━━━━━━━━━━━━━━━ 9.5/9.5 MB 37.8 MB/s eta 0:00:00
Collecting Pillow==8.4.0
  Downloading Pillow-8.4.0-cp37-cp37m-manylinux_2_17_x86_64.manylinux2014_x86_64.whl (3.1 MB)
     ━━━━━━━━━━━━━━━━━━━━━━━━━━━━━━━━━━━━━━━━ 3.1/3.1 MB 33.0 MB/s eta 0:00:00
Collecting pytest==3.3.2
  Using cached pytest-3.3.2-py2.py3-none-any.whl (185 kB)
Collecting receptivefield==0.5.0
  Using cached receptivefield-0.5.0-py3-none-any.whl (363 kB)
ERROR: Ignored the following versions that require a different python version: 1.10.0 Requires-Python <3.12,>=3.8; 1.10.0rc1 Requires-Python <3.12,>=3.8; 1.10.0rc2 Requires-Python <3.12,>=3.8; 1.22.0 Requires-Python >=3.8; 1.22.1 Requires-Python >=3.8; 1.22.2 Requires-Python >=3.8; 1.22.3 Requires-Python >=3.8; 1.22.4 Requires-Python >=3.8; 1.23.0 Requires-Python >=3.8; 1.23.0rc1 Requires-Python >=3.8; 1.23.0rc2 Requires-Python >=3.8; 1.23.0rc3 Requires-Python >=3.8; 1.23.1 Requires-Python >=3.8; 1.23.2 Requires-Python >=3.8; 1.23.3 Requires-Python >=3.8; 1.23.4 Requires-Python >=3.8; 1.23.5 Requires-Python >=3.8; 1.24.0 Requires-Python >=3.8; 1.24.0rc1 Requires-Python >=3.8; 1.24.0rc2 Requires-Python >=3.8; 1.24.1 Requires-Python >=3.8; 1.4.0 Requires-Python >=3.8; 1.4.0rc0 Requires-Python >=3.8; 1.4.1 Requires-Python >=3.8; 1.4.2 Requires-Python >=3.8; 1.4.3 Requires-Python >=3.8; 1.4.4 Requires-Python >=3.8; 1.5.0 Requires-Python >=3.8; 1.5.0rc0 Requires-Python >=3.8; 1.5.1 Requires-Python >=3.8; 1.5.2 Requires-Python >=3.8; 1.5.3 Requires-Python >=3.8; 1.8.0 Requires-Python >=3.8,<3.11; 1.8.0rc1 Requires-Python >=3.8,<3.11; 1.8.0rc2 Requires-Python >=3.8,<3.11; 1.8.0rc3 Requires-Python >=3.8,<3.11; 1.8.0rc4 Requires-Python >=3.8,<3.11; 1.8.1 Requires-Python >=3.8,<3.11; 1.9.0 Requires-Python >=3.8,<3.12; 1.9.0rc1 Requires-Python >=3.8,<3.12; 1.9.0rc2 Requires-Python >=3.8,<3.12; 1.9.0rc3 Requires-Python >=3.8,<3.12; 1.9.1 Requires-Python >=3.8,<3.12; 1.9.2 Requires-Python >=3.8; 1.9.3 Requires-Python >=3.8; 3.6.0 Requires-Python >=3.8; 3.6.0rc1 Requires-Python >=3.8; 3.6.0rc2 Requires-Python >=3.8; 3.6.1 Requires-Python >=3.8; 3.6.2 Requires-Python >=3.8; 3.6.3 Requires-Python >=3.8; 3.7.0rc1 Requires-Python >=3.8
ERROR: Could not find a version that satisfies the requirement scipy==1.8.0 (from versions: 0.8.0, 0.9.0, 0.10.0, 0.10.1, 0.11.0, 0.12.0, 0.12.1, 0.13.0, 0.13.1, 0.13.2, 0.13.3, 0.14.0, 0.14.1, 0.15.0, 0.15.1, 0.16.0, 0.16.1, 0.17.0, 0.17.1, 0.18.0, 0.18.1, 0.19.0, 0.19.1, 1.0.0, 1.0.1, 1.1.0, 1.2.0, 1.2.1, 1.2.2, 1.2.3, 1.3.0, 1.3.1, 1.3.2, 1.3.3, 1.4.0, 1.4.1, 1.5.0, 1.5.1, 1.5.2, 1.5.3, 1.5.4, 1.6.0, 1.6.1, 1.6.2, 1.6.3, 1.7.0rc1, 1.7.0rc2, 1.7.0, 1.7.1, 1.7.2, 1.7.3)
ERROR: No matching distribution found for scipy==1.8.0
