Running on sh08
# conda environments:
#
base                  *  /opt/conda
PGx_env                  /usr/users/rattrapagemehdibenghali/benghali_meh/.conda/envs/PGx_env
PGx_env_37               /usr/users/rattrapagemehdibenghali/benghali_meh/.conda/envs/PGx_env_37
new_PGx_env              /usr/users/rattrapagemehdibenghali/benghali_meh/.conda/envs/new_PGx_env
torch_from_source_env     /usr/users/rattrapagemehdibenghali/benghali_meh/.conda/envs/torch_from_source_env

Namespace(bart_name='facebook/bart-large', batch_size=8, dataset_name='PGxCorpus', decoder_type='avg_feature', eval_start_epoch=10, length_penalty=1, lr=1e-05, max_len=10, max_len_a=1.6, n_epochs=30, num_beams=4, save_model=0, schedule='linear', target_type='word', use_encoder_mlp=1, warmup_ratio=0.01)
Save cache to caches/data_facebook/bart-large_PGxCorpus_word.pt.
max_len_a:1.6, max_len:10
In total 3 datasets:
	dev has 75 instances.
	test has 76 instances.
	train has 567 instances.

The number of tokens in tokenizer  50265
50275 50280
cpu
11.3
input fields after batch(if batch size is 2):
	tgt_tokens: (1)type:torch.Tensor (2)dtype:torch.int64, (3)shape:torch.Size([2, 34]) 
	src_tokens: (1)type:torch.Tensor (2)dtype:torch.int64, (3)shape:torch.Size([2, 56]) 
	first: (1)type:torch.Tensor (2)dtype:torch.int64, (3)shape:torch.Size([2, 56]) 
	src_seq_len: (1)type:torch.Tensor (2)dtype:torch.int64, (3)shape:torch.Size([2]) 
	tgt_seq_len: (1)type:torch.Tensor (2)dtype:torch.int64, (3)shape:torch.Size([2]) 
target fields after batch(if batch size is 2):
	entities: (1)type:numpy.ndarray (2)dtype:object, (3)shape:(2,) 
	tgt_tokens: (1)type:torch.Tensor (2)dtype:torch.int64, (3)shape:torch.Size([2, 34]) 
	target_span: (1)type:numpy.ndarray (2)dtype:object, (3)shape:(2,) 
	tgt_seq_len: (1)type:torch.Tensor (2)dtype:torch.int64, (3)shape:torch.Size([2]) 

training epochs started 2023-02-15-20-28-09-205251
Evaluate data in 72.47 seconds!
Evaluate data in 89.19 seconds!
FitlogCallback evaluation on data-test:
Seq2SeqSpanMetric: f=43.79, rec=35.24, pre=57.809999999999995, em=0.0
Evaluation on dev at Epoch 11/30. Step:781/2130: 
Seq2SeqSpanMetric: f=44.97, rec=36.09, pre=59.67, em=0.0133

Evaluate data in 70.87 seconds!
Evaluate data in 95.89 seconds!
FitlogCallback evaluation on data-test:
Seq2SeqSpanMetric: f=45.28, rec=37.9, pre=56.21000000000001, em=0.0
Evaluation on dev at Epoch 12/30. Step:852/2130: 
Seq2SeqSpanMetric: f=47.77, rec=39.92, pre=59.46, em=0.04

Evaluate data in 73.17 seconds!
Evaluation on dev at Epoch 13/30. Step:923/2130: 
Seq2SeqSpanMetric: f=46.300000000000004, rec=38.51, pre=58.050000000000004, em=0.0267

Evaluate data in 63.89 seconds!
Evaluate data in 81.95 seconds!
FitlogCallback evaluation on data-test:
Seq2SeqSpanMetric: f=47.48, rec=39.43, pre=59.650000000000006, em=0.0
Evaluation on dev at Epoch 14/30. Step:994/2130: 
Seq2SeqSpanMetric: f=49.3, rec=42.34, pre=58.989999999999995, em=0.04

Evaluate data in 69.99 seconds!
Evaluation on dev at Epoch 15/30. Step:1065/2130: 
Seq2SeqSpanMetric: f=48.76, rec=41.730000000000004, pre=58.64, em=0.0533

Evaluate data in 65.74 seconds!
Evaluate data in 78.99 seconds!
FitlogCallback evaluation on data-test:
Seq2SeqSpanMetric: f=49.72, rec=42.67, pre=59.57, em=0.0263
Evaluation on dev at Epoch 16/30. Step:1136/2130: 
Seq2SeqSpanMetric: f=52.300000000000004, rec=45.769999999999996, pre=61.019999999999996, em=0.0533

Evaluate data in 76.93 seconds!
Evaluation on dev at Epoch 17/30. Step:1207/2130: 
Seq2SeqSpanMetric: f=51.24999999999999, rec=45.36, pre=58.9, em=0.04

Evaluate data in 63.72 seconds!
Evaluate data in 74.2 seconds!
FitlogCallback evaluation on data-test:
Seq2SeqSpanMetric: f=50.11, rec=42.67, pre=60.699999999999996, em=0.0395
Evaluation on dev at Epoch 18/30. Step:1278/2130: 
Seq2SeqSpanMetric: f=52.76, rec=46.17, pre=61.56, em=0.0533

Evaluate data in 72.17 seconds!
Evaluate data in 92.58 seconds!
FitlogCallback evaluation on data-test:
Seq2SeqSpanMetric: f=52.44, rec=46.1, pre=60.8, em=0.0395
Evaluation on dev at Epoch 19/30. Step:1349/2130: 
Seq2SeqSpanMetric: f=53.39, rec=48.39, pre=59.550000000000004, em=0.0533

Evaluate data in 66.93 seconds!
Evaluate data in 78.56 seconds!
FitlogCallback evaluation on data-test:
Seq2SeqSpanMetric: f=53.459999999999994, rec=47.05, pre=61.9, em=0.0395
Evaluation on dev at Epoch 20/30. Step:1420/2130: 
Seq2SeqSpanMetric: f=54.75, rec=49.4, pre=61.4, em=0.0533

Evaluate data in 68.76 seconds!
Evaluate data in 76.71 seconds!
FitlogCallback evaluation on data-test:
Seq2SeqSpanMetric: f=57.67, rec=50.86000000000001, pre=66.58, em=0.0395
Evaluation on dev at Epoch 21/30. Step:1491/2130: 
Seq2SeqSpanMetric: f=54.99000000000001, rec=50.0, pre=61.08, em=0.0533

Evaluate data in 70.37 seconds!
Evaluate data in 83.86 seconds!
FitlogCallback evaluation on data-test:
Seq2SeqSpanMetric: f=56.13, rec=49.71, pre=64.44, em=0.0263
Evaluation on dev at Epoch 22/30. Step:1562/2130: 
Seq2SeqSpanMetric: f=55.35, rec=50.6, pre=61.07, em=0.04

Evaluate data in 67.56 seconds!
Evaluate data in 79.23 seconds!
FitlogCallback evaluation on data-test:
Seq2SeqSpanMetric: f=55.730000000000004, rec=49.519999999999996, pre=63.73, em=0.0395
Evaluation on dev at Epoch 23/30. Step:1633/2130: 
Seq2SeqSpanMetric: f=55.47, rec=50.6, pre=61.370000000000005, em=0.0667

Evaluate data in 64.8 seconds!
Evaluate data in 78.68 seconds!
FitlogCallback evaluation on data-test:
Seq2SeqSpanMetric: f=55.02, rec=48.57, pre=63.43, em=0.0395
Evaluation on dev at Epoch 24/30. Step:1704/2130: 
Seq2SeqSpanMetric: f=56.48, rec=51.41, pre=62.64999999999999, em=0.0533

Evaluate data in 67.29 seconds!
Evaluate data in 81.18 seconds!
FitlogCallback evaluation on data-test:
Seq2SeqSpanMetric: f=56.989999999999995, rec=50.86000000000001, pre=64.81, em=0.0395
Evaluation on dev at Epoch 25/30. Step:1775/2130: 
Seq2SeqSpanMetric: f=56.8, rec=52.62, pre=61.7, em=0.0533

Evaluate data in 64.45 seconds!
Evaluate data in 78.46 seconds!
FitlogCallback evaluation on data-test:
Seq2SeqSpanMetric: f=58.660000000000004, rec=52.56999999999999, pre=66.35, em=0.0395
Evaluation on dev at Epoch 26/30. Step:1846/2130: 
Seq2SeqSpanMetric: f=57.67, rec=53.43, pre=62.64999999999999, em=0.08

Evaluate data in 63.4 seconds!
Evaluation on dev at Epoch 27/30. Step:1917/2130: 
Seq2SeqSpanMetric: f=57.550000000000004, rec=53.43, pre=62.35000000000001, em=0.0667

Evaluate data in 63.87 seconds!
Evaluate data in 78.13 seconds!
FitlogCallback evaluation on data-test:
Seq2SeqSpanMetric: f=58.089999999999996, rec=52.0, pre=65.78, em=0.0395
Evaluation on dev at Epoch 28/30. Step:1988/2130: 
Seq2SeqSpanMetric: f=57.68, rec=53.02, pre=63.22, em=0.08

Evaluate data in 63.68 seconds!
Evaluation on dev at Epoch 29/30. Step:2059/2130: 
Seq2SeqSpanMetric: f=57.550000000000004, rec=53.02, pre=62.92, em=0.08

Evaluate data in 66.19 seconds!
Evaluation on dev at Epoch 30/30. Step:2130/2130: 
Seq2SeqSpanMetric: f=57.58, rec=53.23, pre=62.71, em=0.08

Best test performance(may not correspond to the best dev performance):{'Seq2SeqSpanMetric': {'f': 58.660000000000004, 'rec': 52.56999999999999, 'pre': 66.35, 'em': 0.0395}} achieved at Epoch:26.
Best test performance(correspond to the best dev performance):{'Seq2SeqSpanMetric': {'f': 58.089999999999996, 'rec': 52.0, 'pre': 65.78, 'em': 0.0395}} achieved at Epoch:28.

In Epoch:28/Step:1988, got best dev performance:
Seq2SeqSpanMetric: f=57.68, rec=53.02, pre=63.22, em=0.08
