Running on sh08
# conda environments:
#
base                  *  /opt/conda
PGx_env                  /usr/users/rattrapagemehdibenghali/benghali_meh/.conda/envs/PGx_env
PGx_env_37               /usr/users/rattrapagemehdibenghali/benghali_meh/.conda/envs/PGx_env_37
new_PGx_env              /usr/users/rattrapagemehdibenghali/benghali_meh/.conda/envs/new_PGx_env
torch_from_source_env     /usr/users/rattrapagemehdibenghali/benghali_meh/.conda/envs/torch_from_source_env

Namespace(bart_name='facebook/bart-large', batch_size=8, dataset_name='PGxCorpus', decoder_type='avg_feature', eval_start_epoch=10, length_penalty=1, lr=1e-05, max_len=10, max_len_a=1.6, n_epochs=30, num_beams=4, save_model=0, schedule='linear', target_type='word', use_encoder_mlp=1, warmup_ratio=0.01)
Save cache to caches/data_facebook/bart-large_PGxCorpus_word.pt.
max_len_a:1.6, max_len:10
In total 3 datasets:
	dev has 75 instances.
	test has 76 instances.
	train has 567 instances.

The number of tokens in tokenizer  50265
50275 50280
cpu
11.3
input fields after batch(if batch size is 2):
	tgt_tokens: (1)type:torch.Tensor (2)dtype:torch.int64, (3)shape:torch.Size([2, 34]) 
	src_tokens: (1)type:torch.Tensor (2)dtype:torch.int64, (3)shape:torch.Size([2, 56]) 
	first: (1)type:torch.Tensor (2)dtype:torch.int64, (3)shape:torch.Size([2, 56]) 
	src_seq_len: (1)type:torch.Tensor (2)dtype:torch.int64, (3)shape:torch.Size([2]) 
	tgt_seq_len: (1)type:torch.Tensor (2)dtype:torch.int64, (3)shape:torch.Size([2]) 
target fields after batch(if batch size is 2):
	entities: (1)type:numpy.ndarray (2)dtype:object, (3)shape:(2,) 
	tgt_tokens: (1)type:torch.Tensor (2)dtype:torch.int64, (3)shape:torch.Size([2, 34]) 
	target_span: (1)type:numpy.ndarray (2)dtype:object, (3)shape:(2,) 
	tgt_seq_len: (1)type:torch.Tensor (2)dtype:torch.int64, (3)shape:torch.Size([2]) 

training epochs started 2023-02-15-17-53-59-088652
Evaluate data in 71.44 seconds!
Evaluate data in 90.44 seconds!
FitlogCallback evaluation on data-test:
Seq2SeqSpanMetric: f=47.73, rec=40.0, pre=59.150000000000006, em=0.0132
Evaluation on dev at Epoch 11/30. Step:781/2130: 
Seq2SeqSpanMetric: f=49.419999999999995, rec=42.74, pre=58.56, em=0.0267

Evaluate data in 74.4 seconds!
Evaluate data in 89.92 seconds!
FitlogCallback evaluation on data-test:
Seq2SeqSpanMetric: f=47.53, rec=40.38, pre=57.769999999999996, em=0.0263
Evaluation on dev at Epoch 12/30. Step:852/2130: 
Seq2SeqSpanMetric: f=51.080000000000005, rec=45.16, pre=58.79, em=0.0267

Evaluate data in 68.69 seconds!
Evaluate data in 82.9 seconds!
FitlogCallback evaluation on data-test:
Seq2SeqSpanMetric: f=52.82, rec=45.519999999999996, pre=62.89, em=0.0526
Evaluation on dev at Epoch 13/30. Step:923/2130: 
Seq2SeqSpanMetric: f=53.93, rec=48.39, pre=60.91, em=0.0533

Evaluate data in 65.71 seconds!
Evaluation on dev at Epoch 14/30. Step:994/2130: 
Seq2SeqSpanMetric: f=53.26, rec=48.59, pre=58.919999999999995, em=0.0533

Evaluate data in 67.77 seconds!
Evaluate data in 77.81 seconds!
FitlogCallback evaluation on data-test:
Seq2SeqSpanMetric: f=56.11000000000001, rec=50.29, pre=63.46000000000001, em=0.0526
Evaluation on dev at Epoch 15/30. Step:1065/2130: 
Seq2SeqSpanMetric: f=55.22, rec=51.21, pre=59.91, em=0.04

Evaluate data in 64.07 seconds!
Evaluate data in 88.06 seconds!
FitlogCallback evaluation on data-test:
Seq2SeqSpanMetric: f=56.03, rec=50.480000000000004, pre=62.949999999999996, em=0.0526
Evaluation on dev at Epoch 16/30. Step:1136/2130: 
Seq2SeqSpanMetric: f=56.3, rec=51.81, pre=61.629999999999995, em=0.0667

Evaluate data in 75.29 seconds!
Evaluate data in 94.3 seconds!
FitlogCallback evaluation on data-test:
Seq2SeqSpanMetric: f=56.279999999999994, rec=51.62, pre=61.870000000000005, em=0.0526
Evaluation on dev at Epoch 17/30. Step:1207/2130: 
Seq2SeqSpanMetric: f=59.099999999999994, rec=55.65, pre=63.01, em=0.08

Evaluate data in 62.46 seconds!
Evaluation on dev at Epoch 18/30. Step:1278/2130: 
Seq2SeqSpanMetric: f=58.01, rec=54.03, pre=62.62, em=0.1067

Evaluate data in 61.03 seconds!
Evaluate data in 76.0 seconds!
FitlogCallback evaluation on data-test:
Seq2SeqSpanMetric: f=59.37, rec=54.290000000000006, pre=65.52, em=0.0658
Evaluation on dev at Epoch 19/30. Step:1349/2130: 
Seq2SeqSpanMetric: f=59.589999999999996, rec=56.05, pre=63.62, em=0.08

Evaluate data in 65.22 seconds!
Evaluate data in 76.59 seconds!
FitlogCallback evaluation on data-test:
Seq2SeqSpanMetric: f=60.35, rec=56.379999999999995, pre=64.91, em=0.0658
Evaluation on dev at Epoch 20/30. Step:1420/2130: 
Seq2SeqSpanMetric: f=60.51, rec=57.46, pre=63.9, em=0.0667

Evaluate data in 64.41 seconds!
Evaluation on dev at Epoch 21/30. Step:1491/2130: 
Seq2SeqSpanMetric: f=60.19, rec=57.46, pre=63.190000000000005, em=0.1067

Evaluate data in 64.93 seconds!
Evaluate data in 81.48 seconds!
FitlogCallback evaluation on data-test:
Seq2SeqSpanMetric: f=62.019999999999996, rec=58.48, pre=66.02, em=0.0658
Evaluation on dev at Epoch 22/30. Step:1562/2130: 
Seq2SeqSpanMetric: f=61.41, rec=58.87, pre=64.18, em=0.08

Evaluate data in 59.23 seconds!
Evaluate data in 72.31 seconds!
FitlogCallback evaluation on data-test:
Seq2SeqSpanMetric: f=61.71, rec=57.709999999999994, pre=66.3, em=0.0658
Evaluation on dev at Epoch 23/30. Step:1633/2130: 
Seq2SeqSpanMetric: f=61.6, rec=58.87, pre=64.60000000000001, em=0.0667

Evaluate data in 63.08 seconds!
Evaluate data in 78.44 seconds!
FitlogCallback evaluation on data-test:
Seq2SeqSpanMetric: f=61.69, rec=58.29, pre=65.52, em=0.0658
Evaluation on dev at Epoch 24/30. Step:1704/2130: 
Seq2SeqSpanMetric: f=62.07, rec=59.88, pre=64.42999999999999, em=0.0533

Evaluate data in 61.36 seconds!
Evaluation on dev at Epoch 25/30. Step:1775/2130: 
Seq2SeqSpanMetric: f=61.38, rec=58.47, pre=64.59, em=0.0667

Evaluate data in 61.86 seconds!
Evaluate data in 75.28 seconds!
FitlogCallback evaluation on data-test:
Seq2SeqSpanMetric: f=62.19, rec=59.050000000000004, pre=65.68, em=0.0921
Evaluation on dev at Epoch 26/30. Step:1846/2130: 
Seq2SeqSpanMetric: f=62.629999999999995, rec=60.480000000000004, pre=64.94, em=0.0533

Evaluate data in 61.96 seconds!
Evaluation on dev at Epoch 27/30. Step:1917/2130: 
Seq2SeqSpanMetric: f=62.46000000000001, rec=59.88, pre=65.27, em=0.0667

Evaluate data in 61.66 seconds!
Evaluate data in 78.41 seconds!
FitlogCallback evaluation on data-test:
Seq2SeqSpanMetric: f=62.51, rec=59.24, pre=66.17, em=0.0789
Evaluation on dev at Epoch 28/30. Step:1988/2130: 
Seq2SeqSpanMetric: f=62.79, rec=60.89, pre=64.81, em=0.0667

Evaluate data in 58.67 seconds!
Evaluate data in 71.47 seconds!
FitlogCallback evaluation on data-test:
Seq2SeqSpanMetric: f=63.080000000000005, rec=59.24, pre=67.46, em=0.0921
Evaluation on dev at Epoch 29/30. Step:2059/2130: 
Seq2SeqSpanMetric: f=63.18, rec=60.89, pre=65.64999999999999, em=0.0667

Evaluate data in 59.39 seconds!
Evaluate data in 73.0 seconds!
FitlogCallback evaluation on data-test:
Seq2SeqSpanMetric: f=63.18, rec=59.809999999999995, pre=66.95, em=0.0921
Evaluation on dev at Epoch 30/30. Step:2130/2130: 
Seq2SeqSpanMetric: f=63.190000000000005, rec=61.09, pre=65.44, em=0.0667

Best test performance(may not correspond to the best dev performance):{'Seq2SeqSpanMetric': {'f': 63.18, 'rec': 59.809999999999995, 'pre': 66.95, 'em': 0.0921}} achieved at Epoch:30.
Best test performance(correspond to the best dev performance):{'Seq2SeqSpanMetric': {'f': 63.18, 'rec': 59.809999999999995, 'pre': 66.95, 'em': 0.0921}} achieved at Epoch:30.

In Epoch:30/Step:2130, got best dev performance:
Seq2SeqSpanMetric: f=63.190000000000005, rec=61.09, pre=65.44, em=0.0667
