Running on sh07
# conda environments:
#
base                  *  /opt/conda
PGx_env                  /usr/users/rattrapagemehdibenghali/benghali_meh/.conda/envs/PGx_env
PGx_env_37               /usr/users/rattrapagemehdibenghali/benghali_meh/.conda/envs/PGx_env_37
clean_PGx_env            /usr/users/rattrapagemehdibenghali/benghali_meh/.conda/envs/clean_PGx_env
clean_PGx_env_latest_transformers     /usr/users/rattrapagemehdibenghali/benghali_meh/.conda/envs/clean_PGx_env_latest_transformers
cloned_env               /usr/users/rattrapagemehdibenghali/benghali_meh/.conda/envs/cloned_env
final_PGx_env            /usr/users/rattrapagemehdibenghali/benghali_meh/.conda/envs/final_PGx_env
new_PGx_env              /usr/users/rattrapagemehdibenghali/benghali_meh/.conda/envs/new_PGx_env
torch_from_source_env     /usr/users/rattrapagemehdibenghali/benghali_meh/.conda/envs/torch_from_source_env

Namespace(bart_name='facebook/bart-large', batch_size=8, dataset_name='PGxCorpus', decoder_type='avg_feature', eval_start_epoch=10, history_dir='./training_history', length_penalty=1, lr=1e-05, max_len=10, max_len_a=1.3, n_epochs=100, num_beams=4, save_model=1, schedule='linear', target_type='span', use_encoder_mlp=1, warmup_ratio=0.01)
Save cache to caches/data_facebook/bart-large_PGxCorpus_span.pt.
The number of tokens in tokenizer  50265
50275 50280
CUDA version : 11.7
cuda
input fields after batch(if batch size is 2):
	tgt_tokens: (1)type:torch.Tensor (2)dtype:torch.int64, (3)shape:torch.Size([2, 28]) 
	src_tokens: (1)type:torch.Tensor (2)dtype:torch.int64, (3)shape:torch.Size([2, 56]) 
	first: (1)type:torch.Tensor (2)dtype:torch.int64, (3)shape:torch.Size([2, 56]) 
	src_seq_len: (1)type:torch.Tensor (2)dtype:torch.int64, (3)shape:torch.Size([2]) 
	tgt_seq_len: (1)type:torch.Tensor (2)dtype:torch.int64, (3)shape:torch.Size([2]) 
target fields after batch(if batch size is 2):
	entities: (1)type:numpy.ndarray (2)dtype:object, (3)shape:(2,) 
	tgt_tokens: (1)type:torch.Tensor (2)dtype:torch.int64, (3)shape:torch.Size([2, 28]) 
	target_span: (1)type:numpy.ndarray (2)dtype:object, (3)shape:(2,) 
	tgt_seq_len: (1)type:torch.Tensor (2)dtype:torch.int64, (3)shape:torch.Size([2]) 

training epochs started 2023-02-22-18-40-15-489287
logging training to fitlog
creating history dir
[0, 3, 32, 20, 5, 24, 29, 26, 16, 22, 2, 7, 17, 18, 21, 9, 23, 10, 15, 14, 25, 4, 0, 27, 1, 13, 28, 30, 12, 11, 6, 8, 31, 19]
Evaluate data in 4.07 seconds!
Evaluate data in 4.3 seconds!
FitlogCallback evaluation on data-test:
Seq2SeqSpanMetric: f=45.18, rec=39.24, pre=53.23, em=0.0
Evaluation on dev at Epoch 11/100. Step:781/7100: 
Seq2SeqSpanMetric: f=47.0, rec=41.13, pre=54.84, em=0.0133

Evaluate data in 4.25 seconds!
Evaluation on dev at Epoch 12/100. Step:852/7100: 
Seq2SeqSpanMetric: f=46.02, rec=42.54, pre=50.12, em=0.0

Evaluate data in 3.05 seconds!
Evaluate data in 3.37 seconds!
FitlogCallback evaluation on data-test:
Seq2SeqSpanMetric: f=47.33, rec=41.33, pre=55.36, em=0.0
Evaluation on dev at Epoch 13/100. Step:923/7100: 
Seq2SeqSpanMetric: f=47.31, rec=41.730000000000004, pre=54.620000000000005, em=0.0267

Evaluate data in 4.67 seconds!
Evaluate data in 2.96 seconds!
FitlogCallback evaluation on data-test:
Seq2SeqSpanMetric: f=49.04, rec=43.62, pre=55.989999999999995, em=0.0132
Evaluation on dev at Epoch 14/100. Step:994/7100: 
Seq2SeqSpanMetric: f=50.22, rec=45.97, pre=55.34, em=0.0267

Evaluate data in 4.49 seconds!
Evaluation on dev at Epoch 15/100. Step:1065/7100: 
Seq2SeqSpanMetric: f=49.89, rec=45.56, pre=55.120000000000005, em=0.04

Evaluate data in 2.99 seconds!
Evaluate data in 2.87 seconds!
FitlogCallback evaluation on data-test:
Seq2SeqSpanMetric: f=52.56999999999999, rec=47.81, pre=58.37, em=0.0263
Evaluation on dev at Epoch 16/100. Step:1136/7100: 
Seq2SeqSpanMetric: f=52.71, rec=48.99, pre=57.04, em=0.0667

Evaluate data in 2.75 seconds!
Evaluate data in 2.47 seconds!
FitlogCallback evaluation on data-test:
Seq2SeqSpanMetric: f=52.769999999999996, rec=46.29, pre=61.36000000000001, em=0.0263
Evaluation on dev at Epoch 17/100. Step:1207/7100: 
Seq2SeqSpanMetric: f=53.72, rec=48.79, pre=59.75, em=0.0533

Evaluate data in 2.81 seconds!
Evaluate data in 2.72 seconds!
FitlogCallback evaluation on data-test:
Seq2SeqSpanMetric: f=56.07, rec=51.43, pre=61.63999999999999, em=0.0395
Evaluation on dev at Epoch 18/100. Step:1278/7100: 
Seq2SeqSpanMetric: f=54.99000000000001, rec=51.61, pre=58.85, em=0.0533

Evaluate data in 3.34 seconds!
Evaluate data in 2.74 seconds!
FitlogCallback evaluation on data-test:
Seq2SeqSpanMetric: f=56.08, rec=50.1, pre=63.68000000000001, em=0.0132
Evaluation on dev at Epoch 19/100. Step:1349/7100: 
Seq2SeqSpanMetric: f=56.58, rec=52.019999999999996, pre=62.019999999999996, em=0.08

Evaluate data in 2.67 seconds!
Evaluation on dev at Epoch 20/100. Step:1420/7100: 
Seq2SeqSpanMetric: f=56.14, rec=53.02, pre=59.64, em=0.08

Evaluate data in 3.87 seconds!
Evaluate data in 2.5 seconds!
FitlogCallback evaluation on data-test:
Seq2SeqSpanMetric: f=57.230000000000004, rec=52.76, pre=62.529999999999994, em=0.0526
Evaluation on dev at Epoch 21/100. Step:1491/7100: 
Seq2SeqSpanMetric: f=57.02, rec=53.23, pre=61.4, em=0.08

Evaluate data in 6.18 seconds!
Evaluate data in 2.51 seconds!
FitlogCallback evaluation on data-test:
Seq2SeqSpanMetric: f=58.08, rec=53.71, pre=63.23, em=0.0658
Evaluation on dev at Epoch 22/100. Step:1562/7100: 
Seq2SeqSpanMetric: f=58.45, rec=55.44, pre=61.8, em=0.0667

Evaluate data in 2.76 seconds!
Evaluate data in 2.74 seconds!
FitlogCallback evaluation on data-test:
Seq2SeqSpanMetric: f=59.14, rec=54.86, pre=64.14, em=0.0789
Evaluation on dev at Epoch 23/100. Step:1633/7100: 
Seq2SeqSpanMetric: f=59.19, rec=55.85, pre=62.949999999999996, em=0.0533

Evaluate data in 2.87 seconds!
Evaluate data in 2.73 seconds!
FitlogCallback evaluation on data-test:
Seq2SeqSpanMetric: f=59.24, rec=55.24, pre=63.88, em=0.0921
Evaluation on dev at Epoch 24/100. Step:1704/7100: 
Seq2SeqSpanMetric: f=60.78, rec=58.269999999999996, pre=63.519999999999996, em=0.0667

Evaluate data in 2.59 seconds!
Evaluation on dev at Epoch 25/100. Step:1775/7100: 
Seq2SeqSpanMetric: f=60.129999999999995, rec=57.46, pre=63.05, em=0.0533

Evaluate data in 2.79 seconds!
Evaluate data in 2.31 seconds!
FitlogCallback evaluation on data-test:
Seq2SeqSpanMetric: f=59.37, rec=55.81, pre=63.42, em=0.1053
Evaluation on dev at Epoch 26/100. Step:1846/7100: 
Seq2SeqSpanMetric: f=62.28, rec=60.08, pre=64.64, em=0.08

Evaluate data in 2.73 seconds!
Evaluation on dev at Epoch 27/100. Step:1917/7100: 
Seq2SeqSpanMetric: f=62.08, rec=60.08, pre=64.22, em=0.0933

Evaluate data in 2.49 seconds!
Evaluate data in 2.43 seconds!
FitlogCallback evaluation on data-test:
Seq2SeqSpanMetric: f=60.88, rec=58.099999999999994, pre=63.94, em=0.1316
Evaluation on dev at Epoch 28/100. Step:1988/7100: 
Seq2SeqSpanMetric: f=63.05, rec=60.89, pre=65.36999999999999, em=0.0667

Evaluate data in 2.58 seconds!
Evaluation on dev at Epoch 29/100. Step:2059/7100: 
Seq2SeqSpanMetric: f=62.41, rec=60.08, pre=64.92, em=0.08

Evaluate data in 2.51 seconds!
Evaluation on dev at Epoch 30/100. Step:2130/7100: 
Seq2SeqSpanMetric: f=62.27, rec=60.89, pre=63.71, em=0.0667

Evaluate data in 2.43 seconds!
Evaluate data in 2.22 seconds!
FitlogCallback evaluation on data-test:
Seq2SeqSpanMetric: f=61.23, rec=58.67, pre=64.03, em=0.1316
Evaluation on dev at Epoch 31/100. Step:2201/7100: 
Seq2SeqSpanMetric: f=64.44, rec=62.1, pre=66.96, em=0.0667

Evaluate data in 2.34 seconds!
Evaluation on dev at Epoch 32/100. Step:2272/7100: 
Seq2SeqSpanMetric: f=63.870000000000005, rec=61.49, pre=66.45, em=0.0933

Evaluate data in 2.5 seconds!
Evaluation on dev at Epoch 33/100. Step:2343/7100: 
Seq2SeqSpanMetric: f=63.56, rec=61.9, pre=65.32, em=0.08

Evaluate data in 2.61 seconds!
Evaluation on dev at Epoch 34/100. Step:2414/7100: 
Seq2SeqSpanMetric: f=63.59, rec=62.5, pre=64.72, em=0.1067

Evaluate data in 2.33 seconds!
Evaluation on dev at Epoch 35/100. Step:2485/7100: 
Seq2SeqSpanMetric: f=64.11, rec=62.3, pre=66.03, em=0.08

Evaluate data in 2.33 seconds!
Evaluate data in 2.22 seconds!
FitlogCallback evaluation on data-test:
Seq2SeqSpanMetric: f=64.24, rec=60.57, pre=68.39, em=0.1316
Evaluation on dev at Epoch 36/100. Step:2556/7100: 
Seq2SeqSpanMetric: f=66.32000000000001, rec=63.91, pre=68.91000000000001, em=0.12

Evaluate data in 2.35 seconds!
Evaluation on dev at Epoch 37/100. Step:2627/7100: 
Seq2SeqSpanMetric: f=66.18, rec=63.71, pre=68.85, em=0.1467

Evaluate data in 2.94 seconds!
Evaluation on dev at Epoch 38/100. Step:2698/7100: 
Seq2SeqSpanMetric: f=65.42, rec=63.31, pre=67.67, em=0.12

Evaluate data in 2.49 seconds!
Evaluation on dev at Epoch 39/100. Step:2769/7100: 
Seq2SeqSpanMetric: f=65.31, rec=64.92, pre=65.71000000000001, em=0.08

Evaluate data in 2.71 seconds!
Evaluation on dev at Epoch 40/100. Step:2840/7100: 
Seq2SeqSpanMetric: f=64.77000000000001, rec=64.11, pre=65.42999999999999, em=0.0667

Evaluate data in 2.44 seconds!
Evaluation on dev at Epoch 41/100. Step:2911/7100: 
Seq2SeqSpanMetric: f=66.05, rec=64.31, pre=67.86999999999999, em=0.1067

Evaluate data in 2.58 seconds!
Evaluate data in 2.28 seconds!
FitlogCallback evaluation on data-test:
Seq2SeqSpanMetric: f=64.8, rec=63.81, pre=65.82000000000001, em=0.1316
Evaluation on dev at Epoch 42/100. Step:2982/7100: 
Seq2SeqSpanMetric: f=66.86999999999999, rec=66.73, pre=67.0, em=0.0933

Evaluate data in 2.4 seconds!
Evaluation on dev at Epoch 43/100. Step:3053/7100: 
Seq2SeqSpanMetric: f=66.46, rec=65.32, pre=67.64, em=0.1067

Evaluate data in 2.42 seconds!
Evaluate data in 2.2 seconds!
FitlogCallback evaluation on data-test:
Seq2SeqSpanMetric: f=65.35, rec=63.239999999999995, pre=67.62, em=0.1316
Evaluation on dev at Epoch 44/100. Step:3124/7100: 
Seq2SeqSpanMetric: f=67.7, rec=66.33, pre=69.12, em=0.1067

Evaluate data in 2.55 seconds!
Evaluation on dev at Epoch 45/100. Step:3195/7100: 
Seq2SeqSpanMetric: f=65.53, rec=66.13, pre=64.95, em=0.0933

Evaluate data in 2.36 seconds!
Evaluate data in 2.19 seconds!
FitlogCallback evaluation on data-test:
Seq2SeqSpanMetric: f=65.16999999999999, rec=63.43, pre=67.0, em=0.1447
Evaluation on dev at Epoch 46/100. Step:3266/7100: 
Seq2SeqSpanMetric: f=68.52000000000001, rec=66.94, pre=70.19, em=0.0933

Evaluate data in 2.63 seconds!
Evaluation on dev at Epoch 47/100. Step:3337/7100: 
Seq2SeqSpanMetric: f=67.96, rec=67.14, pre=68.8, em=0.1067

Evaluate data in 2.43 seconds!
Evaluation on dev at Epoch 48/100. Step:3408/7100: 
Seq2SeqSpanMetric: f=65.64, rec=64.31, pre=67.02, em=0.0933

Evaluate data in 2.56 seconds!
Evaluation on dev at Epoch 49/100. Step:3479/7100: 
Seq2SeqSpanMetric: f=65.24, rec=64.52, pre=65.98, em=0.1067

Evaluate data in 2.67 seconds!
Evaluation on dev at Epoch 50/100. Step:3550/7100: 
Seq2SeqSpanMetric: f=66.74, rec=65.32, pre=68.21000000000001, em=0.12

Evaluate data in 2.53 seconds!
Evaluation on dev at Epoch 51/100. Step:3621/7100: 
Seq2SeqSpanMetric: f=67.91, rec=66.33, pre=69.56, em=0.12

Evaluate data in 2.53 seconds!
Evaluate data in 2.27 seconds!
FitlogCallback evaluation on data-test:
Seq2SeqSpanMetric: f=66.73, rec=66.29, pre=67.17999999999999, em=0.2105
Evaluation on dev at Epoch 52/100. Step:3692/7100: 
Seq2SeqSpanMetric: f=69.98, rec=69.56, pre=70.41, em=0.0933

Evaluate data in 2.85 seconds!
Evaluation on dev at Epoch 53/100. Step:3763/7100: 
Seq2SeqSpanMetric: f=67.35, rec=66.33, pre=68.4, em=0.1067

Evaluate data in 2.62 seconds!
Evaluation on dev at Epoch 54/100. Step:3834/7100: 
Seq2SeqSpanMetric: f=69.19, rec=68.15, pre=70.27, em=0.12

Evaluate data in 2.35 seconds!
Evaluation on dev at Epoch 55/100. Step:3905/7100: 
Seq2SeqSpanMetric: f=68.85, rec=67.74, pre=70.0, em=0.1467

Evaluate data in 2.94 seconds!
Evaluation on dev at Epoch 56/100. Step:3976/7100: 
Seq2SeqSpanMetric: f=68.07, rec=68.35, pre=67.80000000000001, em=0.1333

Evaluate data in 3.91 seconds!
Evaluation on dev at Epoch 57/100. Step:4047/7100: 
Seq2SeqSpanMetric: f=68.72, rec=69.76, pre=67.71000000000001, em=0.12

Evaluate data in 2.62 seconds!
Evaluation on dev at Epoch 58/100. Step:4118/7100: 
Seq2SeqSpanMetric: f=67.4, rec=68.35, pre=66.47, em=0.1333

Evaluate data in 2.57 seconds!
Evaluation on dev at Epoch 59/100. Step:4189/7100: 
Seq2SeqSpanMetric: f=68.75, rec=68.75, pre=68.75, em=0.1733

Evaluate data in 2.34 seconds!
Evaluation on dev at Epoch 60/100. Step:4260/7100: 
Seq2SeqSpanMetric: f=68.5, rec=67.74, pre=69.28, em=0.12

Evaluate data in 2.19 seconds!
Evaluation on dev at Epoch 61/100. Step:4331/7100: 
Seq2SeqSpanMetric: f=68.03, rec=66.94, pre=69.17, em=0.12

Evaluate data in 2.51 seconds!
Evaluation on dev at Epoch 62/100. Step:4402/7100: 
Seq2SeqSpanMetric: f=68.02, rec=67.34, pre=68.72, em=0.16

Evaluate data in 2.32 seconds!
Evaluation on dev at Epoch 63/100. Step:4473/7100: 
Seq2SeqSpanMetric: f=67.88, rec=67.54, pre=68.23, em=0.12

Evaluate data in 2.49 seconds!
Evaluation on dev at Epoch 64/100. Step:4544/7100: 
Seq2SeqSpanMetric: f=67.69, rec=66.53, pre=68.89, em=0.1333

Evaluate data in 2.51 seconds!
Evaluation on dev at Epoch 65/100. Step:4615/7100: 
Seq2SeqSpanMetric: f=68.22, rec=67.94, pre=68.5, em=0.1333

Evaluate data in 2.38 seconds!
Evaluation on dev at Epoch 66/100. Step:4686/7100: 
Seq2SeqSpanMetric: f=69.52000000000001, rec=68.75, pre=70.30999999999999, em=0.1333

Evaluate data in 2.35 seconds!
Evaluation on dev at Epoch 67/100. Step:4757/7100: 
Seq2SeqSpanMetric: f=67.54, rec=67.74, pre=67.33, em=0.1467

Evaluate data in 2.41 seconds!
Evaluation on dev at Epoch 68/100. Step:4828/7100: 
Seq2SeqSpanMetric: f=69.04, rec=68.55, pre=69.53, em=0.1467

Evaluate data in 2.4 seconds!
Evaluation on dev at Epoch 69/100. Step:4899/7100: 
Seq2SeqSpanMetric: f=68.28, rec=68.15, pre=68.42, em=0.1333

Evaluate data in 2.6 seconds!
Evaluation on dev at Epoch 70/100. Step:4970/7100: 
Seq2SeqSpanMetric: f=68.02, rec=67.34, pre=68.72, em=0.16

Evaluate data in 2.36 seconds!
Evaluation on dev at Epoch 71/100. Step:5041/7100: 
Seq2SeqSpanMetric: f=68.89999999999999, rec=68.55, pre=69.25, em=0.1467

Evaluate data in 2.39 seconds!
Evaluation on dev at Epoch 72/100. Step:5112/7100: 
Seq2SeqSpanMetric: f=69.43, rec=69.15, pre=69.72, em=0.1333

Evaluate data in 2.38 seconds!
Evaluation on dev at Epoch 73/100. Step:5183/7100: 
Seq2SeqSpanMetric: f=68.76, rec=68.35, pre=69.17999999999999, em=0.1467

Evaluate data in 2.36 seconds!
Evaluation on dev at Epoch 74/100. Step:5254/7100: 
Seq2SeqSpanMetric: f=68.97, rec=68.35, pre=69.61, em=0.1333

Evaluate data in 2.36 seconds!
Evaluation on dev at Epoch 75/100. Step:5325/7100: 
Seq2SeqSpanMetric: f=68.89999999999999, rec=68.55, pre=69.25, em=0.1467

Evaluate data in 2.38 seconds!
Evaluation on dev at Epoch 76/100. Step:5396/7100: 
Seq2SeqSpanMetric: f=69.01, rec=69.35, pre=68.66, em=0.1733

Evaluate data in 2.57 seconds!
Evaluation on dev at Epoch 77/100. Step:5467/7100: 
Seq2SeqSpanMetric: f=68.54, rec=68.95, pre=68.13, em=0.1733

Evaluate data in 2.79 seconds!
Evaluation on dev at Epoch 78/100. Step:5538/7100: 
Seq2SeqSpanMetric: f=68.64, rec=67.74, pre=69.57, em=0.1733

Evaluate data in 2.44 seconds!
Evaluation on dev at Epoch 79/100. Step:5609/7100: 
Seq2SeqSpanMetric: f=69.02000000000001, rec=68.95, pre=69.08999999999999, em=0.1733

Evaluate data in 2.61 seconds!
Evaluation on dev at Epoch 80/100. Step:5680/7100: 
Seq2SeqSpanMetric: f=68.76, rec=68.55, pre=68.97, em=0.1733

Evaluate data in 2.4 seconds!
Evaluation on dev at Epoch 81/100. Step:5751/7100: 
Seq2SeqSpanMetric: f=69.44, rec=68.95, pre=69.94, em=0.1733

Evaluate data in 2.56 seconds!
Evaluation on dev at Epoch 82/100. Step:5822/7100: 
Seq2SeqSpanMetric: f=68.42, rec=68.35, pre=68.47999999999999, em=0.1733

Evaluate data in 2.48 seconds!
Evaluation on dev at Epoch 83/100. Step:5893/7100: 
Seq2SeqSpanMetric: f=68.37, rec=67.34, pre=69.44, em=0.1733

Evaluate data in 2.64 seconds!
Evaluation on dev at Epoch 84/100. Step:5964/7100: 
Seq2SeqSpanMetric: f=69.78, rec=69.35, pre=70.19999999999999, em=0.1733

Evaluate data in 2.51 seconds!
Evaluation on dev at Epoch 85/100. Step:6035/7100: 
Seq2SeqSpanMetric: f=69.71000000000001, rec=69.35, pre=70.06, em=0.1733

Evaluate data in 2.46 seconds!
Evaluation on dev at Epoch 86/100. Step:6106/7100: 
Seq2SeqSpanMetric: f=69.23, rec=68.95, pre=69.51, em=0.1733

Evaluate data in 2.43 seconds!
Evaluation on dev at Epoch 87/100. Step:6177/7100: 
Seq2SeqSpanMetric: f=69.36, rec=69.15, pre=69.57, em=0.1733

Evaluate data in 2.44 seconds!
Evaluation on dev at Epoch 88/100. Step:6248/7100: 
Seq2SeqSpanMetric: f=68.62, rec=68.35, pre=68.89999999999999, em=0.16

Evaluate data in 2.43 seconds!
Evaluation on dev at Epoch 89/100. Step:6319/7100: 
Seq2SeqSpanMetric: f=69.69, rec=69.76, pre=69.62, em=0.1733

Evaluate data in 2.4 seconds!
Evaluation on dev at Epoch 90/100. Step:6390/7100: 
Seq2SeqSpanMetric: f=69.57, rec=69.35, pre=69.78, em=0.1867

Evaluate data in 2.37 seconds!
Evaluation on dev at Epoch 91/100. Step:6461/7100: 
Seq2SeqSpanMetric: f=69.36, rec=69.15, pre=69.57, em=0.1733

Evaluate data in 2.35 seconds!
Evaluation on dev at Epoch 92/100. Step:6532/7100: 
Seq2SeqSpanMetric: f=69.57, rec=69.35, pre=69.78, em=0.1733

Evaluate data in 2.37 seconds!
Evaluation on dev at Epoch 93/100. Step:6603/7100: 
Seq2SeqSpanMetric: f=68.89, rec=68.75, pre=69.03, em=0.1733

Evaluate data in 2.4 seconds!
Evaluation on dev at Epoch 94/100. Step:6674/7100: 
Seq2SeqSpanMetric: f=69.89999999999999, rec=69.76, pre=70.04, em=0.1733

Evaluate data in 2.37 seconds!
Evaluation on dev at Epoch 95/100. Step:6745/7100: 
Seq2SeqSpanMetric: f=69.23, rec=68.95, pre=69.51, em=0.1733

Evaluate data in 3.61 seconds!
Evaluation on dev at Epoch 96/100. Step:6816/7100: 
Seq2SeqSpanMetric: f=69.28999999999999, rec=69.15, pre=69.43, em=0.1867

Evaluate data in 2.42 seconds!
Evaluation on dev at Epoch 97/100. Step:6887/7100: 
Seq2SeqSpanMetric: f=69.15, rec=69.15, pre=69.15, em=0.16

Evaluate data in 2.41 seconds!
Evaluation on dev at Epoch 98/100. Step:6958/7100: 
Seq2SeqSpanMetric: f=69.08999999999999, rec=68.95, pre=69.23, em=0.16

Evaluate data in 4.87 seconds!
Evaluation on dev at Epoch 99/100. Step:7029/7100: 
Seq2SeqSpanMetric: f=69.08999999999999, rec=68.95, pre=69.23, em=0.16

Evaluate data in 2.36 seconds!
Evaluation on dev at Epoch 100/100. Step:7100/7100: 
Seq2SeqSpanMetric: f=69.15, rec=69.15, pre=69.15, em=0.16

Best test performance(may not correspond to the best dev performance):{'Seq2SeqSpanMetric': {'f': 66.73, 'rec': 66.29, 'pre': 67.17999999999999, 'em': 0.2105}} achieved at Epoch:52.
Best test performance(correspond to the best dev performance):{'Seq2SeqSpanMetric': {'f': 66.73, 'rec': 66.29, 'pre': 67.17999999999999, 'em': 0.2105}} achieved at Epoch:52.

In Epoch:52/Step:3692, got best dev performance:
Seq2SeqSpanMetric: f=69.98, rec=69.56, pre=70.41, em=0.0933
