Running on sh07
# conda environments:
#
base                  *  /opt/conda
PGx_env                  /usr/users/rattrapagemehdibenghali/benghali_meh/.conda/envs/PGx_env
PGx_env_37               /usr/users/rattrapagemehdibenghali/benghali_meh/.conda/envs/PGx_env_37
clean_PGx_env            /usr/users/rattrapagemehdibenghali/benghali_meh/.conda/envs/clean_PGx_env
clean_PGx_env_latest_transformers     /usr/users/rattrapagemehdibenghali/benghali_meh/.conda/envs/clean_PGx_env_latest_transformers
cloned_env               /usr/users/rattrapagemehdibenghali/benghali_meh/.conda/envs/cloned_env
final_PGx_env            /usr/users/rattrapagemehdibenghali/benghali_meh/.conda/envs/final_PGx_env
new_PGx_env              /usr/users/rattrapagemehdibenghali/benghali_meh/.conda/envs/new_PGx_env
torch_from_source_env     /usr/users/rattrapagemehdibenghali/benghali_meh/.conda/envs/torch_from_source_env

Namespace(bart_name='facebook/bart-large', batch_size=8, dataset_name='PGxCorpus', decoder_type='avg_feature', eval_start_epoch=10, history_dir='./training_history', length_penalty=1, lr=1e-05, max_len=10, max_len_a=1.1, n_epochs=100, num_beams=4, save_model=1, schedule='linear', target_type='span', use_encoder_mlp=1, warmup_ratio=0.01)
Save cache to caches/data_facebook/bart-large_PGxCorpus_span.pt.
The number of tokens in tokenizer  50265
50275 50280
CUDA version : 11.7
cuda
input fields after batch(if batch size is 2):
	tgt_tokens: (1)type:torch.Tensor (2)dtype:torch.int64, (3)shape:torch.Size([2, 28]) 
	src_tokens: (1)type:torch.Tensor (2)dtype:torch.int64, (3)shape:torch.Size([2, 56]) 
	first: (1)type:torch.Tensor (2)dtype:torch.int64, (3)shape:torch.Size([2, 56]) 
	src_seq_len: (1)type:torch.Tensor (2)dtype:torch.int64, (3)shape:torch.Size([2]) 
	tgt_seq_len: (1)type:torch.Tensor (2)dtype:torch.int64, (3)shape:torch.Size([2]) 
target fields after batch(if batch size is 2):
	entities: (1)type:numpy.ndarray (2)dtype:object, (3)shape:(2,) 
	tgt_tokens: (1)type:torch.Tensor (2)dtype:torch.int64, (3)shape:torch.Size([2, 28]) 
	target_span: (1)type:numpy.ndarray (2)dtype:object, (3)shape:(2,) 
	tgt_seq_len: (1)type:torch.Tensor (2)dtype:torch.int64, (3)shape:torch.Size([2]) 

training epochs started 2023-02-22-16-28-57-933433
logging training to fitlog
creating history dir
[0, 3, 20, 5, 24, 29, 26, 16, 22, 2, 7, 17, 18, 21, 9, 23, 10, 15, 14, 25, 4, 0, 27, 1, 13, 28, 12, 11, 6, 8, 19]
Evaluate data in 2.58 seconds!
Evaluate data in 2.63 seconds!
FitlogCallback evaluation on data-test:
Seq2SeqSpanMetric: f=51.74999999999999, rec=43.62, pre=63.61, em=0.0132
Evaluation on dev at Epoch 11/100. Step:781/7100: 
Seq2SeqSpanMetric: f=48.66, rec=42.14, pre=57.58, em=0.0267

Evaluate data in 3.95 seconds!
Evaluate data in 2.59 seconds!
FitlogCallback evaluation on data-test:
Seq2SeqSpanMetric: f=58.51, rec=54.669999999999995, pre=62.94, em=0.0526
Evaluation on dev at Epoch 12/100. Step:852/7100: 
Seq2SeqSpanMetric: f=55.400000000000006, rec=52.22, pre=59.0, em=0.0533

Evaluate data in 2.52 seconds!
Evaluate data in 2.58 seconds!
FitlogCallback evaluation on data-test:
Seq2SeqSpanMetric: f=57.68, rec=52.949999999999996, pre=63.33, em=0.0658
Evaluation on dev at Epoch 13/100. Step:923/7100: 
Seq2SeqSpanMetric: f=57.92, rec=53.83, pre=62.68, em=0.04

Evaluate data in 2.42 seconds!
Evaluation on dev at Epoch 14/100. Step:994/7100: 
Seq2SeqSpanMetric: f=57.3, rec=52.22, pre=63.480000000000004, em=0.0667

Evaluate data in 3.94 seconds!
Evaluate data in 2.48 seconds!
FitlogCallback evaluation on data-test:
Seq2SeqSpanMetric: f=58.599999999999994, rec=54.86, pre=62.88, em=0.0658
Evaluation on dev at Epoch 15/100. Step:1065/7100: 
Seq2SeqSpanMetric: f=59.06, rec=55.85, pre=62.67, em=0.08

Evaluate data in 3.57 seconds!
Evaluate data in 2.95 seconds!
FitlogCallback evaluation on data-test:
Seq2SeqSpanMetric: f=62.13999999999999, rec=60.95, pre=63.370000000000005, em=0.0921
Evaluation on dev at Epoch 16/100. Step:1136/7100: 
Seq2SeqSpanMetric: f=60.14000000000001, rec=58.87, pre=61.47, em=0.08

Evaluate data in 2.47 seconds!
Evaluate data in 2.48 seconds!
FitlogCallback evaluation on data-test:
Seq2SeqSpanMetric: f=61.57, rec=58.29, pre=65.25, em=0.1184
Evaluation on dev at Epoch 17/100. Step:1207/7100: 
Seq2SeqSpanMetric: f=61.44, rec=58.47, pre=64.73, em=0.0667

Evaluate data in 2.51 seconds!
Evaluation on dev at Epoch 18/100. Step:1278/7100: 
Seq2SeqSpanMetric: f=61.199999999999996, rec=59.48, pre=63.029999999999994, em=0.0667

Evaluate data in 2.65 seconds!
Evaluate data in 2.22 seconds!
FitlogCallback evaluation on data-test:
Seq2SeqSpanMetric: f=62.78, rec=59.43000000000001, pre=66.52, em=0.1184
Evaluation on dev at Epoch 19/100. Step:1349/7100: 
Seq2SeqSpanMetric: f=63.54, rec=60.08, pre=67.42, em=0.0933

Evaluate data in 3.09 seconds!
Evaluation on dev at Epoch 20/100. Step:1420/7100: 
Seq2SeqSpanMetric: f=62.53999999999999, rec=61.09, pre=64.05999999999999, em=0.0933

Evaluate data in 2.48 seconds!
Evaluate data in 2.25 seconds!
FitlogCallback evaluation on data-test:
Seq2SeqSpanMetric: f=62.7, rec=60.19, pre=65.42, em=0.1316
Evaluation on dev at Epoch 21/100. Step:1491/7100: 
Seq2SeqSpanMetric: f=63.59, rec=61.09, pre=66.3, em=0.12

Evaluate data in 2.77 seconds!
Evaluate data in 2.37 seconds!
FitlogCallback evaluation on data-test:
Seq2SeqSpanMetric: f=62.81, rec=60.0, pre=65.9, em=0.1316
Evaluation on dev at Epoch 22/100. Step:1562/7100: 
Seq2SeqSpanMetric: f=64.05999999999999, rec=62.7, pre=65.47, em=0.0933

Evaluate data in 2.61 seconds!
Evaluate data in 2.29 seconds!
FitlogCallback evaluation on data-test:
Seq2SeqSpanMetric: f=64.5, rec=62.29, pre=66.86999999999999, em=0.1184
Evaluation on dev at Epoch 23/100. Step:1633/7100: 
Seq2SeqSpanMetric: f=65.03, rec=63.91, pre=66.18, em=0.0933

Evaluate data in 2.68 seconds!
Evaluation on dev at Epoch 24/100. Step:1704/7100: 
Seq2SeqSpanMetric: f=64.95, rec=63.71, pre=66.25, em=0.1067

Evaluate data in 2.42 seconds!
Evaluation on dev at Epoch 25/100. Step:1775/7100: 
Seq2SeqSpanMetric: f=64.32, rec=62.7, pre=66.03, em=0.0933

Evaluate data in 2.52 seconds!
Evaluate data in 2.55 seconds!
FitlogCallback evaluation on data-test:
Seq2SeqSpanMetric: f=65.57, rec=64.75999999999999, pre=66.41, em=0.1711
Evaluation on dev at Epoch 26/100. Step:1846/7100: 
Seq2SeqSpanMetric: f=65.66, rec=65.52, pre=65.79, em=0.1067

Evaluate data in 2.54 seconds!
Evaluate data in 2.24 seconds!
FitlogCallback evaluation on data-test:
Seq2SeqSpanMetric: f=66.53999999999999, rec=64.19, pre=69.06, em=0.1447
Evaluation on dev at Epoch 27/100. Step:1917/7100: 
Seq2SeqSpanMetric: f=67.28, rec=66.13, pre=68.47999999999999, em=0.12

Evaluate data in 4.86 seconds!
Evaluation on dev at Epoch 28/100. Step:1988/7100: 
Seq2SeqSpanMetric: f=67.01, rec=65.73, pre=68.34, em=0.1467

Evaluate data in 2.57 seconds!
Evaluation on dev at Epoch 29/100. Step:2059/7100: 
Seq2SeqSpanMetric: f=67.21000000000001, rec=66.33, pre=68.12, em=0.1333

Evaluate data in 3.3 seconds!
Evaluation on dev at Epoch 30/100. Step:2130/7100: 
Seq2SeqSpanMetric: f=66.19, rec=65.12, pre=67.29, em=0.12

Evaluate data in 2.43 seconds!
Evaluate data in 2.29 seconds!
FitlogCallback evaluation on data-test:
Seq2SeqSpanMetric: f=65.16, rec=63.05, pre=67.41, em=0.1579
Evaluation on dev at Epoch 31/100. Step:2201/7100: 
Seq2SeqSpanMetric: f=67.35, rec=65.93, pre=68.84, em=0.1333

Evaluate data in 5.73 seconds!
Evaluate data in 2.32 seconds!
FitlogCallback evaluation on data-test:
Seq2SeqSpanMetric: f=66.8, rec=65.71000000000001, pre=67.91, em=0.1579
Evaluation on dev at Epoch 32/100. Step:2272/7100: 
Seq2SeqSpanMetric: f=67.82000000000001, rec=66.94, pre=68.74, em=0.1333

Evaluate data in 3.51 seconds!
Evaluation on dev at Epoch 33/100. Step:2343/7100: 
Seq2SeqSpanMetric: f=67.47999999999999, rec=67.14, pre=67.82000000000001, em=0.1467

Evaluate data in 2.61 seconds!
Evaluation on dev at Epoch 34/100. Step:2414/7100: 
Seq2SeqSpanMetric: f=67.0, rec=66.94, pre=67.07, em=0.12

Evaluate data in 2.5 seconds!
Evaluate data in 2.3 seconds!
FitlogCallback evaluation on data-test:
Seq2SeqSpanMetric: f=65.29, rec=63.239999999999995, pre=67.47999999999999, em=0.1579
Evaluation on dev at Epoch 35/100. Step:2485/7100: 
Seq2SeqSpanMetric: f=68.97, rec=68.35, pre=69.61, em=0.1333

Evaluate data in 2.49 seconds!
Evaluation on dev at Epoch 36/100. Step:2556/7100: 
Seq2SeqSpanMetric: f=68.42, rec=68.15, pre=68.7, em=0.1333

Evaluate data in 4.21 seconds!
Evaluation on dev at Epoch 37/100. Step:2627/7100: 
Seq2SeqSpanMetric: f=68.15, rec=67.74, pre=68.57, em=0.1333

Evaluate data in 2.39 seconds!
Evaluation on dev at Epoch 38/100. Step:2698/7100: 
Seq2SeqSpanMetric: f=68.44, rec=67.54, pre=69.36, em=0.16

Evaluate data in 2.42 seconds!
Evaluate data in 2.3 seconds!
FitlogCallback evaluation on data-test:
Seq2SeqSpanMetric: f=67.31, rec=66.67, pre=67.96, em=0.1711
Evaluation on dev at Epoch 39/100. Step:2769/7100: 
Seq2SeqSpanMetric: f=69.03, rec=68.75, pre=69.31, em=0.1467

Evaluate data in 2.42 seconds!
Evaluation on dev at Epoch 40/100. Step:2840/7100: 
Seq2SeqSpanMetric: f=68.54, rec=68.75, pre=68.34, em=0.12

Evaluate data in 2.4 seconds!
Evaluation on dev at Epoch 41/100. Step:2911/7100: 
Seq2SeqSpanMetric: f=67.14, rec=66.73, pre=67.55, em=0.1067

Evaluate data in 2.52 seconds!
Evaluation on dev at Epoch 42/100. Step:2982/7100: 
Seq2SeqSpanMetric: f=67.94, rec=68.15, pre=67.74, em=0.12

Evaluate data in 2.37 seconds!
Evaluate data in 2.1 seconds!
FitlogCallback evaluation on data-test:
Seq2SeqSpanMetric: f=70.37, rec=67.62, pre=73.35000000000001, em=0.1974
Evaluation on dev at Epoch 43/100. Step:3053/7100: 
Seq2SeqSpanMetric: f=70.30999999999999, rec=68.75, pre=71.94, em=0.16

Evaluate data in 2.47 seconds!
Evaluation on dev at Epoch 44/100. Step:3124/7100: 
Seq2SeqSpanMetric: f=70.09, rec=70.16, pre=70.02000000000001, em=0.1467

Evaluate data in 2.46 seconds!
Evaluation on dev at Epoch 45/100. Step:3195/7100: 
Seq2SeqSpanMetric: f=69.17999999999999, rec=68.55, pre=69.82000000000001, em=0.1333

Evaluate data in 3.46 seconds!
Evaluation on dev at Epoch 46/100. Step:3266/7100: 
Seq2SeqSpanMetric: f=69.17999999999999, rec=68.55, pre=69.82000000000001, em=0.1333

Evaluate data in 2.47 seconds!
Evaluation on dev at Epoch 47/100. Step:3337/7100: 
Seq2SeqSpanMetric: f=70.14, rec=70.56, pre=69.72, em=0.1333

Evaluate data in 2.45 seconds!
Evaluate data in 2.3 seconds!
FitlogCallback evaluation on data-test:
Seq2SeqSpanMetric: f=67.44, rec=66.47999999999999, pre=68.43, em=0.1711
Evaluation on dev at Epoch 48/100. Step:3408/7100: 
Seq2SeqSpanMetric: f=70.64, rec=70.56, pre=70.71, em=0.1467

Evaluate data in 2.44 seconds!
Evaluation on dev at Epoch 49/100. Step:3479/7100: 
Seq2SeqSpanMetric: f=69.39999999999999, rec=69.96, pre=68.85, em=0.1333

Evaluate data in 4.61 seconds!
Evaluation on dev at Epoch 50/100. Step:3550/7100: 
Seq2SeqSpanMetric: f=70.14, rec=70.56, pre=69.72, em=0.1333

Evaluate data in 2.45 seconds!
Evaluation on dev at Epoch 51/100. Step:3621/7100: 
Seq2SeqSpanMetric: f=69.89, rec=69.96, pre=69.82000000000001, em=0.1467

Evaluate data in 2.46 seconds!
Evaluation on dev at Epoch 52/100. Step:3692/7100: 
Seq2SeqSpanMetric: f=68.96, rec=68.75, pre=69.17, em=0.1333

Evaluate data in 2.45 seconds!
Evaluation on dev at Epoch 53/100. Step:3763/7100: 
Seq2SeqSpanMetric: f=68.82000000000001, rec=68.75, pre=68.89, em=0.1467

Evaluate data in 2.46 seconds!
Evaluation on dev at Epoch 54/100. Step:3834/7100: 
Seq2SeqSpanMetric: f=70.28, rec=70.56, pre=70.0, em=0.16

Evaluate data in 2.45 seconds!
Evaluation on dev at Epoch 55/100. Step:3905/7100: 
Seq2SeqSpanMetric: f=69.95, rec=70.16, pre=69.74000000000001, em=0.16

Evaluate data in 2.44 seconds!
Evaluation on dev at Epoch 56/100. Step:3976/7100: 
Seq2SeqSpanMetric: f=69.6, rec=70.16, pre=69.05, em=0.1467

Evaluate data in 2.44 seconds!
Evaluate data in 2.34 seconds!
FitlogCallback evaluation on data-test:
Seq2SeqSpanMetric: f=69.03, rec=68.57, pre=69.5, em=0.1842
Evaluation on dev at Epoch 57/100. Step:4047/7100: 
Seq2SeqSpanMetric: f=70.81, rec=71.17, pre=70.46, em=0.1467

Evaluate data in 3.3 seconds!
Evaluation on dev at Epoch 58/100. Step:4118/7100: 
Seq2SeqSpanMetric: f=69.6, rec=70.16, pre=69.05, em=0.1467

Evaluate data in 2.42 seconds!
Evaluation on dev at Epoch 59/100. Step:4189/7100: 
Seq2SeqSpanMetric: f=70.09, rec=70.16, pre=70.02000000000001, em=0.16

Evaluate data in 2.45 seconds!
Evaluation on dev at Epoch 60/100. Step:4260/7100: 
Seq2SeqSpanMetric: f=70.09, rec=70.16, pre=70.02000000000001, em=0.1333

Evaluate data in 2.39 seconds!
Evaluation on dev at Epoch 61/100. Step:4331/7100: 
Seq2SeqSpanMetric: f=70.27, rec=70.77, pre=69.78, em=0.1733

Evaluate data in 2.42 seconds!
Evaluation on dev at Epoch 62/100. Step:4402/7100: 
Seq2SeqSpanMetric: f=70.74000000000001, rec=71.17, pre=70.32000000000001, em=0.1867

Evaluate data in 2.45 seconds!
Evaluation on dev at Epoch 63/100. Step:4473/7100: 
Seq2SeqSpanMetric: f=69.92, rec=70.77, pre=69.08999999999999, em=0.1733

Evaluate data in 2.54 seconds!
Evaluation on dev at Epoch 64/100. Step:4544/7100: 
Seq2SeqSpanMetric: f=69.87, rec=70.36, pre=69.38, em=0.1467

Evaluate data in 2.34 seconds!
Evaluation on dev at Epoch 65/100. Step:4615/7100: 
Seq2SeqSpanMetric: f=69.5, rec=69.15, pre=69.86, em=0.16

Evaluate data in 2.46 seconds!
Evaluation on dev at Epoch 66/100. Step:4686/7100: 
Seq2SeqSpanMetric: f=70.75, rec=70.97, pre=70.54, em=0.1733

Evaluate data in 2.44 seconds!
Evaluation on dev at Epoch 67/100. Step:4757/7100: 
Seq2SeqSpanMetric: f=70.77, rec=70.77, pre=70.77, em=0.1867

Evaluate data in 2.47 seconds!
Evaluation on dev at Epoch 68/100. Step:4828/7100: 
Seq2SeqSpanMetric: f=70.3, rec=70.16, pre=70.45, em=0.1733

Evaluate data in 2.47 seconds!
Evaluate data in 2.41 seconds!
FitlogCallback evaluation on data-test:
Seq2SeqSpanMetric: f=68.92, rec=68.0, pre=69.86, em=0.1974
Evaluation on dev at Epoch 69/100. Step:4899/7100: 
Seq2SeqSpanMetric: f=71.00999999999999, rec=71.37, pre=70.66, em=0.1733

Evaluate data in 2.43 seconds!
Evaluation on dev at Epoch 70/100. Step:4970/7100: 
Seq2SeqSpanMetric: f=70.36, rec=70.36, pre=70.36, em=0.1867

Evaluate data in 3.74 seconds!
Evaluate data in 2.31 seconds!
FitlogCallback evaluation on data-test:
Seq2SeqSpanMetric: f=70.35, rec=70.28999999999999, pre=70.42, em=0.1711
Evaluation on dev at Epoch 71/100. Step:5041/7100: 
Seq2SeqSpanMetric: f=71.7, rec=71.77, pre=71.63000000000001, em=0.1867

Evaluate data in 2.45 seconds!
Evaluation on dev at Epoch 72/100. Step:5112/7100: 
Seq2SeqSpanMetric: f=71.59, rec=72.38, pre=70.81, em=0.2

Evaluate data in 2.38 seconds!
Evaluation on dev at Epoch 73/100. Step:5183/7100: 
Seq2SeqSpanMetric: f=70.58, rec=70.36, pre=70.78999999999999, em=0.1733

Evaluate data in 2.42 seconds!
Evaluation on dev at Epoch 74/100. Step:5254/7100: 
Seq2SeqSpanMetric: f=70.71, rec=70.56, pre=70.85000000000001, em=0.16

Evaluate data in 2.38 seconds!
Evaluation on dev at Epoch 75/100. Step:5325/7100: 
Seq2SeqSpanMetric: f=70.09, rec=70.16, pre=70.02000000000001, em=0.16

Evaluate data in 2.44 seconds!
Evaluation on dev at Epoch 76/100. Step:5396/7100: 
Seq2SeqSpanMetric: f=69.74000000000001, rec=70.16, pre=69.32000000000001, em=0.16

Evaluate data in 2.35 seconds!
Evaluation on dev at Epoch 77/100. Step:5467/7100: 
Seq2SeqSpanMetric: f=70.45, rec=70.16, pre=70.73, em=0.2

Evaluate data in 2.48 seconds!
Evaluate data in 2.22 seconds!
FitlogCallback evaluation on data-test:
Seq2SeqSpanMetric: f=70.13000000000001, rec=69.33, pre=70.96000000000001, em=0.1974
Evaluation on dev at Epoch 78/100. Step:5538/7100: 
Seq2SeqSpanMetric: f=71.89999999999999, rec=71.98, pre=71.83, em=0.1867

Evaluate data in 2.44 seconds!
Evaluation on dev at Epoch 79/100. Step:5609/7100: 
Seq2SeqSpanMetric: f=70.6, rec=71.17, pre=70.04, em=0.1733

Evaluate data in 2.41 seconds!
Evaluation on dev at Epoch 80/100. Step:5680/7100: 
Seq2SeqSpanMetric: f=70.28999999999999, rec=70.36, pre=70.22, em=0.1733

Evaluate data in 2.53 seconds!
Evaluate data in 2.2 seconds!
FitlogCallback evaluation on data-test:
Seq2SeqSpanMetric: f=69.31, rec=68.38, pre=70.25, em=0.1974
Evaluation on dev at Epoch 81/100. Step:5751/7100: 
Seq2SeqSpanMetric: f=71.99, rec=71.77, pre=72.21, em=0.1867

Evaluate data in 2.39 seconds!
Evaluation on dev at Epoch 82/100. Step:5822/7100: 
Seq2SeqSpanMetric: f=70.66, rec=71.37, pre=69.96, em=0.1733

Evaluate data in 2.34 seconds!
Evaluation on dev at Epoch 83/100. Step:5893/7100: 
Seq2SeqSpanMetric: f=70.97, rec=70.97, pre=70.97, em=0.1867

Evaluate data in 2.4 seconds!
Evaluation on dev at Epoch 84/100. Step:5964/7100: 
Seq2SeqSpanMetric: f=70.6, rec=71.17, pre=70.04, em=0.16

Evaluate data in 2.38 seconds!
Evaluation on dev at Epoch 85/100. Step:6035/7100: 
Seq2SeqSpanMetric: f=70.24000000000001, rec=69.96, pre=70.53, em=0.2

Evaluate data in 2.43 seconds!
Evaluation on dev at Epoch 86/100. Step:6106/7100: 
Seq2SeqSpanMetric: f=71.89999999999999, rec=71.98, pre=71.83, em=0.2

Evaluate data in 2.45 seconds!
Evaluation on dev at Epoch 87/100. Step:6177/7100: 
Seq2SeqSpanMetric: f=70.35, rec=70.56, pre=70.14, em=0.16

Evaluate data in 2.46 seconds!
Evaluation on dev at Epoch 88/100. Step:6248/7100: 
Seq2SeqSpanMetric: f=69.82000000000001, rec=69.96, pre=69.67999999999999, em=0.1733

Evaluate data in 4.43 seconds!
Evaluation on dev at Epoch 89/100. Step:6319/7100: 
Seq2SeqSpanMetric: f=70.95, rec=71.17, pre=70.74000000000001, em=0.16

Evaluate data in 2.47 seconds!
Evaluation on dev at Epoch 90/100. Step:6390/7100: 
Seq2SeqSpanMetric: f=69.88, rec=70.16, pre=69.6, em=0.1733

Evaluate data in 2.4 seconds!
Evaluation on dev at Epoch 91/100. Step:6461/7100: 
Seq2SeqSpanMetric: f=70.22, rec=70.36, pre=70.08, em=0.1867

Evaluate data in 2.46 seconds!
Evaluation on dev at Epoch 92/100. Step:6532/7100: 
Seq2SeqSpanMetric: f=70.88, rec=71.17, pre=70.6, em=0.1867

Evaluate data in 2.48 seconds!
Evaluation on dev at Epoch 93/100. Step:6603/7100: 
Seq2SeqSpanMetric: f=71.23, rec=71.37, pre=71.08, em=0.1867

Evaluate data in 2.48 seconds!
Evaluation on dev at Epoch 94/100. Step:6674/7100: 
Seq2SeqSpanMetric: f=70.55, rec=70.77, pre=70.34, em=0.1733

Evaluate data in 2.52 seconds!
Evaluation on dev at Epoch 95/100. Step:6745/7100: 
Seq2SeqSpanMetric: f=70.75, rec=70.97, pre=70.54, em=0.1867

Evaluate data in 2.5 seconds!
Evaluation on dev at Epoch 96/100. Step:6816/7100: 
Seq2SeqSpanMetric: f=71.27, rec=71.77, pre=70.78, em=0.1733

Evaluate data in 2.44 seconds!
Evaluation on dev at Epoch 97/100. Step:6887/7100: 
Seq2SeqSpanMetric: f=71.16, rec=71.37, pre=70.94, em=0.1867

Evaluate data in 2.5 seconds!
Evaluation on dev at Epoch 98/100. Step:6958/7100: 
Seq2SeqSpanMetric: f=71.41, rec=71.77, pre=71.06, em=0.1867

Evaluate data in 2.5 seconds!
Evaluation on dev at Epoch 99/100. Step:7029/7100: 
Seq2SeqSpanMetric: f=71.34, rec=71.77, pre=70.92, em=0.1733

Evaluate data in 2.49 seconds!
Evaluation on dev at Epoch 100/100. Step:7100/7100: 
Seq2SeqSpanMetric: f=71.49, rec=71.77, pre=71.2, em=0.1867

Best test performance(may not correspond to the best dev performance):{'Seq2SeqSpanMetric': {'f': 70.37, 'rec': 67.62, 'pre': 73.35000000000001, 'em': 0.1974}} achieved at Epoch:43.
Best test performance(correspond to the best dev performance):{'Seq2SeqSpanMetric': {'f': 69.31, 'rec': 68.38, 'pre': 70.25, 'em': 0.1974}} achieved at Epoch:81.

In Epoch:81/Step:5751, got best dev performance:
Seq2SeqSpanMetric: f=71.99, rec=71.77, pre=72.21, em=0.1867
