Running on sh02
# conda environments:
#
base                  *  /opt/conda
PGx_env                  /usr/users/rattrapagemehdibenghali/benghali_meh/.conda/envs/PGx_env
PGx_env_37               /usr/users/rattrapagemehdibenghali/benghali_meh/.conda/envs/PGx_env_37
clean_PGx_env            /usr/users/rattrapagemehdibenghali/benghali_meh/.conda/envs/clean_PGx_env
clean_PGx_env_latest_transformers     /usr/users/rattrapagemehdibenghali/benghali_meh/.conda/envs/clean_PGx_env_latest_transformers
cloned_env               /usr/users/rattrapagemehdibenghali/benghali_meh/.conda/envs/cloned_env
final_PGx_env            /usr/users/rattrapagemehdibenghali/benghali_meh/.conda/envs/final_PGx_env
new_PGx_env              /usr/users/rattrapagemehdibenghali/benghali_meh/.conda/envs/new_PGx_env
torch_from_source_env     /usr/users/rattrapagemehdibenghali/benghali_meh/.conda/envs/torch_from_source_env

Defaulting to user installation because normal site-packages is not writeable
Requirement already satisfied: pip in /usr/users/rattrapagemehdibenghali/benghali_meh/.local/lib/python3.9/site-packages (23.0)
Collecting pip
  Using cached pip-23.0.1-py3-none-any.whl (2.1 MB)
Installing collected packages: pip
  Attempting uninstall: pip
    Found existing installation: pip 23.0
    Uninstalling pip-23.0:
      Successfully uninstalled pip-23.0
Successfully installed pip-23.0.1
Collecting package metadata (current_repodata.json): ...working... done
Solving environment: ...working... done

## Package Plan ##

  environment location: /opt/conda

  added / updated specs:
    - rust


The following packages will be downloaded:

    package                    |            build
    ---------------------------|-----------------
    conda-4.14.0               |   py39hf3d152e_0        1011 KB  conda-forge
    python_abi-3.9             |           2_cp39           4 KB  conda-forge
    ------------------------------------------------------------
                                           Total:        1015 KB

The following NEW packages will be INSTALLED:

  python_abi         conda-forge/linux-64::python_abi-3.9-2_cp39
  rust               pkgs/main/linux-64::rust-1.64.0-h06a4308_0

The following packages will be UPDATED:

  conda              pkgs/main::conda-4.10.3-py39h06a4308_0 --> conda-forge::conda-4.14.0-py39hf3d152e_0


Proceed ([y]/n)? 

Downloading and Extracting Packages
python_abi-3.9       | 4 KB      |            |   0% python_abi-3.9       | 4 KB      | ########## | 100% python_abi-3.9       | 4 KB      | ########## | 100% 
conda-4.14.0         | 1011 KB   |            |   0% conda-4.14.0         | 1011 KB   | ##6        |  27% conda-4.14.0         | 1011 KB   | ########## | 100% conda-4.14.0         | 1011 KB   | ########## | 100% 
Preparing transaction: ...working... done
Verifying transaction: ...working... failed
Defaulting to user installation because normal site-packages is not writeable
Requirement already satisfied: setuptools_rust in /usr/users/rattrapagemehdibenghali/benghali_meh/.local/lib/python3.9/site-packages (1.5.2)
Requirement already satisfied: setuptools>=62.4 in /usr/users/rattrapagemehdibenghali/benghali_meh/.local/lib/python3.9/site-packages (from setuptools_rust) (67.1.0)
Requirement already satisfied: typing-extensions>=3.7.4.3 in /opt/conda/lib/python3.9/site-packages (from setuptools_rust) (3.10.0.2)
Requirement already satisfied: semantic-version<3,>=2.8.2 in /usr/users/rattrapagemehdibenghali/benghali_meh/.local/lib/python3.9/site-packages (from setuptools_rust) (2.10.0)
Defaulting to user installation because normal site-packages is not writeable
Collecting tokenizers
  Using cached tokenizers-0.13.2-cp39-cp39-manylinux_2_17_x86_64.manylinux2014_x86_64.whl (7.6 MB)
Installing collected packages: tokenizers
Successfully installed tokenizers-0.13.2
Defaulting to user installation because normal site-packages is not writeable
Collecting protobuf==3.20.*
  Using cached protobuf-3.20.3-cp39-cp39-manylinux_2_5_x86_64.manylinux1_x86_64.whl (1.0 MB)
Installing collected packages: protobuf
Successfully installed protobuf-3.20.3
Defaulting to user installation because normal site-packages is not writeable
Collecting transformers
  Using cached transformers-4.26.1-py3-none-any.whl (6.3 MB)
Collecting requests
  Using cached requests-2.28.2-py3-none-any.whl (62 kB)
Collecting tokenizers!=0.11.3,<0.14,>=0.11.1
  Using cached tokenizers-0.13.2-cp39-cp39-manylinux_2_17_x86_64.manylinux2014_x86_64.whl (7.6 MB)
Collecting packaging>=20.0
  Using cached packaging-23.0-py3-none-any.whl (42 kB)
Collecting huggingface-hub<1.0,>=0.11.0
  Using cached huggingface_hub-0.12.1-py3-none-any.whl (190 kB)
Collecting pyyaml>=5.1
  Using cached PyYAML-6.0-cp39-cp39-manylinux_2_5_x86_64.manylinux1_x86_64.manylinux_2_12_x86_64.manylinux2010_x86_64.whl (661 kB)
Collecting numpy>=1.17
  Using cached numpy-1.24.2-cp39-cp39-manylinux_2_17_x86_64.manylinux2014_x86_64.whl (17.3 MB)
Collecting regex!=2019.12.17
  Using cached regex-2022.10.31-cp39-cp39-manylinux_2_17_x86_64.manylinux2014_x86_64.whl (769 kB)
Collecting tqdm>=4.27
  Using cached tqdm-4.64.1-py2.py3-none-any.whl (78 kB)
Collecting filelock
  Using cached filelock-3.9.0-py3-none-any.whl (9.7 kB)
Collecting typing-extensions>=3.7.4.3
  Using cached typing_extensions-4.5.0-py3-none-any.whl (27 kB)
Collecting urllib3<1.27,>=1.21.1
  Using cached urllib3-1.26.14-py2.py3-none-any.whl (140 kB)
Collecting idna<4,>=2.5
  Using cached idna-3.4-py3-none-any.whl (61 kB)
Collecting certifi>=2017.4.17
  Using cached certifi-2022.12.7-py3-none-any.whl (155 kB)
Collecting charset-normalizer<4,>=2
  Using cached charset_normalizer-3.0.1-cp39-cp39-manylinux_2_17_x86_64.manylinux2014_x86_64.whl (198 kB)
Installing collected packages: tokenizers, charset-normalizer, urllib3, typing-extensions, tqdm, regex, pyyaml, packaging, numpy, idna, filelock, certifi, requests, huggingface-hub, transformers
  Attempting uninstall: tokenizers
    Found existing installation: tokenizers 0.13.2
    Uninstalling tokenizers-0.13.2:
      Successfully uninstalled tokenizers-0.13.2
Successfully installed certifi-2022.12.7 charset-normalizer-3.0.1 filelock-3.9.0 huggingface-hub-0.12.1 idna-3.4 numpy-1.24.2 packaging-23.0 pyyaml-6.0 regex-2022.10.31 requests-2.28.2 tokenizers-0.13.2 tqdm-4.64.1 transformers-4.26.1 typing-extensions-4.5.0 urllib3-1.26.14
Defaulting to user installation because normal site-packages is not writeable
Collecting git+https://github.com/fastnlp/fastNLP@dev
  Cloning https://github.com/fastnlp/fastNLP (to revision dev) to /tmp/benghali_meh-23915/pip-req-build-p7_ti81i
  Resolved https://github.com/fastnlp/fastNLP to commit 2e3a689b294a988fafd618677def9ea1e5915e19
  Preparing metadata (setup.py): started
  Preparing metadata (setup.py): finished with status 'done'
Requirement already satisfied: numpy>=1.14.2 in /usr/users/rattrapagemehdibenghali/benghali_meh/.local/lib/python3.9/site-packages (from FastNLP==0.7.1) (1.24.2)
Collecting torch>=1.0.0
  Using cached torch-1.13.1-cp39-cp39-manylinux1_x86_64.whl (887.4 MB)
Requirement already satisfied: tqdm>=4.28.1 in /usr/users/rattrapagemehdibenghali/benghali_meh/.local/lib/python3.9/site-packages (from FastNLP==0.7.1) (4.64.1)
Requirement already satisfied: prettytable>=0.7.2 in /usr/users/rattrapagemehdibenghali/benghali_meh/.local/lib/python3.9/site-packages (from FastNLP==0.7.1) (3.6.0)
Requirement already satisfied: requests in /usr/users/rattrapagemehdibenghali/benghali_meh/.local/lib/python3.9/site-packages (from FastNLP==0.7.1) (2.28.2)
Requirement already satisfied: regex!=2019.12.17 in /usr/users/rattrapagemehdibenghali/benghali_meh/.local/lib/python3.9/site-packages (from FastNLP==0.7.1) (2022.10.31)
Requirement already satisfied: wcwidth in /opt/conda/lib/python3.9/site-packages (from prettytable>=0.7.2->FastNLP==0.7.1) (0.2.5)
Requirement already satisfied: nvidia-cublas-cu11==11.10.3.66 in /usr/users/rattrapagemehdibenghali/benghali_meh/.local/lib/python3.9/site-packages (from torch>=1.0.0->FastNLP==0.7.1) (11.10.3.66)
Requirement already satisfied: nvidia-cudnn-cu11==8.5.0.96 in /usr/users/rattrapagemehdibenghali/benghali_meh/.local/lib/python3.9/site-packages (from torch>=1.0.0->FastNLP==0.7.1) (8.5.0.96)
Requirement already satisfied: nvidia-cuda-runtime-cu11==11.7.99 in /usr/users/rattrapagemehdibenghali/benghali_meh/.local/lib/python3.9/site-packages (from torch>=1.0.0->FastNLP==0.7.1) (11.7.99)
Requirement already satisfied: nvidia-cuda-nvrtc-cu11==11.7.99 in /usr/users/rattrapagemehdibenghali/benghali_meh/.local/lib/python3.9/site-packages (from torch>=1.0.0->FastNLP==0.7.1) (11.7.99)
Requirement already satisfied: typing-extensions in /usr/users/rattrapagemehdibenghali/benghali_meh/.local/lib/python3.9/site-packages (from torch>=1.0.0->FastNLP==0.7.1) (4.5.0)
Requirement already satisfied: wheel in /opt/conda/lib/python3.9/site-packages (from nvidia-cublas-cu11==11.10.3.66->torch>=1.0.0->FastNLP==0.7.1) (0.37.0)
Requirement already satisfied: setuptools in /usr/users/rattrapagemehdibenghali/benghali_meh/.local/lib/python3.9/site-packages (from nvidia-cublas-cu11==11.10.3.66->torch>=1.0.0->FastNLP==0.7.1) (67.1.0)
Requirement already satisfied: idna<4,>=2.5 in /usr/users/rattrapagemehdibenghali/benghali_meh/.local/lib/python3.9/site-packages (from requests->FastNLP==0.7.1) (3.4)
Requirement already satisfied: urllib3<1.27,>=1.21.1 in /usr/users/rattrapagemehdibenghali/benghali_meh/.local/lib/python3.9/site-packages (from requests->FastNLP==0.7.1) (1.26.14)
Requirement already satisfied: charset-normalizer<4,>=2 in /usr/users/rattrapagemehdibenghali/benghali_meh/.local/lib/python3.9/site-packages (from requests->FastNLP==0.7.1) (3.0.1)
Requirement already satisfied: certifi>=2017.4.17 in /usr/users/rattrapagemehdibenghali/benghali_meh/.local/lib/python3.9/site-packages (from requests->FastNLP==0.7.1) (2022.12.7)
Building wheels for collected packages: FastNLP
  Building wheel for FastNLP (setup.py): started
  Building wheel for FastNLP (setup.py): finished with status 'done'
  Created wheel for FastNLP: filename=FastNLP-0.7.1-py3-none-any.whl size=367637 sha256=d672cac108253f241851cb2b246b2ad3f483e0c9d4310a1ab6124b721de7a85c
  Stored in directory: /tmp/benghali_meh-23915/pip-ephem-wheel-cache-zhzhobbb/wheels/fb/81/d7/8dedd20c57109466c4b0dec2c1a1edd24b5f51800b11c6651c
Successfully built FastNLP
Installing collected packages: torch, FastNLP
Successfully installed FastNLP-0.7.1 torch-1.13.1
Defaulting to user installation because normal site-packages is not writeable
Collecting git+https://github.com/fastnlp/fitlog
  Cloning https://github.com/fastnlp/fitlog to /tmp/benghali_meh-23915/pip-req-build-9w6zzanc
  Resolved https://github.com/fastnlp/fitlog to commit def816d968e6f688ea769dcca8c2475ad56ae693
  Preparing metadata (setup.py): started
  Preparing metadata (setup.py): finished with status 'done'
Collecting docopt>=0.6.2
  Using cached docopt-0.6.2.tar.gz (25 kB)
  Preparing metadata (setup.py): started
  Preparing metadata (setup.py): finished with status 'done'
Requirement already satisfied: flask>=1.0.2 in /opt/conda/lib/python3.9/site-packages (from fitlog==0.9.14) (1.1.2)
Requirement already satisfied: numpy>=1.16.4 in /usr/users/rattrapagemehdibenghali/benghali_meh/.local/lib/python3.9/site-packages (from fitlog==0.9.14) (1.24.2)
Collecting gitpython>=3.1.2
  Downloading GitPython-3.1.31-py3-none-any.whl (184 kB)
     ━━━━━━━━━━━━━━━━━━━━━━━━━━━━━━━━━━━━━━━ 184.3/184.3 kB 4.9 MB/s eta 0:00:00
Requirement already satisfied: click>=5.1 in /opt/conda/lib/python3.9/site-packages (from flask>=1.0.2->fitlog==0.9.14) (8.0.3)
Requirement already satisfied: Jinja2>=2.10.1 in /opt/conda/lib/python3.9/site-packages (from flask>=1.0.2->fitlog==0.9.14) (2.11.3)
Requirement already satisfied: Werkzeug>=0.15 in /opt/conda/lib/python3.9/site-packages (from flask>=1.0.2->fitlog==0.9.14) (2.0.2)
Requirement already satisfied: itsdangerous>=0.24 in /opt/conda/lib/python3.9/site-packages (from flask>=1.0.2->fitlog==0.9.14) (2.0.1)
Collecting gitdb<5,>=4.0.1
  Using cached gitdb-4.0.10-py3-none-any.whl (62 kB)
Collecting smmap<6,>=3.0.1
  Using cached smmap-5.0.0-py3-none-any.whl (24 kB)
Requirement already satisfied: MarkupSafe>=0.23 in /opt/conda/lib/python3.9/site-packages (from Jinja2>=2.10.1->flask>=1.0.2->fitlog==0.9.14) (1.1.1)
Building wheels for collected packages: fitlog, docopt
  Building wheel for fitlog (setup.py): started
  Building wheel for fitlog (setup.py): finished with status 'done'
  Created wheel for fitlog: filename=fitlog-0.9.14-py3-none-any.whl size=969350 sha256=a093eecc7e01e4b2def0d6791108715bc2aece89270ea1178377b959cf118879
  Stored in directory: /tmp/benghali_meh-23915/pip-ephem-wheel-cache-46y0a7xt/wheels/13/0c/78/61d40a54c9cb34f0c9e90fe60b157815d82d524b6e40303ee7
  Building wheel for docopt (setup.py): started
  Building wheel for docopt (setup.py): finished with status 'done'
  Created wheel for docopt: filename=docopt-0.6.2-py2.py3-none-any.whl size=13707 sha256=f1c4d97bc35e779e7789d3e6f16169715918d0f198d8989fd5478ec00356e8d4
  Stored in directory: /usr/users/rattrapagemehdibenghali/benghali_meh/.cache/pip/wheels/70/4a/46/1309fc853b8d395e60bafaf1b6df7845bdd82c95fd59dd8d2b
Successfully built fitlog docopt
Installing collected packages: docopt, smmap, gitdb, gitpython, fitlog
Successfully installed docopt-0.6.2 fitlog-0.9.14 gitdb-4.0.10 gitpython-3.1.31 smmap-5.0.0
