Running on sh05
# conda environments:
#
base                  *  /opt/conda
PGx_env                  /usr/users/rattrapagemehdibenghali/benghali_meh/.conda/envs/PGx_env
PGx_env_37               /usr/users/rattrapagemehdibenghali/benghali_meh/.conda/envs/PGx_env_37
clean_PGx_env            /usr/users/rattrapagemehdibenghali/benghali_meh/.conda/envs/clean_PGx_env
clean_PGx_env_latest_transformers     /usr/users/rattrapagemehdibenghali/benghali_meh/.conda/envs/clean_PGx_env_latest_transformers
cloned_env               /usr/users/rattrapagemehdibenghali/benghali_meh/.conda/envs/cloned_env
final_PGx_env            /usr/users/rattrapagemehdibenghali/benghali_meh/.conda/envs/final_PGx_env
new_PGx_env              /usr/users/rattrapagemehdibenghali/benghali_meh/.conda/envs/new_PGx_env
torch_from_source_env     /usr/users/rattrapagemehdibenghali/benghali_meh/.conda/envs/torch_from_source_env

Namespace(bart_name='facebook/bart-large', batch_size=8, dataset_name='PGxCorpus', decoder_type='avg_feature', eval_start_epoch=10, history_dir='./training_history', length_penalty=1, lr=1e-05, max_len=10, max_len_a=1.6, n_epochs=100, num_beams=3, save_model=1, schedule='linear', target_type='span', use_encoder_mlp=1, warmup_ratio=0.01)
Save cache to caches/data_facebook/bart-large_PGxCorpus_span.pt.
The number of tokens in tokenizer  50265
50275 50280
CUDA version : 11.7
cuda
input fields after batch(if batch size is 2):
	tgt_tokens: (1)type:torch.Tensor (2)dtype:torch.int64, (3)shape:torch.Size([2, 28]) 
	src_tokens: (1)type:torch.Tensor (2)dtype:torch.int64, (3)shape:torch.Size([2, 56]) 
	first: (1)type:torch.Tensor (2)dtype:torch.int64, (3)shape:torch.Size([2, 56]) 
	src_seq_len: (1)type:torch.Tensor (2)dtype:torch.int64, (3)shape:torch.Size([2]) 
	tgt_seq_len: (1)type:torch.Tensor (2)dtype:torch.int64, (3)shape:torch.Size([2]) 
target fields after batch(if batch size is 2):
	entities: (1)type:numpy.ndarray (2)dtype:object, (3)shape:(2,) 
	tgt_tokens: (1)type:torch.Tensor (2)dtype:torch.int64, (3)shape:torch.Size([2, 28]) 
	target_span: (1)type:numpy.ndarray (2)dtype:object, (3)shape:(2,) 
	tgt_seq_len: (1)type:torch.Tensor (2)dtype:torch.int64, (3)shape:torch.Size([2]) 

training epochs started 2023-02-22-16-28-50-089677
logging training to fitlog
creating history dir
[0, 3, 20, 5, 24, 26, 16, 22, 2, 7, 17, 18, 21, 9, 23, 10, 15, 14, 25, 4, 0, 27, 1, 13, 12, 11, 6, 8, 19]
Evaluate data in 3.77 seconds!
Evaluate data in 3.54 seconds!
FitlogCallback evaluation on data-test:
Seq2SeqSpanMetric: f=53.059999999999995, rec=49.519999999999996, pre=57.14, em=0.0263
Evaluation on dev at Epoch 11/100. Step:781/7100: 
Seq2SeqSpanMetric: f=50.49, rec=46.57, pre=55.13, em=0.04

Evaluate data in 2.94 seconds!
Evaluate data in 2.44 seconds!
FitlogCallback evaluation on data-test:
Seq2SeqSpanMetric: f=53.5, rec=48.0, pre=60.42999999999999, em=0.0132
Evaluation on dev at Epoch 12/100. Step:852/7100: 
Seq2SeqSpanMetric: f=52.339999999999996, rec=47.38, pre=58.46, em=0.0533

Evaluate data in 3.28 seconds!
Evaluate data in 2.86 seconds!
FitlogCallback evaluation on data-test:
Seq2SeqSpanMetric: f=53.669999999999995, rec=48.76, pre=59.67, em=0.0263
Evaluation on dev at Epoch 13/100. Step:923/7100: 
Seq2SeqSpanMetric: f=52.480000000000004, rec=48.99, pre=56.510000000000005, em=0.04

Evaluate data in 2.75 seconds!
Evaluate data in 2.61 seconds!
FitlogCallback evaluation on data-test:
Seq2SeqSpanMetric: f=57.91, rec=53.33, pre=63.349999999999994, em=0.0526
Evaluation on dev at Epoch 14/100. Step:994/7100: 
Seq2SeqSpanMetric: f=54.75, rec=50.0, pre=60.49, em=0.0533

Evaluate data in 2.97 seconds!
Evaluation on dev at Epoch 15/100. Step:1065/7100: 
Seq2SeqSpanMetric: f=53.779999999999994, rec=50.2, pre=57.91, em=0.04

Evaluate data in 3.59 seconds!
Evaluate data in 2.37 seconds!
FitlogCallback evaluation on data-test:
Seq2SeqSpanMetric: f=59.19, rec=55.81, pre=63.01, em=0.0789
Evaluation on dev at Epoch 16/100. Step:1136/7100: 
Seq2SeqSpanMetric: f=55.96, rec=53.02, pre=59.230000000000004, em=0.04

Evaluate data in 2.99 seconds!
Evaluate data in 2.65 seconds!
FitlogCallback evaluation on data-test:
Seq2SeqSpanMetric: f=60.36, rec=57.14, pre=63.970000000000006, em=0.1053
Evaluation on dev at Epoch 17/100. Step:1207/7100: 
Seq2SeqSpanMetric: f=56.53, rec=53.23, pre=60.27, em=0.0667

Evaluate data in 2.82 seconds!
Evaluate data in 2.78 seconds!
FitlogCallback evaluation on data-test:
Seq2SeqSpanMetric: f=59.46, rec=57.14, pre=61.980000000000004, em=0.1053
Evaluation on dev at Epoch 18/100. Step:1278/7100: 
Seq2SeqSpanMetric: f=59.01, rec=56.45, pre=61.809999999999995, em=0.0533

Evaluate data in 4.57 seconds!
Evaluate data in 2.59 seconds!
FitlogCallback evaluation on data-test:
Seq2SeqSpanMetric: f=61.629999999999995, rec=58.29, pre=65.38000000000001, em=0.1053
Evaluation on dev at Epoch 19/100. Step:1349/7100: 
Seq2SeqSpanMetric: f=60.150000000000006, rec=57.06, pre=63.6, em=0.1067

Evaluate data in 3.22 seconds!
Evaluation on dev at Epoch 20/100. Step:1420/7100: 
Seq2SeqSpanMetric: f=59.58, rec=57.06, pre=62.33, em=0.0933

Evaluate data in 2.74 seconds!
Evaluate data in 2.71 seconds!
FitlogCallback evaluation on data-test:
Seq2SeqSpanMetric: f=62.73, rec=61.71, pre=63.78, em=0.0921
Evaluation on dev at Epoch 21/100. Step:1491/7100: 
Seq2SeqSpanMetric: f=61.980000000000004, rec=61.29, pre=62.68, em=0.08

Evaluate data in 2.45 seconds!
Evaluate data in 2.24 seconds!
FitlogCallback evaluation on data-test:
Seq2SeqSpanMetric: f=62.89, rec=59.24, pre=67.03, em=0.1316
Evaluation on dev at Epoch 22/100. Step:1562/7100: 
Seq2SeqSpanMetric: f=64.62, rec=61.49, pre=68.08, em=0.0933

Evaluate data in 3.29 seconds!
Evaluation on dev at Epoch 23/100. Step:1633/7100: 
Seq2SeqSpanMetric: f=63.029999999999994, rec=60.480000000000004, pre=65.79, em=0.1067

Evaluate data in 2.46 seconds!
Evaluate data in 2.64 seconds!
FitlogCallback evaluation on data-test:
Seq2SeqSpanMetric: f=65.22, rec=63.05, pre=67.55, em=0.0921
Evaluation on dev at Epoch 24/100. Step:1704/7100: 
Seq2SeqSpanMetric: f=65.35, rec=63.51, pre=67.31, em=0.1067

Evaluate data in 2.56 seconds!
Evaluation on dev at Epoch 25/100. Step:1775/7100: 
Seq2SeqSpanMetric: f=64.92999999999999, rec=62.9, pre=67.10000000000001, em=0.0933

Evaluate data in 2.7 seconds!
Evaluation on dev at Epoch 26/100. Step:1846/7100: 
Seq2SeqSpanMetric: f=63.79, rec=62.5, pre=65.13, em=0.0933

Evaluate data in 3.08 seconds!
Evaluation on dev at Epoch 27/100. Step:1917/7100: 
Seq2SeqSpanMetric: f=64.18, rec=62.5, pre=65.96, em=0.1333

Evaluate data in 2.88 seconds!
Evaluate data in 2.42 seconds!
FitlogCallback evaluation on data-test:
Seq2SeqSpanMetric: f=63.54, rec=61.9, pre=65.25999999999999, em=0.1053
Evaluation on dev at Epoch 28/100. Step:1988/7100: 
Seq2SeqSpanMetric: f=65.42999999999999, rec=63.91, pre=67.02, em=0.12

Evaluate data in 3.08 seconds!
Evaluation on dev at Epoch 29/100. Step:2059/7100: 
Seq2SeqSpanMetric: f=65.36999999999999, rec=64.52, pre=66.25, em=0.0933

Evaluate data in 2.56 seconds!
Evaluate data in 2.29 seconds!
FitlogCallback evaluation on data-test:
Seq2SeqSpanMetric: f=67.77, rec=66.10000000000001, pre=69.54, em=0.1579
Evaluation on dev at Epoch 30/100. Step:2130/7100: 
Seq2SeqSpanMetric: f=65.92, rec=65.12, pre=66.74, em=0.08

Evaluate data in 2.66 seconds!
Evaluate data in 2.47 seconds!
FitlogCallback evaluation on data-test:
Seq2SeqSpanMetric: f=65.24, rec=64.0, pre=66.53, em=0.1579
Evaluation on dev at Epoch 31/100. Step:2201/7100: 
Seq2SeqSpanMetric: f=66.39, rec=64.72, pre=68.15, em=0.0933

Evaluate data in 2.84 seconds!
Evaluate data in 2.37 seconds!
FitlogCallback evaluation on data-test:
Seq2SeqSpanMetric: f=65.82000000000001, rec=64.0, pre=67.74, em=0.1711
Evaluation on dev at Epoch 32/100. Step:2272/7100: 
Seq2SeqSpanMetric: f=66.67, rec=65.12, pre=68.28999999999999, em=0.1067

Evaluate data in 2.94 seconds!
Evaluation on dev at Epoch 33/100. Step:2343/7100: 
Seq2SeqSpanMetric: f=65.75999999999999, rec=63.51, pre=68.17999999999999, em=0.1067

Evaluate data in 2.7 seconds!
Evaluation on dev at Epoch 34/100. Step:2414/7100: 
Seq2SeqSpanMetric: f=64.83, rec=64.11, pre=65.57, em=0.0933

Evaluate data in 5.03 seconds!
Evaluation on dev at Epoch 35/100. Step:2485/7100: 
Seq2SeqSpanMetric: f=66.32000000000001, rec=64.31, pre=68.45, em=0.1467

Evaluate data in 2.5 seconds!
Evaluation on dev at Epoch 36/100. Step:2556/7100: 
Seq2SeqSpanMetric: f=65.31, rec=64.92, pre=65.71000000000001, em=0.12

Evaluate data in 2.75 seconds!
Evaluate data in 2.41 seconds!
FitlogCallback evaluation on data-test:
Seq2SeqSpanMetric: f=66.53999999999999, rec=65.33, pre=67.78999999999999, em=0.1842
Evaluation on dev at Epoch 37/100. Step:2627/7100: 
Seq2SeqSpanMetric: f=68.10000000000001, rec=66.94, pre=69.31, em=0.1467

Evaluate data in 2.47 seconds!
Evaluation on dev at Epoch 38/100. Step:2698/7100: 
Seq2SeqSpanMetric: f=67.7, rec=65.93, pre=69.57, em=0.1467

Evaluate data in 3.79 seconds!
Evaluation on dev at Epoch 39/100. Step:2769/7100: 
Seq2SeqSpanMetric: f=66.8, rec=66.13, pre=67.49000000000001, em=0.12

Evaluate data in 2.55 seconds!
Evaluation on dev at Epoch 40/100. Step:2840/7100: 
Seq2SeqSpanMetric: f=66.60000000000001, rec=66.73, pre=66.47, em=0.1067

Evaluate data in 3.97 seconds!
Evaluation on dev at Epoch 41/100. Step:2911/7100: 
Seq2SeqSpanMetric: f=67.77, rec=66.33, pre=69.26, em=0.16

Evaluate data in 2.43 seconds!
Evaluation on dev at Epoch 42/100. Step:2982/7100: 
Seq2SeqSpanMetric: f=67.29, rec=65.73, pre=68.92, em=0.1467

Evaluate data in 2.68 seconds!
Evaluate data in 2.1 seconds!
FitlogCallback evaluation on data-test:
Seq2SeqSpanMetric: f=66.60000000000001, rec=65.71000000000001, pre=67.51, em=0.1711
Evaluation on dev at Epoch 43/100. Step:3053/7100: 
Seq2SeqSpanMetric: f=68.24, rec=67.14, pre=69.37, em=0.12

Evaluate data in 3.22 seconds!
Evaluation on dev at Epoch 44/100. Step:3124/7100: 
Seq2SeqSpanMetric: f=67.28, rec=66.13, pre=68.47999999999999, em=0.12

Evaluate data in 2.41 seconds!
Evaluation on dev at Epoch 45/100. Step:3195/7100: 
Seq2SeqSpanMetric: f=67.36, rec=65.73, pre=69.07, em=0.12

Evaluate data in 2.56 seconds!
Evaluate data in 2.08 seconds!
FitlogCallback evaluation on data-test:
Seq2SeqSpanMetric: f=68.08, rec=67.43, pre=68.74, em=0.2105
Evaluation on dev at Epoch 46/100. Step:3266/7100: 
Seq2SeqSpanMetric: f=69.28999999999999, rec=67.54, pre=71.13000000000001, em=0.16

Evaluate data in 2.38 seconds!
Evaluation on dev at Epoch 47/100. Step:3337/7100: 
Seq2SeqSpanMetric: f=68.19, rec=66.13, pre=70.39, em=0.16

Evaluate data in 2.47 seconds!
Evaluation on dev at Epoch 48/100. Step:3408/7100: 
Seq2SeqSpanMetric: f=67.08, rec=65.73, pre=68.49, em=0.12

Evaluate data in 2.49 seconds!
Evaluation on dev at Epoch 49/100. Step:3479/7100: 
Seq2SeqSpanMetric: f=67.89, rec=67.34, pre=68.44, em=0.12

Evaluate data in 2.44 seconds!
Evaluation on dev at Epoch 50/100. Step:3550/7100: 
Seq2SeqSpanMetric: f=67.08, rec=65.93, pre=68.27, em=0.12

Evaluate data in 4.3 seconds!
Evaluation on dev at Epoch 51/100. Step:3621/7100: 
Seq2SeqSpanMetric: f=67.7, rec=65.93, pre=69.57, em=0.16

Evaluate data in 2.42 seconds!
Evaluation on dev at Epoch 52/100. Step:3692/7100: 
Seq2SeqSpanMetric: f=68.08, rec=67.94, pre=68.22, em=0.1333

Evaluate data in 2.45 seconds!
Evaluation on dev at Epoch 53/100. Step:3763/7100: 
Seq2SeqSpanMetric: f=69.02000000000001, rec=68.95, pre=69.08999999999999, em=0.1333

Evaluate data in 2.4 seconds!
Evaluation on dev at Epoch 54/100. Step:3834/7100: 
Seq2SeqSpanMetric: f=67.60000000000001, rec=67.94, pre=67.27, em=0.1333

Evaluate data in 2.35 seconds!
Evaluation on dev at Epoch 55/100. Step:3905/7100: 
Seq2SeqSpanMetric: f=68.30000000000001, rec=67.34, pre=69.28999999999999, em=0.1333

Evaluate data in 2.32 seconds!
Evaluation on dev at Epoch 56/100. Step:3976/7100: 
Seq2SeqSpanMetric: f=68.5, rec=67.74, pre=69.28, em=0.1467

Evaluate data in 2.46 seconds!
Evaluation on dev at Epoch 57/100. Step:4047/7100: 
Seq2SeqSpanMetric: f=68.43, rec=67.94, pre=68.92, em=0.1333

Evaluate data in 2.37 seconds!
Evaluate data in 2.23 seconds!
FitlogCallback evaluation on data-test:
Seq2SeqSpanMetric: f=70.46, rec=69.52000000000001, pre=71.43, em=0.2237
Evaluation on dev at Epoch 58/100. Step:4118/7100: 
Seq2SeqSpanMetric: f=71.33, rec=70.97, pre=71.69, em=0.16

Evaluate data in 3.02 seconds!
Evaluation on dev at Epoch 59/100. Step:4189/7100: 
Seq2SeqSpanMetric: f=68.78, rec=67.74, pre=69.85, em=0.1467

Evaluate data in 2.45 seconds!
Evaluation on dev at Epoch 60/100. Step:4260/7100: 
Seq2SeqSpanMetric: f=70.55, rec=69.56, pre=71.58, em=0.1467

Evaluate data in 2.37 seconds!
Evaluation on dev at Epoch 61/100. Step:4331/7100: 
Seq2SeqSpanMetric: f=69.49, rec=69.56, pre=69.42, em=0.1467

Evaluate data in 2.45 seconds!
Evaluation on dev at Epoch 62/100. Step:4402/7100: 
Seq2SeqSpanMetric: f=68.44, rec=67.54, pre=69.36, em=0.1467

Evaluate data in 2.41 seconds!
Evaluation on dev at Epoch 63/100. Step:4473/7100: 
Seq2SeqSpanMetric: f=68.66, rec=67.14, pre=70.25, em=0.1867

Evaluate data in 2.39 seconds!
Evaluation on dev at Epoch 64/100. Step:4544/7100: 
Seq2SeqSpanMetric: f=68.52000000000001, rec=67.14, pre=69.96, em=0.1467

Evaluate data in 2.44 seconds!
Evaluation on dev at Epoch 65/100. Step:4615/7100: 
Seq2SeqSpanMetric: f=69.82000000000001, rec=69.96, pre=69.67999999999999, em=0.16

Evaluate data in 2.53 seconds!
Evaluation on dev at Epoch 66/100. Step:4686/7100: 
Seq2SeqSpanMetric: f=69.96, rec=69.96, pre=69.96, em=0.16

Evaluate data in 2.51 seconds!
Evaluation on dev at Epoch 67/100. Step:4757/7100: 
Seq2SeqSpanMetric: f=69.77, rec=69.56, pre=69.98, em=0.1467

Evaluate data in 2.43 seconds!
Evaluation on dev at Epoch 68/100. Step:4828/7100: 
Seq2SeqSpanMetric: f=69.77, rec=69.56, pre=69.98, em=0.1333

Evaluate data in 2.37 seconds!
Evaluation on dev at Epoch 69/100. Step:4899/7100: 
Seq2SeqSpanMetric: f=70.28, rec=69.35, pre=71.22, em=0.1733

Evaluate data in 2.44 seconds!
Evaluation on dev at Epoch 70/100. Step:4970/7100: 
Seq2SeqSpanMetric: f=69.12, rec=68.15, pre=70.12, em=0.16

Evaluate data in 2.49 seconds!
Evaluation on dev at Epoch 71/100. Step:5041/7100: 
Seq2SeqSpanMetric: f=69.28, rec=69.35, pre=69.22, em=0.16

Evaluate data in 2.51 seconds!
Evaluation on dev at Epoch 72/100. Step:5112/7100: 
Seq2SeqSpanMetric: f=69.17999999999999, rec=68.35, pre=70.04, em=0.1467

Evaluate data in 3.07 seconds!
Evaluation on dev at Epoch 73/100. Step:5183/7100: 
Seq2SeqSpanMetric: f=69.57, rec=69.15, pre=70.0, em=0.1467

Evaluate data in 2.46 seconds!
Evaluation on dev at Epoch 74/100. Step:5254/7100: 
Seq2SeqSpanMetric: f=69.56, rec=67.94, pre=71.25, em=0.16

Evaluate data in 2.49 seconds!
Evaluation on dev at Epoch 75/100. Step:5325/7100: 
Seq2SeqSpanMetric: f=68.62, rec=68.35, pre=68.89999999999999, em=0.12

Evaluate data in 2.45 seconds!
Evaluation on dev at Epoch 76/100. Step:5396/7100: 
Seq2SeqSpanMetric: f=69.37, rec=68.95, pre=69.8, em=0.16

Evaluate data in 2.43 seconds!
Evaluation on dev at Epoch 77/100. Step:5467/7100: 
Seq2SeqSpanMetric: f=69.93, rec=69.15, pre=70.72, em=0.1733

Evaluate data in 2.46 seconds!
Evaluation on dev at Epoch 78/100. Step:5538/7100: 
Seq2SeqSpanMetric: f=70.61, rec=70.97, pre=70.26, em=0.16

Evaluate data in 2.45 seconds!
Evaluation on dev at Epoch 79/100. Step:5609/7100: 
Seq2SeqSpanMetric: f=70.91, rec=70.77, pre=71.05, em=0.1467

Evaluate data in 2.4 seconds!
Evaluation on dev at Epoch 80/100. Step:5680/7100: 
Seq2SeqSpanMetric: f=71.14, rec=70.56, pre=71.72, em=0.1733

Evaluate data in 2.46 seconds!
Evaluation on dev at Epoch 81/100. Step:5751/7100: 
Seq2SeqSpanMetric: f=71.17999999999999, rec=70.97, pre=71.39999999999999, em=0.1467

Evaluate data in 2.45 seconds!
Evaluation on dev at Epoch 82/100. Step:5822/7100: 
Seq2SeqSpanMetric: f=70.11, rec=69.76, pre=70.47, em=0.1467

Evaluate data in 2.39 seconds!
Evaluation on dev at Epoch 83/100. Step:5893/7100: 
Seq2SeqSpanMetric: f=70.58, rec=70.36, pre=70.78999999999999, em=0.1733

Evaluate data in 2.42 seconds!
Evaluation on dev at Epoch 84/100. Step:5964/7100: 
Seq2SeqSpanMetric: f=70.45, rec=70.16, pre=70.73, em=0.16

Evaluate data in 2.81 seconds!
Evaluation on dev at Epoch 85/100. Step:6035/7100: 
Seq2SeqSpanMetric: f=71.05, rec=70.77, pre=71.34, em=0.1333

Evaluate data in 2.4 seconds!
Evaluation on dev at Epoch 86/100. Step:6106/7100: 
Seq2SeqSpanMetric: f=71.3, rec=70.36, pre=72.26, em=0.1733

Evaluate data in 2.45 seconds!
Evaluation on dev at Epoch 87/100. Step:6177/7100: 
Seq2SeqSpanMetric: f=69.65, rec=68.95, pre=70.37, em=0.16

Evaluate data in 2.45 seconds!
Evaluation on dev at Epoch 88/100. Step:6248/7100: 
Seq2SeqSpanMetric: f=70.43, rec=70.36, pre=70.50999999999999, em=0.16

Evaluate data in 2.45 seconds!
Evaluation on dev at Epoch 89/100. Step:6319/7100: 
Seq2SeqSpanMetric: f=69.38, rec=68.75, pre=70.02000000000001, em=0.1467

Evaluate data in 2.49 seconds!
Evaluation on dev at Epoch 90/100. Step:6390/7100: 
Seq2SeqSpanMetric: f=69.45, rec=68.75, pre=70.16, em=0.1467

Evaluate data in 2.42 seconds!
Evaluation on dev at Epoch 91/100. Step:6461/7100: 
Seq2SeqSpanMetric: f=69.57, rec=69.35, pre=69.78, em=0.1467

Evaluate data in 2.42 seconds!
Evaluation on dev at Epoch 92/100. Step:6532/7100: 
Seq2SeqSpanMetric: f=69.91000000000001, rec=69.56, pre=70.26, em=0.1467

Evaluate data in 2.43 seconds!
Evaluation on dev at Epoch 93/100. Step:6603/7100: 
Seq2SeqSpanMetric: f=69.86, rec=69.15, pre=70.58, em=0.1467

Evaluate data in 4.29 seconds!
Evaluate data in 2.25 seconds!
FitlogCallback evaluation on data-test:
Seq2SeqSpanMetric: f=70.39999999999999, rec=69.52000000000001, pre=71.28999999999999, em=0.2105
Evaluation on dev at Epoch 94/100. Step:6674/7100: 
Seq2SeqSpanMetric: f=71.39999999999999, rec=70.97, pre=71.84, em=0.16

Evaluate data in 2.47 seconds!
Evaluation on dev at Epoch 95/100. Step:6745/7100: 
Seq2SeqSpanMetric: f=69.93, rec=69.15, pre=70.72, em=0.1467

Evaluate data in 2.44 seconds!
Evaluation on dev at Epoch 96/100. Step:6816/7100: 
Seq2SeqSpanMetric: f=70.13000000000001, rec=69.35, pre=70.93, em=0.1467

Evaluate data in 2.44 seconds!
Evaluation on dev at Epoch 97/100. Step:6887/7100: 
Seq2SeqSpanMetric: f=69.67, rec=68.55, pre=70.83, em=0.1467

Evaluate data in 2.46 seconds!
Evaluation on dev at Epoch 98/100. Step:6958/7100: 
Seq2SeqSpanMetric: f=69.26, rec=68.15, pre=70.42, em=0.1467

Evaluate data in 2.47 seconds!
Evaluation on dev at Epoch 99/100. Step:7029/7100: 
Seq2SeqSpanMetric: f=69.67999999999999, rec=68.35, pre=71.07, em=0.1467

Evaluate data in 2.46 seconds!
Evaluation on dev at Epoch 100/100. Step:7100/7100: 
Seq2SeqSpanMetric: f=69.14, rec=67.74, pre=70.59, em=0.1467

Best test performance(may not correspond to the best dev performance):{'Seq2SeqSpanMetric': {'f': 70.46, 'rec': 69.52000000000001, 'pre': 71.43, 'em': 0.2237}} achieved at Epoch:58.
Best test performance(correspond to the best dev performance):{'Seq2SeqSpanMetric': {'f': 70.39999999999999, 'rec': 69.52000000000001, 'pre': 71.28999999999999, 'em': 0.2105}} achieved at Epoch:94.

In Epoch:94/Step:6674, got best dev performance:
Seq2SeqSpanMetric: f=71.39999999999999, rec=70.97, pre=71.84, em=0.16
