Running on sh07
# conda environments:
#
base                  *  /opt/conda
PGx_env                  /usr/users/rattrapagemehdibenghali/benghali_meh/.conda/envs/PGx_env
PGx_env_37               /usr/users/rattrapagemehdibenghali/benghali_meh/.conda/envs/PGx_env_37
new_PGx_env              /usr/users/rattrapagemehdibenghali/benghali_meh/.conda/envs/new_PGx_env
torch_from_source_env     /usr/users/rattrapagemehdibenghali/benghali_meh/.conda/envs/torch_from_source_env

Namespace(bart_name='facebook/bart-large', batch_size=8, dataset_name='PGxCorpus', decoder_type='avg_feature', eval_start_epoch=10, length_penalty=1, lr=1e-05, max_len=10, max_len_a=1.6, n_epochs=30, num_beams=4, save_model=0, schedule='linear', target_type='word', use_encoder_mlp=1, warmup_ratio=0.01)
Save cache to caches/data_facebook/bart-large_PGxCorpus_word.pt.
max_len_a:1.6, max_len:10
In total 3 datasets:
	dev has 75 instances.
	test has 76 instances.
	train has 567 instances.

The number of tokens in tokenizer  50265
50275 50280
cpu
11.3
input fields after batch(if batch size is 2):
	tgt_tokens: (1)type:torch.Tensor (2)dtype:torch.int64, (3)shape:torch.Size([2, 34]) 
	src_tokens: (1)type:torch.Tensor (2)dtype:torch.int64, (3)shape:torch.Size([2, 56]) 
	first: (1)type:torch.Tensor (2)dtype:torch.int64, (3)shape:torch.Size([2, 56]) 
	src_seq_len: (1)type:torch.Tensor (2)dtype:torch.int64, (3)shape:torch.Size([2]) 
	tgt_seq_len: (1)type:torch.Tensor (2)dtype:torch.int64, (3)shape:torch.Size([2]) 
target fields after batch(if batch size is 2):
	entities: (1)type:numpy.ndarray (2)dtype:object, (3)shape:(2,) 
	tgt_tokens: (1)type:torch.Tensor (2)dtype:torch.int64, (3)shape:torch.Size([2, 34]) 
	target_span: (1)type:numpy.ndarray (2)dtype:object, (3)shape:(2,) 
	tgt_seq_len: (1)type:torch.Tensor (2)dtype:torch.int64, (3)shape:torch.Size([2]) 

training epochs started 2023-02-15-17-53-59-156230
Evaluate data in 88.06 seconds!
Evaluate data in 108.31 seconds!
FitlogCallback evaluation on data-test:
Seq2SeqSpanMetric: f=37.44, rec=29.520000000000003, pre=51.160000000000004, em=0.0132
Evaluation on dev at Epoch 11/30. Step:781/2130: 
Seq2SeqSpanMetric: f=43.02, rec=33.87, pre=58.95, em=0.0

Evaluate data in 80.08 seconds!
Evaluation on dev at Epoch 12/30. Step:852/2130: 
Seq2SeqSpanMetric: f=42.8, rec=33.87, pre=58.13, em=0.0

Evaluate data in 87.64 seconds!
Evaluate data in 108.13 seconds!
FitlogCallback evaluation on data-test:
Seq2SeqSpanMetric: f=40.19, rec=32.76, pre=51.959999999999994, em=0.0
Evaluation on dev at Epoch 13/30. Step:923/2130: 
Seq2SeqSpanMetric: f=45.15, rec=37.1, pre=57.68, em=0.0133

Evaluate data in 72.92 seconds!
Evaluate data in 87.0 seconds!
FitlogCallback evaluation on data-test:
Seq2SeqSpanMetric: f=41.660000000000004, rec=33.52, pre=55.00000000000001, em=0.0
Evaluation on dev at Epoch 14/30. Step:994/2130: 
Seq2SeqSpanMetric: f=47.24, rec=37.9, pre=62.67, em=0.0267

Evaluate data in 69.31 seconds!
Evaluate data in 86.63 seconds!
FitlogCallback evaluation on data-test:
Seq2SeqSpanMetric: f=47.370000000000005, rec=39.43, pre=59.309999999999995, em=0.0263
Evaluation on dev at Epoch 15/30. Step:1065/2130: 
Seq2SeqSpanMetric: f=49.21, rec=40.93, pre=61.7, em=0.04

Evaluate data in 70.76 seconds!
Evaluation on dev at Epoch 16/30. Step:1136/2130: 
Seq2SeqSpanMetric: f=48.35, rec=39.92, pre=61.3, em=0.0267

Evaluate data in 78.23 seconds!
Evaluate data in 99.89 seconds!
FitlogCallback evaluation on data-test:
Seq2SeqSpanMetric: f=48.24, rec=41.71, pre=57.18, em=0.0132
Evaluation on dev at Epoch 17/30. Step:1207/2130: 
Seq2SeqSpanMetric: f=51.519999999999996, rec=44.35, pre=61.45, em=0.04

Evaluate data in 72.87 seconds!
Evaluate data in 83.24 seconds!
FitlogCallback evaluation on data-test:
Seq2SeqSpanMetric: f=50.33, rec=43.62, pre=59.48, em=0.0263
Evaluation on dev at Epoch 18/30. Step:1278/2130: 
Seq2SeqSpanMetric: f=52.190000000000005, rec=45.56, pre=61.08, em=0.04

Evaluate data in 71.72 seconds!
Evaluation on dev at Epoch 19/30. Step:1349/2130: 
Seq2SeqSpanMetric: f=51.629999999999995, rec=44.76, pre=60.99, em=0.0267

Evaluate data in 72.24 seconds!
Evaluation on dev at Epoch 20/30. Step:1420/2130: 
Seq2SeqSpanMetric: f=50.88, rec=43.75, pre=60.78, em=0.0267

Evaluate data in 66.72 seconds!
Evaluate data in 92.34 seconds!
FitlogCallback evaluation on data-test:
Seq2SeqSpanMetric: f=50.0, rec=42.86, pre=60.0, em=0.0263
Evaluation on dev at Epoch 21/30. Step:1491/2130: 
Seq2SeqSpanMetric: f=52.31, rec=45.56, pre=61.41, em=0.04

Evaluate data in 65.0 seconds!
Evaluate data in 86.44 seconds!
FitlogCallback evaluation on data-test:
Seq2SeqSpanMetric: f=49.44, rec=42.1, pre=59.89, em=0.0132
Evaluation on dev at Epoch 22/30. Step:1562/2130: 
Seq2SeqSpanMetric: f=52.900000000000006, rec=45.97, pre=62.3, em=0.04

Evaluate data in 65.88 seconds!
Evaluate data in 91.05 seconds!
FitlogCallback evaluation on data-test:
Seq2SeqSpanMetric: f=53.290000000000006, rec=46.29, pre=62.79, em=0.0395
Evaluation on dev at Epoch 23/30. Step:1633/2130: 
Seq2SeqSpanMetric: f=54.86, rec=48.39, pre=63.32, em=0.0533

Evaluate data in 61.28 seconds!
Evaluation on dev at Epoch 24/30. Step:1704/2130: 
Seq2SeqSpanMetric: f=53.92, rec=47.18, pre=62.9, em=0.0533

Evaluate data in 64.61 seconds!
Evaluation on dev at Epoch 25/30. Step:1775/2130: 
Seq2SeqSpanMetric: f=54.85, rec=48.99, pre=62.31, em=0.0533

Evaluate data in 67.14 seconds!
Evaluation on dev at Epoch 26/30. Step:1846/2130: 
Seq2SeqSpanMetric: f=53.949999999999996, rec=48.19, pre=61.28, em=0.0533

Evaluate data in 68.37 seconds!
Evaluate data in 89.31 seconds!
FitlogCallback evaluation on data-test:
Seq2SeqSpanMetric: f=56.34, rec=49.9, pre=64.69, em=0.0395
Evaluation on dev at Epoch 27/30. Step:1917/2130: 
Seq2SeqSpanMetric: f=55.120000000000005, rec=49.4, pre=62.339999999999996, em=0.0533

Evaluate data in 62.91 seconds!
Evaluate data in 85.89 seconds!
FitlogCallback evaluation on data-test:
Seq2SeqSpanMetric: f=54.76, rec=48.19, pre=63.41, em=0.0395
Evaluation on dev at Epoch 28/30. Step:1988/2130: 
Seq2SeqSpanMetric: f=55.489999999999995, rec=49.4, pre=63.31, em=0.0533

Evaluate data in 62.61 seconds!
Evaluate data in 89.69 seconds!
FitlogCallback evaluation on data-test:
Seq2SeqSpanMetric: f=55.83, rec=49.71, pre=63.660000000000004, em=0.0526
Evaluation on dev at Epoch 29/30. Step:2059/2130: 
Seq2SeqSpanMetric: f=55.83, rec=50.2, pre=62.88, em=0.0533

Evaluate data in 62.46 seconds!
Evaluate data in 87.7 seconds!
FitlogCallback evaluation on data-test:
Seq2SeqSpanMetric: f=55.71, rec=49.71, pre=63.349999999999994, em=0.0526
Evaluation on dev at Epoch 30/30. Step:2130/2130: 
Seq2SeqSpanMetric: f=56.05, rec=50.4, pre=63.129999999999995, em=0.0533

Best test performance(may not correspond to the best dev performance):{'Seq2SeqSpanMetric': {'f': 56.34, 'rec': 49.9, 'pre': 64.69, 'em': 0.0395}} achieved at Epoch:27.
Best test performance(correspond to the best dev performance):{'Seq2SeqSpanMetric': {'f': 55.71, 'rec': 49.71, 'pre': 63.349999999999994, 'em': 0.0526}} achieved at Epoch:30.

In Epoch:30/Step:2130, got best dev performance:
Seq2SeqSpanMetric: f=56.05, rec=50.4, pre=63.129999999999995, em=0.0533
