Running on sh05
# conda environments:
#
base                  *  /opt/conda
PGx_env                  /usr/users/rattrapagemehdibenghali/benghali_meh/.conda/envs/PGx_env
PGx_env_37               /usr/users/rattrapagemehdibenghali/benghali_meh/.conda/envs/PGx_env_37
cloned_env               /usr/users/rattrapagemehdibenghali/benghali_meh/.conda/envs/cloned_env
new_PGx_env              /usr/users/rattrapagemehdibenghali/benghali_meh/.conda/envs/new_PGx_env
torch_from_source_env     /usr/users/rattrapagemehdibenghali/benghali_meh/.conda/envs/torch_from_source_env

Found existing installation: transformers 4.26.1
Uninstalling transformers-4.26.1:
  Would remove:
    /usr/users/rattrapagemehdibenghali/benghali_meh/.conda/envs/cloned_env/bin/transformers-cli
    /usr/users/rattrapagemehdibenghali/benghali_meh/.conda/envs/cloned_env/lib/python3.8/site-packages/transformers-4.26.1.dist-info/*
    /usr/users/rattrapagemehdibenghali/benghali_meh/.conda/envs/cloned_env/lib/python3.8/site-packages/transformers/*
Proceed (Y/n)? Collecting package metadata (repodata.json): ...working... done
Solving environment: ...working... failed
Collecting torch
  Using cached torch-1.13.1-cp38-cp38-manylinux1_x86_64.whl (887.4 MB)
Collecting typing-extensions
  Using cached typing_extensions-4.5.0-py3-none-any.whl (27 kB)
Collecting nvidia-cudnn-cu11==8.5.0.96
  Using cached nvidia_cudnn_cu11-8.5.0.96-2-py3-none-manylinux1_x86_64.whl (557.1 MB)
Collecting nvidia-cuda-nvrtc-cu11==11.7.99
  Using cached nvidia_cuda_nvrtc_cu11-11.7.99-2-py3-none-manylinux1_x86_64.whl (21.0 MB)
Collecting nvidia-cublas-cu11==11.10.3.66
  Using cached nvidia_cublas_cu11-11.10.3.66-py3-none-manylinux1_x86_64.whl (317.1 MB)
Collecting nvidia-cuda-runtime-cu11==11.7.99
  Using cached nvidia_cuda_runtime_cu11-11.7.99-py3-none-manylinux1_x86_64.whl (849 kB)
Collecting setuptools
  Downloading setuptools-67.3.2-py3-none-any.whl (1.1 MB)
     ━━━━━━━━━━━━━━━━━━━━━━━━━━━━━━━━━━━━━━━━ 1.1/1.1 MB 16.2 MB/s eta 0:00:00
Collecting wheel
  Using cached wheel-0.38.4-py3-none-any.whl (36 kB)
Installing collected packages: wheel, typing-extensions, setuptools, nvidia-cuda-nvrtc-cu11, nvidia-cuda-runtime-cu11, nvidia-cublas-cu11, nvidia-cudnn-cu11, torch
  Attempting uninstall: wheel
    Found existing installation: wheel 0.37.1
    Uninstalling wheel-0.37.1:
      Successfully uninstalled wheel-0.37.1
  Attempting uninstall: typing-extensions
    Found existing installation: typing_extensions 4.5.0
    Uninstalling typing_extensions-4.5.0:
      Successfully uninstalled typing_extensions-4.5.0
  Attempting uninstall: setuptools
    Found existing installation: setuptools 65.6.3
    Uninstalling setuptools-65.6.3:
      Successfully uninstalled setuptools-65.6.3
  Attempting uninstall: nvidia-cuda-nvrtc-cu11
    Found existing installation: nvidia-cuda-nvrtc-cu11 11.7.99
    Uninstalling nvidia-cuda-nvrtc-cu11-11.7.99:
      Successfully uninstalled nvidia-cuda-nvrtc-cu11-11.7.99
  Attempting uninstall: nvidia-cuda-runtime-cu11
    Found existing installation: nvidia-cuda-runtime-cu11 11.7.99
    Uninstalling nvidia-cuda-runtime-cu11-11.7.99:
      Successfully uninstalled nvidia-cuda-runtime-cu11-11.7.99
  Attempting uninstall: nvidia-cublas-cu11
    Found existing installation: nvidia-cublas-cu11 11.10.3.66
    Uninstalling nvidia-cublas-cu11-11.10.3.66:
      Successfully uninstalled nvidia-cublas-cu11-11.10.3.66
  Attempting uninstall: nvidia-cudnn-cu11
    Found existing installation: nvidia-cudnn-cu11 8.5.0.96
    Uninstalling nvidia-cudnn-cu11-8.5.0.96:
      Successfully uninstalled nvidia-cudnn-cu11-8.5.0.96
  Attempting uninstall: torch
    Found existing installation: torch 2.0.0a0+git3ace14e
    Uninstalling torch-2.0.0a0+git3ace14e:
      Successfully uninstalled torch-2.0.0a0+git3ace14e
Successfully installed nvidia-cublas-cu11-11.10.3.66 nvidia-cuda-nvrtc-cu11-11.7.99 nvidia-cuda-runtime-cu11-11.7.99 nvidia-cudnn-cu11-8.5.0.96 setuptools-67.3.2 torch-1.13.1 typing-extensions-4.5.0 wheel-0.38.4
Collecting transformers
  Using cached transformers-4.26.1-py3-none-any.whl (6.3 MB)
Collecting huggingface-hub<1.0,>=0.11.0
  Using cached huggingface_hub-0.12.1-py3-none-any.whl (190 kB)
Collecting tokenizers!=0.11.3,<0.14,>=0.11.1
  Using cached tokenizers-0.13.2-cp38-cp38-manylinux_2_17_x86_64.manylinux2014_x86_64.whl (7.6 MB)
Collecting packaging>=20.0
  Using cached packaging-23.0-py3-none-any.whl (42 kB)
Collecting pyyaml>=5.1
  Using cached PyYAML-6.0-cp38-cp38-manylinux_2_5_x86_64.manylinux1_x86_64.manylinux_2_12_x86_64.manylinux2010_x86_64.whl (701 kB)
Collecting regex!=2019.12.17
  Using cached regex-2022.10.31-cp38-cp38-manylinux_2_17_x86_64.manylinux2014_x86_64.whl (772 kB)
Collecting numpy>=1.17
  Using cached numpy-1.24.2-cp38-cp38-manylinux_2_17_x86_64.manylinux2014_x86_64.whl (17.3 MB)
Collecting filelock
  Using cached filelock-3.9.0-py3-none-any.whl (9.7 kB)
Collecting tqdm>=4.27
  Using cached tqdm-4.64.1-py2.py3-none-any.whl (78 kB)
Collecting requests
  Using cached requests-2.28.2-py3-none-any.whl (62 kB)
Collecting typing-extensions>=3.7.4.3
  Using cached typing_extensions-4.5.0-py3-none-any.whl (27 kB)
Collecting idna<4,>=2.5
  Using cached idna-3.4-py3-none-any.whl (61 kB)
Collecting urllib3<1.27,>=1.21.1
  Using cached urllib3-1.26.14-py2.py3-none-any.whl (140 kB)
Collecting charset-normalizer<4,>=2
  Using cached charset_normalizer-3.0.1-cp38-cp38-manylinux_2_17_x86_64.manylinux2014_x86_64.whl (195 kB)
Collecting certifi>=2017.4.17
  Using cached certifi-2022.12.7-py3-none-any.whl (155 kB)
Installing collected packages: tokenizers, charset-normalizer, urllib3, typing-extensions, tqdm, regex, pyyaml, packaging, numpy, idna, filelock, certifi, requests, huggingface-hub, transformers
  Attempting uninstall: tokenizers
    Found existing installation: tokenizers 0.13.2
    Uninstalling tokenizers-0.13.2:
      Successfully uninstalled tokenizers-0.13.2
  Attempting uninstall: charset-normalizer
    Found existing installation: charset-normalizer 3.0.1
    Uninstalling charset-normalizer-3.0.1:
      Successfully uninstalled charset-normalizer-3.0.1
  Attempting uninstall: urllib3
    Found existing installation: urllib3 1.26.14
    Uninstalling urllib3-1.26.14:
      Successfully uninstalled urllib3-1.26.14
  Attempting uninstall: typing-extensions
    Found existing installation: typing_extensions 4.5.0
    Uninstalling typing_extensions-4.5.0:
      Successfully uninstalled typing_extensions-4.5.0
  Attempting uninstall: tqdm
    Found existing installation: tqdm 4.64.1
    Uninstalling tqdm-4.64.1:
      Successfully uninstalled tqdm-4.64.1
  Attempting uninstall: regex
    Found existing installation: regex 2022.10.31
    Uninstalling regex-2022.10.31:
      Successfully uninstalled regex-2022.10.31
  Attempting uninstall: pyyaml
    Found existing installation: PyYAML 6.0
    Uninstalling PyYAML-6.0:
      Successfully uninstalled PyYAML-6.0
  Attempting uninstall: packaging
    Found existing installation: packaging 23.0
    Uninstalling packaging-23.0:
      Successfully uninstalled packaging-23.0
  Attempting uninstall: numpy
    Found existing installation: numpy 1.24.2
    Uninstalling numpy-1.24.2:
      Successfully uninstalled numpy-1.24.2
  Attempting uninstall: idna
    Found existing installation: idna 3.4
    Uninstalling idna-3.4:
      Successfully uninstalled idna-3.4
  Attempting uninstall: filelock
    Found existing installation: filelock 3.9.0
    Uninstalling filelock-3.9.0:
      Successfully uninstalled filelock-3.9.0
  Attempting uninstall: certifi
    Found existing installation: certifi 2022.12.7
    Uninstalling certifi-2022.12.7:
      Successfully uninstalled certifi-2022.12.7
  Attempting uninstall: requests
    Found existing installation: requests 2.28.2
    Uninstalling requests-2.28.2:
      Successfully uninstalled requests-2.28.2
  Attempting uninstall: huggingface-hub
    Found existing installation: huggingface-hub 0.12.1
    Uninstalling huggingface-hub-0.12.1:
      Successfully uninstalled huggingface-hub-0.12.1
  Attempting uninstall: transformers
    Found existing installation: transformers 4.26.1
    Uninstalling transformers-4.26.1:
      Successfully uninstalled transformers-4.26.1
Successfully installed certifi-2022.12.7 charset-normalizer-3.0.1 filelock-3.9.0 huggingface-hub-0.12.1 idna-3.4 numpy-1.24.2 packaging-23.0 pyyaml-6.0 regex-2022.10.31 requests-2.28.2 tokenizers-0.13.2 tqdm-4.64.1 transformers-4.26.1 typing-extensions-4.5.0 urllib3-1.26.14
