Running on sh05
# conda environments:
#
base                  *  /opt/conda
PGx_env                  /usr/users/rattrapagemehdibenghali/benghali_meh/.conda/envs/PGx_env
PGx_env_37               /usr/users/rattrapagemehdibenghali/benghali_meh/.conda/envs/PGx_env_37
new_PGx_env              /usr/users/rattrapagemehdibenghali/benghali_meh/.conda/envs/new_PGx_env
torch_from_source_env     /usr/users/rattrapagemehdibenghali/benghali_meh/.conda/envs/torch_from_source_env

Namespace(bart_name='facebook/bart-large', batch_size=8, dataset_name='PGxCorpus', decoder_type='avg_feature', eval_start_epoch=10, history_dir='./training_history', length_penalty=1, lr=1e-05, max_len=10, max_len_a=1.6, n_epochs=100, num_beams=4, save_model=1, schedule='linear', target_type='word', use_encoder_mlp=1, warmup_ratio=0.01)
Save cache to caches/data_facebook/bart-large_PGxCorpus_word.pt.
max_len_a:1.6, max_len:10
In total 3 datasets:
	dev has 75 instances.
	test has 76 instances.
	train has 567 instances.

The number of tokens in tokenizer  50265
50275 50280
cpu
11.3
input fields after batch(if batch size is 2):
	tgt_tokens: (1)type:torch.Tensor (2)dtype:torch.int64, (3)shape:torch.Size([2, 34]) 
	src_tokens: (1)type:torch.Tensor (2)dtype:torch.int64, (3)shape:torch.Size([2, 56]) 
	first: (1)type:torch.Tensor (2)dtype:torch.int64, (3)shape:torch.Size([2, 56]) 
	src_seq_len: (1)type:torch.Tensor (2)dtype:torch.int64, (3)shape:torch.Size([2]) 
	tgt_seq_len: (1)type:torch.Tensor (2)dtype:torch.int64, (3)shape:torch.Size([2]) 
target fields after batch(if batch size is 2):
	entities: (1)type:numpy.ndarray (2)dtype:object, (3)shape:(2,) 
	tgt_tokens: (1)type:torch.Tensor (2)dtype:torch.int64, (3)shape:torch.Size([2, 34]) 
	target_span: (1)type:numpy.ndarray (2)dtype:object, (3)shape:(2,) 
	tgt_seq_len: (1)type:torch.Tensor (2)dtype:torch.int64, (3)shape:torch.Size([2]) 

training epochs started 2023-02-19-17-45-00-313628
logging training to fitlog
creating history dir
[0, 2, 1]
Evaluate data in 92.21 seconds!
Evaluate data in 113.16 seconds!
FitlogCallback evaluation on data-test:
Seq2SeqSpanMetric: f=40.38, rec=32.0, pre=54.72, em=0.0
Evaluation on dev at Epoch 11/100. Step:781/7100: 
Seq2SeqSpanMetric: f=43.65, rec=34.68, pre=58.9, em=0.0

Evaluate data in 73.58 seconds!
Evaluate data in 89.59 seconds!
FitlogCallback evaluation on data-test:
Seq2SeqSpanMetric: f=43.29, rec=35.05, pre=56.620000000000005, em=0.0132
Evaluation on dev at Epoch 12/100. Step:852/7100: 
Seq2SeqSpanMetric: f=45.17, rec=36.29, pre=59.8, em=0.0267

Evaluate data in 67.73 seconds!
Evaluate data in 79.59 seconds!
FitlogCallback evaluation on data-test:
Seq2SeqSpanMetric: f=45.59, rec=36.95, pre=59.51, em=0.0132
Evaluation on dev at Epoch 13/100. Step:923/7100: 
Seq2SeqSpanMetric: f=47.92, rec=39.519999999999996, pre=60.870000000000005, em=0.04

Evaluate data in 80.84 seconds!
Evaluate data in 98.7 seconds!
FitlogCallback evaluation on data-test:
Seq2SeqSpanMetric: f=47.43, rec=40.38, pre=57.45, em=0.0
Evaluation on dev at Epoch 14/100. Step:994/7100: 
Seq2SeqSpanMetric: f=48.93, rec=41.53, pre=59.540000000000006, em=0.04

Evaluate data in 73.46 seconds!
Evaluation on dev at Epoch 15/100. Step:1065/7100: 
Seq2SeqSpanMetric: f=48.08, rec=40.32, pre=59.519999999999996, em=0.0533

Evaluate data in 73.67 seconds!
Evaluate data in 87.09 seconds!
FitlogCallback evaluation on data-test:
Seq2SeqSpanMetric: f=49.78, rec=42.29, pre=60.49, em=0.0263
Evaluation on dev at Epoch 16/100. Step:1136/7100: 
Seq2SeqSpanMetric: f=50.349999999999994, rec=43.35, pre=60.06, em=0.04

Evaluate data in 64.84 seconds!
Evaluate data in 76.56 seconds!
FitlogCallback evaluation on data-test:
Seq2SeqSpanMetric: f=51.23, rec=43.62, pre=62.06, em=0.0132
Evaluation on dev at Epoch 17/100. Step:1207/7100: 
Seq2SeqSpanMetric: f=50.760000000000005, rec=43.55, pre=60.85, em=0.04

Evaluate data in 83.88 seconds!
Evaluate data in 93.46 seconds!
FitlogCallback evaluation on data-test:
Seq2SeqSpanMetric: f=52.300000000000004, rec=45.519999999999996, pre=61.44, em=0.0132
Evaluation on dev at Epoch 18/100. Step:1278/7100: 
Seq2SeqSpanMetric: f=54.24, rec=48.39, pre=61.7, em=0.04

Evaluate data in 72.72 seconds!
Evaluation on dev at Epoch 19/100. Step:1349/7100: 
Seq2SeqSpanMetric: f=54.17999999999999, rec=48.39, pre=61.53999999999999, em=0.04

Evaluate data in 77.57 seconds!
Evaluation on dev at Epoch 20/100. Step:1420/7100: 
Seq2SeqSpanMetric: f=53.65, rec=49.6, pre=58.43000000000001, em=0.04

Evaluate data in 69.22 seconds!
Evaluate data in 84.72 seconds!
FitlogCallback evaluation on data-test:
Seq2SeqSpanMetric: f=56.36, rec=50.67, pre=63.480000000000004, em=0.0658
Evaluation on dev at Epoch 21/100. Step:1491/7100: 
Seq2SeqSpanMetric: f=56.64, rec=51.61, pre=62.74999999999999, em=0.0533

Evaluate data in 75.07 seconds!
Evaluate data in 83.68 seconds!
FitlogCallback evaluation on data-test:
Seq2SeqSpanMetric: f=57.65, rec=52.38, pre=64.1, em=0.0789
Evaluation on dev at Epoch 22/100. Step:1562/7100: 
Seq2SeqSpanMetric: f=57.08, rec=52.82, pre=62.09, em=0.04

Evaluate data in 80.09 seconds!
Evaluation on dev at Epoch 23/100. Step:1633/7100: 
Seq2SeqSpanMetric: f=56.53, rec=53.23, pre=60.27, em=0.04

Evaluate data in 63.98 seconds!
Evaluate data in 80.26 seconds!
FitlogCallback evaluation on data-test:
Seq2SeqSpanMetric: f=57.32000000000001, rec=52.190000000000005, pre=63.57000000000001, em=0.0789
Evaluation on dev at Epoch 24/100. Step:1704/7100: 
Seq2SeqSpanMetric: f=57.60999999999999, rec=53.02, pre=63.07000000000001, em=0.0533

Evaluate data in 64.46 seconds!
Evaluate data in 85.17 seconds!
FitlogCallback evaluation on data-test:
Seq2SeqSpanMetric: f=59.24, rec=54.669999999999995, pre=64.64, em=0.0658
Evaluation on dev at Epoch 25/100. Step:1775/7100: 
Seq2SeqSpanMetric: f=58.13, rec=54.44, pre=62.36000000000001, em=0.04

Evaluate data in 71.13 seconds!
Evaluate data in 82.26 seconds!
FitlogCallback evaluation on data-test:
Seq2SeqSpanMetric: f=60.91, rec=57.14, pre=65.22, em=0.0789
Evaluation on dev at Epoch 26/100. Step:1846/7100: 
Seq2SeqSpanMetric: f=60.150000000000006, rec=57.66, pre=62.86000000000001, em=0.0533

Evaluate data in 66.3 seconds!
Evaluation on dev at Epoch 27/100. Step:1917/7100: 
Seq2SeqSpanMetric: f=58.28, rec=54.64, pre=62.44, em=0.0533

Evaluate data in 77.76 seconds!
Evaluate data in 79.04 seconds!
FitlogCallback evaluation on data-test:
Seq2SeqSpanMetric: f=60.019999999999996, rec=56.19, pre=64.41, em=0.0658
Evaluation on dev at Epoch 28/100. Step:1988/7100: 
Seq2SeqSpanMetric: f=62.06, rec=58.87, pre=65.62, em=0.0533

Evaluate data in 70.27 seconds!
Evaluation on dev at Epoch 29/100. Step:2059/7100: 
Seq2SeqSpanMetric: f=61.06, rec=59.27, pre=62.96000000000001, em=0.0667

Evaluate data in 73.42 seconds!
Evaluation on dev at Epoch 30/100. Step:2130/7100: 
Seq2SeqSpanMetric: f=56.61000000000001, rec=52.22, pre=61.809999999999995, em=0.0933

Evaluate data in 81.77 seconds!
Evaluation on dev at Epoch 31/100. Step:2201/7100: 
Seq2SeqSpanMetric: f=58.209999999999994, rec=55.04, pre=61.760000000000005, em=0.0667

Evaluate data in 75.61 seconds!
Evaluation on dev at Epoch 32/100. Step:2272/7100: 
Seq2SeqSpanMetric: f=60.11, rec=57.26, pre=63.24999999999999, em=0.0667

Evaluate data in 79.27 seconds!
Evaluation on dev at Epoch 33/100. Step:2343/7100: 
Seq2SeqSpanMetric: f=60.36, rec=57.86, pre=63.080000000000005, em=0.08

Evaluate data in 82.31 seconds!
Evaluation on dev at Epoch 34/100. Step:2414/7100: 
Seq2SeqSpanMetric: f=58.91, rec=56.65, pre=61.35, em=0.0533

Evaluate data in 67.29 seconds!
Evaluation on dev at Epoch 35/100. Step:2485/7100: 
Seq2SeqSpanMetric: f=61.6, rec=58.87, pre=64.60000000000001, em=0.1067

Evaluate data in 71.09 seconds!
Evaluation on dev at Epoch 36/100. Step:2556/7100: 
Seq2SeqSpanMetric: f=62.029999999999994, rec=60.28, pre=63.89, em=0.08

Evaluate data in 73.99 seconds!
Evaluation on dev at Epoch 37/100. Step:2627/7100: 
Seq2SeqSpanMetric: f=61.7, rec=60.08, pre=63.4, em=0.08

Evaluate data in 74.66 seconds!
Evaluate data in 75.03 seconds!
FitlogCallback evaluation on data-test:
Seq2SeqSpanMetric: f=61.38, rec=58.29, pre=64.83, em=0.1579
Evaluation on dev at Epoch 38/100. Step:2698/7100: 
Seq2SeqSpanMetric: f=63.24999999999999, rec=60.89, pre=65.8, em=0.1067

Evaluate data in 72.22 seconds!
Evaluation on dev at Epoch 39/100. Step:2769/7100: 
Seq2SeqSpanMetric: f=60.96, rec=58.87, pre=63.2, em=0.0667

Evaluate data in 64.34 seconds!
Evaluation on dev at Epoch 40/100. Step:2840/7100: 
Seq2SeqSpanMetric: f=61.7, rec=60.08, pre=63.4, em=0.08

Evaluate data in 68.57 seconds!
Evaluation on dev at Epoch 41/100. Step:2911/7100: 
Seq2SeqSpanMetric: f=61.83, rec=60.08, pre=63.68000000000001, em=0.08

Evaluate data in 60.06 seconds!
Evaluate data in 70.32 seconds!
FitlogCallback evaluation on data-test:
Seq2SeqSpanMetric: f=63.13999999999999, rec=59.050000000000004, pre=67.83, em=0.1316
Evaluation on dev at Epoch 42/100. Step:2982/7100: 
Seq2SeqSpanMetric: f=63.99, rec=61.09, pre=67.17999999999999, em=0.0933

Evaluate data in 69.9 seconds!
Evaluation on dev at Epoch 43/100. Step:3053/7100: 
Seq2SeqSpanMetric: f=62.09, rec=61.09, pre=63.12, em=0.08

Evaluate data in 64.46 seconds!
Evaluation on dev at Epoch 44/100. Step:3124/7100: 
Seq2SeqSpanMetric: f=62.8, rec=61.09, pre=64.61, em=0.08

Evaluate data in 63.25 seconds!
Evaluation on dev at Epoch 45/100. Step:3195/7100: 
Seq2SeqSpanMetric: f=63.42, rec=61.69, pre=65.25, em=0.0933

Evaluate data in 59.35 seconds!
Evaluation on dev at Epoch 46/100. Step:3266/7100: 
Seq2SeqSpanMetric: f=61.22, rec=59.68, pre=62.849999999999994, em=0.0933

Evaluate data in 63.46 seconds!
Evaluation on dev at Epoch 47/100. Step:3337/7100: 
Seq2SeqSpanMetric: f=63.449999999999996, rec=62.3, pre=64.64, em=0.0933

Evaluate data in 68.16 seconds!
Evaluation on dev at Epoch 48/100. Step:3408/7100: 
Seq2SeqSpanMetric: f=62.4, rec=61.9, pre=62.91, em=0.0933

Evaluate data in 61.61 seconds!
Evaluate data in 69.02 seconds!
FitlogCallback evaluation on data-test:
Seq2SeqSpanMetric: f=63.83, rec=61.519999999999996, pre=66.32000000000001, em=0.1184
Evaluation on dev at Epoch 49/100. Step:3479/7100: 
Seq2SeqSpanMetric: f=64.47, rec=63.1, pre=65.89, em=0.12

Evaluate data in 64.0 seconds!
Evaluation on dev at Epoch 50/100. Step:3550/7100: 
Seq2SeqSpanMetric: f=63.32, rec=62.3, pre=64.37, em=0.0933

Evaluate data in 66.42 seconds!
Evaluate data in 73.43 seconds!
FitlogCallback evaluation on data-test:
Seq2SeqSpanMetric: f=65.06, rec=64.19, pre=65.95, em=0.1184
Evaluation on dev at Epoch 51/100. Step:3621/7100: 
Seq2SeqSpanMetric: f=64.69, rec=63.91, pre=65.5, em=0.12

Evaluate data in 63.22 seconds!
Evaluate data in 71.46 seconds!
FitlogCallback evaluation on data-test:
Seq2SeqSpanMetric: f=65.83, rec=64.57000000000001, pre=67.13, em=0.1184
Evaluation on dev at Epoch 52/100. Step:3692/7100: 
Seq2SeqSpanMetric: f=64.82, rec=63.71, pre=65.97, em=0.1333

Evaluate data in 60.59 seconds!
Evaluation on dev at Epoch 53/100. Step:3763/7100: 
Seq2SeqSpanMetric: f=64.16, rec=63.71, pre=64.62, em=0.08

Evaluate data in 58.1 seconds!
Evaluation on dev at Epoch 54/100. Step:3834/7100: 
Seq2SeqSpanMetric: f=64.14999999999999, rec=63.31, pre=65.01, em=0.1067

Evaluate data in 56.3 seconds!
Evaluation on dev at Epoch 55/100. Step:3905/7100: 
Seq2SeqSpanMetric: f=64.66, rec=62.9, pre=66.52, em=0.12

Evaluate data in 67.36 seconds!
Evaluate data in 68.66 seconds!
FitlogCallback evaluation on data-test:
Seq2SeqSpanMetric: f=64.53, rec=63.239999999999995, pre=65.86999999999999, em=0.1316
Evaluation on dev at Epoch 56/100. Step:3976/7100: 
Seq2SeqSpanMetric: f=64.97, rec=64.31, pre=65.64, em=0.12

Evaluate data in 61.47 seconds!
Evaluation on dev at Epoch 57/100. Step:4047/7100: 
Seq2SeqSpanMetric: f=64.3, rec=63.91, pre=64.69, em=0.12

Evaluate data in 65.03 seconds!
Evaluation on dev at Epoch 58/100. Step:4118/7100: 
Seq2SeqSpanMetric: f=64.42, rec=63.51, pre=65.35, em=0.1333

Evaluate data in 63.93 seconds!
Evaluation on dev at Epoch 59/100. Step:4189/7100: 
Seq2SeqSpanMetric: f=63.970000000000006, rec=63.71, pre=64.23, em=0.1067

Evaluate data in 59.89 seconds!
Evaluation on dev at Epoch 60/100. Step:4260/7100: 
Seq2SeqSpanMetric: f=64.63, rec=64.11, pre=65.16, em=0.0933

Evaluate data in 62.68 seconds!
Evaluation on dev at Epoch 61/100. Step:4331/7100: 
Seq2SeqSpanMetric: f=63.65, rec=63.71, pre=63.580000000000005, em=0.1067

Evaluate data in 60.44 seconds!
Evaluation on dev at Epoch 62/100. Step:4402/7100: 
Seq2SeqSpanMetric: f=63.68000000000001, rec=63.1, pre=64.27000000000001, em=0.12

Evaluate data in 59.11 seconds!
Evaluation on dev at Epoch 63/100. Step:4473/7100: 
Seq2SeqSpanMetric: f=64.14999999999999, rec=63.31, pre=65.01, em=0.12

Evaluate data in 60.03 seconds!
Evaluation on dev at Epoch 64/100. Step:4544/7100: 
Seq2SeqSpanMetric: f=64.14999999999999, rec=63.31, pre=65.01, em=0.12

Evaluate data in 57.62 seconds!
Evaluate data in 68.68 seconds!
FitlogCallback evaluation on data-test:
Seq2SeqSpanMetric: f=66.34, rec=64.75999999999999, pre=68.0, em=0.1447
Evaluation on dev at Epoch 65/100. Step:4615/7100: 
Seq2SeqSpanMetric: f=65.36999999999999, rec=64.31, pre=66.46, em=0.1333

Evaluate data in 59.13 seconds!
Evaluation on dev at Epoch 66/100. Step:4686/7100: 
Seq2SeqSpanMetric: f=65.16, rec=63.91, pre=66.46, em=0.12

Evaluate data in 58.43 seconds!
Evaluation on dev at Epoch 67/100. Step:4757/7100: 
Seq2SeqSpanMetric: f=65.28, rec=63.31, pre=67.38, em=0.1333

Evaluate data in 62.71 seconds!
Evaluate data in 70.43 seconds!
FitlogCallback evaluation on data-test:
Seq2SeqSpanMetric: f=66.99000000000001, rec=65.52, pre=68.53, em=0.1579
Evaluation on dev at Epoch 68/100. Step:4828/7100: 
Seq2SeqSpanMetric: f=65.71000000000001, rec=64.72, pre=66.74, em=0.12

Evaluate data in 60.25 seconds!
Evaluate data in 64.94 seconds!
FitlogCallback evaluation on data-test:
Seq2SeqSpanMetric: f=67.19000000000001, rec=65.52, pre=68.94, em=0.1711
Evaluation on dev at Epoch 69/100. Step:4899/7100: 
Seq2SeqSpanMetric: f=65.91, rec=64.52, pre=67.36999999999999, em=0.1333

Evaluate data in 62.6 seconds!
Evaluation on dev at Epoch 70/100. Step:4970/7100: 
Seq2SeqSpanMetric: f=65.58, rec=64.72, pre=66.46, em=0.1333

Evaluate data in 58.08 seconds!
Evaluation on dev at Epoch 71/100. Step:5041/7100: 
Seq2SeqSpanMetric: f=65.58, rec=64.92, pre=66.25999999999999, em=0.1333

Evaluate data in 59.55 seconds!
Evaluation on dev at Epoch 72/100. Step:5112/7100: 
Seq2SeqSpanMetric: f=64.97, rec=64.31, pre=65.64, em=0.1333

Evaluate data in 60.75 seconds!
Evaluate data in 64.48 seconds!
FitlogCallback evaluation on data-test:
Seq2SeqSpanMetric: f=68.21000000000001, rec=67.24, pre=69.22, em=0.1711
Evaluation on dev at Epoch 73/100. Step:5183/7100: 
Seq2SeqSpanMetric: f=65.92, rec=64.92, pre=66.94, em=0.1333

Evaluate data in 60.28 seconds!
Evaluate data in 66.06 seconds!
FitlogCallback evaluation on data-test:
Seq2SeqSpanMetric: f=67.96, rec=66.86, pre=69.08999999999999, em=0.1447
Evaluation on dev at Epoch 74/100. Step:5254/7100: 
Seq2SeqSpanMetric: f=66.19, rec=65.12, pre=67.29, em=0.1333

Evaluate data in 58.72 seconds!
Evaluation on dev at Epoch 75/100. Step:5325/7100: 
Seq2SeqSpanMetric: f=65.78, rec=65.12, pre=66.46, em=0.1333

Evaluate data in 60.67 seconds!
Evaluation on dev at Epoch 76/100. Step:5396/7100: 
Seq2SeqSpanMetric: f=66.05, rec=64.72, pre=67.44, em=0.16

Evaluate data in 58.13 seconds!
Evaluation on dev at Epoch 77/100. Step:5467/7100: 
Seq2SeqSpanMetric: f=65.71000000000001, rec=64.31, pre=67.16, em=0.16

Evaluate data in 56.95 seconds!
Evaluation on dev at Epoch 78/100. Step:5538/7100: 
Seq2SeqSpanMetric: f=65.71000000000001, rec=64.31, pre=67.16, em=0.1467

Evaluate data in 59.11 seconds!
Evaluate data in 64.13 seconds!
FitlogCallback evaluation on data-test:
Seq2SeqSpanMetric: f=67.51, rec=65.9, pre=69.19999999999999, em=0.1711
Evaluation on dev at Epoch 79/100. Step:5609/7100: 
Seq2SeqSpanMetric: f=66.60000000000001, rec=65.73, pre=67.49000000000001, em=0.1467

Evaluate data in 59.43 seconds!
Evaluate data in 63.64 seconds!
FitlogCallback evaluation on data-test:
Seq2SeqSpanMetric: f=66.86, rec=65.71000000000001, pre=68.05, em=0.1579
Evaluation on dev at Epoch 80/100. Step:5680/7100: 
Seq2SeqSpanMetric: f=67.08, rec=65.93, pre=68.27, em=0.1467

Evaluate data in 55.26 seconds!
Evaluation on dev at Epoch 81/100. Step:5751/7100: 
Seq2SeqSpanMetric: f=66.12, rec=64.52, pre=67.80000000000001, em=0.1467

Evaluate data in 59.55 seconds!
Evaluation on dev at Epoch 82/100. Step:5822/7100: 
Seq2SeqSpanMetric: f=65.92, rec=65.52, pre=66.33, em=0.1467

Evaluate data in 60.35 seconds!
Evaluation on dev at Epoch 83/100. Step:5893/7100: 
Seq2SeqSpanMetric: f=65.73, rec=65.73, pre=65.73, em=0.1467

Evaluate data in 58.73 seconds!
Evaluation on dev at Epoch 84/100. Step:5964/7100: 
Seq2SeqSpanMetric: f=66.19, rec=65.73, pre=66.67, em=0.16

Evaluate data in 61.43 seconds!
Evaluation on dev at Epoch 85/100. Step:6035/7100: 
Seq2SeqSpanMetric: f=66.67, rec=66.13, pre=67.21000000000001, em=0.16

Evaluate data in 61.58 seconds!
Evaluation on dev at Epoch 86/100. Step:6106/7100: 
Seq2SeqSpanMetric: f=67.01, rec=66.33, pre=67.7, em=0.16

Evaluate data in 59.37 seconds!
Evaluate data in 62.81 seconds!
FitlogCallback evaluation on data-test:
Seq2SeqSpanMetric: f=68.08, rec=67.43, pre=68.74, em=0.1842
Evaluation on dev at Epoch 87/100. Step:6177/7100: 
Seq2SeqSpanMetric: f=67.21000000000001, rec=66.13, pre=68.33, em=0.1467

Evaluate data in 60.03 seconds!
Evaluation on dev at Epoch 88/100. Step:6248/7100: 
Seq2SeqSpanMetric: f=67.14, rec=66.13, pre=68.19, em=0.16

Evaluate data in 59.26 seconds!
Evaluation on dev at Epoch 89/100. Step:6319/7100: 
Seq2SeqSpanMetric: f=66.8, rec=65.93, pre=67.7, em=0.1467

Evaluate data in 57.3 seconds!
Evaluation on dev at Epoch 90/100. Step:6390/7100: 
Seq2SeqSpanMetric: f=66.53, rec=66.13, pre=66.94, em=0.1467

Evaluate data in 59.26 seconds!
Evaluate data in 61.71 seconds!
FitlogCallback evaluation on data-test:
Seq2SeqSpanMetric: f=68.02, rec=67.05, pre=69.02000000000001, em=0.2105
Evaluation on dev at Epoch 91/100. Step:6461/7100: 
Seq2SeqSpanMetric: f=67.22, rec=65.73, pre=68.78, em=0.1733

Evaluate data in 59.88 seconds!
Evaluation on dev at Epoch 92/100. Step:6532/7100: 
Seq2SeqSpanMetric: f=65.5, rec=64.31, pre=66.74, em=0.16

Evaluate data in 59.17 seconds!
Evaluation on dev at Epoch 93/100. Step:6603/7100: 
Seq2SeqSpanMetric: f=66.25999999999999, rec=65.12, pre=67.43, em=0.16

Evaluate data in 59.36 seconds!
Evaluation on dev at Epoch 94/100. Step:6674/7100: 
Seq2SeqSpanMetric: f=66.12, rec=65.52, pre=66.74, em=0.1467

Evaluate data in 58.76 seconds!
Evaluation on dev at Epoch 95/100. Step:6745/7100: 
Seq2SeqSpanMetric: f=66.12, rec=65.12, pre=67.15, em=0.1467

Evaluate data in 60.65 seconds!
Evaluation on dev at Epoch 96/100. Step:6816/7100: 
Seq2SeqSpanMetric: f=65.64, rec=64.52, pre=66.81, em=0.1467

Evaluate data in 60.33 seconds!
Evaluation on dev at Epoch 97/100. Step:6887/7100: 
Seq2SeqSpanMetric: f=65.78, rec=64.52, pre=67.09, em=0.16

Evaluate data in 59.57 seconds!
Evaluation on dev at Epoch 98/100. Step:6958/7100: 
Seq2SeqSpanMetric: f=66.05, rec=64.92, pre=67.22, em=0.16

Evaluate data in 59.57 seconds!
Evaluation on dev at Epoch 99/100. Step:7029/7100: 
Seq2SeqSpanMetric: f=64.89, rec=63.91, pre=65.9, em=0.1467

Evaluate data in 60.01 seconds!
Evaluation on dev at Epoch 100/100. Step:7100/7100: 
Seq2SeqSpanMetric: f=65.36999999999999, rec=64.52, pre=66.25, em=0.1467

Best test performance(may not correspond to the best dev performance):{'Seq2SeqSpanMetric': {'f': 68.21000000000001, 'rec': 67.24, 'pre': 69.22, 'em': 0.1711}} achieved at Epoch:73.
Best test performance(correspond to the best dev performance):{'Seq2SeqSpanMetric': {'f': 68.02, 'rec': 67.05, 'pre': 69.02000000000001, 'em': 0.2105}} achieved at Epoch:91.

In Epoch:91/Step:6461, got best dev performance:
Seq2SeqSpanMetric: f=67.22, rec=65.73, pre=68.78, em=0.1733
