Running on sh01
# conda environments:
#
base                  *  /opt/conda
PGx_env                  /usr/users/rattrapagemehdibenghali/benghali_meh/.conda/envs/PGx_env
PGx_env_37               /usr/users/rattrapagemehdibenghali/benghali_meh/.conda/envs/PGx_env_37

Collecting package metadata (current_repodata.json): ...working... done
Solving environment: ...working... done


==> WARNING: A newer version of conda exists. <==
  current version: 4.10.3
  latest version: 23.1.0

Please update conda by running

    $ conda update -n base -c defaults conda



# All requested packages already installed.

Requirement already satisfied: pip in /usr/users/rattrapagemehdibenghali/benghali_meh/.conda/envs/PGx_env/lib/python3.8/site-packages (22.3.1)
Python 3.8.16
rustc 1.64.0 (a55dd71d5 2022-09-19)
Requirement already satisfied: setuptools_rust in /usr/users/rattrapagemehdibenghali/benghali_meh/.conda/envs/PGx_env/lib/python3.8/site-packages (1.5.2)
Requirement already satisfied: setuptools>=62.4 in /usr/users/rattrapagemehdibenghali/benghali_meh/.conda/envs/PGx_env/lib/python3.8/site-packages (from setuptools_rust) (65.6.3)
Requirement already satisfied: semantic-version<3,>=2.8.2 in /usr/users/rattrapagemehdibenghali/benghali_meh/.conda/envs/PGx_env/lib/python3.8/site-packages (from setuptools_rust) (2.10.0)
Requirement already satisfied: typing-extensions>=3.7.4.3 in /usr/users/rattrapagemehdibenghali/benghali_meh/.conda/envs/PGx_env/lib/python3.8/site-packages (from setuptools_rust) (4.4.0)
Requirement already satisfied: protobuf==3.20.* in /usr/users/rattrapagemehdibenghali/benghali_meh/.conda/envs/PGx_env/lib/python3.8/site-packages (from -r ./BARTNER/requirements.txt (line 1)) (3.20.3)
Requirement already satisfied: transformers==3.4.0 in /usr/users/rattrapagemehdibenghali/benghali_meh/.conda/envs/PGx_env/lib/python3.8/site-packages (from -r ./BARTNER/requirements.txt (line 2)) (3.4.0)
Requirement already satisfied: torch==1.7.1 in /usr/users/rattrapagemehdibenghali/benghali_meh/.conda/envs/PGx_env/lib/python3.8/site-packages (from -r ./BARTNER/requirements.txt (line 3)) (1.7.1)
Requirement already satisfied: regex!=2019.12.17 in /usr/users/rattrapagemehdibenghali/benghali_meh/.local/lib/python3.8/site-packages (from transformers==3.4.0->-r ./BARTNER/requirements.txt (line 2)) (2022.10.31)
Requirement already satisfied: sacremoses in /usr/users/rattrapagemehdibenghali/benghali_meh/.conda/envs/PGx_env/lib/python3.8/site-packages (from transformers==3.4.0->-r ./BARTNER/requirements.txt (line 2)) (0.0.53)
Requirement already satisfied: requests in /usr/users/rattrapagemehdibenghali/benghali_meh/.conda/envs/PGx_env/lib/python3.8/site-packages (from transformers==3.4.0->-r ./BARTNER/requirements.txt (line 2)) (2.28.2)
Requirement already satisfied: filelock in /usr/users/rattrapagemehdibenghali/benghali_meh/.local/lib/python3.8/site-packages (from transformers==3.4.0->-r ./BARTNER/requirements.txt (line 2)) (3.9.0)
Requirement already satisfied: sentencepiece!=0.1.92 in /usr/users/rattrapagemehdibenghali/benghali_meh/.conda/envs/PGx_env/lib/python3.8/site-packages (from transformers==3.4.0->-r ./BARTNER/requirements.txt (line 2)) (0.1.97)
Requirement already satisfied: numpy in /usr/users/rattrapagemehdibenghali/benghali_meh/.conda/envs/PGx_env/lib/python3.8/site-packages (from transformers==3.4.0->-r ./BARTNER/requirements.txt (line 2)) (1.24.1)
Requirement already satisfied: tokenizers==0.9.2 in /usr/users/rattrapagemehdibenghali/benghali_meh/.conda/envs/PGx_env/lib/python3.8/site-packages (from transformers==3.4.0->-r ./BARTNER/requirements.txt (line 2)) (0.9.2)
Requirement already satisfied: tqdm>=4.27 in /usr/users/rattrapagemehdibenghali/benghali_meh/.conda/envs/PGx_env/lib/python3.8/site-packages (from transformers==3.4.0->-r ./BARTNER/requirements.txt (line 2)) (4.64.1)
Requirement already satisfied: packaging in /usr/users/rattrapagemehdibenghali/benghali_meh/.local/lib/python3.8/site-packages (from transformers==3.4.0->-r ./BARTNER/requirements.txt (line 2)) (23.0)
Requirement already satisfied: typing-extensions in /usr/users/rattrapagemehdibenghali/benghali_meh/.conda/envs/PGx_env/lib/python3.8/site-packages (from torch==1.7.1->-r ./BARTNER/requirements.txt (line 3)) (4.4.0)
Requirement already satisfied: certifi>=2017.4.17 in /usr/users/rattrapagemehdibenghali/benghali_meh/.conda/envs/PGx_env/lib/python3.8/site-packages (from requests->transformers==3.4.0->-r ./BARTNER/requirements.txt (line 2)) (2022.12.7)
Requirement already satisfied: urllib3<1.27,>=1.21.1 in /usr/users/rattrapagemehdibenghali/benghali_meh/.conda/envs/PGx_env/lib/python3.8/site-packages (from requests->transformers==3.4.0->-r ./BARTNER/requirements.txt (line 2)) (1.26.14)
Requirement already satisfied: charset-normalizer<4,>=2 in /usr/users/rattrapagemehdibenghali/benghali_meh/.conda/envs/PGx_env/lib/python3.8/site-packages (from requests->transformers==3.4.0->-r ./BARTNER/requirements.txt (line 2)) (3.0.1)
Requirement already satisfied: idna<4,>=2.5 in /usr/users/rattrapagemehdibenghali/benghali_meh/.conda/envs/PGx_env/lib/python3.8/site-packages (from requests->transformers==3.4.0->-r ./BARTNER/requirements.txt (line 2)) (3.4)
Requirement already satisfied: six in /usr/users/rattrapagemehdibenghali/benghali_meh/.conda/envs/PGx_env/lib/python3.8/site-packages (from sacremoses->transformers==3.4.0->-r ./BARTNER/requirements.txt (line 2)) (1.16.0)
Requirement already satisfied: joblib in /usr/users/rattrapagemehdibenghali/benghali_meh/.conda/envs/PGx_env/lib/python3.8/site-packages (from sacremoses->transformers==3.4.0->-r ./BARTNER/requirements.txt (line 2)) (1.2.0)
Requirement already satisfied: click in /usr/users/rattrapagemehdibenghali/benghali_meh/.local/lib/python3.8/site-packages (from sacremoses->transformers==3.4.0->-r ./BARTNER/requirements.txt (line 2)) (8.1.3)
Collecting git+https://github.com/fastnlp/fastNLP@dev
  Cloning https://github.com/fastnlp/fastNLP (to revision dev) to /tmp/benghali_meh-20538/pip-req-build-u2hydn1w
  Running command git clone --filter=blob:none --quiet https://github.com/fastnlp/fastNLP /tmp/benghali_meh-20538/pip-req-build-u2hydn1w
  Running command git checkout -b dev --track origin/dev
  Basculement sur la nouvelle branche 'dev'
  La branche 'dev' est paramétrée pour suivre la branche distante 'dev' depuis 'origin'.
  Resolved https://github.com/fastnlp/fastNLP to commit 2e3a689b294a988fafd618677def9ea1e5915e19
  Preparing metadata (setup.py): started
  Preparing metadata (setup.py): finished with status 'done'
Requirement already satisfied: numpy>=1.14.2 in /usr/users/rattrapagemehdibenghali/benghali_meh/.conda/envs/PGx_env/lib/python3.8/site-packages (from FastNLP==0.7.1) (1.24.1)
Requirement already satisfied: torch>=1.0.0 in /usr/users/rattrapagemehdibenghali/benghali_meh/.conda/envs/PGx_env/lib/python3.8/site-packages (from FastNLP==0.7.1) (1.7.1)
Requirement already satisfied: tqdm>=4.28.1 in /usr/users/rattrapagemehdibenghali/benghali_meh/.conda/envs/PGx_env/lib/python3.8/site-packages (from FastNLP==0.7.1) (4.64.1)
Requirement already satisfied: prettytable>=0.7.2 in /usr/users/rattrapagemehdibenghali/benghali_meh/.local/lib/python3.8/site-packages (from FastNLP==0.7.1) (3.6.0)
Requirement already satisfied: requests in /usr/users/rattrapagemehdibenghali/benghali_meh/.conda/envs/PGx_env/lib/python3.8/site-packages (from FastNLP==0.7.1) (2.28.2)
Requirement already satisfied: regex!=2019.12.17 in /usr/users/rattrapagemehdibenghali/benghali_meh/.local/lib/python3.8/site-packages (from FastNLP==0.7.1) (2022.10.31)
Requirement already satisfied: wcwidth in /usr/users/rattrapagemehdibenghali/benghali_meh/.local/lib/python3.8/site-packages (from prettytable>=0.7.2->FastNLP==0.7.1) (0.2.6)
Requirement already satisfied: typing-extensions in /usr/users/rattrapagemehdibenghali/benghali_meh/.conda/envs/PGx_env/lib/python3.8/site-packages (from torch>=1.0.0->FastNLP==0.7.1) (4.4.0)
Requirement already satisfied: charset-normalizer<4,>=2 in /usr/users/rattrapagemehdibenghali/benghali_meh/.conda/envs/PGx_env/lib/python3.8/site-packages (from requests->FastNLP==0.7.1) (3.0.1)
Requirement already satisfied: idna<4,>=2.5 in /usr/users/rattrapagemehdibenghali/benghali_meh/.conda/envs/PGx_env/lib/python3.8/site-packages (from requests->FastNLP==0.7.1) (3.4)
Requirement already satisfied: certifi>=2017.4.17 in /usr/users/rattrapagemehdibenghali/benghali_meh/.conda/envs/PGx_env/lib/python3.8/site-packages (from requests->FastNLP==0.7.1) (2022.12.7)
Requirement already satisfied: urllib3<1.27,>=1.21.1 in /usr/users/rattrapagemehdibenghali/benghali_meh/.conda/envs/PGx_env/lib/python3.8/site-packages (from requests->FastNLP==0.7.1) (1.26.14)
Collecting git+https://github.com/fastnlp/fitlog
  Cloning https://github.com/fastnlp/fitlog to /tmp/benghali_meh-20538/pip-req-build-z08maasb
  Running command git clone --filter=blob:none --quiet https://github.com/fastnlp/fitlog /tmp/benghali_meh-20538/pip-req-build-z08maasb
  Resolved https://github.com/fastnlp/fitlog to commit def816d968e6f688ea769dcca8c2475ad56ae693
  Preparing metadata (setup.py): started
  Preparing metadata (setup.py): finished with status 'done'
Requirement already satisfied: docopt>=0.6.2 in /usr/users/rattrapagemehdibenghali/benghali_meh/.local/lib/python3.8/site-packages (from fitlog==0.9.14) (0.6.2)
Requirement already satisfied: flask>=1.0.2 in /usr/users/rattrapagemehdibenghali/benghali_meh/.local/lib/python3.8/site-packages (from fitlog==0.9.14) (2.2.2)
Requirement already satisfied: numpy>=1.16.4 in /usr/users/rattrapagemehdibenghali/benghali_meh/.conda/envs/PGx_env/lib/python3.8/site-packages (from fitlog==0.9.14) (1.24.1)
Requirement already satisfied: gitpython>=3.1.2 in /usr/users/rattrapagemehdibenghali/benghali_meh/.local/lib/python3.8/site-packages (from fitlog==0.9.14) (3.1.30)
Requirement already satisfied: Jinja2>=3.0 in /usr/users/rattrapagemehdibenghali/benghali_meh/.local/lib/python3.8/site-packages (from flask>=1.0.2->fitlog==0.9.14) (3.1.2)
Requirement already satisfied: importlib-metadata>=3.6.0 in /usr/users/rattrapagemehdibenghali/benghali_meh/.conda/envs/PGx_env/lib/python3.8/site-packages (from flask>=1.0.2->fitlog==0.9.14) (6.0.0)
Requirement already satisfied: click>=8.0 in /usr/users/rattrapagemehdibenghali/benghali_meh/.local/lib/python3.8/site-packages (from flask>=1.0.2->fitlog==0.9.14) (8.1.3)
Requirement already satisfied: Werkzeug>=2.2.2 in /usr/users/rattrapagemehdibenghali/benghali_meh/.local/lib/python3.8/site-packages (from flask>=1.0.2->fitlog==0.9.14) (2.2.2)
Requirement already satisfied: itsdangerous>=2.0 in /usr/users/rattrapagemehdibenghali/benghali_meh/.local/lib/python3.8/site-packages (from flask>=1.0.2->fitlog==0.9.14) (2.1.2)
Requirement already satisfied: gitdb<5,>=4.0.1 in /usr/users/rattrapagemehdibenghali/benghali_meh/.local/lib/python3.8/site-packages (from gitpython>=3.1.2->fitlog==0.9.14) (4.0.10)
Requirement already satisfied: smmap<6,>=3.0.1 in /usr/users/rattrapagemehdibenghali/benghali_meh/.local/lib/python3.8/site-packages (from gitdb<5,>=4.0.1->gitpython>=3.1.2->fitlog==0.9.14) (5.0.0)
Requirement already satisfied: zipp>=0.5 in /usr/users/rattrapagemehdibenghali/benghali_meh/.conda/envs/PGx_env/lib/python3.8/site-packages (from importlib-metadata>=3.6.0->flask>=1.0.2->fitlog==0.9.14) (3.12.0)
Requirement already satisfied: MarkupSafe>=2.0 in /usr/users/rattrapagemehdibenghali/benghali_meh/.local/lib/python3.8/site-packages (from Jinja2>=3.0->flask>=1.0.2->fitlog==0.9.14) (2.1.2)
Downloading:   0%|          | 0.00/1.52k [00:00<?, ?B/s]Downloading: 100%|██████████| 1.52k/1.52k [00:00<00:00, 1.03MB/s]
Downloading:   0%|          | 0.00/899k [00:00<?, ?B/s]Downloading:   6%|▌         | 51.2k/899k [00:00<00:02, 311kB/s]Downloading:  27%|██▋       | 243k/899k [00:00<00:00, 808kB/s] Downloading: 100%|██████████| 899k/899k [00:00<00:00, 2.11MB/s]
Downloading:   0%|          | 0.00/456k [00:00<?, ?B/s]Downloading:  11%|█▏        | 52.2k/456k [00:00<00:01, 315kB/s]Downloading:  42%|████▏     | 191k/456k [00:00<00:00, 623kB/s] Downloading: 100%|██████████| 456k/456k [00:00<00:00, 1.09MB/s]
Traceback (most recent call last):
  File "./BARTNER/train.py", line 131, in <module>
    data_bundle, tokenizer, mapping2id = get_data()
  File "/usr/users/rattrapagemehdibenghali/benghali_meh/.local/lib/python3.8/site-packages/fastNLP/core/utils.py", line 357, in wrapper
    results = func(*args, **kwargs)
  File "./BARTNER/train.py", line 128, in get_data
    data_bundle = pipe.process_from_file(f'../data/{dataset_name}', demo=demo)
  File "/usr/users/rattrapagemehdibenghali/benghali_meh/PGxNER/BARTNER/data/pipe.py", line 214, in process_from_file
    data_bundle = DiscontinuousNERLoader(demo=demo).load(paths)
  File "/usr/users/rattrapagemehdibenghali/benghali_meh/.local/lib/python3.8/site-packages/fastNLP/io/loader/loader.py", line 68, in load
    paths = check_loader_paths(paths)
  File "/usr/users/rattrapagemehdibenghali/benghali_meh/.local/lib/python3.8/site-packages/fastNLP/io/utils.py", line 64, in check_loader_paths
    raise FileNotFoundError(f"{paths} is not a valid file path.")
FileNotFoundError: /usr/users/rattrapagemehdibenghali/benghali_meh/data/CADEC is not a valid file path.
