Running on sh07
# conda environments:
#
base                  *  /opt/conda
PGx_env                  /usr/users/rattrapagemehdibenghali/benghali_meh/.conda/envs/PGx_env

Requirement already satisfied: pip in /usr/users/rattrapagemehdibenghali/benghali_meh/.conda/envs/PGx_env/lib/python3.9/site-packages (22.3.1)
Python 3.9.16
Requirement already satisfied: setuptools_rust in /usr/users/rattrapagemehdibenghali/benghali_meh/.conda/envs/PGx_env/lib/python3.9/site-packages (1.5.2)
Requirement already satisfied: typing-extensions>=3.7.4.3 in /usr/users/rattrapagemehdibenghali/benghali_meh/.conda/envs/PGx_env/lib/python3.9/site-packages (from setuptools_rust) (4.4.0)
Requirement already satisfied: semantic-version<3,>=2.8.2 in /usr/users/rattrapagemehdibenghali/benghali_meh/.conda/envs/PGx_env/lib/python3.9/site-packages (from setuptools_rust) (2.10.0)
Requirement already satisfied: setuptools>=62.4 in /usr/users/rattrapagemehdibenghali/benghali_meh/.conda/envs/PGx_env/lib/python3.9/site-packages (from setuptools_rust) (65.6.3)
Requirement already satisfied: tokenizers in /usr/users/rattrapagemehdibenghali/benghali_meh/.conda/envs/PGx_env/lib/python3.9/site-packages (0.13.2)
Requirement already satisfied: transformers in /usr/users/rattrapagemehdibenghali/benghali_meh/.conda/envs/PGx_env/lib/python3.9/site-packages (4.26.0)
Requirement already satisfied: huggingface-hub<1.0,>=0.11.0 in /usr/users/rattrapagemehdibenghali/benghali_meh/.conda/envs/PGx_env/lib/python3.9/site-packages (from transformers) (0.12.0)
Requirement already satisfied: regex!=2019.12.17 in /usr/users/rattrapagemehdibenghali/benghali_meh/.conda/envs/PGx_env/lib/python3.9/site-packages (from transformers) (2022.10.31)
Requirement already satisfied: tqdm>=4.27 in /usr/users/rattrapagemehdibenghali/benghali_meh/.conda/envs/PGx_env/lib/python3.9/site-packages (from transformers) (4.64.1)
Requirement already satisfied: filelock in /usr/users/rattrapagemehdibenghali/benghali_meh/.conda/envs/PGx_env/lib/python3.9/site-packages (from transformers) (3.9.0)
Requirement already satisfied: requests in /usr/users/rattrapagemehdibenghali/benghali_meh/.conda/envs/PGx_env/lib/python3.9/site-packages (from transformers) (2.28.2)
Requirement already satisfied: numpy>=1.17 in /usr/users/rattrapagemehdibenghali/benghali_meh/.conda/envs/PGx_env/lib/python3.9/site-packages (from transformers) (1.24.1)
Requirement already satisfied: tokenizers!=0.11.3,<0.14,>=0.11.1 in /usr/users/rattrapagemehdibenghali/benghali_meh/.conda/envs/PGx_env/lib/python3.9/site-packages (from transformers) (0.13.2)
Requirement already satisfied: pyyaml>=5.1 in /usr/users/rattrapagemehdibenghali/benghali_meh/.conda/envs/PGx_env/lib/python3.9/site-packages (from transformers) (6.0)
Requirement already satisfied: packaging>=20.0 in /usr/users/rattrapagemehdibenghali/benghali_meh/.conda/envs/PGx_env/lib/python3.9/site-packages (from transformers) (23.0)
Requirement already satisfied: typing-extensions>=3.7.4.3 in /usr/users/rattrapagemehdibenghali/benghali_meh/.conda/envs/PGx_env/lib/python3.9/site-packages (from huggingface-hub<1.0,>=0.11.0->transformers) (4.4.0)
Requirement already satisfied: certifi>=2017.4.17 in /usr/users/rattrapagemehdibenghali/benghali_meh/.conda/envs/PGx_env/lib/python3.9/site-packages (from requests->transformers) (2022.12.7)
Requirement already satisfied: urllib3<1.27,>=1.21.1 in /usr/users/rattrapagemehdibenghali/benghali_meh/.conda/envs/PGx_env/lib/python3.9/site-packages (from requests->transformers) (1.26.14)
Requirement already satisfied: idna<4,>=2.5 in /usr/users/rattrapagemehdibenghali/benghali_meh/.conda/envs/PGx_env/lib/python3.9/site-packages (from requests->transformers) (3.4)
Requirement already satisfied: charset-normalizer<4,>=2 in /usr/users/rattrapagemehdibenghali/benghali_meh/.conda/envs/PGx_env/lib/python3.9/site-packages (from requests->transformers) (3.0.1)
Collecting git+https://github.com/fastnlp/fastNLP@dev
  Cloning https://github.com/fastnlp/fastNLP (to revision dev) to /tmp/benghali_meh-20527/pip-req-build-6mjfktq5
  Running command git clone --filter=blob:none --quiet https://github.com/fastnlp/fastNLP /tmp/benghali_meh-20527/pip-req-build-6mjfktq5
  Running command git checkout -b dev --track origin/dev
  Basculement sur la nouvelle branche 'dev'
  La branche 'dev' est paramétrée pour suivre la branche distante 'dev' depuis 'origin'.
  Resolved https://github.com/fastnlp/fastNLP to commit 2e3a689b294a988fafd618677def9ea1e5915e19
  Preparing metadata (setup.py): started
  Preparing metadata (setup.py): finished with status 'done'
Requirement already satisfied: numpy>=1.14.2 in /usr/users/rattrapagemehdibenghali/benghali_meh/.conda/envs/PGx_env/lib/python3.9/site-packages (from FastNLP==0.7.1) (1.24.1)
Requirement already satisfied: torch>=1.0.0 in /usr/users/rattrapagemehdibenghali/benghali_meh/.conda/envs/PGx_env/lib/python3.9/site-packages (from FastNLP==0.7.1) (1.10.1+cu113)
Requirement already satisfied: tqdm>=4.28.1 in /usr/users/rattrapagemehdibenghali/benghali_meh/.conda/envs/PGx_env/lib/python3.9/site-packages (from FastNLP==0.7.1) (4.64.1)
Requirement already satisfied: prettytable>=0.7.2 in /usr/users/rattrapagemehdibenghali/benghali_meh/.conda/envs/PGx_env/lib/python3.9/site-packages (from FastNLP==0.7.1) (3.6.0)
Requirement already satisfied: requests in /usr/users/rattrapagemehdibenghali/benghali_meh/.conda/envs/PGx_env/lib/python3.9/site-packages (from FastNLP==0.7.1) (2.28.2)
Requirement already satisfied: regex!=2019.12.17 in /usr/users/rattrapagemehdibenghali/benghali_meh/.conda/envs/PGx_env/lib/python3.9/site-packages (from FastNLP==0.7.1) (2022.10.31)
Requirement already satisfied: wcwidth in /usr/users/rattrapagemehdibenghali/benghali_meh/.conda/envs/PGx_env/lib/python3.9/site-packages (from prettytable>=0.7.2->FastNLP==0.7.1) (0.2.6)
Requirement already satisfied: typing-extensions in /usr/users/rattrapagemehdibenghali/benghali_meh/.conda/envs/PGx_env/lib/python3.9/site-packages (from torch>=1.0.0->FastNLP==0.7.1) (4.4.0)
Requirement already satisfied: certifi>=2017.4.17 in /usr/users/rattrapagemehdibenghali/benghali_meh/.conda/envs/PGx_env/lib/python3.9/site-packages (from requests->FastNLP==0.7.1) (2022.12.7)
Requirement already satisfied: charset-normalizer<4,>=2 in /usr/users/rattrapagemehdibenghali/benghali_meh/.conda/envs/PGx_env/lib/python3.9/site-packages (from requests->FastNLP==0.7.1) (3.0.1)
Requirement already satisfied: idna<4,>=2.5 in /usr/users/rattrapagemehdibenghali/benghali_meh/.conda/envs/PGx_env/lib/python3.9/site-packages (from requests->FastNLP==0.7.1) (3.4)
Requirement already satisfied: urllib3<1.27,>=1.21.1 in /usr/users/rattrapagemehdibenghali/benghali_meh/.conda/envs/PGx_env/lib/python3.9/site-packages (from requests->FastNLP==0.7.1) (1.26.14)
Collecting git+https://github.com/fastnlp/fitlog
  Cloning https://github.com/fastnlp/fitlog to /tmp/benghali_meh-20527/pip-req-build-4ijytuok
  Running command git clone --filter=blob:none --quiet https://github.com/fastnlp/fitlog /tmp/benghali_meh-20527/pip-req-build-4ijytuok
  Resolved https://github.com/fastnlp/fitlog to commit def816d968e6f688ea769dcca8c2475ad56ae693
  Preparing metadata (setup.py): started
  Preparing metadata (setup.py): finished with status 'done'
Requirement already satisfied: docopt>=0.6.2 in /usr/users/rattrapagemehdibenghali/benghali_meh/.conda/envs/PGx_env/lib/python3.9/site-packages (from fitlog==0.9.14) (0.6.2)
Requirement already satisfied: flask>=1.0.2 in /usr/users/rattrapagemehdibenghali/benghali_meh/.conda/envs/PGx_env/lib/python3.9/site-packages (from fitlog==0.9.14) (2.2.2)
Requirement already satisfied: numpy>=1.16.4 in /usr/users/rattrapagemehdibenghali/benghali_meh/.conda/envs/PGx_env/lib/python3.9/site-packages (from fitlog==0.9.14) (1.24.1)
Requirement already satisfied: gitpython>=3.1.2 in /usr/users/rattrapagemehdibenghali/benghali_meh/.conda/envs/PGx_env/lib/python3.9/site-packages (from fitlog==0.9.14) (3.1.30)
Requirement already satisfied: itsdangerous>=2.0 in /usr/users/rattrapagemehdibenghali/benghali_meh/.conda/envs/PGx_env/lib/python3.9/site-packages (from flask>=1.0.2->fitlog==0.9.14) (2.1.2)
Requirement already satisfied: importlib-metadata>=3.6.0 in /usr/users/rattrapagemehdibenghali/benghali_meh/.conda/envs/PGx_env/lib/python3.9/site-packages (from flask>=1.0.2->fitlog==0.9.14) (6.0.0)
Requirement already satisfied: click>=8.0 in /usr/users/rattrapagemehdibenghali/benghali_meh/.conda/envs/PGx_env/lib/python3.9/site-packages (from flask>=1.0.2->fitlog==0.9.14) (8.1.3)
Requirement already satisfied: Jinja2>=3.0 in /usr/users/rattrapagemehdibenghali/benghali_meh/.conda/envs/PGx_env/lib/python3.9/site-packages (from flask>=1.0.2->fitlog==0.9.14) (3.1.2)
Requirement already satisfied: Werkzeug>=2.2.2 in /usr/users/rattrapagemehdibenghali/benghali_meh/.conda/envs/PGx_env/lib/python3.9/site-packages (from flask>=1.0.2->fitlog==0.9.14) (2.2.2)
Requirement already satisfied: gitdb<5,>=4.0.1 in /usr/users/rattrapagemehdibenghali/benghali_meh/.conda/envs/PGx_env/lib/python3.9/site-packages (from gitpython>=3.1.2->fitlog==0.9.14) (4.0.10)
Requirement already satisfied: smmap<6,>=3.0.1 in /usr/users/rattrapagemehdibenghali/benghali_meh/.conda/envs/PGx_env/lib/python3.9/site-packages (from gitdb<5,>=4.0.1->gitpython>=3.1.2->fitlog==0.9.14) (5.0.0)
Requirement already satisfied: zipp>=0.5 in /usr/users/rattrapagemehdibenghali/benghali_meh/.conda/envs/PGx_env/lib/python3.9/site-packages (from importlib-metadata>=3.6.0->flask>=1.0.2->fitlog==0.9.14) (3.12.0)
Requirement already satisfied: MarkupSafe>=2.0 in /usr/users/rattrapagemehdibenghali/benghali_meh/.conda/envs/PGx_env/lib/python3.9/site-packages (from Jinja2>=3.0->flask>=1.0.2->fitlog==0.9.14) (2.1.2)
Traceback (most recent call last):
  File "/usr/users/rattrapagemehdibenghali/benghali_meh/PGxNER/./BARTNER/train.py", line 11, in <module>
    from model.bart import BartSeq2SeqModel
  File "/usr/users/rattrapagemehdibenghali/benghali_meh/PGxNER/BARTNER/model/bart.py", line 2, in <module>
    from .modeing_bart import BartEncoder, BartDecoder, BartModel
  File "/usr/users/rattrapagemehdibenghali/benghali_meh/PGxNER/BARTNER/model/modeing_bart.py", line 27
    from transformers..models.bart.modeling_bart import *
                      ^
SyntaxError: invalid syntax
