Running on sh03
# conda environments:
#
base                  *  /opt/conda
PGx_env                  /usr/users/rattrapagemehdibenghali/benghali_meh/.conda/envs/PGx_env
PGx_env_37               /usr/users/rattrapagemehdibenghali/benghali_meh/.conda/envs/PGx_env_37
clean_PGx_env            /usr/users/rattrapagemehdibenghali/benghali_meh/.conda/envs/clean_PGx_env
clean_PGx_env_latest_transformers     /usr/users/rattrapagemehdibenghali/benghali_meh/.conda/envs/clean_PGx_env_latest_transformers
cloned_env               /usr/users/rattrapagemehdibenghali/benghali_meh/.conda/envs/cloned_env
final_PGx_env            /usr/users/rattrapagemehdibenghali/benghali_meh/.conda/envs/final_PGx_env
new_PGx_env              /usr/users/rattrapagemehdibenghali/benghali_meh/.conda/envs/new_PGx_env
torch_from_source_env     /usr/users/rattrapagemehdibenghali/benghali_meh/.conda/envs/torch_from_source_env

cuda
Read cache from caches/data_facebook/bart-large_PGxCorpus_word.pt.
+--------------+-----------------+---------------+------------------+----------------+-----------------+----------------+-------------+-------------+-------------+
| entities     | entity_tags     | raw_words     | entity_spans     | tgt_tokens     | target_span     | src_tokens     | first       | src_seq_len | tgt_seq_len |
+--------------+-----------------+---------------+------------------+----------------+-----------------+----------------+-------------+-------------+-------------+
| [['alcoho... | ['chemical',... | ['Associat... | [[2, 3], [2, ... | [0, 15, 4, ... | [[15, 4], [1... | [0, 1544, 9... | [0, 1, 2... | 61          | 22          |
| [['GISTs'... | ['disease', ... | ['Most', '... | [[1, 2], [4, ... | [0, 14, 6, ... | [[14, 6], [1... | [0, 1993, 2... | [0, 1, 2... | 40          | 13          |
| [['angiot... | ['gene_or_pr... | ['The', 'a... | [[1, 7], [1, ... | [0, 14, 18,... | [[14, 18, 19... | [0, 20, 566... | [0, 1, 2... | 50          | 41          |
| [['levels... | ['phenotype'... | ['The', 'l... | [[1, 6, 12, 1... | [0, 14, 15,... | [[14, 15, 16... | [0, 20, 138... | [0, 1, 2... | 55          | 53          |
| [['morphi... | ['chemical',... | ['Although... | [[1, 2], [1, ... | [0, 14, 4, ... | [[14, 4], [1... | [0, 2223, 3... | [0, 1, 2... | 29          | 21          |
| [['T', '1... | ['limited_va... | ['In', 'th... | [[9, 28], [15... | [0, 22, 23,... | [[22, 23, 24... | [0, 96, 5, ... | [0, 1, 2... | 39          | 39          |
| [['respon... | ['pharmacody... | ['This', '... | [[5, 8], [5, ... | [0, 18, 19,... | [[18, 19, 20... | [0, 152, 31... | [0, 1, 2... | 42          | 31          |
| [['AZ'], ... | ['chemical',... | ['However'... | [[9, 10], [12... | [0, 22, 4, ... | [[22, 4], [2... | [0, 635, 21... | [0, 1, 2... | 104         | 77          |
| [['lycope... | ['chemical',... | ['We', 'fo... | [[3, 4], [8, ... | [0, 16, 4, ... | [[16, 4], [2... | [0, 166, 30... | [0, 1, 2... | 36          | 39          |
| [['Cytoch... | ['gene_or_pr... | ['Cytochro... | [[0, 6], [0, ... | [0, 13, 16,... | [[13, 16, 17... | [0, 9384, 5... | [0, 1, 2... | 45          | 51          |
| [['oral',... | ['pharmacoki... | ['We', 'fo... | [[2, 8], [5, ... | [0, 15, 16,... | [[15, 16, 17... | [0, 166, 30... | [0, 1, 2... | 62          | 28          |
| [['MDR', ... | ['gene_or_pr... | ['Is', 'th... | [[5, 7], [5, ... | [0, 18, 20,... | [[18, 20, 2]... | [0, 1534, 8... | [0, 1, 2... | 38          | 33          |
| ...          | ...             | ...           | ...              | ...            | ...             | ...            | ...         | ...         | ...         |
+--------------+-----------------+---------------+------------------+----------------+-----------------+----------------+-------------+-------------+-------------+
In total, has 0 predictions on the non-word start.
