Running on sh05
# conda environments:
#
base                  *  /opt/conda
PGx_env                  /usr/users/rattrapagemehdibenghali/benghali_meh/.conda/envs/PGx_env
PGx_env_37               /usr/users/rattrapagemehdibenghali/benghali_meh/.conda/envs/PGx_env_37
new_PGx_env              /usr/users/rattrapagemehdibenghali/benghali_meh/.conda/envs/new_PGx_env
torch_from_source_env     /usr/users/rattrapagemehdibenghali/benghali_meh/.conda/envs/torch_from_source_env

Namespace(bart_name='facebook/bart-large', batch_size=8, dataset_name='PGxCorpus', decoder_type='avg_feature', eval_start_epoch=10, history_dir='./training_history', length_penalty=1, lr=1e-05, max_len=10, max_len_a=1.1, n_epochs=100, num_beams=4, save_model=1, schedule='linear', target_type='word', use_encoder_mlp=1, warmup_ratio=0.01)
processing
{'dev': +---------------+-----------------+---------------+------------------+----------------+-----------------+----------------+---------------+
| entities      | entity_tags     | raw_words     | entity_spans     | tgt_tokens     | target_span     | src_tokens     | first         |
+---------------+-----------------+---------------+------------------+----------------+-----------------+----------------+---------------+
| [['COMT'],... | ['gene_or_pr... | ['The', 'C... | [[1, 2], [1, ... | [0, 14, 2, ... | [[14, 2], [1... | [0, 20, 158... | [0, 1, 2, ... |
| [['tumors'... | ['disease', ... | ['One', 'p... | [[5, 6], [7, ... | [0, 18, 6, ... | [[18, 6], [2... | [0, 509, 31... | [0, 1, 2, ... |
| [['DRD', '... | ['gene_or_pr... | ['CONCLUSI... | [[2, 4], [2, ... | [0, 17, 19,... | [[17, 19, 2]... | [0, 8748, 2... | [0, 1, 2, ... |
| [['metabol... | ['chemical',... | ['To', 'id... | [[3, 6], [13,... | [0, 16, 17,... | [[16, 17, 18... | [0, 598, 30... | [0, 1, 2, ... |
| [['cytochr... | ['gene_or_pr... | ['As', 'cy... | [[1, 4], [6, ... | [0, 14, 17,... | [[14, 17, 18... | [0, 287, 19... | [0, 1, 2, ... |
| [['respons... | ['pharmacody... | ['The', 'r... | [[1, 3], [6, ... | [0, 14, 15,... | [[14, 15, 5]... | [0, 20, 126... | [0, 1, 2, ... |
| [['polymor... | ['limited_va... | ['With', '... | [[6, 11], [9,... | [0, 19, 21,... | [[19, 21, 22... | [0, 590, 62... | [0, 1, 2, ... |
| [['GNB', '... | ['gene_or_pr... | ['Patients... | [[3, 5], [3, ... | [0, 16, 18,... | [[16, 18, 2]... | [0, 21755, ... | [0, 1, 2, ... |
| [['Sorafen... | ['chemical',... | ['Sorafeni... | [[0, 1], [8, ... | [0, 13, 4, ... | [[13, 4], [2... | [0, 14405, ... | [0, 1, 2, ... |
| [['Gastric... | ['disease', ... | ['CONCLUSI... | [[2, 4], [6, ... | [0, 17, 19,... | [[17, 19, 6]... | [0, 8748, 2... | [0, 1, 2, ... |
| [['Gly', '... | ['limited_va... | ['The', 'e... | [[4, 10], [7,... | [0, 17, 18,... | [[17, 18, 19... | [0, 20, 303... | [0, 1, 2, ... |
| [['genetic... | ['limited_va... | ['This', '... | [[6, 13], [10... | [0, 19, 20,... | [[19, 20, 21... | [0, 152, 89... | [0, 1, 2, ... |
| ...           | ...             | ...           | ...              | ...            | ...             | ...            | ...           |
+---------------+-----------------+---------------+------------------+----------------+-----------------+----------------+---------------+, 'test': +---------------+-----------------+---------------+------------------+----------------+-----------------+----------------+---------------+
| entities      | entity_tags     | raw_words     | entity_spans     | tgt_tokens     | target_span     | src_tokens     | first         |
+---------------+-----------------+---------------+------------------+----------------+-----------------+----------------+---------------+
| [['alcohol... | ['chemical',... | ['Associat... | [[2, 3], [2, ... | [0, 15, 4, ... | [[15, 4], [1... | [0, 1544, 9... | [0, 1, 2, ... |
| [['GISTs']... | ['disease', ... | ['Most', '... | [[1, 2], [4, ... | [0, 14, 6, ... | [[14, 6], [1... | [0, 1993, 2... | [0, 1, 2, ... |
| [['angiote... | ['gene_or_pr... | ['The', 'a... | [[1, 7], [1, ... | [0, 14, 18,... | [[14, 18, 19... | [0, 20, 566... | [0, 1, 2, ... |
| [['levels'... | ['phenotype'... | ['The', 'l... | [[1, 6, 12, 1... | [0, 14, 15,... | [[14, 15, 16... | [0, 20, 138... | [0, 1, 2, ... |
| [['morphin... | ['chemical',... | ['Although... | [[1, 2], [1, ... | [0, 14, 4, ... | [[14, 4], [1... | [0, 2223, 3... | [0, 1, 2, ... |
| [['T', '10... | ['limited_va... | ['In', 'th... | [[9, 28], [15... | [0, 22, 23,... | [[22, 23, 24... | [0, 96, 5, ... | [0, 1, 2, ... |
| [['respons... | ['pharmacody... | ['This', '... | [[5, 8], [5, ... | [0, 18, 19,... | [[18, 19, 20... | [0, 152, 31... | [0, 1, 2, ... |
| [['AZ'], [... | ['chemical',... | ['However'... | [[9, 10], [12... | [0, 22, 4, ... | [[22, 4], [2... | [0, 635, 21... | [0, 1, 2, ... |
| [['lycopen... | ['chemical',... | ['We', 'fo... | [[3, 4], [8, ... | [0, 16, 4, ... | [[16, 4], [2... | [0, 166, 30... | [0, 1, 2, ... |
| [['Cytochr... | ['gene_or_pr... | ['Cytochro... | [[0, 6], [0, ... | [0, 13, 16,... | [[13, 16, 17... | [0, 9384, 5... | [0, 1, 2, ... |
| [['oral', ... | ['pharmacoki... | ['We', 'fo... | [[2, 8], [5, ... | [0, 15, 16,... | [[15, 16, 17... | [0, 166, 30... | [0, 1, 2, ... |
| [['MDR', '... | ['gene_or_pr... | ['Is', 'th... | [[5, 7], [5, ... | [0, 18, 20,... | [[18, 20, 2]... | [0, 1534, 8... | [0, 1, 2, ... |
| ...           | ...             | ...           | ...              | ...            | ...             | ...            | ...           |
+---------------+-----------------+---------------+------------------+----------------+-----------------+----------------+---------------+, 'train': +---------------+-----------------+---------------+------------------+----------------+-----------------+----------------+---------------+
| entities      | entity_tags     | raw_words     | entity_spans     | tgt_tokens     | target_span     | src_tokens     | first         |
+---------------+-----------------+---------------+------------------+----------------+-----------------+----------------+---------------+
| [['UGT', '... | ['gene_or_pr... | ['CONCLUSI... | [[5, 9], [5, ... | [0, 20, 22,... | [[20, 22, 23... | [0, 8748, 2... | [0, 1, 2, ... |
| [['opioid'... | ['chemical',... | ['Withdraw... | [[7, 9], [10,... | [0, 26, 27,... | [[26, 27, 4]... | [0, 590, 24... | [0, 1, 2, ... |
| [['effects... | ['pharmacody... | ['To', 'ad... | [[8, 15], [14... | [0, 21, 22,... | [[21, 22, 23... | [0, 598, 11... | [0, 1, 2, ... |
| [['PDAC'],... | ['disease', ... | ['Accordin... | [[2, 3], [7, ... | [0, 15, 6, ... | [[15, 6], [2... | [0, 29129, ... | [0, 1, 2, ... |
| [['nonresp... | ['pharmacody... | ['One', 'o... | [[3, 4], [7, ... | [0, 16, 5, ... | [[16, 5], [2... | [0, 509, 9,... | [0, 1, 2, ... |
| [['Beta', ... | ['gene_or_pr... | ['Beta', '... | [[0, 2], [0, ... | [0, 13, 14,... | [[13, 14, 2]... | [0, 25905, ... | [0, 1, 2, ... |
| [['multiki... | ['chemical',... | ['Here', '... | [[6, 8], [8, ... | [0, 19, 23,... | [[19, 23, 4]... | [0, 1398, 2... | [0, 1, 2, ... |
| [['DPYD'],... | ['gene_or_pr... | ['The', 'a... | [[6, 7], [6, ... | [0, 19, 2, ... | [[19, 2], [1... | [0, 20, 410... | [0, 1, 2, ... |
| [['JAK', '... | ['gene_or_pr... | ['The', 'J... | [[1, 3], [1, ... | [0, 14, 16,... | [[14, 16, 2]... | [0, 20, 344... | [0, 1, 2, ... |
| [['exons',... | ['genomic_fa... | ['METHODS'... | [[5, 9], [7, ... | [0, 21, 23,... | [[21, 23, 24... | [0, 256, 40... | [0, 1, 2, ... |
| [['GSTT', ... | ['gene_or_pr... | ['Particul... | [[4, 6], [4, ... | [0, 17, 19,... | [[17, 19, 2]... | [0, 36863, ... | [0, 1, 2, ... |
| [['CYP', '... | ['gene_or_pr... | ['The', 'e... | [[3, 7], [3, ... | [0, 16, 18,... | [[16, 18, 19... | [0, 20, 303... | [0, 1, 2, ... |
| ...           | ...             | ...           | ...              | ...            | ...             | ...            | ...           |
+---------------+-----------------+---------------+------------------+----------------+-----------------+----------------+---------------+}
{'dev': +---------------+-----------------+---------------+------------------+----------------+-----------------+----------------+---------------+
| entities      | entity_tags     | raw_words     | entity_spans     | tgt_tokens     | target_span     | src_tokens     | first         |
+---------------+-----------------+---------------+------------------+----------------+-----------------+----------------+---------------+
| [['COMT'],... | ['gene_or_pr... | ['The', 'C... | [[1, 2], [1, ... | [0, 14, 2, ... | [[14, 2], [1... | [0, 20, 158... | [0, 1, 2, ... |
| [['tumors'... | ['disease', ... | ['One', 'p... | [[5, 6], [7, ... | [0, 18, 6, ... | [[18, 6], [2... | [0, 509, 31... | [0, 1, 2, ... |
| [['DRD', '... | ['gene_or_pr... | ['CONCLUSI... | [[2, 4], [2, ... | [0, 17, 19,... | [[17, 19, 2]... | [0, 8748, 2... | [0, 1, 2, ... |
| [['metabol... | ['chemical',... | ['To', 'id... | [[3, 6], [13,... | [0, 16, 17,... | [[16, 17, 18... | [0, 598, 30... | [0, 1, 2, ... |
| [['cytochr... | ['gene_or_pr... | ['As', 'cy... | [[1, 4], [6, ... | [0, 14, 17,... | [[14, 17, 18... | [0, 287, 19... | [0, 1, 2, ... |
| [['respons... | ['pharmacody... | ['The', 'r... | [[1, 3], [6, ... | [0, 14, 15,... | [[14, 15, 5]... | [0, 20, 126... | [0, 1, 2, ... |
| [['polymor... | ['limited_va... | ['With', '... | [[6, 11], [9,... | [0, 19, 21,... | [[19, 21, 22... | [0, 590, 62... | [0, 1, 2, ... |
| [['GNB', '... | ['gene_or_pr... | ['Patients... | [[3, 5], [3, ... | [0, 16, 18,... | [[16, 18, 2]... | [0, 21755, ... | [0, 1, 2, ... |
| [['Sorafen... | ['chemical',... | ['Sorafeni... | [[0, 1], [8, ... | [0, 13, 4, ... | [[13, 4], [2... | [0, 14405, ... | [0, 1, 2, ... |
| [['Gastric... | ['disease', ... | ['CONCLUSI... | [[2, 4], [6, ... | [0, 17, 19,... | [[17, 19, 6]... | [0, 8748, 2... | [0, 1, 2, ... |
| [['Gly', '... | ['limited_va... | ['The', 'e... | [[4, 10], [7,... | [0, 17, 18,... | [[17, 18, 19... | [0, 20, 303... | [0, 1, 2, ... |
| [['genetic... | ['limited_va... | ['This', '... | [[6, 13], [10... | [0, 19, 20,... | [[19, 20, 21... | [0, 152, 89... | [0, 1, 2, ... |
| ...           | ...             | ...           | ...              | ...            | ...             | ...            | ...           |
+---------------+-----------------+---------------+------------------+----------------+-----------------+----------------+---------------+, 'test': +---------------+-----------------+---------------+------------------+----------------+-----------------+----------------+---------------+
| entities      | entity_tags     | raw_words     | entity_spans     | tgt_tokens     | target_span     | src_tokens     | first         |
+---------------+-----------------+---------------+------------------+----------------+-----------------+----------------+---------------+
| [['alcohol... | ['chemical',... | ['Associat... | [[2, 3], [2, ... | [0, 15, 4, ... | [[15, 4], [1... | [0, 1544, 9... | [0, 1, 2, ... |
| [['GISTs']... | ['disease', ... | ['Most', '... | [[1, 2], [4, ... | [0, 14, 6, ... | [[14, 6], [1... | [0, 1993, 2... | [0, 1, 2, ... |
| [['angiote... | ['gene_or_pr... | ['The', 'a... | [[1, 7], [1, ... | [0, 14, 18,... | [[14, 18, 19... | [0, 20, 566... | [0, 1, 2, ... |
| [['levels'... | ['phenotype'... | ['The', 'l... | [[1, 6, 12, 1... | [0, 14, 15,... | [[14, 15, 16... | [0, 20, 138... | [0, 1, 2, ... |
| [['morphin... | ['chemical',... | ['Although... | [[1, 2], [1, ... | [0, 14, 4, ... | [[14, 4], [1... | [0, 2223, 3... | [0, 1, 2, ... |
| [['T', '10... | ['limited_va... | ['In', 'th... | [[9, 28], [15... | [0, 22, 23,... | [[22, 23, 24... | [0, 96, 5, ... | [0, 1, 2, ... |
| [['respons... | ['pharmacody... | ['This', '... | [[5, 8], [5, ... | [0, 18, 19,... | [[18, 19, 20... | [0, 152, 31... | [0, 1, 2, ... |
| [['AZ'], [... | ['chemical',... | ['However'... | [[9, 10], [12... | [0, 22, 4, ... | [[22, 4], [2... | [0, 635, 21... | [0, 1, 2, ... |
| [['lycopen... | ['chemical',... | ['We', 'fo... | [[3, 4], [8, ... | [0, 16, 4, ... | [[16, 4], [2... | [0, 166, 30... | [0, 1, 2, ... |
| [['Cytochr... | ['gene_or_pr... | ['Cytochro... | [[0, 6], [0, ... | [0, 13, 16,... | [[13, 16, 17... | [0, 9384, 5... | [0, 1, 2, ... |
| [['oral', ... | ['pharmacoki... | ['We', 'fo... | [[2, 8], [5, ... | [0, 15, 16,... | [[15, 16, 17... | [0, 166, 30... | [0, 1, 2, ... |
| [['MDR', '... | ['gene_or_pr... | ['Is', 'th... | [[5, 7], [5, ... | [0, 18, 20,... | [[18, 20, 2]... | [0, 1534, 8... | [0, 1, 2, ... |
| ...           | ...             | ...           | ...              | ...            | ...             | ...            | ...           |
+---------------+-----------------+---------------+------------------+----------------+-----------------+----------------+---------------+, 'train': +---------------+-----------------+---------------+------------------+----------------+-----------------+----------------+---------------+
| entities      | entity_tags     | raw_words     | entity_spans     | tgt_tokens     | target_span     | src_tokens     | first         |
+---------------+-----------------+---------------+------------------+----------------+-----------------+----------------+---------------+
| [['UGT', '... | ['gene_or_pr... | ['CONCLUSI... | [[5, 9], [5, ... | [0, 20, 22,... | [[20, 22, 23... | [0, 8748, 2... | [0, 1, 2, ... |
| [['opioid'... | ['chemical',... | ['Withdraw... | [[7, 9], [10,... | [0, 26, 27,... | [[26, 27, 4]... | [0, 590, 24... | [0, 1, 2, ... |
| [['effects... | ['pharmacody... | ['To', 'ad... | [[8, 15], [14... | [0, 21, 22,... | [[21, 22, 23... | [0, 598, 11... | [0, 1, 2, ... |
| [['PDAC'],... | ['disease', ... | ['Accordin... | [[2, 3], [7, ... | [0, 15, 6, ... | [[15, 6], [2... | [0, 29129, ... | [0, 1, 2, ... |
| [['nonresp... | ['pharmacody... | ['One', 'o... | [[3, 4], [7, ... | [0, 16, 5, ... | [[16, 5], [2... | [0, 509, 9,... | [0, 1, 2, ... |
| [['Beta', ... | ['gene_or_pr... | ['Beta', '... | [[0, 2], [0, ... | [0, 13, 14,... | [[13, 14, 2]... | [0, 25905, ... | [0, 1, 2, ... |
| [['multiki... | ['chemical',... | ['Here', '... | [[6, 8], [8, ... | [0, 19, 23,... | [[19, 23, 4]... | [0, 1398, 2... | [0, 1, 2, ... |
| [['DPYD'],... | ['gene_or_pr... | ['The', 'a... | [[6, 7], [6, ... | [0, 19, 2, ... | [[19, 2], [1... | [0, 20, 410... | [0, 1, 2, ... |
| [['JAK', '... | ['gene_or_pr... | ['The', 'J... | [[1, 3], [1, ... | [0, 14, 16,... | [[14, 16, 2]... | [0, 20, 344... | [0, 1, 2, ... |
| [['exons',... | ['genomic_fa... | ['METHODS'... | [[5, 9], [7, ... | [0, 21, 23,... | [[21, 23, 24... | [0, 256, 40... | [0, 1, 2, ... |
| [['GSTT', ... | ['gene_or_pr... | ['Particul... | [[4, 6], [4, ... | [0, 17, 19,... | [[17, 19, 2]... | [0, 36863, ... | [0, 1, 2, ... |
| [['CYP', '... | ['gene_or_pr... | ['The', 'e... | [[3, 7], [3, ... | [0, 16, 18,... | [[16, 18, 19... | [0, 20, 303... | [0, 1, 2, ... |
| ...           | ...             | ...           | ...              | ...            | ...             | ...            | ...           |
+---------------+-----------------+---------------+------------------+----------------+-----------------+----------------+---------------+}
{'dev': +--------------+-----------------+---------------+------------------+----------------+-----------------+----------------+-------------+-------------+-------------+
| entities     | entity_tags     | raw_words     | entity_spans     | tgt_tokens     | target_span     | src_tokens     | first       | src_seq_len | tgt_seq_len |
+--------------+-----------------+---------------+------------------+----------------+-----------------+----------------+-------------+-------------+-------------+
| [['COMT']... | ['gene_or_pr... | ['The', 'C... | [[1, 2], [1, ... | [0, 14, 2, ... | [[14, 2], [1... | [0, 20, 158... | [0, 1, 2... | 29          | 21          |
| [['tumors... | ['disease', ... | ['One', 'p... | [[5, 6], [7, ... | [0, 18, 6, ... | [[18, 6], [2... | [0, 509, 31... | [0, 1, 2... | 66          | 71          |
| [['DRD', ... | ['gene_or_pr... | ['CONCLUSI... | [[2, 4], [2, ... | [0, 17, 19,... | [[17, 19, 2]... | [0, 8748, 2... | [0, 1, 2... | 33          | 20          |
| [['metabo... | ['chemical',... | ['To', 'id... | [[3, 6], [13,... | [0, 16, 17,... | [[16, 17, 18... | [0, 598, 30... | [0, 1, 2... | 43          | 33          |
| [['cytoch... | ['gene_or_pr... | ['As', 'cy... | [[1, 4], [6, ... | [0, 14, 17,... | [[14, 17, 18... | [0, 287, 19... | [0, 1, 2... | 47          | 25          |
| [['respon... | ['pharmacody... | ['The', 'r... | [[1, 3], [6, ... | [0, 14, 15,... | [[14, 15, 5]... | [0, 20, 126... | [0, 1, 2... | 26          | 20          |
| [['polymo... | ['limited_va... | ['With', '... | [[6, 11], [9,... | [0, 19, 21,... | [[19, 21, 22... | [0, 590, 62... | [0, 1, 2... | 59          | 22          |
| [['GNB', ... | ['gene_or_pr... | ['Patients... | [[3, 5], [3, ... | [0, 16, 18,... | [[16, 18, 2]... | [0, 21755, ... | [0, 1, 2... | 43          | 17          |
| [['Sorafe... | ['chemical',... | ['Sorafeni... | [[0, 1], [8, ... | [0, 13, 4, ... | [[13, 4], [2... | [0, 14405, ... | [0, 1, 2... | 55          | 33          |
| [['Gastri... | ['disease', ... | ['CONCLUSI... | [[2, 4], [6, ... | [0, 17, 19,... | [[17, 19, 6]... | [0, 8748, 2... | [0, 1, 2... | 52          | 41          |
| [['Gly', ... | ['limited_va... | ['The', 'e... | [[4, 10], [7,... | [0, 17, 18,... | [[17, 18, 19... | [0, 20, 303... | [0, 1, 2... | 33          | 26          |
| [['geneti... | ['limited_va... | ['This', '... | [[6, 13], [10... | [0, 19, 20,... | [[19, 20, 21... | [0, 152, 89... | [0, 1, 2... | 33          | 25          |
| ...          | ...             | ...           | ...              | ...            | ...             | ...            | ...         | ...         | ...         |
+--------------+-----------------+---------------+------------------+----------------+-----------------+----------------+-------------+-------------+-------------+, 'test': +--------------+-----------------+---------------+------------------+----------------+-----------------+----------------+-------------+-------------+-------------+
| entities     | entity_tags     | raw_words     | entity_spans     | tgt_tokens     | target_span     | src_tokens     | first       | src_seq_len | tgt_seq_len |
+--------------+-----------------+---------------+------------------+----------------+-----------------+----------------+-------------+-------------+-------------+
| [['alcoho... | ['chemical',... | ['Associat... | [[2, 3], [2, ... | [0, 15, 4, ... | [[15, 4], [1... | [0, 1544, 9... | [0, 1, 2... | 61          | 22          |
| [['GISTs'... | ['disease', ... | ['Most', '... | [[1, 2], [4, ... | [0, 14, 6, ... | [[14, 6], [1... | [0, 1993, 2... | [0, 1, 2... | 40          | 13          |
| [['angiot... | ['gene_or_pr... | ['The', 'a... | [[1, 7], [1, ... | [0, 14, 18,... | [[14, 18, 19... | [0, 20, 566... | [0, 1, 2... | 50          | 41          |
| [['levels... | ['phenotype'... | ['The', 'l... | [[1, 6, 12, 1... | [0, 14, 15,... | [[14, 15, 16... | [0, 20, 138... | [0, 1, 2... | 55          | 53          |
| [['morphi... | ['chemical',... | ['Although... | [[1, 2], [1, ... | [0, 14, 4, ... | [[14, 4], [1... | [0, 2223, 3... | [0, 1, 2... | 29          | 21          |
| [['T', '1... | ['limited_va... | ['In', 'th... | [[9, 28], [15... | [0, 22, 23,... | [[22, 23, 24... | [0, 96, 5, ... | [0, 1, 2... | 39          | 39          |
| [['respon... | ['pharmacody... | ['This', '... | [[5, 8], [5, ... | [0, 18, 19,... | [[18, 19, 20... | [0, 152, 31... | [0, 1, 2... | 42          | 31          |
| [['AZ'], ... | ['chemical',... | ['However'... | [[9, 10], [12... | [0, 22, 4, ... | [[22, 4], [2... | [0, 635, 21... | [0, 1, 2... | 104         | 77          |
| [['lycope... | ['chemical',... | ['We', 'fo... | [[3, 4], [8, ... | [0, 16, 4, ... | [[16, 4], [2... | [0, 166, 30... | [0, 1, 2... | 36          | 39          |
| [['Cytoch... | ['gene_or_pr... | ['Cytochro... | [[0, 6], [0, ... | [0, 13, 16,... | [[13, 16, 17... | [0, 9384, 5... | [0, 1, 2... | 45          | 51          |
| [['oral',... | ['pharmacoki... | ['We', 'fo... | [[2, 8], [5, ... | [0, 15, 16,... | [[15, 16, 17... | [0, 166, 30... | [0, 1, 2... | 62          | 28          |
| [['MDR', ... | ['gene_or_pr... | ['Is', 'th... | [[5, 7], [5, ... | [0, 18, 20,... | [[18, 20, 2]... | [0, 1534, 8... | [0, 1, 2... | 38          | 33          |
| ...          | ...             | ...           | ...              | ...            | ...             | ...            | ...         | ...         | ...         |
+--------------+-----------------+---------------+------------------+----------------+-----------------+----------------+-------------+-------------+-------------+, 'train': +--------------+-----------------+---------------+------------------+----------------+-----------------+----------------+-------------+-------------+-------------+
| entities     | entity_tags     | raw_words     | entity_spans     | tgt_tokens     | target_span     | src_tokens     | first       | src_seq_len | tgt_seq_len |
+--------------+-----------------+---------------+------------------+----------------+-----------------+----------------+-------------+-------------+-------------+
| [['UGT', ... | ['gene_or_pr... | ['CONCLUSI... | [[5, 9], [5, ... | [0, 20, 22,... | [[20, 22, 23... | [0, 8748, 2... | [0, 1, 2... | 40          | 34          |
| [['opioid... | ['chemical',... | ['Withdraw... | [[7, 9], [10,... | [0, 26, 27,... | [[26, 27, 4]... | [0, 590, 24... | [0, 1, 2... | 56          | 18          |
| [['effect... | ['pharmacody... | ['To', 'ad... | [[8, 15], [14... | [0, 21, 22,... | [[21, 22, 23... | [0, 598, 11... | [0, 1, 2... | 53          | 56          |
| [['PDAC']... | ['disease', ... | ['Accordin... | [[2, 3], [7, ... | [0, 15, 6, ... | [[15, 6], [2... | [0, 29129, ... | [0, 1, 2... | 35          | 31          |
| [['nonres... | ['pharmacody... | ['One', 'o... | [[3, 4], [7, ... | [0, 16, 5, ... | [[16, 5], [2... | [0, 509, 9,... | [0, 1, 2... | 67          | 38          |
| [['Beta',... | ['gene_or_pr... | ['Beta', '... | [[0, 2], [0, ... | [0, 13, 14,... | [[13, 14, 2]... | [0, 25905, ... | [0, 1, 2... | 34          | 17          |
| [['multik... | ['chemical',... | ['Here', '... | [[6, 8], [8, ... | [0, 19, 23,... | [[19, 23, 4]... | [0, 1398, 2... | [0, 1, 2... | 56          | 19          |
| [['DPYD']... | ['gene_or_pr... | ['The', 'a... | [[6, 7], [6, ... | [0, 19, 2, ... | [[19, 2], [1... | [0, 20, 410... | [0, 1, 2... | 43          | 22          |
| [['JAK', ... | ['gene_or_pr... | ['The', 'J... | [[1, 3], [1, ... | [0, 14, 16,... | [[14, 16, 2]... | [0, 20, 344... | [0, 1, 2... | 74          | 55          |
| [['exons'... | ['genomic_fa... | ['METHODS'... | [[5, 9], [7, ... | [0, 21, 23,... | [[21, 23, 24... | [0, 256, 40... | [0, 1, 2... | 43          | 17          |
| [['GSTT',... | ['gene_or_pr... | ['Particul... | [[4, 6], [4, ... | [0, 17, 19,... | [[17, 19, 2]... | [0, 36863, ... | [0, 1, 2... | 31          | 31          |
| [['CYP', ... | ['gene_or_pr... | ['The', 'e... | [[3, 7], [3, ... | [0, 16, 18,... | [[16, 18, 19... | [0, 20, 303... | [0, 1, 2... | 31          | 28          |
| ...          | ...             | ...           | ...              | ...            | ...             | ...            | ...         | ...         | ...         |
+--------------+-----------------+---------------+------------------+----------------+-----------------+----------------+-------------+-------------+-------------+}
Save cache to caches/data_facebook/bart-large_PGxCorpus_word.pt.
max_len_a:1.1, max_len:10
In total 3 datasets:
	dev has 75 instances.
	test has 76 instances.
	train has 567 instances.

The number of tokens in tokenizer  50265
50275 50280
cpu
11.3
input fields after batch(if batch size is 2):
	tgt_tokens: (1)type:torch.Tensor (2)dtype:torch.int64, (3)shape:torch.Size([2, 34]) 
	src_tokens: (1)type:torch.Tensor (2)dtype:torch.int64, (3)shape:torch.Size([2, 56]) 
	first: (1)type:torch.Tensor (2)dtype:torch.int64, (3)shape:torch.Size([2, 56]) 
	src_seq_len: (1)type:torch.Tensor (2)dtype:torch.int64, (3)shape:torch.Size([2]) 
	tgt_seq_len: (1)type:torch.Tensor (2)dtype:torch.int64, (3)shape:torch.Size([2]) 
target fields after batch(if batch size is 2):
	entities: (1)type:numpy.ndarray (2)dtype:object, (3)shape:(2,) 
	tgt_tokens: (1)type:torch.Tensor (2)dtype:torch.int64, (3)shape:torch.Size([2, 34]) 
	target_span: (1)type:numpy.ndarray (2)dtype:object, (3)shape:(2,) 
	tgt_seq_len: (1)type:torch.Tensor (2)dtype:torch.int64, (3)shape:torch.Size([2]) 

training epochs started 2023-02-20-18-06-38-742559
logging training to fitlog
creating history dir
[0, 3, 5, 2, 7, 9, 10, 4, 0, 1, 13, 12, 11, 6, 8]
