Running on sh02
# conda environments:
#
base                  *  /opt/conda
PGx_env                  /usr/users/rattrapagemehdibenghali/benghali_meh/.conda/envs/PGx_env
PGx_env_37               /usr/users/rattrapagemehdibenghali/benghali_meh/.conda/envs/PGx_env_37
new_PGx_env              /usr/users/rattrapagemehdibenghali/benghali_meh/.conda/envs/new_PGx_env
torch_from_source_env     /usr/users/rattrapagemehdibenghali/benghali_meh/.conda/envs/torch_from_source_env

Namespace(bart_name='dmis-lab/biobert-v1.1', batch_size=8, dataset_name='PGxCorpus', decoder_type='avg_feature', eval_start_epoch=10, history_dir='./training_history', length_penalty=1, lr=1e-05, max_len=10, max_len_a=1.6, n_epochs=100, num_beams=3, save_model=1, schedule='linear', target_type='word', use_encoder_mlp=1, warmup_ratio=0.01)
processing
{'dev': +--------------+-----------------+---------------+------------------+----------------+-----------------+----------------+-------------+-------------+-------------+
| entities     | entity_tags     | raw_words     | entity_spans     | tgt_tokens     | target_span     | src_tokens     | first       | src_seq_len | tgt_seq_len |
+--------------+-----------------+---------------+------------------+----------------+-----------------+----------------+-------------+-------------+-------------+
| [['COMT']... | ['gene_or_pr... | ['The', 'C... | [[1, 2], [1, ... | [0, 14, 2, ... | [[14, 2], [1... | [0, 1109, 1... | [0, 1, 2... | 36          | 21          |
| [['tumors... | ['disease', ... | ['One', 'p... | [[5, 6], [7, ... | [0, 18, 6, ... | [[18, 6], [2... | [0, 1448, 5... | [0, 1, 2... | 76          | 71          |
| [['DRD', ... | ['gene_or_pr... | ['CONCLUSI... | [[2, 4], [2, ... | [0, 20, 22,... | [[20, 22, 2]... | [0, 18732, ... | [0, 1, 2... | 40          | 20          |
| [['metabo... | ['chemical',... | ['To', 'id... | [[3, 6], [13,... | [0, 16, 17,... | [[16, 17, 18... | [0, 1706, 6... | [0, 1, 2... | 52          | 33          |
| [['cytoch... | ['gene_or_pr... | ['As', 'cy... | [[1, 4], [6, ... | [0, 14, 18,... | [[14, 18, 19... | [0, 1249, 1... | [0, 1, 2... | 50          | 25          |
| [['respon... | ['pharmacody... | ['The', 'r... | [[1, 3], [6, ... | [0, 14, 15,... | [[14, 15, 5]... | [0, 1109, 2... | [0, 1, 2... | 28          | 20          |
| [['polymo... | ['limited_va... | ['With', '... | [[6, 11], [9,... | [0, 20, 25,... | [[20, 25, 26... | [0, 1556, 7... | [0, 1, 2... | 64          | 22          |
| [['GNB', ... | ['gene_or_pr... | ['Patients... | [[3, 5], [3, ... | [0, 17, 20,... | [[17, 20, 2]... | [0, 7195, 2... | [0, 1, 2... | 47          | 17          |
| [['Sorafe... | ['chemical',... | ['Sorafeni... | [[0, 1], [8, ... | [0, 13, 4, ... | [[13, 4], [2... | [0, 1573, 1... | [0, 1, 2... | 56          | 33          |
| [['Gastri... | ['disease', ... | ['CONCLUSI... | [[2, 4], [6, ... | [0, 19, 21,... | [[19, 21, 6]... | [0, 18732, ... | [0, 1, 2... | 60          | 41          |
| [['Gly', ... | ['limited_va... | ['The', 'e... | [[4, 10], [7,... | [0, 17, 19,... | [[17, 19, 20... | [0, 1109, 3... | [0, 1, 2... | 40          | 26          |
| [['geneti... | ['limited_va... | ['This', '... | [[6, 13], [10... | [0, 19, 20,... | [[19, 20, 21... | [0, 1188, 2... | [0, 1, 2... | 41          | 25          |
| ...          | ...             | ...           | ...              | ...            | ...             | ...            | ...         | ...         | ...         |
+--------------+-----------------+---------------+------------------+----------------+-----------------+----------------+-------------+-------------+-------------+, 'test': +--------------+-----------------+---------------+------------------+----------------+-----------------+----------------+-------------+-------------+-------------+
| entities     | entity_tags     | raw_words     | entity_spans     | tgt_tokens     | target_span     | src_tokens     | first       | src_seq_len | tgt_seq_len |
+--------------+-----------------+---------------+------------------+----------------+-----------------+----------------+-------------+-------------+-------------+
| [['alcoho... | ['chemical',... | ['Associat... | [[2, 3], [2, ... | [0, 15, 4, ... | [[15, 4], [1... | [0, 1791, 1... | [0, 1, 2... | 66          | 22          |
| [['GISTs'... | ['disease', ... | ['Most', '... | [[1, 2], [4, ... | [0, 14, 6, ... | [[14, 6], [2... | [0, 2082, 1... | [0, 1, 2... | 47          | 13          |
| [['angiot... | ['gene_or_pr... | ['The', 'a... | [[1, 7], [1, ... | [0, 14, 18,... | [[14, 18, 19... | [0, 1109, 1... | [0, 1, 2... | 52          | 41          |
| [['levels... | ['phenotype'... | ['The', 'l... | [[1, 6, 12, 1... | [0, 14, 15,... | [[14, 15, 16... | [0, 1109, 3... | [0, 1, 2... | 59          | 53          |
| [['morphi... | ['chemical',... | ['Although... | [[1, 2], [1, ... | [0, 14, 4, ... | [[14, 4], [1... | [0, 1966, 1... | [0, 1, 2... | 37          | 21          |
| [['T', '1... | ['limited_va... | ['In', 'th... | [[9, 28], [15... | [0, 22, 23,... | [[22, 23, 24... | [0, 1130, 1... | [0, 1, 2... | 42          | 39          |
| [['respon... | ['pharmacody... | ['This', '... | [[5, 8], [5, ... | [0, 18, 19,... | [[18, 19, 20... | [0, 1188, 5... | [0, 1, 2... | 47          | 31          |
| [['AZ'], ... | ['chemical',... | ['However'... | [[9, 10], [12... | [0, 22, 4, ... | [[22, 4], [2... | [0, 1438, 1... | [0, 1, 2... | 109         | 77          |
| [['lycope... | ['chemical',... | ['We', 'fo... | [[3, 4], [8, ... | [0, 16, 4, ... | [[16, 4], [2... | [0, 1284, 1... | [0, 1, 2... | 40          | 39          |
| [['Cytoch... | ['gene_or_pr... | ['Cytochro... | [[0, 6], [0, ... | [0, 13, 17,... | [[13, 17, 18... | [0, 27688, ... | [0, 1, 2... | 50          | 51          |
| [['oral',... | ['pharmacoki... | ['We', 'fo... | [[2, 8], [5, ... | [0, 15, 16,... | [[15, 16, 17... | [0, 1284, 1... | [0, 1, 2... | 68          | 28          |
| [['MDR', ... | ['gene_or_pr... | ['Is', 'th... | [[5, 7], [5, ... | [0, 18, 20,... | [[18, 20, 2]... | [0, 2181, 1... | [0, 1, 2... | 43          | 33          |
| ...          | ...             | ...           | ...              | ...            | ...             | ...            | ...         | ...         | ...         |
+--------------+-----------------+---------------+------------------+----------------+-----------------+----------------+-------------+-------------+-------------+, 'train': +--------------+-----------------+---------------+------------------+----------------+-----------------+----------------+-------------+-------------+-------------+
| entities     | entity_tags     | raw_words     | entity_spans     | tgt_tokens     | target_span     | src_tokens     | first       | src_seq_len | tgt_seq_len |
+--------------+-----------------+---------------+------------------+----------------+-----------------+----------------+-------------+-------------+-------------+
| [['UGT', ... | ['gene_or_pr... | ['CONCLUSI... | [[5, 9], [5, ... | [0, 23, 26,... | [[23, 26, 27... | [0, 18732, ... | [0, 1, 2... | 47          | 34          |
| [['opioid... | ['chemical',... | ['Withdraw... | [[7, 9], [10,... | [0, 29, 32,... | [[29, 32, 4]... | [0, 1556, 7... | [0, 1, 2... | 66          | 18          |
| [['effect... | ['pharmacody... | ['To', 'ad... | [[8, 15], [14... | [0, 21, 22,... | [[21, 22, 23... | [0, 1706, 4... | [0, 1, 2... | 56          | 56          |
| [['PDAC']... | ['disease', ... | ['Accordin... | [[2, 3], [7, ... | [0, 15, 6, ... | [[15, 6], [2... | [0, 22801, ... | [0, 1, 2... | 37          | 31          |
| [['nonres... | ['pharmacody... | ['One', 'o... | [[3, 4], [7, ... | [0, 16, 5, ... | [[16, 5], [2... | [0, 1448, 1... | [0, 1, 2... | 75          | 38          |
| [['Beta',... | ['gene_or_pr... | ['Beta', '... | [[0, 2], [0, ... | [0, 13, 14,... | [[13, 14, 2]... | [0, 13470, ... | [0, 1, 2... | 37          | 17          |
| [['multik... | ['chemical',... | ['Here', '... | [[6, 8], [8, ... | [0, 19, 22,... | [[19, 22, 4]... | [0, 3446, 1... | [0, 1, 2... | 61          | 19          |
| [['DPYD']... | ['gene_or_pr... | ['The', 'a... | [[6, 7], [6, ... | [0, 19, 2, ... | [[19, 2], [1... | [0, 1109, 4... | [0, 1, 2... | 46          | 22          |
| [['JAK', ... | ['gene_or_pr... | ['The', 'J... | [[1, 3], [1, ... | [0, 14, 17,... | [[14, 17, 2]... | [0, 1109, 1... | [0, 1, 2... | 82          | 55          |
| [['exons'... | ['genomic_fa... | ['METHODS'... | [[5, 9], [7, ... | [0, 22, 24,... | [[22, 24, 25... | [0, 22157, ... | [0, 1, 2... | 48          | 17          |
| [['GSTT',... | ['gene_or_pr... | ['Particul... | [[4, 6], [4, ... | [0, 19, 22,... | [[19, 22, 2]... | [0, 4539, 2... | [0, 1, 2... | 37          | 31          |
| [['CYP', ... | ['gene_or_pr... | ['The', 'e... | [[3, 7], [3, ... | [0, 16, 18,... | [[16, 18, 19... | [0, 1109, 3... | [0, 1, 2... | 33          | 28          |
| ...          | ...             | ...           | ...              | ...            | ...             | ...            | ...         | ...         | ...         |
+--------------+-----------------+---------------+------------------+----------------+-----------------+----------------+-------------+-------------+-------------+}
Save cache to caches/data_dmis-lab/biobert-v1.1_PGxCorpus_word.pt.
max_len_a:1.6, max_len:10
In total 3 datasets:
	dev has 75 instances.
	test has 76 instances.
	train has 567 instances.

