Running on sh05
# conda environments:
#
base                  *  /opt/conda
PGx_env                  /usr/users/rattrapagemehdibenghali/benghali_meh/.conda/envs/PGx_env
PGx_env_37               /usr/users/rattrapagemehdibenghali/benghali_meh/.conda/envs/PGx_env_37
clean_PGx_env            /usr/users/rattrapagemehdibenghali/benghali_meh/.conda/envs/clean_PGx_env
clean_PGx_env_latest_transformers     /usr/users/rattrapagemehdibenghali/benghali_meh/.conda/envs/clean_PGx_env_latest_transformers
cloned_env               /usr/users/rattrapagemehdibenghali/benghali_meh/.conda/envs/cloned_env
final_PGx_env            /usr/users/rattrapagemehdibenghali/benghali_meh/.conda/envs/final_PGx_env
new_PGx_env              /usr/users/rattrapagemehdibenghali/benghali_meh/.conda/envs/new_PGx_env
torch_from_source_env     /usr/users/rattrapagemehdibenghali/benghali_meh/.conda/envs/torch_from_source_env

Namespace(bart_name='facebook/bart-large', batch_size=8, dataset_name='PGxCorpus', decoder_type='avg_feature', eval_start_epoch=10, history_dir='./training_history', length_penalty=1, lr=1e-05, max_len=10, max_len_a=1.8, n_epochs=100, num_beams=3, save_model=1, schedule='linear', target_type='span', use_encoder_mlp=1, warmup_ratio=0.01)
Save cache to caches/data_facebook/bart-large_PGxCorpus_span.pt.
The number of tokens in tokenizer  50265
50275 50280
CUDA version : 11.7
cuda
input fields after batch(if batch size is 2):
	tgt_tokens: (1)type:torch.Tensor (2)dtype:torch.int64, (3)shape:torch.Size([2, 28]) 
	src_tokens: (1)type:torch.Tensor (2)dtype:torch.int64, (3)shape:torch.Size([2, 56]) 
	first: (1)type:torch.Tensor (2)dtype:torch.int64, (3)shape:torch.Size([2, 56]) 
	src_seq_len: (1)type:torch.Tensor (2)dtype:torch.int64, (3)shape:torch.Size([2]) 
	tgt_seq_len: (1)type:torch.Tensor (2)dtype:torch.int64, (3)shape:torch.Size([2]) 
target fields after batch(if batch size is 2):
	entities: (1)type:numpy.ndarray (2)dtype:object, (3)shape:(2,) 
	tgt_tokens: (1)type:torch.Tensor (2)dtype:torch.int64, (3)shape:torch.Size([2, 28]) 
	target_span: (1)type:numpy.ndarray (2)dtype:object, (3)shape:(2,) 
	tgt_seq_len: (1)type:torch.Tensor (2)dtype:torch.int64, (3)shape:torch.Size([2]) 

training epochs started 2023-02-22-18-40-08-787324
logging training to fitlog
creating history dir
[0, 3, 20, 5, 24, 29, 26, 16, 22, 2, 7, 17, 18, 21, 9, 23, 10, 15, 14, 25, 4, 0, 27, 1, 13, 28, 30, 12, 11, 6, 8, 19]
Evaluate data in 3.39 seconds!
Evaluate data in 3.03 seconds!
FitlogCallback evaluation on data-test:
Seq2SeqSpanMetric: f=57.730000000000004, rec=53.33, pre=62.92, em=0.0526
Evaluation on dev at Epoch 11/100. Step:781/7100: 
Seq2SeqSpanMetric: f=56.620000000000005, rec=53.02, pre=60.74, em=0.04

Evaluate data in 2.82 seconds!
Evaluate data in 2.71 seconds!
FitlogCallback evaluation on data-test:
Seq2SeqSpanMetric: f=58.87, rec=54.669999999999995, pre=63.78, em=0.1053
Evaluation on dev at Epoch 12/100. Step:852/7100: 
Seq2SeqSpanMetric: f=57.230000000000004, rec=54.230000000000004, pre=60.589999999999996, em=0.0667

Evaluate data in 3.82 seconds!
Evaluate data in 2.31 seconds!
FitlogCallback evaluation on data-test:
Seq2SeqSpanMetric: f=61.51, rec=57.52, pre=66.08000000000001, em=0.0921
Evaluation on dev at Epoch 13/100. Step:923/7100: 
Seq2SeqSpanMetric: f=60.480000000000004, rec=56.45, pre=65.12, em=0.0667

Evaluate data in 2.76 seconds!
Evaluation on dev at Epoch 14/100. Step:994/7100: 
Seq2SeqSpanMetric: f=59.870000000000005, rec=56.85, pre=63.23, em=0.0667

Evaluate data in 2.83 seconds!
Evaluate data in 3.18 seconds!
FitlogCallback evaluation on data-test:
Seq2SeqSpanMetric: f=64.29, rec=63.62, pre=64.98, em=0.1447
Evaluation on dev at Epoch 15/100. Step:1065/7100: 
Seq2SeqSpanMetric: f=62.49, rec=63.31, pre=61.69, em=0.0667

Evaluate data in 2.49 seconds!
Evaluation on dev at Epoch 16/100. Step:1136/7100: 
Seq2SeqSpanMetric: f=61.38, rec=59.27, pre=63.63999999999999, em=0.08

Evaluate data in 2.74 seconds!
Evaluation on dev at Epoch 17/100. Step:1207/7100: 
Seq2SeqSpanMetric: f=61.39, rec=59.48, pre=63.44, em=0.0667

Evaluate data in 2.75 seconds!
Evaluate data in 2.73 seconds!
FitlogCallback evaluation on data-test:
Seq2SeqSpanMetric: f=64.51, rec=62.67, pre=66.46, em=0.1711
Evaluation on dev at Epoch 18/100. Step:1278/7100: 
Seq2SeqSpanMetric: f=64.98, rec=64.92, pre=65.05, em=0.08

Evaluate data in 4.13 seconds!
Evaluation on dev at Epoch 19/100. Step:1349/7100: 
Seq2SeqSpanMetric: f=64.96, rec=61.29, pre=69.08999999999999, em=0.1333

Evaluate data in 2.8 seconds!
Evaluate data in 2.25 seconds!
FitlogCallback evaluation on data-test:
Seq2SeqSpanMetric: f=61.980000000000004, rec=59.62, pre=64.53999999999999, em=0.1447
Evaluation on dev at Epoch 20/100. Step:1420/7100: 
Seq2SeqSpanMetric: f=65.42999999999999, rec=63.91, pre=67.02, em=0.1467

Evaluate data in 2.85 seconds!
Evaluate data in 2.21 seconds!
FitlogCallback evaluation on data-test:
Seq2SeqSpanMetric: f=65.33, rec=62.29, pre=68.7, em=0.1974
Evaluation on dev at Epoch 21/100. Step:1491/7100: 
Seq2SeqSpanMetric: f=66.39, rec=64.31, pre=68.60000000000001, em=0.16

Evaluate data in 2.96 seconds!
Evaluation on dev at Epoch 22/100. Step:1562/7100: 
Seq2SeqSpanMetric: f=66.19, rec=64.92, pre=67.51, em=0.1733

Evaluate data in 2.3 seconds!
Evaluate data in 2.06 seconds!
FitlogCallback evaluation on data-test:
Seq2SeqSpanMetric: f=66.33, rec=63.05, pre=69.98, em=0.1447
Evaluation on dev at Epoch 23/100. Step:1633/7100: 
Seq2SeqSpanMetric: f=67.35, rec=66.13, pre=68.62, em=0.1333

Evaluate data in 2.84 seconds!
Evaluation on dev at Epoch 24/100. Step:1704/7100: 
Seq2SeqSpanMetric: f=66.60000000000001, rec=65.32, pre=67.92, em=0.1333

Evaluate data in 2.66 seconds!
Evaluation on dev at Epoch 25/100. Step:1775/7100: 
Seq2SeqSpanMetric: f=65.85, rec=64.92, pre=66.8, em=0.0933

Evaluate data in 2.94 seconds!
Evaluation on dev at Epoch 26/100. Step:1846/7100: 
Seq2SeqSpanMetric: f=66.94, rec=66.73, pre=67.14, em=0.0933

Evaluate data in 2.42 seconds!
Evaluate data in 1.94 seconds!
FitlogCallback evaluation on data-test:
Seq2SeqSpanMetric: f=66.27, rec=63.62, pre=69.15, em=0.1842
Evaluation on dev at Epoch 27/100. Step:1917/7100: 
Seq2SeqSpanMetric: f=68.17, rec=67.14, pre=69.23, em=0.16

Evaluate data in 2.6 seconds!
Evaluation on dev at Epoch 28/100. Step:1988/7100: 
Seq2SeqSpanMetric: f=64.56, rec=63.71, pre=65.42, em=0.1067

Evaluate data in 2.43 seconds!
Evaluation on dev at Epoch 29/100. Step:2059/7100: 
Seq2SeqSpanMetric: f=65.98, rec=64.92, pre=67.08, em=0.0933

Evaluate data in 2.4 seconds!
Evaluation on dev at Epoch 30/100. Step:2130/7100: 
Seq2SeqSpanMetric: f=65.99000000000001, rec=65.12, pre=66.86999999999999, em=0.1067

Evaluate data in 2.4 seconds!
Evaluate data in 2.11 seconds!
FitlogCallback evaluation on data-test:
Seq2SeqSpanMetric: f=66.41, rec=64.95, pre=67.93, em=0.1711
Evaluation on dev at Epoch 31/100. Step:2201/7100: 
Seq2SeqSpanMetric: f=69.15, rec=69.15, pre=69.15, em=0.1467

Evaluate data in 3.25 seconds!
Evaluation on dev at Epoch 32/100. Step:2272/7100: 
Seq2SeqSpanMetric: f=68.14, rec=68.55, pre=67.73, em=0.12

Evaluate data in 2.38 seconds!
Evaluation on dev at Epoch 33/100. Step:2343/7100: 
Seq2SeqSpanMetric: f=68.15, rec=67.94, pre=68.36, em=0.16

Evaluate data in 2.43 seconds!
Evaluation on dev at Epoch 34/100. Step:2414/7100: 
Seq2SeqSpanMetric: f=68.21000000000001, rec=68.35, pre=68.07, em=0.1467

Evaluate data in 2.52 seconds!
Evaluation on dev at Epoch 35/100. Step:2485/7100: 
Seq2SeqSpanMetric: f=67.53, rec=68.15, pre=66.93, em=0.12

Evaluate data in 3.15 seconds!
Evaluate data in 2.04 seconds!
FitlogCallback evaluation on data-test:
Seq2SeqSpanMetric: f=67.25, rec=65.52, pre=69.08, em=0.1974
Evaluation on dev at Epoch 36/100. Step:2556/7100: 
Seq2SeqSpanMetric: f=69.35, rec=69.56, pre=69.14, em=0.12

Evaluate data in 2.86 seconds!
Evaluation on dev at Epoch 37/100. Step:2627/7100: 
Seq2SeqSpanMetric: f=69.34, rec=69.76, pre=68.92, em=0.16

Evaluate data in 2.43 seconds!
Evaluation on dev at Epoch 38/100. Step:2698/7100: 
Seq2SeqSpanMetric: f=69.17999999999999, rec=70.16, pre=68.24, em=0.12

Evaluate data in 2.26 seconds!
Evaluation on dev at Epoch 39/100. Step:2769/7100: 
Seq2SeqSpanMetric: f=69.26, rec=68.15, pre=70.42, em=0.1467

Evaluate data in 2.16 seconds!
Evaluate data in 1.9 seconds!
FitlogCallback evaluation on data-test:
Seq2SeqSpanMetric: f=67.58, rec=66.10000000000001, pre=69.12, em=0.1842
Evaluation on dev at Epoch 40/100. Step:2840/7100: 
Seq2SeqSpanMetric: f=69.88, rec=70.16, pre=69.6, em=0.1467

Evaluate data in 2.27 seconds!
Evaluate data in 1.98 seconds!
FitlogCallback evaluation on data-test:
Seq2SeqSpanMetric: f=67.52, rec=65.52, pre=69.64, em=0.2237
Evaluation on dev at Epoch 41/100. Step:2911/7100: 
Seq2SeqSpanMetric: f=70.55, rec=69.56, pre=71.58, em=0.1733

Evaluate data in 2.3 seconds!
Evaluation on dev at Epoch 42/100. Step:2982/7100: 
Seq2SeqSpanMetric: f=69.78, rec=69.35, pre=70.19999999999999, em=0.1467

Evaluate data in 2.6 seconds!
Evaluation on dev at Epoch 43/100. Step:3053/7100: 
Seq2SeqSpanMetric: f=70.24000000000001, rec=69.96, pre=70.53, em=0.1733

Evaluate data in 2.29 seconds!
Evaluation on dev at Epoch 44/100. Step:3124/7100: 
Seq2SeqSpanMetric: f=69.83, rec=69.76, pre=69.89999999999999, em=0.16

Evaluate data in 2.28 seconds!
Evaluation on dev at Epoch 45/100. Step:3195/7100: 
Seq2SeqSpanMetric: f=70.26, rec=70.97, pre=69.57, em=0.1733

Evaluate data in 3.85 seconds!
Evaluation on dev at Epoch 46/100. Step:3266/7100: 
Seq2SeqSpanMetric: f=70.28, rec=70.56, pre=70.0, em=0.16

Evaluate data in 2.39 seconds!
Evaluate data in 2.19 seconds!
FitlogCallback evaluation on data-test:
Seq2SeqSpanMetric: f=68.67, rec=67.43, pre=69.96, em=0.2105
Evaluation on dev at Epoch 47/100. Step:3337/7100: 
Seq2SeqSpanMetric: f=70.67999999999999, rec=70.97, pre=70.39999999999999, em=0.1733

Evaluate data in 2.17 seconds!
Evaluation on dev at Epoch 48/100. Step:3408/7100: 
Seq2SeqSpanMetric: f=70.14, rec=70.56, pre=69.72, em=0.1333

Evaluate data in 2.44 seconds!
Evaluate data in 2.14 seconds!
FitlogCallback evaluation on data-test:
Seq2SeqSpanMetric: f=66.99000000000001, rec=65.9, pre=68.11, em=0.1842
Evaluation on dev at Epoch 49/100. Step:3479/7100: 
Seq2SeqSpanMetric: f=70.88, rec=70.16, pre=71.6, em=0.1733

Evaluate data in 2.28 seconds!
Evaluation on dev at Epoch 50/100. Step:3550/7100: 
Seq2SeqSpanMetric: f=69.43, rec=69.15, pre=69.72, em=0.1467

Evaluate data in 2.37 seconds!
Evaluation on dev at Epoch 51/100. Step:3621/7100: 
Seq2SeqSpanMetric: f=70.77, rec=70.77, pre=70.77, em=0.1467

Evaluate data in 2.32 seconds!
Evaluate data in 2.14 seconds!
FitlogCallback evaluation on data-test:
Seq2SeqSpanMetric: f=68.7, rec=68.57, pre=68.83, em=0.2105
Evaluation on dev at Epoch 52/100. Step:3692/7100: 
Seq2SeqSpanMetric: f=71.24000000000001, rec=71.17, pre=71.31, em=0.1733

Evaluate data in 2.2 seconds!
Evaluation on dev at Epoch 53/100. Step:3763/7100: 
Seq2SeqSpanMetric: f=70.55, rec=70.77, pre=70.34, em=0.16

Evaluate data in 2.2 seconds!
Evaluation on dev at Epoch 54/100. Step:3834/7100: 
Seq2SeqSpanMetric: f=70.98, rec=70.77, pre=71.2, em=0.1467

Evaluate data in 2.25 seconds!
Evaluation on dev at Epoch 55/100. Step:3905/7100: 
Seq2SeqSpanMetric: f=70.95, rec=71.17, pre=70.74000000000001, em=0.1467

Evaluate data in 2.3 seconds!
Evaluation on dev at Epoch 56/100. Step:3976/7100: 
Seq2SeqSpanMetric: f=71.17, rec=71.17, pre=71.17, em=0.1733

Evaluate data in 4.62 seconds!
Evaluate data in 2.08 seconds!
FitlogCallback evaluation on data-test:
Seq2SeqSpanMetric: f=68.27, rec=67.43, pre=69.14, em=0.2105
Evaluation on dev at Epoch 57/100. Step:4047/7100: 
Seq2SeqSpanMetric: f=71.31, rec=71.17, pre=71.46000000000001, em=0.16

Evaluate data in 2.34 seconds!
Evaluate data in 2.19 seconds!
FitlogCallback evaluation on data-test:
Seq2SeqSpanMetric: f=69.5, rec=68.57, pre=70.45, em=0.1974
Evaluation on dev at Epoch 58/100. Step:4118/7100: 
Seq2SeqSpanMetric: f=71.49, rec=71.77, pre=71.2, em=0.1733

Evaluate data in 2.29 seconds!
Evaluation on dev at Epoch 59/100. Step:4189/7100: 
Seq2SeqSpanMetric: f=71.0, rec=71.57, pre=70.44, em=0.16

Evaluate data in 2.28 seconds!
Evaluation on dev at Epoch 60/100. Step:4260/7100: 
Seq2SeqSpanMetric: f=71.08, rec=71.37, pre=70.8, em=0.16

Evaluate data in 2.3 seconds!
Evaluation on dev at Epoch 61/100. Step:4331/7100: 
Seq2SeqSpanMetric: f=70.36, rec=70.36, pre=70.36, em=0.16

Evaluate data in 2.22 seconds!
Evaluation on dev at Epoch 62/100. Step:4402/7100: 
Seq2SeqSpanMetric: f=69.55, rec=69.76, pre=69.34, em=0.16

Evaluate data in 2.27 seconds!
Evaluation on dev at Epoch 63/100. Step:4473/7100: 
Seq2SeqSpanMetric: f=70.49, rec=70.56, pre=70.42, em=0.1467

Evaluate data in 2.31 seconds!
Evaluate data in 2.08 seconds!
FitlogCallback evaluation on data-test:
Seq2SeqSpanMetric: f=68.97, rec=68.38, pre=69.57, em=0.2237
Evaluation on dev at Epoch 64/100. Step:4544/7100: 
Seq2SeqSpanMetric: f=71.7, rec=71.77, pre=71.63000000000001, em=0.1733

Evaluate data in 2.31 seconds!
Evaluation on dev at Epoch 65/100. Step:4615/7100: 
Seq2SeqSpanMetric: f=71.53, rec=72.18, pre=70.89, em=0.16

Evaluate data in 2.32 seconds!
Evaluation on dev at Epoch 66/100. Step:4686/7100: 
Seq2SeqSpanMetric: f=69.89999999999999, rec=69.76, pre=70.04, em=0.16

Evaluate data in 2.29 seconds!
Evaluation on dev at Epoch 67/100. Step:4757/7100: 
Seq2SeqSpanMetric: f=71.28999999999999, rec=71.57, pre=71.0, em=0.16

Evaluate data in 2.32 seconds!
Evaluation on dev at Epoch 68/100. Step:4828/7100: 
Seq2SeqSpanMetric: f=70.62, rec=70.77, pre=70.48, em=0.1467

Evaluate data in 2.23 seconds!
Evaluation on dev at Epoch 69/100. Step:4899/7100: 
Seq2SeqSpanMetric: f=70.58, rec=70.36, pre=70.78999999999999, em=0.1467

Evaluate data in 2.28 seconds!
Evaluation on dev at Epoch 70/100. Step:4970/7100: 
Seq2SeqSpanMetric: f=70.52000000000001, rec=70.16, pre=70.88, em=0.1467

Evaluate data in 2.28 seconds!
Evaluation on dev at Epoch 71/100. Step:5041/7100: 
Seq2SeqSpanMetric: f=70.48, rec=70.77, pre=70.19999999999999, em=0.1467

Evaluate data in 2.3 seconds!
Evaluation on dev at Epoch 72/100. Step:5112/7100: 
Seq2SeqSpanMetric: f=70.45, rec=71.37, pre=69.55, em=0.1333

Evaluate data in 2.31 seconds!
Evaluation on dev at Epoch 73/100. Step:5183/7100: 
Seq2SeqSpanMetric: f=71.2, rec=71.77, pre=70.63000000000001, em=0.16

Evaluate data in 2.31 seconds!
Evaluate data in 2.16 seconds!
FitlogCallback evaluation on data-test:
Seq2SeqSpanMetric: f=68.51, rec=68.38, pre=68.64, em=0.1842
Evaluation on dev at Epoch 74/100. Step:5254/7100: 
Seq2SeqSpanMetric: f=71.74000000000001, rec=72.18, pre=71.31, em=0.1733

Evaluate data in 2.32 seconds!
Evaluation on dev at Epoch 75/100. Step:5325/7100: 
Seq2SeqSpanMetric: f=71.21, rec=71.57, pre=70.86, em=0.1467

Evaluate data in 2.24 seconds!
Evaluation on dev at Epoch 76/100. Step:5396/7100: 
Seq2SeqSpanMetric: f=71.08, rec=71.37, pre=70.8, em=0.1333

Evaluate data in 2.29 seconds!
Evaluation on dev at Epoch 77/100. Step:5467/7100: 
Seq2SeqSpanMetric: f=71.00999999999999, rec=71.37, pre=70.66, em=0.1333

Evaluate data in 2.33 seconds!
Evaluation on dev at Epoch 78/100. Step:5538/7100: 
Seq2SeqSpanMetric: f=70.49, rec=70.56, pre=70.42, em=0.1333

Evaluate data in 2.32 seconds!
Evaluation on dev at Epoch 79/100. Step:5609/7100: 
Seq2SeqSpanMetric: f=70.91, rec=70.77, pre=71.05, em=0.1333

Evaluate data in 2.28 seconds!
Evaluation on dev at Epoch 80/100. Step:5680/7100: 
Seq2SeqSpanMetric: f=69.74000000000001, rec=70.16, pre=69.32000000000001, em=0.12

Evaluate data in 2.31 seconds!
Evaluation on dev at Epoch 81/100. Step:5751/7100: 
Seq2SeqSpanMetric: f=70.41, rec=70.77, pre=70.06, em=0.1333

Evaluate data in 2.29 seconds!
Evaluation on dev at Epoch 82/100. Step:5822/7100: 
Seq2SeqSpanMetric: f=71.16, rec=71.37, pre=70.94, em=0.1333

Evaluate data in 3.68 seconds!
Evaluation on dev at Epoch 83/100. Step:5893/7100: 
Seq2SeqSpanMetric: f=70.41, rec=70.77, pre=70.06, em=0.1467

Evaluate data in 2.25 seconds!
Evaluation on dev at Epoch 84/100. Step:5964/7100: 
Seq2SeqSpanMetric: f=71.00999999999999, rec=71.37, pre=70.66, em=0.12

Evaluate data in 2.85 seconds!
Evaluation on dev at Epoch 85/100. Step:6035/7100: 
Seq2SeqSpanMetric: f=69.35, rec=69.56, pre=69.14, em=0.12

Evaluate data in 2.25 seconds!
Evaluation on dev at Epoch 86/100. Step:6106/7100: 
Seq2SeqSpanMetric: f=69.08, rec=69.35, pre=68.8, em=0.12

Evaluate data in 2.29 seconds!
Evaluation on dev at Epoch 87/100. Step:6177/7100: 
Seq2SeqSpanMetric: f=70.50999999999999, rec=70.36, pre=70.65, em=0.1467

Evaluate data in 2.35 seconds!
Evaluation on dev at Epoch 88/100. Step:6248/7100: 
Seq2SeqSpanMetric: f=71.3, rec=71.37, pre=71.23, em=0.16

Evaluate data in 2.3 seconds!
Evaluation on dev at Epoch 89/100. Step:6319/7100: 
Seq2SeqSpanMetric: f=69.97, rec=69.76, pre=70.17999999999999, em=0.1333

Evaluate data in 2.28 seconds!
Evaluation on dev at Epoch 90/100. Step:6390/7100: 
Seq2SeqSpanMetric: f=70.23, rec=70.16, pre=70.3, em=0.1467

Evaluate data in 2.24 seconds!
Evaluation on dev at Epoch 91/100. Step:6461/7100: 
Seq2SeqSpanMetric: f=70.84, rec=70.77, pre=70.91, em=0.1467

Evaluate data in 2.28 seconds!
Evaluation on dev at Epoch 92/100. Step:6532/7100: 
Seq2SeqSpanMetric: f=69.83, rec=69.76, pre=69.89999999999999, em=0.1333

Evaluate data in 2.31 seconds!
Evaluation on dev at Epoch 93/100. Step:6603/7100: 
Seq2SeqSpanMetric: f=70.67999999999999, rec=70.97, pre=70.39999999999999, em=0.1333

Evaluate data in 2.23 seconds!
Evaluation on dev at Epoch 94/100. Step:6674/7100: 
Seq2SeqSpanMetric: f=70.89999999999999, rec=70.97, pre=70.82000000000001, em=0.1333

Evaluate data in 2.32 seconds!
Evaluation on dev at Epoch 95/100. Step:6745/7100: 
Seq2SeqSpanMetric: f=71.00999999999999, rec=71.37, pre=70.66, em=0.1333

Evaluate data in 4.38 seconds!
Evaluation on dev at Epoch 96/100. Step:6816/7100: 
Seq2SeqSpanMetric: f=71.39, rec=71.17, pre=71.6, em=0.1467

Evaluate data in 2.34 seconds!
Evaluation on dev at Epoch 97/100. Step:6887/7100: 
Seq2SeqSpanMetric: f=71.17, rec=71.17, pre=71.17, em=0.1467

Evaluate data in 2.35 seconds!
Evaluation on dev at Epoch 98/100. Step:6958/7100: 
Seq2SeqSpanMetric: f=71.16, rec=71.37, pre=70.94, em=0.1333

Evaluate data in 2.99 seconds!
Evaluation on dev at Epoch 99/100. Step:7029/7100: 
Seq2SeqSpanMetric: f=70.95, rec=71.17, pre=70.74000000000001, em=0.1333

Evaluate data in 2.34 seconds!
Evaluation on dev at Epoch 100/100. Step:7100/7100: 
Seq2SeqSpanMetric: f=70.95, rec=71.17, pre=70.74000000000001, em=0.1333

Best test performance(may not correspond to the best dev performance):{'Seq2SeqSpanMetric': {'f': 69.5, 'rec': 68.57, 'pre': 70.45, 'em': 0.1974}} achieved at Epoch:58.
Best test performance(correspond to the best dev performance):{'Seq2SeqSpanMetric': {'f': 68.51, 'rec': 68.38, 'pre': 68.64, 'em': 0.1842}} achieved at Epoch:74.

In Epoch:74/Step:5254, got best dev performance:
Seq2SeqSpanMetric: f=71.74000000000001, rec=72.18, pre=71.31, em=0.1733
