Running on sh04
# conda environments:
#
base                  *  /opt/conda
PGx_env                  /usr/users/rattrapagemehdibenghali/benghali_meh/.conda/envs/PGx_env
PGx_env_37               /usr/users/rattrapagemehdibenghali/benghali_meh/.conda/envs/PGx_env_37
new_PGx_env              /usr/users/rattrapagemehdibenghali/benghali_meh/.conda/envs/new_PGx_env
torch_from_source_env     /usr/users/rattrapagemehdibenghali/benghali_meh/.conda/envs/torch_from_source_env

Namespace(bart_name='dmis-lab/biobert-v1.1', batch_size=8, dataset_name='PGxCorpus', decoder_type='avg_feature', eval_start_epoch=10, history_dir='./training_history', length_penalty=1, lr=1e-05, max_len=10, max_len_a=1.6, n_epochs=100, num_beams=3, save_model=1, schedule='linear', target_type='word', use_encoder_mlp=1, warmup_ratio=0.01)
processing
36
76
40
52
50
28
64
47
56
60
40
41
50
30
46
37
30
38
38
102
42
60
51
52
29
64
33
40
84
38
97
42
78
78
53
72
51
73
28
118
36
109
69
26
48
37
35
58
16
50
65
61
101
85
29
28
98
26
29
35
55
103
33
70
44
49
27
52
39
30
36
62
53
41
40
66
47
52
59
37
42
47
109
40
50
68
43
58
38
29
27
32
49
38
49
59
65
66
71
52
39
36
43
41
111
78
49
52
23
49
60
81
141
67
75
41
58
35
54
33
67
41
115
39
41
58
118
68
47
99
62
38
31
35
34
60
65
101
48
38
33
41
32
42
34
80
37
46
38
49
34
47
66
56
37
75
37
61
46
82
48
37
33
47
47
39
96
47
76
32
82
19
32
32
33
110
154
85
74
40
51
96
59
66
40
71
76
46
34
41
30
75
38
64
53
49
71
61
52
37
39
47
42
77
45
47
75
57
61
72
43
84
57
41
81
56
70
37
59
37
79
65
145
66
53
42
27
47
47
54
46
44
42
26
46
42
41
28
45
49
32
31
46
20
97
109
27
56
37
65
42
44
45
36
47
46
31
83
60
36
64
134
48
43
30
70
119
84
75
71
75
45
83
47
67
150
53
62
101
50
26
66
38
34
66
40
70
78
49
56
40
22
64
31
33
58
35
32
71
56
47
38
56
36
59
50
45
37
44
41
36
70
25
50
35
46
46
42
54
72
86
31
57
42
29
53
46
45
49
41
38
42
94
46
26
43
36
80
38
129
52
38
97
68
40
43
88
44
61
100
81
24
81
34
50
37
40
57
37
47
21
48
57
29
79
103
82
59
57
25
70
39
81
62
57
80
31
41
65
47
44
80
33
60
43
27
36
68
36
57
28
32
33
40
52
87
29
63
55
33
49
39
53
67
60
146
53
47
34
49
129
67
49
122
59
42
27
81
37
66
59
53
90
48
71
36
45
31
57
34
93
48
50
54
180
62
40
76
24
69
56
73
56
46
54
57
39
43
29
52
37
47
67
40
92
37
55
28
45
34
42
87
48
39
54
46
25
36
80
23
67
73
45
67
26
58
48
41
64
51
45
51
42
37
50
31
52
60
122
62
39
54
58
64
60
32
73
35
70
66
37
115
73
36
42
42
47
82
78
71
45
49
82
126
63
35
52
44
48
109
29
57
52
85
42
38
58
40
34
32
20
64
69
33
65
58
29
33
39
29
35
69
41
29
93
37
80
61
35
69
94
53
49
40
65
65
55
47
73
54
24
55
84
44
62
45
39
74
67
31
47
38
33
34
49
43
84
58
48
46
42
37
48
54
45
27
44
48
85
53
62
49
38
59
71
82
44
107
45
70
66
84
34
67
37
212
70
34
62
28
72
40
28
41
38
49
68
94
43
99
56
74
50
69
23
57
59
28
70
28
64
86
28
70
82
63
58
54
41
84
58
41
27
47
35
83
171
36
59
49
84
58
96
86
29
30
46
64
82
46
63
31
52
45
90
49
142
69
58
88
95
34
50
51
56
71
46
54
71
52
68
56
47
75
115
53
46
37
57
43
28
40
57
84
53
53
40
100
72
81
53
44
69
25
43
82
103
48
51
79
58
50
30
32
47
23
29
60
{'dev': +--------------+-----------------+---------------+------------------+----------------+-----------------+----------------+-------------+-------------+-------------+
| entities     | entity_tags     | raw_words     | entity_spans     | tgt_tokens     | target_span     | src_tokens     | first       | src_seq_len | tgt_seq_len |
+--------------+-----------------+---------------+------------------+----------------+-----------------+----------------+-------------+-------------+-------------+
| [['COMT']... | ['gene_or_pr... | ['The', 'C... | [[1, 2], [1, ... | [0, 14, 2, ... | [[14, 2], [1... | [0, 1109, 1... | [0, 1, 2... | 36          | 21          |
| [['tumors... | ['disease', ... | ['One', 'p... | [[5, 6], [7, ... | [0, 18, 6, ... | [[18, 6], [2... | [0, 1448, 5... | [0, 1, 2... | 76          | 71          |
| [['DRD', ... | ['gene_or_pr... | ['CONCLUSI... | [[2, 4], [2, ... | [0, 20, 22,... | [[20, 22, 2]... | [0, 18732, ... | [0, 1, 2... | 40          | 20          |
| [['metabo... | ['chemical',... | ['To', 'id... | [[3, 6], [13,... | [0, 16, 17,... | [[16, 17, 18... | [0, 1706, 6... | [0, 1, 2... | 52          | 33          |
| [['cytoch... | ['gene_or_pr... | ['As', 'cy... | [[1, 4], [6, ... | [0, 14, 18,... | [[14, 18, 19... | [0, 1249, 1... | [0, 1, 2... | 50          | 25          |
| [['respon... | ['pharmacody... | ['The', 'r... | [[1, 3], [6, ... | [0, 14, 15,... | [[14, 15, 5]... | [0, 1109, 2... | [0, 1, 2... | 28          | 20          |
| [['polymo... | ['limited_va... | ['With', '... | [[6, 11], [9,... | [0, 20, 25,... | [[20, 25, 26... | [0, 1556, 7... | [0, 1, 2... | 64          | 22          |
| [['GNB', ... | ['gene_or_pr... | ['Patients... | [[3, 5], [3, ... | [0, 17, 20,... | [[17, 20, 2]... | [0, 7195, 2... | [0, 1, 2... | 47          | 17          |
| [['Sorafe... | ['chemical',... | ['Sorafeni... | [[0, 1], [8, ... | [0, 13, 4, ... | [[13, 4], [2... | [0, 1573, 1... | [0, 1, 2... | 56          | 33          |
| [['Gastri... | ['disease', ... | ['CONCLUSI... | [[2, 4], [6, ... | [0, 19, 21,... | [[19, 21, 6]... | [0, 18732, ... | [0, 1, 2... | 60          | 41          |
| [['Gly', ... | ['limited_va... | ['The', 'e... | [[4, 10], [7,... | [0, 17, 19,... | [[17, 19, 20... | [0, 1109, 3... | [0, 1, 2... | 40          | 26          |
| [['geneti... | ['limited_va... | ['This', '... | [[6, 13], [10... | [0, 19, 20,... | [[19, 20, 21... | [0, 1188, 2... | [0, 1, 2... | 41          | 25          |
| ...          | ...             | ...           | ...              | ...            | ...             | ...            | ...         | ...         | ...         |
+--------------+-----------------+---------------+------------------+----------------+-----------------+----------------+-------------+-------------+-------------+, 'test': +--------------+-----------------+---------------+------------------+----------------+-----------------+----------------+-------------+-------------+-------------+
| entities     | entity_tags     | raw_words     | entity_spans     | tgt_tokens     | target_span     | src_tokens     | first       | src_seq_len | tgt_seq_len |
+--------------+-----------------+---------------+------------------+----------------+-----------------+----------------+-------------+-------------+-------------+
| [['alcoho... | ['chemical',... | ['Associat... | [[2, 3], [2, ... | [0, 15, 4, ... | [[15, 4], [1... | [0, 1791, 1... | [0, 1, 2... | 66          | 22          |
| [['GISTs'... | ['disease', ... | ['Most', '... | [[1, 2], [4, ... | [0, 14, 6, ... | [[14, 6], [2... | [0, 2082, 1... | [0, 1, 2... | 47          | 13          |
| [['angiot... | ['gene_or_pr... | ['The', 'a... | [[1, 7], [1, ... | [0, 14, 18,... | [[14, 18, 19... | [0, 1109, 1... | [0, 1, 2... | 52          | 41          |
| [['levels... | ['phenotype'... | ['The', 'l... | [[1, 6, 12, 1... | [0, 14, 15,... | [[14, 15, 16... | [0, 1109, 3... | [0, 1, 2... | 59          | 53          |
| [['morphi... | ['chemical',... | ['Although... | [[1, 2], [1, ... | [0, 14, 4, ... | [[14, 4], [1... | [0, 1966, 1... | [0, 1, 2... | 37          | 21          |
| [['T', '1... | ['limited_va... | ['In', 'th... | [[9, 28], [15... | [0, 22, 23,... | [[22, 23, 24... | [0, 1130, 1... | [0, 1, 2... | 42          | 39          |
| [['respon... | ['pharmacody... | ['This', '... | [[5, 8], [5, ... | [0, 18, 19,... | [[18, 19, 20... | [0, 1188, 5... | [0, 1, 2... | 47          | 31          |
| [['AZ'], ... | ['chemical',... | ['However'... | [[9, 10], [12... | [0, 22, 4, ... | [[22, 4], [2... | [0, 1438, 1... | [0, 1, 2... | 109         | 77          |
| [['lycope... | ['chemical',... | ['We', 'fo... | [[3, 4], [8, ... | [0, 16, 4, ... | [[16, 4], [2... | [0, 1284, 1... | [0, 1, 2... | 40          | 39          |
| [['Cytoch... | ['gene_or_pr... | ['Cytochro... | [[0, 6], [0, ... | [0, 13, 17,... | [[13, 17, 18... | [0, 27688, ... | [0, 1, 2... | 50          | 51          |
| [['oral',... | ['pharmacoki... | ['We', 'fo... | [[2, 8], [5, ... | [0, 15, 16,... | [[15, 16, 17... | [0, 1284, 1... | [0, 1, 2... | 68          | 28          |
| [['MDR', ... | ['gene_or_pr... | ['Is', 'th... | [[5, 7], [5, ... | [0, 18, 20,... | [[18, 20, 2]... | [0, 2181, 1... | [0, 1, 2... | 43          | 33          |
| ...          | ...             | ...           | ...              | ...            | ...             | ...            | ...         | ...         | ...         |
+--------------+-----------------+---------------+------------------+----------------+-----------------+----------------+-------------+-------------+-------------+, 'train': +--------------+-----------------+---------------+------------------+----------------+-----------------+----------------+-------------+-------------+-------------+
| entities     | entity_tags     | raw_words     | entity_spans     | tgt_tokens     | target_span     | src_tokens     | first       | src_seq_len | tgt_seq_len |
+--------------+-----------------+---------------+------------------+----------------+-----------------+----------------+-------------+-------------+-------------+
| [['UGT', ... | ['gene_or_pr... | ['CONCLUSI... | [[5, 9], [5, ... | [0, 23, 26,... | [[23, 26, 27... | [0, 18732, ... | [0, 1, 2... | 47          | 34          |
| [['opioid... | ['chemical',... | ['Withdraw... | [[7, 9], [10,... | [0, 29, 32,... | [[29, 32, 4]... | [0, 1556, 7... | [0, 1, 2... | 66          | 18          |
| [['effect... | ['pharmacody... | ['To', 'ad... | [[8, 15], [14... | [0, 21, 22,... | [[21, 22, 23... | [0, 1706, 4... | [0, 1, 2... | 56          | 56          |
| [['PDAC']... | ['disease', ... | ['Accordin... | [[2, 3], [7, ... | [0, 15, 6, ... | [[15, 6], [2... | [0, 22801, ... | [0, 1, 2... | 37          | 31          |
| [['nonres... | ['pharmacody... | ['One', 'o... | [[3, 4], [7, ... | [0, 16, 5, ... | [[16, 5], [2... | [0, 1448, 1... | [0, 1, 2... | 75          | 38          |
| [['Beta',... | ['gene_or_pr... | ['Beta', '... | [[0, 2], [0, ... | [0, 13, 14,... | [[13, 14, 2]... | [0, 13470, ... | [0, 1, 2... | 37          | 17          |
| [['multik... | ['chemical',... | ['Here', '... | [[6, 8], [8, ... | [0, 19, 22,... | [[19, 22, 4]... | [0, 3446, 1... | [0, 1, 2... | 61          | 19          |
| [['DPYD']... | ['gene_or_pr... | ['The', 'a... | [[6, 7], [6, ... | [0, 19, 2, ... | [[19, 2], [1... | [0, 1109, 4... | [0, 1, 2... | 46          | 22          |
| [['JAK', ... | ['gene_or_pr... | ['The', 'J... | [[1, 3], [1, ... | [0, 14, 17,... | [[14, 17, 2]... | [0, 1109, 1... | [0, 1, 2... | 82          | 55          |
| [['exons'... | ['genomic_fa... | ['METHODS'... | [[5, 9], [7, ... | [0, 22, 24,... | [[22, 24, 25... | [0, 22157, ... | [0, 1, 2... | 48          | 17          |
| [['GSTT',... | ['gene_or_pr... | ['Particul... | [[4, 6], [4, ... | [0, 19, 22,... | [[19, 22, 2]... | [0, 4539, 2... | [0, 1, 2... | 37          | 31          |
| [['CYP', ... | ['gene_or_pr... | ['The', 'e... | [[3, 7], [3, ... | [0, 16, 18,... | [[16, 18, 19... | [0, 1109, 3... | [0, 1, 2... | 33          | 28          |
| ...          | ...             | ...           | ...              | ...            | ...             | ...            | ...         | ...         | ...         |
+--------------+-----------------+---------------+------------------+----------------+-----------------+----------------+-------------+-------------+-------------+}
Cannot set field:src_tokens as input, exception happens at the 0 value.
