Running on sh06
# conda environments:
#
base                  *  /opt/conda
PGx_env                  /usr/users/rattrapagemehdibenghali/benghali_meh/.conda/envs/PGx_env
PGx_env_37               /usr/users/rattrapagemehdibenghali/benghali_meh/.conda/envs/PGx_env_37
clean_PGx_env            /usr/users/rattrapagemehdibenghali/benghali_meh/.conda/envs/clean_PGx_env
clean_PGx_env_latest_transformers     /usr/users/rattrapagemehdibenghali/benghali_meh/.conda/envs/clean_PGx_env_latest_transformers
cloned_env               /usr/users/rattrapagemehdibenghali/benghali_meh/.conda/envs/cloned_env
final_PGx_env            /usr/users/rattrapagemehdibenghali/benghali_meh/.conda/envs/final_PGx_env
new_PGx_env              /usr/users/rattrapagemehdibenghali/benghali_meh/.conda/envs/new_PGx_env
torch_from_source_env     /usr/users/rattrapagemehdibenghali/benghali_meh/.conda/envs/torch_from_source_env

Namespace(bart_name='facebook/bart-large', batch_size=8, dataset_name='PGxCorpus', decoder_type='avg_feature', eval_start_epoch=10, history_dir='./training_history', length_penalty=1, lr=1e-05, max_len=10, max_len_a=1.1, n_epochs=100, num_beams=4, save_model=1, schedule='linear', target_type='bpe', use_encoder_mlp=1, warmup_ratio=0.01)
Save cache to caches/data_facebook/bart-large_PGxCorpus_bpe.pt.
The number of tokens in tokenizer  50265
50275 50280
CUDA version : 11.7
cuda
input fields after batch(if batch size is 2):
	tgt_tokens: (1)type:torch.Tensor (2)dtype:torch.int64, (3)shape:torch.Size([2, 46]) 
	src_tokens: (1)type:torch.Tensor (2)dtype:torch.int64, (3)shape:torch.Size([2, 56]) 
	first: (1)type:torch.Tensor (2)dtype:torch.int64, (3)shape:torch.Size([2, 56]) 
	src_seq_len: (1)type:torch.Tensor (2)dtype:torch.int64, (3)shape:torch.Size([2]) 
	tgt_seq_len: (1)type:torch.Tensor (2)dtype:torch.int64, (3)shape:torch.Size([2]) 
target fields after batch(if batch size is 2):
	entities: (1)type:numpy.ndarray (2)dtype:object, (3)shape:(2,) 
	tgt_tokens: (1)type:torch.Tensor (2)dtype:torch.int64, (3)shape:torch.Size([2, 46]) 
	target_span: (1)type:numpy.ndarray (2)dtype:object, (3)shape:(2,) 
	tgt_seq_len: (1)type:torch.Tensor (2)dtype:torch.int64, (3)shape:torch.Size([2]) 

training epochs started 2023-02-22-16-28-53-006532
logging training to fitlog
creating history dir
[0, 3, 20, 5, 24, 26, 16, 22, 2, 7, 17, 18, 21, 9, 23, 10, 15, 14, 25, 4, 0, 27, 1, 13, 28, 12, 11, 6, 8, 19]
Evaluate data in 5.47 seconds!
Evaluate data in 3.89 seconds!
FitlogCallback evaluation on data-test:
Seq2SeqSpanMetric: f=44.440000000000005, rec=35.809999999999995, pre=58.57, em=0.0132
Evaluation on dev at Epoch 11/100. Step:781/7100: 
Seq2SeqSpanMetric: f=46.43, rec=38.71, pre=58.01, em=0.0267

Evaluate data in 3.67 seconds!
Evaluation on dev at Epoch 12/100. Step:852/7100: 
Seq2SeqSpanMetric: f=46.37, rec=39.31, pre=56.52, em=0.0267

Evaluate data in 3.52 seconds!
Evaluate data in 3.86 seconds!
FitlogCallback evaluation on data-test:
Seq2SeqSpanMetric: f=46.88, rec=38.67, pre=59.53000000000001, em=0.0263
Evaluation on dev at Epoch 13/100. Step:923/7100: 
Seq2SeqSpanMetric: f=48.99, rec=41.730000000000004, pre=59.309999999999995, em=0.0267

Evaluate data in 3.56 seconds!
Evaluate data in 3.95 seconds!
FitlogCallback evaluation on data-test:
Seq2SeqSpanMetric: f=50.57000000000001, rec=42.480000000000004, pre=62.46000000000001, em=0.0263
Evaluation on dev at Epoch 14/100. Step:994/7100: 
Seq2SeqSpanMetric: f=51.89, rec=45.769999999999996, pre=59.89, em=0.04

Evaluate data in 4.51 seconds!
Evaluate data in 3.81 seconds!
FitlogCallback evaluation on data-test:
Seq2SeqSpanMetric: f=52.49, rec=44.190000000000005, pre=64.62, em=0.0263
Evaluation on dev at Epoch 15/100. Step:1065/7100: 
Seq2SeqSpanMetric: f=52.1, rec=46.37, pre=59.43000000000001, em=0.04

Evaluate data in 3.61 seconds!
Evaluate data in 3.92 seconds!
FitlogCallback evaluation on data-test:
Seq2SeqSpanMetric: f=54.47, rec=47.620000000000005, pre=63.61, em=0.0263
Evaluation on dev at Epoch 16/100. Step:1136/7100: 
Seq2SeqSpanMetric: f=52.39, rec=47.58, pre=58.269999999999996, em=0.0133

Evaluate data in 3.69 seconds!
Evaluate data in 3.89 seconds!
FitlogCallback evaluation on data-test:
Seq2SeqSpanMetric: f=57.50999999999999, rec=50.67, pre=66.5, em=0.0395
Evaluation on dev at Epoch 17/100. Step:1207/7100: 
Seq2SeqSpanMetric: f=54.09, rec=50.0, pre=58.91, em=0.04

Evaluate data in 3.64 seconds!
Evaluate data in 3.89 seconds!
FitlogCallback evaluation on data-test:
Seq2SeqSpanMetric: f=56.48, rec=50.67, pre=63.79, em=0.0395
Evaluation on dev at Epoch 18/100. Step:1278/7100: 
Seq2SeqSpanMetric: f=55.379999999999995, rec=50.81, pre=60.870000000000005, em=0.0267

Evaluate data in 3.67 seconds!
Evaluation on dev at Epoch 19/100. Step:1349/7100: 
Seq2SeqSpanMetric: f=54.230000000000004, rec=51.01, pre=57.89, em=0.04

Evaluate data in 5.2 seconds!
Evaluation on dev at Epoch 20/100. Step:1420/7100: 
Seq2SeqSpanMetric: f=55.34, rec=51.21, pre=60.19, em=0.0267

Evaluate data in 6.08 seconds!
Evaluate data in 3.98 seconds!
FitlogCallback evaluation on data-test:
Seq2SeqSpanMetric: f=59.34, rec=55.05, pre=64.37, em=0.0526
Evaluation on dev at Epoch 21/100. Step:1491/7100: 
Seq2SeqSpanMetric: f=56.89999999999999, rec=54.03, pre=60.089999999999996, em=0.04

Evaluate data in 3.57 seconds!
Evaluate data in 3.89 seconds!
FitlogCallback evaluation on data-test:
Seq2SeqSpanMetric: f=63.09, rec=58.29, pre=68.76, em=0.0658
Evaluation on dev at Epoch 22/100. Step:1562/7100: 
Seq2SeqSpanMetric: f=57.79, rec=54.230000000000004, pre=61.839999999999996, em=0.04

Evaluate data in 4.56 seconds!
Evaluation on dev at Epoch 23/100. Step:1633/7100: 
Seq2SeqSpanMetric: f=55.88999999999999, rec=52.62, pre=59.589999999999996, em=0.04

Evaluate data in 3.61 seconds!
Evaluate data in 3.87 seconds!
FitlogCallback evaluation on data-test:
Seq2SeqSpanMetric: f=62.89, rec=59.24, pre=67.03, em=0.1053
Evaluation on dev at Epoch 24/100. Step:1704/7100: 
Seq2SeqSpanMetric: f=58.330000000000005, rec=56.45, pre=60.34, em=0.04

Evaluate data in 3.52 seconds!
Evaluation on dev at Epoch 25/100. Step:1775/7100: 
Seq2SeqSpanMetric: f=58.26, rec=55.44, pre=61.38, em=0.0667

Evaluate data in 3.51 seconds!
Evaluate data in 3.86 seconds!
FitlogCallback evaluation on data-test:
Seq2SeqSpanMetric: f=61.82, rec=57.52, pre=66.81, em=0.0921
Evaluation on dev at Epoch 26/100. Step:1846/7100: 
Seq2SeqSpanMetric: f=59.72, rec=56.05, pre=63.91, em=0.0667

Evaluate data in 3.6 seconds!
Evaluate data in 3.93 seconds!
FitlogCallback evaluation on data-test:
Seq2SeqSpanMetric: f=64.05, rec=60.57, pre=67.95, em=0.1184
Evaluation on dev at Epoch 27/100. Step:1917/7100: 
Seq2SeqSpanMetric: f=60.61, rec=57.86, pre=63.63999999999999, em=0.04

Evaluate data in 3.61 seconds!
Evaluation on dev at Epoch 28/100. Step:1988/7100: 
Seq2SeqSpanMetric: f=58.550000000000004, rec=56.25, pre=61.050000000000004, em=0.04

Evaluate data in 3.59 seconds!
Evaluate data in 3.95 seconds!
FitlogCallback evaluation on data-test:
Seq2SeqSpanMetric: f=63.32, rec=60.0, pre=67.02, em=0.1184
Evaluation on dev at Epoch 29/100. Step:2059/7100: 
Seq2SeqSpanMetric: f=61.0, rec=59.27, pre=62.82, em=0.04

Evaluate data in 5.24 seconds!
Evaluate data in 3.86 seconds!
FitlogCallback evaluation on data-test:
Seq2SeqSpanMetric: f=63.39, rec=60.19, pre=66.95, em=0.1447
Evaluation on dev at Epoch 30/100. Step:2130/7100: 
Seq2SeqSpanMetric: f=61.68, rec=59.88, pre=63.6, em=0.0533

Evaluate data in 3.65 seconds!
Evaluate data in 3.98 seconds!
FitlogCallback evaluation on data-test:
Seq2SeqSpanMetric: f=65.8, rec=62.86000000000001, pre=69.04, em=0.1184
Evaluation on dev at Epoch 31/100. Step:2201/7100: 
Seq2SeqSpanMetric: f=61.970000000000006, rec=60.28, pre=63.74999999999999, em=0.0267

Evaluate data in 3.62 seconds!
Evaluate data in 3.87 seconds!
FitlogCallback evaluation on data-test:
Seq2SeqSpanMetric: f=65.27, rec=62.29, pre=68.55, em=0.1316
Evaluation on dev at Epoch 32/100. Step:2272/7100: 
Seq2SeqSpanMetric: f=62.38, rec=59.68, pre=65.34, em=0.0533

Evaluate data in 3.64 seconds!
Evaluate data in 3.84 seconds!
FitlogCallback evaluation on data-test:
Seq2SeqSpanMetric: f=64.48, rec=61.9, pre=67.29, em=0.1316
Evaluation on dev at Epoch 33/100. Step:2343/7100: 
Seq2SeqSpanMetric: f=62.93, rec=61.09, pre=64.88000000000001, em=0.08

Evaluate data in 3.66 seconds!
Evaluate data in 3.86 seconds!
FitlogCallback evaluation on data-test:
Seq2SeqSpanMetric: f=65.2, rec=62.29, pre=68.41000000000001, em=0.1447
Evaluation on dev at Epoch 34/100. Step:2414/7100: 
Seq2SeqSpanMetric: f=64.88000000000001, rec=63.31, pre=66.53, em=0.0933

Evaluate data in 3.58 seconds!
Evaluation on dev at Epoch 35/100. Step:2485/7100: 
Seq2SeqSpanMetric: f=63.13999999999999, rec=60.08, pre=66.52, em=0.08

Evaluate data in 6.18 seconds!
Evaluation on dev at Epoch 36/100. Step:2556/7100: 
Seq2SeqSpanMetric: f=62.92, rec=60.89, pre=65.09, em=0.1067

Evaluate data in 3.83 seconds!
Evaluation on dev at Epoch 37/100. Step:2627/7100: 
Seq2SeqSpanMetric: f=62.9, rec=60.69, pre=65.29, em=0.1067

Evaluate data in 3.65 seconds!
Evaluation on dev at Epoch 38/100. Step:2698/7100: 
Seq2SeqSpanMetric: f=63.6, rec=61.29, pre=66.09, em=0.08

Evaluate data in 3.66 seconds!
Evaluate data in 3.88 seconds!
FitlogCallback evaluation on data-test:
Seq2SeqSpanMetric: f=66.07, rec=63.81, pre=68.51, em=0.1184
Evaluation on dev at Epoch 39/100. Step:2769/7100: 
Seq2SeqSpanMetric: f=65.14999999999999, rec=63.31, pre=67.09, em=0.12

Evaluate data in 3.68 seconds!
Evaluation on dev at Epoch 40/100. Step:2840/7100: 
Seq2SeqSpanMetric: f=62.71, rec=60.69, pre=64.87, em=0.1067

Evaluate data in 3.69 seconds!
Evaluation on dev at Epoch 41/100. Step:2911/7100: 
Seq2SeqSpanMetric: f=63.980000000000004, rec=62.3, pre=65.74, em=0.08

Evaluate data in 3.59 seconds!
Evaluate data in 3.78 seconds!
FitlogCallback evaluation on data-test:
Seq2SeqSpanMetric: f=66.73, rec=64.19, pre=69.48, em=0.1184
Evaluation on dev at Epoch 42/100. Step:2982/7100: 
Seq2SeqSpanMetric: f=66.11, rec=63.71, pre=68.7, em=0.08

Evaluate data in 3.62 seconds!
Evaluation on dev at Epoch 43/100. Step:3053/7100: 
Seq2SeqSpanMetric: f=64.58, rec=62.5, pre=66.81, em=0.1067

Evaluate data in 3.68 seconds!
Evaluation on dev at Epoch 44/100. Step:3124/7100: 
Seq2SeqSpanMetric: f=64.8, rec=63.1, pre=66.60000000000001, em=0.1067

Evaluate data in 3.64 seconds!
Evaluation on dev at Epoch 45/100. Step:3195/7100: 
Seq2SeqSpanMetric: f=65.77, rec=64.31, pre=67.30000000000001, em=0.0933

Evaluate data in 3.68 seconds!
Evaluation on dev at Epoch 46/100. Step:3266/7100: 
Seq2SeqSpanMetric: f=65.16, rec=63.91, pre=66.46, em=0.1067

Evaluate data in 3.59 seconds!
Evaluation on dev at Epoch 47/100. Step:3337/7100: 
Seq2SeqSpanMetric: f=65.14999999999999, rec=63.51, pre=66.88, em=0.12

Evaluate data in 3.59 seconds!
Evaluation on dev at Epoch 48/100. Step:3408/7100: 
Seq2SeqSpanMetric: f=65.36, rec=63.91, pre=66.88, em=0.0933

Evaluate data in 3.65 seconds!
Evaluate data in 3.85 seconds!
FitlogCallback evaluation on data-test:
Seq2SeqSpanMetric: f=65.94, rec=63.43, pre=68.66, em=0.1447
Evaluation on dev at Epoch 49/100. Step:3479/7100: 
Seq2SeqSpanMetric: f=66.86999999999999, rec=65.32, pre=68.5, em=0.1067

Evaluate data in 3.65 seconds!
Evaluation on dev at Epoch 50/100. Step:3550/7100: 
Seq2SeqSpanMetric: f=66.32000000000001, rec=64.52, pre=68.23, em=0.1067

Evaluate data in 3.58 seconds!
Evaluate data in 3.84 seconds!
FitlogCallback evaluation on data-test:
Seq2SeqSpanMetric: f=65.86999999999999, rec=63.239999999999995, pre=68.74, em=0.1316
Evaluation on dev at Epoch 51/100. Step:3621/7100: 
Seq2SeqSpanMetric: f=67.49000000000001, rec=65.93, pre=69.13, em=0.1067

Evaluate data in 3.65 seconds!
Evaluation on dev at Epoch 52/100. Step:3692/7100: 
Seq2SeqSpanMetric: f=65.77, rec=64.31, pre=67.30000000000001, em=0.0933

Evaluate data in 3.67 seconds!
Evaluation on dev at Epoch 53/100. Step:3763/7100: 
Seq2SeqSpanMetric: f=66.46, rec=64.92, pre=68.08, em=0.0933

Evaluate data in 3.61 seconds!
Evaluation on dev at Epoch 54/100. Step:3834/7100: 
Seq2SeqSpanMetric: f=66.60000000000001, rec=65.32, pre=67.92, em=0.08

Evaluate data in 3.6 seconds!
Evaluate data in 3.88 seconds!
FitlogCallback evaluation on data-test:
Seq2SeqSpanMetric: f=66.93, rec=64.75999999999999, pre=69.25, em=0.1316
Evaluation on dev at Epoch 55/100. Step:3905/7100: 
Seq2SeqSpanMetric: f=67.63, rec=65.93, pre=69.43, em=0.08

Evaluate data in 3.63 seconds!
Evaluation on dev at Epoch 56/100. Step:3976/7100: 
Seq2SeqSpanMetric: f=67.01, rec=65.73, pre=68.34, em=0.08

Evaluate data in 3.71 seconds!
Evaluation on dev at Epoch 57/100. Step:4047/7100: 
Seq2SeqSpanMetric: f=66.73, rec=65.73, pre=67.78, em=0.0933

Evaluate data in 3.69 seconds!
Evaluate data in 3.88 seconds!
FitlogCallback evaluation on data-test:
Seq2SeqSpanMetric: f=66.8, rec=64.38000000000001, pre=69.39999999999999, em=0.1316
Evaluation on dev at Epoch 58/100. Step:4118/7100: 
Seq2SeqSpanMetric: f=67.97, rec=66.73, pre=69.25, em=0.0933

Evaluate data in 3.62 seconds!
Evaluation on dev at Epoch 59/100. Step:4189/7100: 
Seq2SeqSpanMetric: f=67.58, rec=64.92, pre=70.46, em=0.1333

Evaluate data in 3.63 seconds!
Evaluate data in 3.9 seconds!
FitlogCallback evaluation on data-test:
Seq2SeqSpanMetric: f=67.13, rec=64.95, pre=69.45, em=0.1316
Evaluation on dev at Epoch 60/100. Step:4260/7100: 
Seq2SeqSpanMetric: f=68.04, rec=66.53, pre=69.62, em=0.1067

Evaluate data in 3.65 seconds!
Evaluation on dev at Epoch 61/100. Step:4331/7100: 
Seq2SeqSpanMetric: f=67.63, rec=66.33, pre=68.97, em=0.12

Evaluate data in 3.65 seconds!
Evaluation on dev at Epoch 62/100. Step:4402/7100: 
Seq2SeqSpanMetric: f=67.42, rec=65.93, pre=68.99, em=0.1067

Evaluate data in 3.62 seconds!
Evaluation on dev at Epoch 63/100. Step:4473/7100: 
Seq2SeqSpanMetric: f=66.94, rec=65.93, pre=67.97999999999999, em=0.12

Evaluate data in 4.9 seconds!
Evaluation on dev at Epoch 64/100. Step:4544/7100: 
Seq2SeqSpanMetric: f=67.08, rec=65.52, pre=68.71000000000001, em=0.1067

Evaluate data in 3.6 seconds!
Evaluation on dev at Epoch 65/100. Step:4615/7100: 
Seq2SeqSpanMetric: f=65.84, rec=64.11, pre=67.66, em=0.1067

Evaluate data in 3.64 seconds!
Evaluate data in 3.9 seconds!
FitlogCallback evaluation on data-test:
Seq2SeqSpanMetric: f=67.44, rec=66.10000000000001, pre=68.85, em=0.1184
Evaluation on dev at Epoch 66/100. Step:4686/7100: 
Seq2SeqSpanMetric: f=68.76, rec=68.35, pre=69.17999999999999, em=0.1333

Evaluate data in 3.67 seconds!
Evaluation on dev at Epoch 67/100. Step:4757/7100: 
Seq2SeqSpanMetric: f=67.67999999999999, rec=67.34, pre=68.02, em=0.1067

Evaluate data in 3.65 seconds!
Evaluation on dev at Epoch 68/100. Step:4828/7100: 
Seq2SeqSpanMetric: f=68.57, rec=67.94, pre=69.19999999999999, em=0.1067

Evaluate data in 3.62 seconds!
Evaluation on dev at Epoch 69/100. Step:4899/7100: 
Seq2SeqSpanMetric: f=68.51, rec=67.54, pre=69.5, em=0.1333

Evaluate data in 3.59 seconds!
Evaluation on dev at Epoch 70/100. Step:4970/7100: 
Seq2SeqSpanMetric: f=68.08999999999999, rec=67.54, pre=68.65, em=0.1333

Evaluate data in 3.64 seconds!
Evaluation on dev at Epoch 71/100. Step:5041/7100: 
Seq2SeqSpanMetric: f=66.12, rec=64.92, pre=67.36, em=0.1067

Evaluate data in 3.59 seconds!
Evaluation on dev at Epoch 72/100. Step:5112/7100: 
Seq2SeqSpanMetric: f=68.02, rec=67.54, pre=68.51, em=0.12

Evaluate data in 3.61 seconds!
Evaluate data in 3.89 seconds!
FitlogCallback evaluation on data-test:
Seq2SeqSpanMetric: f=68.88, rec=67.24, pre=70.6, em=0.1316
Evaluation on dev at Epoch 73/100. Step:5183/7100: 
Seq2SeqSpanMetric: f=69.25, rec=68.35, pre=70.19, em=0.1333

Evaluate data in 3.85 seconds!
Evaluation on dev at Epoch 74/100. Step:5254/7100: 
Seq2SeqSpanMetric: f=67.84, rec=66.33, pre=69.41000000000001, em=0.1067

Evaluate data in 3.58 seconds!
Evaluation on dev at Epoch 75/100. Step:5325/7100: 
Seq2SeqSpanMetric: f=67.69, rec=66.53, pre=68.89, em=0.1067

Evaluate data in 3.61 seconds!
Evaluation on dev at Epoch 76/100. Step:5396/7100: 
Seq2SeqSpanMetric: f=68.44, rec=67.34, pre=69.58, em=0.1467

Evaluate data in 3.61 seconds!
Evaluation on dev at Epoch 77/100. Step:5467/7100: 
Seq2SeqSpanMetric: f=68.67999999999999, rec=66.53, pre=70.97, em=0.1333

Evaluate data in 3.62 seconds!
Evaluation on dev at Epoch 78/100. Step:5538/7100: 
Seq2SeqSpanMetric: f=67.21000000000001, rec=66.13, pre=68.33, em=0.1067

Evaluate data in 3.68 seconds!
Evaluation on dev at Epoch 79/100. Step:5609/7100: 
Seq2SeqSpanMetric: f=67.67999999999999, rec=67.14, pre=68.24, em=0.1067

Evaluate data in 3.62 seconds!
Evaluation on dev at Epoch 80/100. Step:5680/7100: 
Seq2SeqSpanMetric: f=66.86999999999999, rec=65.93, pre=67.84, em=0.1067

Evaluate data in 3.67 seconds!
Evaluation on dev at Epoch 81/100. Step:5751/7100: 
Seq2SeqSpanMetric: f=66.12, rec=65.52, pre=66.74, em=0.12

Evaluate data in 3.62 seconds!
Evaluation on dev at Epoch 82/100. Step:5822/7100: 
Seq2SeqSpanMetric: f=66.67, rec=65.52, pre=67.85, em=0.0933

Evaluate data in 3.65 seconds!
Evaluation on dev at Epoch 83/100. Step:5893/7100: 
Seq2SeqSpanMetric: f=67.01, rec=66.13, pre=67.91, em=0.1067

Evaluate data in 3.62 seconds!
Evaluation on dev at Epoch 84/100. Step:5964/7100: 
Seq2SeqSpanMetric: f=67.77, rec=66.33, pre=69.26, em=0.1333

Evaluate data in 3.64 seconds!
Evaluation on dev at Epoch 85/100. Step:6035/7100: 
Seq2SeqSpanMetric: f=68.64, rec=67.94, pre=69.34, em=0.1067

Evaluate data in 3.59 seconds!
Evaluate data in 3.88 seconds!
FitlogCallback evaluation on data-test:
Seq2SeqSpanMetric: f=69.13, rec=67.62, pre=70.72, em=0.1316
Evaluation on dev at Epoch 86/100. Step:6106/7100: 
Seq2SeqSpanMetric: f=69.32000000000001, rec=68.55, pre=70.1, em=0.1333

Evaluate data in 3.66 seconds!
Evaluation on dev at Epoch 87/100. Step:6177/7100: 
Seq2SeqSpanMetric: f=67.42, rec=66.13, pre=68.76, em=0.1067

Evaluate data in 3.59 seconds!
Evaluation on dev at Epoch 88/100. Step:6248/7100: 
Seq2SeqSpanMetric: f=69.24, rec=68.75, pre=69.73, em=0.12

Evaluate data in 3.63 seconds!
Evaluation on dev at Epoch 89/100. Step:6319/7100: 
Seq2SeqSpanMetric: f=69.19, rec=68.15, pre=70.27, em=0.1067

Evaluate data in 3.61 seconds!
Evaluation on dev at Epoch 90/100. Step:6390/7100: 
Seq2SeqSpanMetric: f=68.10000000000001, rec=66.94, pre=69.31, em=0.1067

Evaluate data in 3.63 seconds!
Evaluation on dev at Epoch 91/100. Step:6461/7100: 
Seq2SeqSpanMetric: f=68.58, rec=67.34, pre=69.87, em=0.12

Evaluate data in 3.65 seconds!
Evaluation on dev at Epoch 92/100. Step:6532/7100: 
Seq2SeqSpanMetric: f=68.72, rec=67.54, pre=69.94, em=0.1333

Evaluate data in 3.6 seconds!
Evaluation on dev at Epoch 93/100. Step:6603/7100: 
Seq2SeqSpanMetric: f=68.92, rec=67.94, pre=69.92, em=0.12

Evaluate data in 3.64 seconds!
Evaluation on dev at Epoch 94/100. Step:6674/7100: 
Seq2SeqSpanMetric: f=69.05, rec=68.15, pre=69.98, em=0.12

Evaluate data in 3.62 seconds!
Evaluate data in 3.88 seconds!
FitlogCallback evaluation on data-test:
Seq2SeqSpanMetric: f=69.51, rec=68.19, pre=70.89, em=0.1316
Evaluation on dev at Epoch 95/100. Step:6745/7100: 
Seq2SeqSpanMetric: f=69.87, rec=68.95, pre=70.81, em=0.1067

Evaluate data in 3.6 seconds!
Evaluation on dev at Epoch 96/100. Step:6816/7100: 
Seq2SeqSpanMetric: f=69.33, rec=68.15, pre=70.56, em=0.1067

Evaluate data in 3.63 seconds!
Evaluation on dev at Epoch 97/100. Step:6887/7100: 
Seq2SeqSpanMetric: f=69.17999999999999, rec=68.35, pre=70.04, em=0.1067

Evaluate data in 3.61 seconds!
Evaluation on dev at Epoch 98/100. Step:6958/7100: 
Seq2SeqSpanMetric: f=69.11, rec=68.35, pre=69.89999999999999, em=0.12

Evaluate data in 3.62 seconds!
Evaluation on dev at Epoch 99/100. Step:7029/7100: 
Seq2SeqSpanMetric: f=69.53, rec=68.55, pre=70.54, em=0.12

Evaluate data in 3.62 seconds!
Evaluation on dev at Epoch 100/100. Step:7100/7100: 
Seq2SeqSpanMetric: f=69.25, rec=68.35, pre=70.19, em=0.12

Best test performance(may not correspond to the best dev performance):{'Seq2SeqSpanMetric': {'f': 69.51, 'rec': 68.19, 'pre': 70.89, 'em': 0.1316}} achieved at Epoch:95.
Best test performance(correspond to the best dev performance):{'Seq2SeqSpanMetric': {'f': 69.51, 'rec': 68.19, 'pre': 70.89, 'em': 0.1316}} achieved at Epoch:95.

In Epoch:95/Step:6745, got best dev performance:
Seq2SeqSpanMetric: f=69.87, rec=68.95, pre=70.81, em=0.1067
