Running on sh04
# conda environments:
#
base                  *  /opt/conda
PGx_env                  /usr/users/rattrapagemehdibenghali/benghali_meh/.conda/envs/PGx_env
PGx_env_37               /usr/users/rattrapagemehdibenghali/benghali_meh/.conda/envs/PGx_env_37
new_PGx_env              /usr/users/rattrapagemehdibenghali/benghali_meh/.conda/envs/new_PGx_env
torch_from_source_env     /usr/users/rattrapagemehdibenghali/benghali_meh/.conda/envs/torch_from_source_env

Namespace(bart_name='facebook/bart-large', batch_size=8, dataset_name='PGxCorpus', decoder_type='avg_feature', eval_start_epoch=10, history_dir='./training_history', length_penalty=1, lr=1e-05, max_len=10, max_len_a=1.6, n_epochs=100, num_beams=5, save_model=1, schedule='linear', target_type='word', use_encoder_mlp=1, warmup_ratio=0.01)
Save cache to caches/data_facebook/bart-large_PGxCorpus_word.pt.
max_len_a:1.6, max_len:10
In total 3 datasets:
	dev has 75 instances.
	test has 76 instances.
	train has 567 instances.

The number of tokens in tokenizer  50265
50275 50280
cpu
11.3
input fields after batch(if batch size is 2):
	tgt_tokens: (1)type:torch.Tensor (2)dtype:torch.int64, (3)shape:torch.Size([2, 34]) 
	src_tokens: (1)type:torch.Tensor (2)dtype:torch.int64, (3)shape:torch.Size([2, 56]) 
	first: (1)type:torch.Tensor (2)dtype:torch.int64, (3)shape:torch.Size([2, 56]) 
	src_seq_len: (1)type:torch.Tensor (2)dtype:torch.int64, (3)shape:torch.Size([2]) 
	tgt_seq_len: (1)type:torch.Tensor (2)dtype:torch.int64, (3)shape:torch.Size([2]) 
target fields after batch(if batch size is 2):
	entities: (1)type:numpy.ndarray (2)dtype:object, (3)shape:(2,) 
	tgt_tokens: (1)type:torch.Tensor (2)dtype:torch.int64, (3)shape:torch.Size([2, 34]) 
	target_span: (1)type:numpy.ndarray (2)dtype:object, (3)shape:(2,) 
	tgt_seq_len: (1)type:torch.Tensor (2)dtype:torch.int64, (3)shape:torch.Size([2]) 

training epochs started 2023-02-20-01-22-11-285196
logging training to fitlog
creating history dir
[0, 3, 5, 2, 4, 1, 6]
Evaluate data in 93.78 seconds!
Evaluate data in 105.6 seconds!
FitlogCallback evaluation on data-test:
Seq2SeqSpanMetric: f=45.06, rec=37.330000000000005, pre=56.81, em=0.0132
Evaluation on dev at Epoch 11/100. Step:781/7100: 
Seq2SeqSpanMetric: f=48.44, rec=40.73, pre=59.760000000000005, em=0.0267

Evaluate data in 80.66 seconds!
Evaluate data in 97.48 seconds!
FitlogCallback evaluation on data-test:
Seq2SeqSpanMetric: f=48.339999999999996, rec=40.19, pre=60.629999999999995, em=0.0263
Evaluation on dev at Epoch 12/100. Step:852/7100: 
Seq2SeqSpanMetric: f=48.68, rec=40.93, pre=60.06, em=0.0533

Evaluate data in 88.05 seconds!
Evaluate data in 108.62 seconds!
FitlogCallback evaluation on data-test:
Seq2SeqSpanMetric: f=48.27, rec=41.14, pre=58.379999999999995, em=0.0132
Evaluation on dev at Epoch 13/100. Step:923/7100: 
Seq2SeqSpanMetric: f=50.12, rec=43.75, pre=58.650000000000006, em=0.0533

Evaluate data in 79.94 seconds!
Evaluate data in 115.17 seconds!
FitlogCallback evaluation on data-test:
Seq2SeqSpanMetric: f=51.32, rec=44.57, pre=60.47, em=0.0132
Evaluation on dev at Epoch 14/100. Step:994/7100: 
Seq2SeqSpanMetric: f=52.61, rec=46.77, pre=60.099999999999994, em=0.0267

Evaluate data in 81.25 seconds!
Evaluate data in 110.23 seconds!
FitlogCallback evaluation on data-test:
Seq2SeqSpanMetric: f=52.16, rec=45.9, pre=60.4, em=0.0395
Evaluation on dev at Epoch 15/100. Step:1065/7100: 
Seq2SeqSpanMetric: f=52.73, rec=47.78, pre=58.809999999999995, em=0.04

Evaluate data in 92.48 seconds!
Evaluate data in 111.04 seconds!
FitlogCallback evaluation on data-test:
Seq2SeqSpanMetric: f=53.769999999999996, rec=48.949999999999996, pre=59.63, em=0.0263
Evaluation on dev at Epoch 16/100. Step:1136/7100: 
Seq2SeqSpanMetric: f=54.53, rec=51.01, pre=58.56, em=0.0533

Evaluate data in 90.83 seconds!
Evaluate data in 106.2 seconds!
FitlogCallback evaluation on data-test:
Seq2SeqSpanMetric: f=55.46, rec=50.29, pre=61.83, em=0.0395
Evaluation on dev at Epoch 17/100. Step:1207/7100: 
Seq2SeqSpanMetric: f=55.230000000000004, rec=51.61, pre=59.4, em=0.0533

Evaluate data in 92.49 seconds!
Evaluate data in 110.64 seconds!
FitlogCallback evaluation on data-test:
Seq2SeqSpanMetric: f=55.510000000000005, rec=51.81, pre=59.78, em=0.0526
Evaluation on dev at Epoch 18/100. Step:1278/7100: 
Seq2SeqSpanMetric: f=55.86, rec=52.82, pre=59.28, em=0.04

Evaluate data in 78.19 seconds!
Evaluate data in 94.35 seconds!
FitlogCallback evaluation on data-test:
Seq2SeqSpanMetric: f=59.150000000000006, rec=55.43, pre=63.4, em=0.0921
Evaluation on dev at Epoch 19/100. Step:1349/7100: 
Seq2SeqSpanMetric: f=57.720000000000006, rec=55.04, pre=60.67, em=0.0667

Evaluate data in 66.5 seconds!
Evaluate data in 86.26 seconds!
FitlogCallback evaluation on data-test:
Seq2SeqSpanMetric: f=59.25, rec=55.81, pre=63.14999999999999, em=0.0921
Evaluation on dev at Epoch 20/100. Step:1420/7100: 
Seq2SeqSpanMetric: f=58.10999999999999, rec=55.24, pre=61.3, em=0.0533

Evaluate data in 79.85 seconds!
Evaluate data in 92.06 seconds!
FitlogCallback evaluation on data-test:
Seq2SeqSpanMetric: f=60.8, rec=57.9, pre=64.0, em=0.0921
Evaluation on dev at Epoch 21/100. Step:1491/7100: 
Seq2SeqSpanMetric: f=60.27, rec=58.269999999999996, pre=62.419999999999995, em=0.0533

Evaluate data in 80.53 seconds!
Evaluate data in 93.14 seconds!
FitlogCallback evaluation on data-test:
Seq2SeqSpanMetric: f=63.519999999999996, rec=60.19, pre=67.23, em=0.0921
Evaluation on dev at Epoch 22/100. Step:1562/7100: 
Seq2SeqSpanMetric: f=60.46, rec=58.269999999999996, pre=62.83, em=0.0533

Evaluate data in 70.56 seconds!
Evaluate data in 86.94 seconds!
FitlogCallback evaluation on data-test:
Seq2SeqSpanMetric: f=63.6, rec=60.57, pre=66.95, em=0.1053
Evaluation on dev at Epoch 23/100. Step:1633/7100: 
Seq2SeqSpanMetric: f=62.0, rec=58.87, pre=65.47, em=0.0533

Evaluate data in 70.98 seconds!
Evaluation on dev at Epoch 24/100. Step:1704/7100: 
Seq2SeqSpanMetric: f=61.28, rec=58.87, pre=63.89, em=0.0667

Evaluate data in 71.28 seconds!
Evaluation on dev at Epoch 25/100. Step:1775/7100: 
Seq2SeqSpanMetric: f=60.019999999999996, rec=57.66, pre=62.580000000000005, em=0.04

Evaluate data in 69.26 seconds!
Evaluation on dev at Epoch 26/100. Step:1846/7100: 
Seq2SeqSpanMetric: f=60.4, rec=58.269999999999996, pre=62.69, em=0.0533

Evaluate data in 68.72 seconds!
Evaluate data in 82.32 seconds!
FitlogCallback evaluation on data-test:
Seq2SeqSpanMetric: f=64.34, rec=61.33, pre=67.65, em=0.1447
Evaluation on dev at Epoch 27/100. Step:1917/7100: 
Seq2SeqSpanMetric: f=62.339999999999996, rec=60.08, pre=64.78, em=0.0533

Evaluate data in 71.73 seconds!
Evaluate data in 85.59 seconds!
FitlogCallback evaluation on data-test:
Seq2SeqSpanMetric: f=64.62, rec=62.1, pre=67.36, em=0.1316
Evaluation on dev at Epoch 28/100. Step:1988/7100: 
Seq2SeqSpanMetric: f=64.92, rec=62.3, pre=67.75999999999999, em=0.0933

Evaluate data in 64.12 seconds!
Evaluation on dev at Epoch 29/100. Step:2059/7100: 
Seq2SeqSpanMetric: f=62.580000000000005, rec=60.69, pre=64.59, em=0.0533

Evaluate data in 69.51 seconds!
Evaluation on dev at Epoch 30/100. Step:2130/7100: 
Seq2SeqSpanMetric: f=63.190000000000005, rec=61.09, pre=65.44, em=0.1067

Evaluate data in 58.53 seconds!
Evaluate data in 90.36 seconds!
FitlogCallback evaluation on data-test:
Seq2SeqSpanMetric: f=63.51, rec=61.33, pre=65.85, em=0.1053
Evaluation on dev at Epoch 31/100. Step:2201/7100: 
Seq2SeqSpanMetric: f=65.28, rec=63.1, pre=67.60000000000001, em=0.1333

Evaluate data in 68.19 seconds!
Evaluate data in 89.65 seconds!
FitlogCallback evaluation on data-test:
Seq2SeqSpanMetric: f=65.62, rec=64.0, pre=67.33, em=0.1447
Evaluation on dev at Epoch 32/100. Step:2272/7100: 
Seq2SeqSpanMetric: f=65.29, rec=63.91, pre=66.74, em=0.0933

Evaluate data in 66.39 seconds!
Evaluate data in 90.37 seconds!
FitlogCallback evaluation on data-test:
Seq2SeqSpanMetric: f=64.96, rec=65.14, pre=64.77000000000001, em=0.1579
Evaluation on dev at Epoch 33/100. Step:2343/7100: 
Seq2SeqSpanMetric: f=65.58, rec=64.72, pre=66.46, em=0.12

Evaluate data in 66.77 seconds!
Evaluate data in 82.93 seconds!
FitlogCallback evaluation on data-test:
Seq2SeqSpanMetric: f=65.36999999999999, rec=64.0, pre=66.8, em=0.1316
Evaluation on dev at Epoch 34/100. Step:2414/7100: 
Seq2SeqSpanMetric: f=65.84, rec=63.91, pre=67.88, em=0.1333

Evaluate data in 61.07 seconds!
Evaluation on dev at Epoch 35/100. Step:2485/7100: 
Seq2SeqSpanMetric: f=65.41, rec=62.9, pre=68.12, em=0.1333

Evaluate data in 60.62 seconds!
Evaluate data in 82.16 seconds!
FitlogCallback evaluation on data-test:
Seq2SeqSpanMetric: f=65.25999999999999, rec=64.57000000000001, pre=65.95, em=0.1447
Evaluation on dev at Epoch 36/100. Step:2556/7100: 
Seq2SeqSpanMetric: f=67.56, rec=66.33, pre=68.83, em=0.1333

Evaluate data in 62.15 seconds!
Evaluation on dev at Epoch 37/100. Step:2627/7100: 
Seq2SeqSpanMetric: f=65.56, rec=63.51, pre=67.74, em=0.1333

Evaluate data in 63.19 seconds!
Evaluation on dev at Epoch 38/100. Step:2698/7100: 
Seq2SeqSpanMetric: f=66.86999999999999, rec=66.13, pre=67.63, em=0.12

Evaluate data in 64.49 seconds!
Evaluation on dev at Epoch 39/100. Step:2769/7100: 
Seq2SeqSpanMetric: f=66.60000000000001, rec=65.73, pre=67.49000000000001, em=0.12

Evaluate data in 68.19 seconds!
Evaluation on dev at Epoch 40/100. Step:2840/7100: 
Seq2SeqSpanMetric: f=66.94, rec=65.52, pre=68.42, em=0.1467

Evaluate data in 64.36 seconds!
Evaluation on dev at Epoch 41/100. Step:2911/7100: 
Seq2SeqSpanMetric: f=66.05, rec=64.52, pre=67.65, em=0.1467

Evaluate data in 63.95 seconds!
Evaluation on dev at Epoch 42/100. Step:2982/7100: 
Seq2SeqSpanMetric: f=66.8, rec=66.13, pre=67.49000000000001, em=0.12

Evaluate data in 62.45 seconds!
Evaluate data in 74.93 seconds!
FitlogCallback evaluation on data-test:
Seq2SeqSpanMetric: f=65.96, rec=64.95, pre=66.99000000000001, em=0.1316
Evaluation on dev at Epoch 43/100. Step:3053/7100: 
Seq2SeqSpanMetric: f=67.7, rec=66.13, pre=69.34, em=0.1867

Evaluate data in 64.08 seconds!
Evaluation on dev at Epoch 44/100. Step:3124/7100: 
Seq2SeqSpanMetric: f=67.01, rec=66.13, pre=67.91, em=0.1467

Evaluate data in 63.08 seconds!
Evaluate data in 75.15 seconds!
FitlogCallback evaluation on data-test:
Seq2SeqSpanMetric: f=67.24, rec=66.67, pre=67.83, em=0.1447
Evaluation on dev at Epoch 45/100. Step:3195/7100: 
Seq2SeqSpanMetric: f=67.97, rec=66.53, pre=69.47, em=0.1467

Evaluate data in 63.9 seconds!
Evaluation on dev at Epoch 46/100. Step:3266/7100: 
Seq2SeqSpanMetric: f=67.01, rec=65.73, pre=68.34, em=0.1467

Evaluate data in 58.64 seconds!
Evaluation on dev at Epoch 47/100. Step:3337/7100: 
Seq2SeqSpanMetric: f=67.08, rec=65.52, pre=68.71000000000001, em=0.1467

Evaluate data in 61.99 seconds!
Evaluation on dev at Epoch 48/100. Step:3408/7100: 
Seq2SeqSpanMetric: f=67.63, rec=66.33, pre=68.97, em=0.1467

Evaluate data in 63.95 seconds!
Evaluation on dev at Epoch 49/100. Step:3479/7100: 
Seq2SeqSpanMetric: f=67.75999999999999, rec=66.53, pre=69.04, em=0.16

Evaluate data in 63.33 seconds!
Evaluate data in 77.76 seconds!
FitlogCallback evaluation on data-test:
Seq2SeqSpanMetric: f=67.74, rec=68.0, pre=67.49000000000001, em=0.1579
Evaluation on dev at Epoch 50/100. Step:3550/7100: 
Seq2SeqSpanMetric: f=68.51, rec=67.54, pre=69.5, em=0.16

Evaluate data in 59.69 seconds!
Evaluation on dev at Epoch 51/100. Step:3621/7100: 
Seq2SeqSpanMetric: f=68.51, rec=67.34, pre=69.73, em=0.1467

Evaluate data in 61.91 seconds!
Evaluate data in 71.81 seconds!
FitlogCallback evaluation on data-test:
Seq2SeqSpanMetric: f=69.14, rec=69.33, pre=68.94, em=0.1842
Evaluation on dev at Epoch 52/100. Step:3692/7100: 
Seq2SeqSpanMetric: f=69.98, rec=69.56, pre=70.41, em=0.1333

Evaluate data in 61.76 seconds!
Evaluation on dev at Epoch 53/100. Step:3763/7100: 
Seq2SeqSpanMetric: f=67.9, rec=66.73, pre=69.1, em=0.1333

Evaluate data in 63.6 seconds!
Evaluation on dev at Epoch 54/100. Step:3834/7100: 
Seq2SeqSpanMetric: f=68.30000000000001, rec=67.54, pre=69.07, em=0.1467

Evaluate data in 62.21 seconds!
Evaluation on dev at Epoch 55/100. Step:3905/7100: 
Seq2SeqSpanMetric: f=68.16, rec=67.54, pre=68.78999999999999, em=0.1467

Evaluate data in 66.56 seconds!
Evaluation on dev at Epoch 56/100. Step:3976/7100: 
Seq2SeqSpanMetric: f=67.75, rec=67.54, pre=67.95, em=0.1333

Evaluate data in 59.57 seconds!
Evaluation on dev at Epoch 57/100. Step:4047/7100: 
Seq2SeqSpanMetric: f=68.04, rec=66.73, pre=69.39, em=0.1467

Evaluate data in 61.5 seconds!
Evaluation on dev at Epoch 58/100. Step:4118/7100: 
Seq2SeqSpanMetric: f=69.54, rec=68.35, pre=70.77, em=0.1733

Evaluate data in 58.96 seconds!
Evaluation on dev at Epoch 59/100. Step:4189/7100: 
Seq2SeqSpanMetric: f=67.42, rec=65.93, pre=68.99, em=0.1467

Evaluate data in 60.22 seconds!
Evaluation on dev at Epoch 60/100. Step:4260/7100: 
Seq2SeqSpanMetric: f=69.27, rec=67.94, pre=70.65, em=0.16

Evaluate data in 63.12 seconds!
Evaluation on dev at Epoch 61/100. Step:4331/7100: 
Seq2SeqSpanMetric: f=68.36, rec=67.74, pre=68.99, em=0.1733

Evaluate data in 62.38 seconds!
Evaluate data in 70.75 seconds!
FitlogCallback evaluation on data-test:
Seq2SeqSpanMetric: f=68.28, rec=67.24, pre=69.35, em=0.1711
Evaluation on dev at Epoch 62/100. Step:4402/7100: 
Seq2SeqSpanMetric: f=70.0, rec=69.15, pre=70.87, em=0.1733

Evaluate data in 60.11 seconds!
Evaluation on dev at Epoch 63/100. Step:4473/7100: 
Seq2SeqSpanMetric: f=69.52000000000001, rec=68.75, pre=70.30999999999999, em=0.1733

Evaluate data in 63.07 seconds!
Evaluation on dev at Epoch 64/100. Step:4544/7100: 
Seq2SeqSpanMetric: f=69.56, rec=69.56, pre=69.56, em=0.1467

Evaluate data in 61.74 seconds!
Evaluation on dev at Epoch 65/100. Step:4615/7100: 
Seq2SeqSpanMetric: f=69.64, rec=69.15, pre=70.14, em=0.16

Evaluate data in 62.46 seconds!
Evaluation on dev at Epoch 66/100. Step:4686/7100: 
Seq2SeqSpanMetric: f=69.17, rec=68.75, pre=69.59, em=0.1333

Evaluate data in 63.66 seconds!
Evaluation on dev at Epoch 67/100. Step:4757/7100: 
Seq2SeqSpanMetric: f=68.28, rec=68.15, pre=68.42, em=0.16

Evaluate data in 63.39 seconds!
Evaluate data in 67.73 seconds!
FitlogCallback evaluation on data-test:
Seq2SeqSpanMetric: f=68.91000000000001, rec=68.38, pre=69.44, em=0.1974
Evaluation on dev at Epoch 68/100. Step:4828/7100: 
Seq2SeqSpanMetric: f=70.47, rec=69.76, pre=71.19, em=0.2

Evaluate data in 61.28 seconds!
Evaluation on dev at Epoch 69/100. Step:4899/7100: 
Seq2SeqSpanMetric: f=69.78999999999999, rec=69.15, pre=70.43, em=0.1467

Evaluate data in 62.98 seconds!
Evaluation on dev at Epoch 70/100. Step:4970/7100: 
Seq2SeqSpanMetric: f=69.49, rec=69.35, pre=69.64, em=0.16

Evaluate data in 61.73 seconds!
Evaluate data in 66.83 seconds!
FitlogCallback evaluation on data-test:
Seq2SeqSpanMetric: f=67.69, rec=67.24, pre=68.15, em=0.1579
Evaluation on dev at Epoch 71/100. Step:5041/7100: 
Seq2SeqSpanMetric: f=71.00999999999999, rec=70.36, pre=71.66, em=0.16

Evaluate data in 61.44 seconds!
Evaluation on dev at Epoch 72/100. Step:5112/7100: 
Seq2SeqSpanMetric: f=69.72, rec=68.95, pre=70.52000000000001, em=0.1733

Evaluate data in 61.39 seconds!
Evaluation on dev at Epoch 73/100. Step:5183/7100: 
Seq2SeqSpanMetric: f=69.34, rec=69.76, pre=68.92, em=0.1467

Evaluate data in 63.29 seconds!
Evaluate data in 68.05 seconds!
FitlogCallback evaluation on data-test:
Seq2SeqSpanMetric: f=68.39, rec=68.0, pre=68.78999999999999, em=0.1447
Evaluation on dev at Epoch 74/100. Step:5254/7100: 
Seq2SeqSpanMetric: f=71.66, rec=72.38, pre=70.95, em=0.16

Evaluate data in 61.12 seconds!
Evaluation on dev at Epoch 75/100. Step:5325/7100: 
Seq2SeqSpanMetric: f=69.71000000000001, rec=69.35, pre=70.06, em=0.16

Evaluate data in 63.24 seconds!
Evaluation on dev at Epoch 76/100. Step:5396/7100: 
Seq2SeqSpanMetric: f=70.59, rec=71.37, pre=69.82000000000001, em=0.1867

Evaluate data in 62.32 seconds!
Evaluate data in 64.78 seconds!
FitlogCallback evaluation on data-test:
Seq2SeqSpanMetric: f=67.63, rec=66.86, pre=68.42, em=0.1711
Evaluation on dev at Epoch 77/100. Step:5467/7100: 
Seq2SeqSpanMetric: f=72.14, rec=72.58, pre=71.71, em=0.2

Evaluate data in 61.77 seconds!
Evaluation on dev at Epoch 78/100. Step:5538/7100: 
Seq2SeqSpanMetric: f=69.39, rec=68.55, pre=70.25, em=0.1867

Evaluate data in 61.24 seconds!
Evaluation on dev at Epoch 79/100. Step:5609/7100: 
Seq2SeqSpanMetric: f=70.6, rec=71.17, pre=70.04, em=0.16

Evaluate data in 61.45 seconds!
Evaluation on dev at Epoch 80/100. Step:5680/7100: 
Seq2SeqSpanMetric: f=70.67, rec=69.96, pre=71.39999999999999, em=0.1733

Evaluate data in 61.22 seconds!
Evaluation on dev at Epoch 81/100. Step:5751/7100: 
Seq2SeqSpanMetric: f=71.52, rec=71.37, pre=71.66, em=0.2267

Evaluate data in 60.24 seconds!
Evaluation on dev at Epoch 82/100. Step:5822/7100: 
Seq2SeqSpanMetric: f=69.31, rec=68.75, pre=69.88, em=0.1733

Evaluate data in 60.16 seconds!
Evaluation on dev at Epoch 83/100. Step:5893/7100: 
Seq2SeqSpanMetric: f=70.12, rec=69.56, pre=70.7, em=0.16

Evaluate data in 63.61 seconds!
Evaluation on dev at Epoch 84/100. Step:5964/7100: 
Seq2SeqSpanMetric: f=70.45, rec=70.16, pre=70.73, em=0.1867

Evaluate data in 63.21 seconds!
Evaluation on dev at Epoch 85/100. Step:6035/7100: 
Seq2SeqSpanMetric: f=71.17999999999999, rec=70.97, pre=71.39999999999999, em=0.1733

Evaluate data in 62.86 seconds!
Evaluation on dev at Epoch 86/100. Step:6106/7100: 
Seq2SeqSpanMetric: f=70.07, rec=69.15, pre=71.00999999999999, em=0.1867

Evaluate data in 61.84 seconds!
Evaluation on dev at Epoch 87/100. Step:6177/7100: 
Seq2SeqSpanMetric: f=71.15, rec=70.36, pre=71.96000000000001, em=0.2

Evaluate data in 62.72 seconds!
Evaluation on dev at Epoch 88/100. Step:6248/7100: 
Seq2SeqSpanMetric: f=68.89999999999999, rec=68.35, pre=69.47, em=0.1733

Evaluate data in 60.6 seconds!
Evaluation on dev at Epoch 89/100. Step:6319/7100: 
Seq2SeqSpanMetric: f=70.23, rec=70.16, pre=70.3, em=0.1733

Evaluate data in 61.7 seconds!
Evaluation on dev at Epoch 90/100. Step:6390/7100: 
Seq2SeqSpanMetric: f=69.63000000000001, rec=69.56, pre=69.69999999999999, em=0.2

Evaluate data in 62.61 seconds!
Evaluation on dev at Epoch 91/100. Step:6461/7100: 
Seq2SeqSpanMetric: f=69.77, rec=69.56, pre=69.98, em=0.1867

Evaluate data in 64.0 seconds!
Evaluation on dev at Epoch 92/100. Step:6532/7100: 
Seq2SeqSpanMetric: f=69.43, rec=69.15, pre=69.72, em=0.2

Evaluate data in 64.78 seconds!
Evaluation on dev at Epoch 93/100. Step:6603/7100: 
Seq2SeqSpanMetric: f=70.67999999999999, rec=70.97, pre=70.39999999999999, em=0.2

Evaluate data in 60.81 seconds!
Evaluation on dev at Epoch 94/100. Step:6674/7100: 
Seq2SeqSpanMetric: f=70.55, rec=70.77, pre=70.34, em=0.2

Evaluate data in 60.03 seconds!
Evaluation on dev at Epoch 95/100. Step:6745/7100: 
Seq2SeqSpanMetric: f=70.98, rec=70.77, pre=71.2, em=0.2

Evaluate data in 64.22 seconds!
Evaluation on dev at Epoch 96/100. Step:6816/7100: 
Seq2SeqSpanMetric: f=69.95, rec=70.16, pre=69.74000000000001, em=0.1733

Evaluate data in 64.93 seconds!
Evaluation on dev at Epoch 97/100. Step:6887/7100: 
Seq2SeqSpanMetric: f=69.82000000000001, rec=69.96, pre=69.67999999999999, em=0.1733

Evaluate data in 63.24 seconds!
Evaluation on dev at Epoch 98/100. Step:6958/7100: 
Seq2SeqSpanMetric: f=69.28999999999999, rec=69.15, pre=69.43, em=0.2

Evaluate data in 63.9 seconds!
Evaluation on dev at Epoch 99/100. Step:7029/7100: 
Seq2SeqSpanMetric: f=70.23, rec=70.16, pre=70.3, em=0.2

Evaluate data in 63.92 seconds!
Evaluation on dev at Epoch 100/100. Step:7100/7100: 
Seq2SeqSpanMetric: f=70.45, rec=70.16, pre=70.73, em=0.2

Best test performance(may not correspond to the best dev performance):{'Seq2SeqSpanMetric': {'f': 69.14, 'rec': 69.33, 'pre': 68.94, 'em': 0.1842}} achieved at Epoch:52.
Best test performance(correspond to the best dev performance):{'Seq2SeqSpanMetric': {'f': 67.63, 'rec': 66.86, 'pre': 68.42, 'em': 0.1711}} achieved at Epoch:77.

In Epoch:77/Step:5467, got best dev performance:
Seq2SeqSpanMetric: f=72.14, rec=72.58, pre=71.71, em=0.2
