Running on sh07
# conda environments:
#
base                  *  /opt/conda
PGx_env                  /usr/users/rattrapagemehdibenghali/benghali_meh/.conda/envs/PGx_env

Requirement already satisfied: pip in /usr/users/rattrapagemehdibenghali/benghali_meh/.conda/envs/PGx_env/lib/python3.9/site-packages (22.3.1)
Python 3.9.16
Collecting transformers==3.4.0
  Using cached transformers-3.4.0-py3-none-any.whl (1.3 MB)
Requirement already satisfied: protobuf in /usr/users/rattrapagemehdibenghali/benghali_meh/.conda/envs/PGx_env/lib/python3.9/site-packages (from transformers==3.4.0) (3.20.1)
Collecting tokenizers==0.9.2
  Using cached tokenizers-0.9.2.tar.gz (170 kB)
  Installing build dependencies: started
  Installing build dependencies: finished with status 'done'
  Getting requirements to build wheel: started
  Getting requirements to build wheel: finished with status 'done'
  Preparing metadata (pyproject.toml): started
  Preparing metadata (pyproject.toml): finished with status 'done'
Requirement already satisfied: tqdm>=4.27 in /usr/users/rattrapagemehdibenghali/benghali_meh/.conda/envs/PGx_env/lib/python3.9/site-packages (from transformers==3.4.0) (4.64.1)
Requirement already satisfied: numpy in /usr/users/rattrapagemehdibenghali/benghali_meh/.conda/envs/PGx_env/lib/python3.9/site-packages (from transformers==3.4.0) (1.24.1)
Requirement already satisfied: requests in /usr/users/rattrapagemehdibenghali/benghali_meh/.conda/envs/PGx_env/lib/python3.9/site-packages (from transformers==3.4.0) (2.28.2)
Requirement already satisfied: packaging in /usr/users/rattrapagemehdibenghali/benghali_meh/.conda/envs/PGx_env/lib/python3.9/site-packages (from transformers==3.4.0) (23.0)
Collecting sentencepiece!=0.1.92
  Using cached sentencepiece-0.1.97-cp39-cp39-manylinux_2_17_x86_64.manylinux2014_x86_64.whl (1.3 MB)
Requirement already satisfied: filelock in /usr/users/rattrapagemehdibenghali/benghali_meh/.conda/envs/PGx_env/lib/python3.9/site-packages (from transformers==3.4.0) (3.9.0)
Collecting sacremoses
  Using cached sacremoses-0.0.53-py3-none-any.whl
Requirement already satisfied: regex!=2019.12.17 in /usr/users/rattrapagemehdibenghali/benghali_meh/.conda/envs/PGx_env/lib/python3.9/site-packages (from transformers==3.4.0) (2022.10.31)
Requirement already satisfied: charset-normalizer<4,>=2 in /usr/users/rattrapagemehdibenghali/benghali_meh/.conda/envs/PGx_env/lib/python3.9/site-packages (from requests->transformers==3.4.0) (3.0.1)
Requirement already satisfied: urllib3<1.27,>=1.21.1 in /usr/users/rattrapagemehdibenghali/benghali_meh/.conda/envs/PGx_env/lib/python3.9/site-packages (from requests->transformers==3.4.0) (1.26.14)
Requirement already satisfied: idna<4,>=2.5 in /usr/users/rattrapagemehdibenghali/benghali_meh/.conda/envs/PGx_env/lib/python3.9/site-packages (from requests->transformers==3.4.0) (3.4)
Requirement already satisfied: certifi>=2017.4.17 in /usr/users/rattrapagemehdibenghali/benghali_meh/.conda/envs/PGx_env/lib/python3.9/site-packages (from requests->transformers==3.4.0) (2022.12.7)
Requirement already satisfied: joblib in /usr/users/rattrapagemehdibenghali/benghali_meh/.conda/envs/PGx_env/lib/python3.9/site-packages (from sacremoses->transformers==3.4.0) (1.2.0)
Requirement already satisfied: six in /usr/users/rattrapagemehdibenghali/benghali_meh/.conda/envs/PGx_env/lib/python3.9/site-packages (from sacremoses->transformers==3.4.0) (1.16.0)
Requirement already satisfied: click in /usr/users/rattrapagemehdibenghali/benghali_meh/.conda/envs/PGx_env/lib/python3.9/site-packages (from sacremoses->transformers==3.4.0) (8.1.3)
Building wheels for collected packages: tokenizers
  Building wheel for tokenizers (pyproject.toml): started
  Building wheel for tokenizers (pyproject.toml): finished with status 'error'
  error: subprocess-exited-with-error
  
  × Building wheel for tokenizers (pyproject.toml) did not run successfully.
  │ exit code: 1
  ╰─> [47 lines of output]
      running bdist_wheel
      running build
      running build_py
      creating build
      creating build/lib.linux-x86_64-cpython-39
      creating build/lib.linux-x86_64-cpython-39/tokenizers
      copying py_src/tokenizers/__init__.py -> build/lib.linux-x86_64-cpython-39/tokenizers
      creating build/lib.linux-x86_64-cpython-39/tokenizers/models
      copying py_src/tokenizers/models/__init__.py -> build/lib.linux-x86_64-cpython-39/tokenizers/models
      creating build/lib.linux-x86_64-cpython-39/tokenizers/decoders
      copying py_src/tokenizers/decoders/__init__.py -> build/lib.linux-x86_64-cpython-39/tokenizers/decoders
      creating build/lib.linux-x86_64-cpython-39/tokenizers/normalizers
      copying py_src/tokenizers/normalizers/__init__.py -> build/lib.linux-x86_64-cpython-39/tokenizers/normalizers
      creating build/lib.linux-x86_64-cpython-39/tokenizers/pre_tokenizers
      copying py_src/tokenizers/pre_tokenizers/__init__.py -> build/lib.linux-x86_64-cpython-39/tokenizers/pre_tokenizers
      creating build/lib.linux-x86_64-cpython-39/tokenizers/processors
      copying py_src/tokenizers/processors/__init__.py -> build/lib.linux-x86_64-cpython-39/tokenizers/processors
      creating build/lib.linux-x86_64-cpython-39/tokenizers/trainers
      copying py_src/tokenizers/trainers/__init__.py -> build/lib.linux-x86_64-cpython-39/tokenizers/trainers
      creating build/lib.linux-x86_64-cpython-39/tokenizers/implementations
      copying py_src/tokenizers/implementations/base_tokenizer.py -> build/lib.linux-x86_64-cpython-39/tokenizers/implementations
      copying py_src/tokenizers/implementations/char_level_bpe.py -> build/lib.linux-x86_64-cpython-39/tokenizers/implementations
      copying py_src/tokenizers/implementations/sentencepiece_unigram.py -> build/lib.linux-x86_64-cpython-39/tokenizers/implementations
      copying py_src/tokenizers/implementations/bert_wordpiece.py -> build/lib.linux-x86_64-cpython-39/tokenizers/implementations
      copying py_src/tokenizers/implementations/sentencepiece_bpe.py -> build/lib.linux-x86_64-cpython-39/tokenizers/implementations
      copying py_src/tokenizers/implementations/__init__.py -> build/lib.linux-x86_64-cpython-39/tokenizers/implementations
      copying py_src/tokenizers/implementations/byte_level_bpe.py -> build/lib.linux-x86_64-cpython-39/tokenizers/implementations
      copying py_src/tokenizers/__init__.pyi -> build/lib.linux-x86_64-cpython-39/tokenizers
      copying py_src/tokenizers/models/__init__.pyi -> build/lib.linux-x86_64-cpython-39/tokenizers/models
      copying py_src/tokenizers/decoders/__init__.pyi -> build/lib.linux-x86_64-cpython-39/tokenizers/decoders
      copying py_src/tokenizers/normalizers/__init__.pyi -> build/lib.linux-x86_64-cpython-39/tokenizers/normalizers
      copying py_src/tokenizers/pre_tokenizers/__init__.pyi -> build/lib.linux-x86_64-cpython-39/tokenizers/pre_tokenizers
      copying py_src/tokenizers/processors/__init__.pyi -> build/lib.linux-x86_64-cpython-39/tokenizers/processors
      copying py_src/tokenizers/trainers/__init__.pyi -> build/lib.linux-x86_64-cpython-39/tokenizers/trainers
      running build_ext
      running build_rust
      error: can't find Rust compiler
      
      If you are using an outdated pip version, it is possible a prebuilt wheel is available for this package but pip is not able to install from it. Installing from the wheel would avoid the need for a Rust compiler.
      
      To update pip, run:
      
          pip install --upgrade pip
      
      and then retry package installation.
      
      If you did intend to build this package from source, try installing a Rust compiler from your system package manager and ensure it is on the PATH during installation. Alternatively, rustup (available at https://rustup.rs) is the recommended way to download and update the Rust compiler toolchain.
      [end of output]
  
  note: This error originates from a subprocess, and is likely not a problem with pip.
  ERROR: Failed building wheel for tokenizers
Failed to build tokenizers
ERROR: Could not build wheels for tokenizers, which is required to install pyproject.toml-based projects
Collecting git+https://github.com/fastnlp/fastNLP@dev
  Cloning https://github.com/fastnlp/fastNLP (to revision dev) to /tmp/benghali_meh-20529/pip-req-build-6copmh7m
  Running command git clone --filter=blob:none --quiet https://github.com/fastnlp/fastNLP /tmp/benghali_meh-20529/pip-req-build-6copmh7m
  Running command git checkout -b dev --track origin/dev
  Basculement sur la nouvelle branche 'dev'
  La branche 'dev' est paramétrée pour suivre la branche distante 'dev' depuis 'origin'.
  Resolved https://github.com/fastnlp/fastNLP to commit 2e3a689b294a988fafd618677def9ea1e5915e19
  Preparing metadata (setup.py): started
  Preparing metadata (setup.py): finished with status 'done'
Requirement already satisfied: numpy>=1.14.2 in /usr/users/rattrapagemehdibenghali/benghali_meh/.conda/envs/PGx_env/lib/python3.9/site-packages (from FastNLP==0.7.1) (1.24.1)
Requirement already satisfied: torch>=1.0.0 in /usr/users/rattrapagemehdibenghali/benghali_meh/.conda/envs/PGx_env/lib/python3.9/site-packages (from FastNLP==0.7.1) (1.10.1+cu113)
Requirement already satisfied: tqdm>=4.28.1 in /usr/users/rattrapagemehdibenghali/benghali_meh/.conda/envs/PGx_env/lib/python3.9/site-packages (from FastNLP==0.7.1) (4.64.1)
Requirement already satisfied: prettytable>=0.7.2 in /usr/users/rattrapagemehdibenghali/benghali_meh/.conda/envs/PGx_env/lib/python3.9/site-packages (from FastNLP==0.7.1) (3.6.0)
Requirement already satisfied: requests in /usr/users/rattrapagemehdibenghali/benghali_meh/.conda/envs/PGx_env/lib/python3.9/site-packages (from FastNLP==0.7.1) (2.28.2)
Requirement already satisfied: regex!=2019.12.17 in /usr/users/rattrapagemehdibenghali/benghali_meh/.conda/envs/PGx_env/lib/python3.9/site-packages (from FastNLP==0.7.1) (2022.10.31)
Requirement already satisfied: wcwidth in /usr/users/rattrapagemehdibenghali/benghali_meh/.conda/envs/PGx_env/lib/python3.9/site-packages (from prettytable>=0.7.2->FastNLP==0.7.1) (0.2.6)
Requirement already satisfied: typing-extensions in /usr/users/rattrapagemehdibenghali/benghali_meh/.conda/envs/PGx_env/lib/python3.9/site-packages (from torch>=1.0.0->FastNLP==0.7.1) (4.4.0)
Requirement already satisfied: certifi>=2017.4.17 in /usr/users/rattrapagemehdibenghali/benghali_meh/.conda/envs/PGx_env/lib/python3.9/site-packages (from requests->FastNLP==0.7.1) (2022.12.7)
Requirement already satisfied: idna<4,>=2.5 in /usr/users/rattrapagemehdibenghali/benghali_meh/.conda/envs/PGx_env/lib/python3.9/site-packages (from requests->FastNLP==0.7.1) (3.4)
Requirement already satisfied: charset-normalizer<4,>=2 in /usr/users/rattrapagemehdibenghali/benghali_meh/.conda/envs/PGx_env/lib/python3.9/site-packages (from requests->FastNLP==0.7.1) (3.0.1)
Requirement already satisfied: urllib3<1.27,>=1.21.1 in /usr/users/rattrapagemehdibenghali/benghali_meh/.conda/envs/PGx_env/lib/python3.9/site-packages (from requests->FastNLP==0.7.1) (1.26.14)
Collecting git+https://github.com/fastnlp/fitlog
  Cloning https://github.com/fastnlp/fitlog to /tmp/benghali_meh-20529/pip-req-build-6y034hxa
  Running command git clone --filter=blob:none --quiet https://github.com/fastnlp/fitlog /tmp/benghali_meh-20529/pip-req-build-6y034hxa
  Resolved https://github.com/fastnlp/fitlog to commit def816d968e6f688ea769dcca8c2475ad56ae693
  Preparing metadata (setup.py): started
  Preparing metadata (setup.py): finished with status 'done'
Requirement already satisfied: docopt>=0.6.2 in /usr/users/rattrapagemehdibenghali/benghali_meh/.conda/envs/PGx_env/lib/python3.9/site-packages (from fitlog==0.9.14) (0.6.2)
Requirement already satisfied: flask>=1.0.2 in /usr/users/rattrapagemehdibenghali/benghali_meh/.conda/envs/PGx_env/lib/python3.9/site-packages (from fitlog==0.9.14) (2.2.2)
Requirement already satisfied: numpy>=1.16.4 in /usr/users/rattrapagemehdibenghali/benghali_meh/.conda/envs/PGx_env/lib/python3.9/site-packages (from fitlog==0.9.14) (1.24.1)
Requirement already satisfied: gitpython>=3.1.2 in /usr/users/rattrapagemehdibenghali/benghali_meh/.conda/envs/PGx_env/lib/python3.9/site-packages (from fitlog==0.9.14) (3.1.30)
Requirement already satisfied: itsdangerous>=2.0 in /usr/users/rattrapagemehdibenghali/benghali_meh/.conda/envs/PGx_env/lib/python3.9/site-packages (from flask>=1.0.2->fitlog==0.9.14) (2.1.2)
Requirement already satisfied: Jinja2>=3.0 in /usr/users/rattrapagemehdibenghali/benghali_meh/.conda/envs/PGx_env/lib/python3.9/site-packages (from flask>=1.0.2->fitlog==0.9.14) (3.1.2)
Requirement already satisfied: Werkzeug>=2.2.2 in /usr/users/rattrapagemehdibenghali/benghali_meh/.conda/envs/PGx_env/lib/python3.9/site-packages (from flask>=1.0.2->fitlog==0.9.14) (2.2.2)
Requirement already satisfied: click>=8.0 in /usr/users/rattrapagemehdibenghali/benghali_meh/.conda/envs/PGx_env/lib/python3.9/site-packages (from flask>=1.0.2->fitlog==0.9.14) (8.1.3)
Requirement already satisfied: importlib-metadata>=3.6.0 in /usr/users/rattrapagemehdibenghali/benghali_meh/.conda/envs/PGx_env/lib/python3.9/site-packages (from flask>=1.0.2->fitlog==0.9.14) (6.0.0)
Requirement already satisfied: gitdb<5,>=4.0.1 in /usr/users/rattrapagemehdibenghali/benghali_meh/.conda/envs/PGx_env/lib/python3.9/site-packages (from gitpython>=3.1.2->fitlog==0.9.14) (4.0.10)
Requirement already satisfied: smmap<6,>=3.0.1 in /usr/users/rattrapagemehdibenghali/benghali_meh/.conda/envs/PGx_env/lib/python3.9/site-packages (from gitdb<5,>=4.0.1->gitpython>=3.1.2->fitlog==0.9.14) (5.0.0)
Requirement already satisfied: zipp>=0.5 in /usr/users/rattrapagemehdibenghali/benghali_meh/.conda/envs/PGx_env/lib/python3.9/site-packages (from importlib-metadata>=3.6.0->flask>=1.0.2->fitlog==0.9.14) (3.12.0)
Requirement already satisfied: MarkupSafe>=2.0 in /usr/users/rattrapagemehdibenghali/benghali_meh/.conda/envs/PGx_env/lib/python3.9/site-packages (from Jinja2>=3.0->flask>=1.0.2->fitlog==0.9.14) (2.1.2)
Traceback (most recent call last):
  File "/usr/users/rattrapagemehdibenghali/benghali_meh/PGxNER/./BARTNER/train.py", line 11, in <module>
    from model.bart import BartSeq2SeqModel
  File "/usr/users/rattrapagemehdibenghali/benghali_meh/PGxNER/BARTNER/model/bart.py", line 2, in <module>
    from .modeing_bart import BartEncoder, BartDecoder, BartModel
  File "/usr/users/rattrapagemehdibenghali/benghali_meh/PGxNER/BARTNER/model/modeing_bart.py", line 859, in <module>
    class BartModel(PretrainedBartModel):
  File "/usr/users/rattrapagemehdibenghali/benghali_meh/PGxNER/BARTNER/model/modeing_bart.py", line 871, in BartModel
    @add_start_docstrings_to_callable(BART_INPUTS_DOCSTRING)
NameError: name 'add_start_docstrings_to_callable' is not defined
