Running on sh05
# conda environments:
#
base                  *  /opt/conda
PGx_env                  /usr/users/rattrapagemehdibenghali/benghali_meh/.conda/envs/PGx_env

Collecting transformers==3.4.0
  Using cached transformers-3.4.0-py3-none-any.whl (1.3 MB)
Collecting torch==1.7.1
  Downloading torch-1.7.1-cp39-cp39-manylinux1_x86_64.whl (776.8 MB)
     ━━━━━━━━━━━━━━━━━━━━━━━━━━━━━━━━━━━━━━━ 776.8/776.8 MB 1.7 MB/s eta 0:00:00
Collecting sentencepiece!=0.1.92
  Downloading sentencepiece-0.1.97-cp39-cp39-manylinux_2_17_x86_64.manylinux2014_x86_64.whl (1.3 MB)
     ━━━━━━━━━━━━━━━━━━━━━━━━━━━━━━━━━━━━━━━━ 1.3/1.3 MB 26.7 MB/s eta 0:00:00
Collecting regex!=2019.12.17
  Downloading regex-2022.10.31-cp39-cp39-manylinux_2_17_x86_64.manylinux2014_x86_64.whl (769 kB)
     ━━━━━━━━━━━━━━━━━━━━━━━━━━━━━━━━━━━━━━ 770.0/770.0 kB 18.9 MB/s eta 0:00:00
Requirement already satisfied: requests in /usr/users/rattrapagemehdibenghali/benghali_meh/.conda/envs/PGx_env/lib/python3.9/site-packages (from transformers==3.4.0->-r ./BARTNER/requirements.txt (line 1)) (2.28.2)
Collecting tokenizers==0.9.2
  Downloading tokenizers-0.9.2.tar.gz (170 kB)
     ━━━━━━━━━━━━━━━━━━━━━━━━━━━━━━━━━━━━━━━ 170.8/170.8 kB 6.3 MB/s eta 0:00:00
  Installing build dependencies: started
  Installing build dependencies: finished with status 'done'
  Getting requirements to build wheel: started
  Getting requirements to build wheel: finished with status 'done'
  Preparing metadata (pyproject.toml): started
  Preparing metadata (pyproject.toml): finished with status 'done'
Requirement already satisfied: tqdm>=4.27 in /usr/users/rattrapagemehdibenghali/benghali_meh/.conda/envs/PGx_env/lib/python3.9/site-packages (from transformers==3.4.0->-r ./BARTNER/requirements.txt (line 1)) (4.30.0)
Requirement already satisfied: numpy in /usr/users/rattrapagemehdibenghali/benghali_meh/.conda/envs/PGx_env/lib/python3.9/site-packages (from transformers==3.4.0->-r ./BARTNER/requirements.txt (line 1)) (1.24.1)
Requirement already satisfied: packaging in /usr/users/rattrapagemehdibenghali/benghali_meh/.conda/envs/PGx_env/lib/python3.9/site-packages (from transformers==3.4.0->-r ./BARTNER/requirements.txt (line 1)) (23.0)
Requirement already satisfied: protobuf in /usr/users/rattrapagemehdibenghali/benghali_meh/.conda/envs/PGx_env/lib/python3.9/site-packages (from transformers==3.4.0->-r ./BARTNER/requirements.txt (line 1)) (3.20.1)
Collecting sacremoses
  Using cached sacremoses-0.0.53.tar.gz (880 kB)
  Preparing metadata (setup.py): started
  Preparing metadata (setup.py): finished with status 'done'
Collecting filelock
  Using cached filelock-3.9.0-py3-none-any.whl (9.7 kB)
Requirement already satisfied: typing-extensions in /usr/users/rattrapagemehdibenghali/benghali_meh/.conda/envs/PGx_env/lib/python3.9/site-packages (from torch==1.7.1->-r ./BARTNER/requirements.txt (line 2)) (4.4.0)
Requirement already satisfied: certifi>=2017.4.17 in /usr/users/rattrapagemehdibenghali/benghali_meh/.conda/envs/PGx_env/lib/python3.9/site-packages (from requests->transformers==3.4.0->-r ./BARTNER/requirements.txt (line 1)) (2022.12.7)
Requirement already satisfied: urllib3<1.27,>=1.21.1 in /usr/users/rattrapagemehdibenghali/benghali_meh/.conda/envs/PGx_env/lib/python3.9/site-packages (from requests->transformers==3.4.0->-r ./BARTNER/requirements.txt (line 1)) (1.26.14)
Requirement already satisfied: idna<4,>=2.5 in /usr/users/rattrapagemehdibenghali/benghali_meh/.conda/envs/PGx_env/lib/python3.9/site-packages (from requests->transformers==3.4.0->-r ./BARTNER/requirements.txt (line 1)) (3.4)
Requirement already satisfied: charset-normalizer<4,>=2 in /usr/users/rattrapagemehdibenghali/benghali_meh/.conda/envs/PGx_env/lib/python3.9/site-packages (from requests->transformers==3.4.0->-r ./BARTNER/requirements.txt (line 1)) (3.0.1)
Requirement already satisfied: six in /usr/users/rattrapagemehdibenghali/benghali_meh/.conda/envs/PGx_env/lib/python3.9/site-packages (from sacremoses->transformers==3.4.0->-r ./BARTNER/requirements.txt (line 1)) (1.16.0)
Collecting click
  Using cached click-8.1.3-py3-none-any.whl (96 kB)
Requirement already satisfied: joblib in /usr/users/rattrapagemehdibenghali/benghali_meh/.conda/envs/PGx_env/lib/python3.9/site-packages (from sacremoses->transformers==3.4.0->-r ./BARTNER/requirements.txt (line 1)) (1.2.0)
Building wheels for collected packages: tokenizers, sacremoses
  Building wheel for tokenizers (pyproject.toml): started
  Building wheel for tokenizers (pyproject.toml): finished with status 'error'
  error: subprocess-exited-with-error
  
  × Building wheel for tokenizers (pyproject.toml) did not run successfully.
  │ exit code: 1
  ╰─> [47 lines of output]
      running bdist_wheel
      running build
      running build_py
      creating build
      creating build/lib.linux-x86_64-cpython-39
      creating build/lib.linux-x86_64-cpython-39/tokenizers
      copying py_src/tokenizers/__init__.py -> build/lib.linux-x86_64-cpython-39/tokenizers
      creating build/lib.linux-x86_64-cpython-39/tokenizers/models
      copying py_src/tokenizers/models/__init__.py -> build/lib.linux-x86_64-cpython-39/tokenizers/models
      creating build/lib.linux-x86_64-cpython-39/tokenizers/decoders
      copying py_src/tokenizers/decoders/__init__.py -> build/lib.linux-x86_64-cpython-39/tokenizers/decoders
      creating build/lib.linux-x86_64-cpython-39/tokenizers/normalizers
      copying py_src/tokenizers/normalizers/__init__.py -> build/lib.linux-x86_64-cpython-39/tokenizers/normalizers
      creating build/lib.linux-x86_64-cpython-39/tokenizers/pre_tokenizers
      copying py_src/tokenizers/pre_tokenizers/__init__.py -> build/lib.linux-x86_64-cpython-39/tokenizers/pre_tokenizers
      creating build/lib.linux-x86_64-cpython-39/tokenizers/processors
      copying py_src/tokenizers/processors/__init__.py -> build/lib.linux-x86_64-cpython-39/tokenizers/processors
      creating build/lib.linux-x86_64-cpython-39/tokenizers/trainers
      copying py_src/tokenizers/trainers/__init__.py -> build/lib.linux-x86_64-cpython-39/tokenizers/trainers
      creating build/lib.linux-x86_64-cpython-39/tokenizers/implementations
      copying py_src/tokenizers/implementations/base_tokenizer.py -> build/lib.linux-x86_64-cpython-39/tokenizers/implementations
      copying py_src/tokenizers/implementations/byte_level_bpe.py -> build/lib.linux-x86_64-cpython-39/tokenizers/implementations
      copying py_src/tokenizers/implementations/sentencepiece_bpe.py -> build/lib.linux-x86_64-cpython-39/tokenizers/implementations
      copying py_src/tokenizers/implementations/char_level_bpe.py -> build/lib.linux-x86_64-cpython-39/tokenizers/implementations
      copying py_src/tokenizers/implementations/__init__.py -> build/lib.linux-x86_64-cpython-39/tokenizers/implementations
      copying py_src/tokenizers/implementations/bert_wordpiece.py -> build/lib.linux-x86_64-cpython-39/tokenizers/implementations
      copying py_src/tokenizers/implementations/sentencepiece_unigram.py -> build/lib.linux-x86_64-cpython-39/tokenizers/implementations
      copying py_src/tokenizers/__init__.pyi -> build/lib.linux-x86_64-cpython-39/tokenizers
      copying py_src/tokenizers/models/__init__.pyi -> build/lib.linux-x86_64-cpython-39/tokenizers/models
      copying py_src/tokenizers/decoders/__init__.pyi -> build/lib.linux-x86_64-cpython-39/tokenizers/decoders
      copying py_src/tokenizers/normalizers/__init__.pyi -> build/lib.linux-x86_64-cpython-39/tokenizers/normalizers
      copying py_src/tokenizers/pre_tokenizers/__init__.pyi -> build/lib.linux-x86_64-cpython-39/tokenizers/pre_tokenizers
      copying py_src/tokenizers/processors/__init__.pyi -> build/lib.linux-x86_64-cpython-39/tokenizers/processors
      copying py_src/tokenizers/trainers/__init__.pyi -> build/lib.linux-x86_64-cpython-39/tokenizers/trainers
      running build_ext
      running build_rust
      error: can't find Rust compiler
      
      If you are using an outdated pip version, it is possible a prebuilt wheel is available for this package but pip is not able to install from it. Installing from the wheel would avoid the need for a Rust compiler.
      
      To update pip, run:
      
          pip install --upgrade pip
      
      and then retry package installation.
      
      If you did intend to build this package from source, try installing a Rust compiler from your system package manager and ensure it is on the PATH during installation. Alternatively, rustup (available at https://rustup.rs) is the recommended way to download and update the Rust compiler toolchain.
      [end of output]
  
  note: This error originates from a subprocess, and is likely not a problem with pip.
  ERROR: Failed building wheel for tokenizers
  Building wheel for sacremoses (setup.py): started
  Building wheel for sacremoses (setup.py): finished with status 'done'
  Created wheel for sacremoses: filename=sacremoses-0.0.53-py3-none-any.whl size=895241 sha256=b13fa57a7d3f145fdb12b3b61083de9e5b6026f11c46702bb2f66d4ef14b1d83
  Stored in directory: /usr/users/rattrapagemehdibenghali/benghali_meh/.cache/pip/wheels/42/79/78/5ad3b042cb2d97c294535162cdbaf9b167e3b186eae55ab72d
Successfully built sacremoses
Failed to build tokenizers
ERROR: Could not build wheels for tokenizers, which is required to install pyproject.toml-based projects
Collecting git+https://github.com/fastnlp/fastNLP@dev
  Cloning https://github.com/fastnlp/fastNLP (to revision dev) to /tmp/benghali_meh-20516/pip-req-build-mvvxfx8m
  Running command git clone --filter=blob:none --quiet https://github.com/fastnlp/fastNLP /tmp/benghali_meh-20516/pip-req-build-mvvxfx8m
  Running command git checkout -b dev --track origin/dev
  Basculement sur la nouvelle branche 'dev'
  La branche 'dev' est paramétrée pour suivre la branche distante 'dev' depuis 'origin'.
  Resolved https://github.com/fastnlp/fastNLP to commit 2e3a689b294a988fafd618677def9ea1e5915e19
  Preparing metadata (setup.py): started
  Preparing metadata (setup.py): finished with status 'done'
Requirement already satisfied: numpy>=1.14.2 in /usr/users/rattrapagemehdibenghali/benghali_meh/.conda/envs/PGx_env/lib/python3.9/site-packages (from FastNLP==0.7.1) (1.24.1)
Requirement already satisfied: torch>=1.0.0 in /usr/users/rattrapagemehdibenghali/benghali_meh/.conda/envs/PGx_env/lib/python3.9/site-packages (from FastNLP==0.7.1) (1.10.1+cu113)
Requirement already satisfied: tqdm>=4.28.1 in /usr/users/rattrapagemehdibenghali/benghali_meh/.conda/envs/PGx_env/lib/python3.9/site-packages (from FastNLP==0.7.1) (4.30.0)
Collecting prettytable>=0.7.2
  Using cached prettytable-3.6.0-py3-none-any.whl (27 kB)
Requirement already satisfied: requests in /usr/users/rattrapagemehdibenghali/benghali_meh/.conda/envs/PGx_env/lib/python3.9/site-packages (from FastNLP==0.7.1) (2.28.2)
Collecting regex!=2019.12.17
  Using cached regex-2022.10.31-cp39-cp39-manylinux_2_17_x86_64.manylinux2014_x86_64.whl (769 kB)
Collecting wcwidth
  Using cached wcwidth-0.2.6-py2.py3-none-any.whl (29 kB)
Requirement already satisfied: typing-extensions in /usr/users/rattrapagemehdibenghali/benghali_meh/.conda/envs/PGx_env/lib/python3.9/site-packages (from torch>=1.0.0->FastNLP==0.7.1) (4.4.0)
Requirement already satisfied: certifi>=2017.4.17 in /usr/users/rattrapagemehdibenghali/benghali_meh/.conda/envs/PGx_env/lib/python3.9/site-packages (from requests->FastNLP==0.7.1) (2022.12.7)
Requirement already satisfied: charset-normalizer<4,>=2 in /usr/users/rattrapagemehdibenghali/benghali_meh/.conda/envs/PGx_env/lib/python3.9/site-packages (from requests->FastNLP==0.7.1) (3.0.1)
Requirement already satisfied: idna<4,>=2.5 in /usr/users/rattrapagemehdibenghali/benghali_meh/.conda/envs/PGx_env/lib/python3.9/site-packages (from requests->FastNLP==0.7.1) (3.4)
Requirement already satisfied: urllib3<1.27,>=1.21.1 in /usr/users/rattrapagemehdibenghali/benghali_meh/.conda/envs/PGx_env/lib/python3.9/site-packages (from requests->FastNLP==0.7.1) (1.26.14)
Building wheels for collected packages: FastNLP
  Building wheel for FastNLP (setup.py): started
  Building wheel for FastNLP (setup.py): finished with status 'done'
  Created wheel for FastNLP: filename=FastNLP-0.7.1-py3-none-any.whl size=367636 sha256=96433fa05da2b134468b2d7bf5895c93d31fb4b94899d56e27bcd880109e5869
  Stored in directory: /tmp/benghali_meh-20516/pip-ephem-wheel-cache-qddctfpb/wheels/fb/81/d7/8dedd20c57109466c4b0dec2c1a1edd24b5f51800b11c6651c
Successfully built FastNLP
Installing collected packages: wcwidth, regex, prettytable, FastNLP
Successfully installed FastNLP-0.7.1 prettytable-3.6.0 regex-2022.10.31 wcwidth-0.2.6
Collecting git+https://github.com/fastnlp/fitlog
  Cloning https://github.com/fastnlp/fitlog to /tmp/benghali_meh-20516/pip-req-build-08uoyygk
  Running command git clone --filter=blob:none --quiet https://github.com/fastnlp/fitlog /tmp/benghali_meh-20516/pip-req-build-08uoyygk
  Resolved https://github.com/fastnlp/fitlog to commit def816d968e6f688ea769dcca8c2475ad56ae693
  Preparing metadata (setup.py): started
  Preparing metadata (setup.py): finished with status 'done'
Collecting docopt>=0.6.2
  Using cached docopt-0.6.2.tar.gz (25 kB)
  Preparing metadata (setup.py): started
  Preparing metadata (setup.py): finished with status 'done'
Collecting flask>=1.0.2
  Using cached Flask-2.2.2-py3-none-any.whl (101 kB)
Requirement already satisfied: numpy>=1.16.4 in /usr/users/rattrapagemehdibenghali/benghali_meh/.conda/envs/PGx_env/lib/python3.9/site-packages (from fitlog==0.9.14) (1.24.1)
Collecting gitpython>=3.1.2
  Using cached GitPython-3.1.30-py3-none-any.whl (184 kB)
Collecting itsdangerous>=2.0
  Using cached itsdangerous-2.1.2-py3-none-any.whl (15 kB)
Collecting Jinja2>=3.0
  Using cached Jinja2-3.1.2-py3-none-any.whl (133 kB)
Requirement already satisfied: Werkzeug>=2.2.2 in /usr/users/rattrapagemehdibenghali/benghali_meh/.conda/envs/PGx_env/lib/python3.9/site-packages (from flask>=1.0.2->fitlog==0.9.14) (2.2.2)
Collecting click>=8.0
  Using cached click-8.1.3-py3-none-any.whl (96 kB)
Requirement already satisfied: importlib-metadata>=3.6.0 in /usr/users/rattrapagemehdibenghali/benghali_meh/.conda/envs/PGx_env/lib/python3.9/site-packages (from flask>=1.0.2->fitlog==0.9.14) (6.0.0)
Collecting gitdb<5,>=4.0.1
  Using cached gitdb-4.0.10-py3-none-any.whl (62 kB)
Collecting smmap<6,>=3.0.1
  Using cached smmap-5.0.0-py3-none-any.whl (24 kB)
Requirement already satisfied: zipp>=0.5 in /usr/users/rattrapagemehdibenghali/benghali_meh/.conda/envs/PGx_env/lib/python3.9/site-packages (from importlib-metadata>=3.6.0->flask>=1.0.2->fitlog==0.9.14) (3.12.0)
Requirement already satisfied: MarkupSafe>=2.0 in /usr/users/rattrapagemehdibenghali/benghali_meh/.conda/envs/PGx_env/lib/python3.9/site-packages (from Jinja2>=3.0->flask>=1.0.2->fitlog==0.9.14) (2.1.2)
Building wheels for collected packages: fitlog, docopt
  Building wheel for fitlog (setup.py): started
  Building wheel for fitlog (setup.py): finished with status 'done'
  Created wheel for fitlog: filename=fitlog-0.9.14-py3-none-any.whl size=969351 sha256=c8a86b4890ba0f8d70e5d883ac2b69178a69617a7700b6482ea86fb44e7c71fc
  Stored in directory: /tmp/benghali_meh-20516/pip-ephem-wheel-cache-jma_j50a/wheels/13/0c/78/61d40a54c9cb34f0c9e90fe60b157815d82d524b6e40303ee7
  Building wheel for docopt (setup.py): started
  Building wheel for docopt (setup.py): finished with status 'done'
  Created wheel for docopt: filename=docopt-0.6.2-py2.py3-none-any.whl size=13706 sha256=f1e9c88679af90d9b846e7caac394e5fd684968a05be372ea23fbda1a0a73355
  Stored in directory: /usr/users/rattrapagemehdibenghali/benghali_meh/.cache/pip/wheels/4e/29/5e/e5f6f558e24e0d70f6808e3e8fdaf2c04ff597233098afc550
Successfully built fitlog docopt
Installing collected packages: docopt, smmap, Jinja2, itsdangerous, click, gitdb, flask, gitpython, fitlog
Successfully installed Jinja2-3.1.2 click-8.1.3 docopt-0.6.2 fitlog-0.9.14 flask-2.2.2 gitdb-4.0.10 gitpython-3.1.30 itsdangerous-2.1.2 smmap-5.0.0
python: can't open file '/usr/users/rattrapagemehdibenghali/benghali_meh/PGxNER/./train.py': [Errno 2] No such file or directory
